<?xml version="1.0" encoding="UTF-8"?>
<testsuites>
  <testsuite name="data_extension" timestamp="2023-07-05T14:17:04Z" hostname="50089e82603b" tests="21" skipped="0" failures="0" errors="0" time="1.002">
    <testcase time="0.073" classname="data_extension" name="check_expand_switch_works_as_expected"/>
    <testcase time="0.034" classname="data_extension" name="check_expand_switch_works_as_expected"/>
    <testcase time="0.0140000000000002" classname="data_extension" name="check_expand_switch_works_as_expected"/>
    <testcase time="0.00499999999999989" classname="data_extension" name="check_expand_switch_works_as_expected"/>
    <testcase time="0.0589999999999997" classname="data_extension" name="expand_works_as_expected"/>
    <testcase time="0.016" classname="data_extension" name="expand_works_as_expected"/>
    <testcase time="0.129" classname="data_extension" name="data_extensions_works_as_expected_with_first_and_last_periods"/>
    <testcase time="0.00500000000000034" classname="data_extension" name="data_extensions_works_as_expected_with_first_and_last_periods"/>
    <testcase time="0.00499999999999989" classname="data_extension" name="data_extensions_works_as_expected_with_first_and_last_periods"/>
    <testcase time="0.00199999999999978" classname="data_extension" name="data_extensions_works_as_expected_with_first_and_last_periods"/>
    <testcase time="0.00500000000000034" classname="data_extension" name="data_extensions_works_as_expected_with_first_and_last_periods"/>
    <testcase time="0.00599999999999978" classname="data_extension" name="data_extensions_works_as_expected_with_first_and_last_periods"/>
    <testcase time="0.00099999999999989" classname="data_extension" name="data_extensions_works_as_expected_with_first_and_last_periods"/>
    <testcase time="0.558" classname="data_extension" name="data_extensions_works_as_expected_with_separate_files_TRUE"/>
    <testcase time="0.00099999999999989" classname="data_extension" name="data_extensions_works_as_expected_with_separate_files_TRUE"/>
    <testcase time="0.00200000000000022" classname="data_extension" name="data_extensions_works_as_expected_with_separate_files_TRUE"/>
    <testcase time="0.00199999999999978" classname="data_extension" name="data_extensions_works_as_expected_with_separate_files_TRUE"/>
    <testcase time="0.0110000000000001" classname="data_extension" name="data_extensions_works_as_expected_with_separate_files_TRUE"/>
    <testcase time="0.00499999999999989" classname="data_extension" name="data_extensions_works_as_expected_with_separate_files_TRUE"/>
    <testcase time="0.00499999999999989" classname="data_extension" name="data_extensions_works_as_expected_with_separate_files_TRUE"/>
    <testcase time="0.0640000000000001" classname="data_extension" name="data_extensions_works_as_expected_with_separate_files_TRUE"/>
  </testsuite>
  <testsuite name="data_manipulation" timestamp="2023-07-05T14:17:05Z" hostname="50089e82603b" tests="6" skipped="0" failures="0" errors="0" time="1.758">
    <testcase time="0.901" classname="data_manipulation" name="data_manipulation_works_as_expected_with_no_censoring"/>
    <testcase time="0.00199999999999978" classname="data_manipulation" name="data_manipulation_works_as_expected_with_no_censoring"/>
    <testcase time="0.00499999999999989" classname="data_manipulation" name="data_manipulation_works_as_expected_with_no_censoring"/>
    <testcase time="0.843" classname="data_manipulation" name="data_manipulation_works_as_expected_with_censoring"/>
    <testcase time="0.00100000000000033" classname="data_manipulation" name="data_manipulation_works_as_expected_with_censoring"/>
    <testcase time="0.00600000000000023" classname="data_manipulation" name="data_manipulation_works_as_expected_with_censoring"/>
  </testsuite>
  <testsuite name="data_preparation" timestamp="2023-07-05T14:17:06Z" hostname="50089e82603b" tests="11" skipped="0" failures="0" errors="0" time="13.222">
    <testcase time="6.789" classname="data_preparation" name="data_preparation_works_as_expected"/>
    <testcase time="0.00499999999999901" classname="data_preparation" name="data_preparation_works_as_expected"/>
    <testcase time="0.00500000000000078" classname="data_preparation" name="data_preparation_works_as_expected"/>
    <testcase time="0.00499999999999901" classname="data_preparation" name="data_preparation_works_as_expected"/>
    <testcase time="0.00100000000000122" classname="data_preparation" name="data_preparation_works_as_expected"/>
    <testcase time="0.523999999999999" classname="data_preparation" name="data_preparation_works_as_expected"/>
    <testcase time="4.031" classname="data_preparation" name="data_preparation_can_be_quiet"/>
    <testcase time="0.0259999999999998" classname="data_preparation" name="data_preparation_gives_an_error_for_existing_trial_files"/>
    <testcase time="0.0140000000000029" classname="data_preparation" name="check_data_dir_gives_a_warning_for_existing_model_files"/>
    <testcase time="1.817" classname="data_preparation" name="data_preparation_has_correct_values_for_treatment_"/>
    <testcase time="0.00499999999999901" classname="data_preparation" name="data_preparation_has_correct_values_for_treatment_"/>
  </testsuite>
  <testsuite name="data_utils" timestamp="2023-07-05T14:17:20Z" hostname="50089e82603b" tests="17" skipped="3" failures="0" errors="0" time="1.697">
    <testcase time="0.0210000000000008" classname="data_utils" name="weight_func_works_as_expected"/>
    <testcase time="0.597999999999999" classname="data_utils" name="weight_func_works_as_expected">
      <skipped message="Reason: On CRAN ('test-data_utils.R:6:3')"/>
    </testcase>
    <testcase time="0.041999999999998" classname="data_utils" name="weight_func_works_saves_model_objects"/>
    <testcase time="0.671000000000003" classname="data_utils" name="weight_func_works_saves_model_objects"/>
    <testcase time="0.0199999999999996" classname="data_utils" name="weight_func_works_saves_model_objects"/>
    <testcase time="0.00600000000000023" classname="data_utils" name="weight_func_works_saves_model_objects"/>
    <testcase time="0.00199999999999889" classname="data_utils" name="weight_func_works_saves_model_objects"/>
    <testcase time="0.0150000000000006" classname="data_utils" name="weight_func_works_saves_model_objects"/>
    <testcase time="0.00600000000000023" classname="data_utils" name="weight_func_works_saves_model_objects"/>
    <testcase time="0.000999999999997669" classname="data_utils" name="weight_func_works_saves_model_objects"/>
    <testcase time="0.093" classname="data_utils" name="weight_func_works_with_user_specified_time_on_regime">
      <skipped message="Reason: On CRAN ('test-data_utils.R:103:3')"/>
    </testcase>
    <testcase time="0.165000000000003" classname="data_utils" name="weight_func_works_with_pool_cense_TRUE">
      <skipped message="Reason: On CRAN ('test-data_utils.R:120:3')"/>
    </testcase>
    <testcase time="0.0229999999999997" classname="data_utils" name="select_data_cols_works_as_expected"/>
    <testcase time="0.0109999999999992" classname="data_utils" name="select_data_cols_works_as_expected_with_non_default_names"/>
    <testcase time="0.00199999999999889" classname="data_utils" name="select_data_cols_works_as_expected_with_non_default_names"/>
    <testcase time="0.0110000000000028" classname="data_utils" name="user_can_select_period_in_select_data_cols"/>
    <testcase time="0.00999999999999801" classname="data_utils" name="select_data_cols_allows_derived_variables_in_formula_vars"/>
  </testsuite>
  <testsuite name="generics" timestamp="2023-07-05T14:17:21Z" hostname="50089e82603b" tests="4" skipped="3" failures="0" errors="0" time="5.983">
    <testcase time="1.498" classname="generics" name="summary_for_data_preparation_separate_TRUE">
      <skipped message="Reason: On CRAN ('test-generics.R:24:3')"/>
    </testcase>
    <testcase time="2.011" classname="generics" name="summary_for_data_preparation_separate_FALSE">
      <skipped message="Reason: On CRAN ('test-generics.R:65:3')"/>
    </testcase>
    <testcase time="2.462" classname="generics" name="summary_for_initiators"/>
    <testcase time="0.0120000000000005" classname="generics" name="summary_for_initiators">
      <skipped message="Reason: On CRAN ('test-generics.R:94:3')"/>
    </testcase>
  </testsuite>
  <testsuite name="lr_utils" timestamp="2023-07-05T14:17:27Z" hostname="50089e82603b" tests="10" skipped="0" failures="0" errors="0" time="0.095">
    <testcase time="0.036999999999999" classname="lr_utils" name="fit_glm_works"/>
    <testcase time="0.00100000000000122" classname="lr_utils" name="fit_glm_works"/>
    <testcase time="0.0169999999999995" classname="lr_utils" name="fit_glm_works_with_parglm_and_defaults"/>
    <testcase time="0.00100000000000122" classname="lr_utils" name="fit_glm_works_with_parglm_and_defaults"/>
    <testcase time="0.00499999999999901" classname="lr_utils" name="fit_glm_works_with_parglm_and_defaults"/>
    <testcase time="0.00600000000000023" classname="lr_utils" name="fit_glm_works_with_parglm_and_defaults"/>
    <testcase time="0.0120000000000005" classname="lr_utils" name="fit_glm_works_with_parglm"/>
    <testcase time="0.00600000000000023" classname="lr_utils" name="fit_glm_works_with_parglm"/>
    <testcase time="0.00499999999999901" classname="lr_utils" name="fit_glm_works_with_parglm"/>
    <testcase time="0.00499999999999901" classname="lr_utils" name="fit_glm_works_with_parglm"/>
  </testsuite>
  <testsuite name="modelling" timestamp="2023-07-05T14:17:27Z" hostname="50089e82603b" tests="30" skipped="5" failures="0" errors="0" time="40.185">
    <testcase time="10.419" classname="modelling" name="outcome_modelling_can_be_quiet"/>
    <testcase time="7.468" classname="modelling" name="outcome_modelling_gives_expected_results_in_example_data"/>
    <testcase time="0.0069999999999979" classname="modelling" name="outcome_modelling_gives_expected_results_in_example_data"/>
    <testcase time="0.00500000000000256" classname="modelling" name="outcome_modelling_gives_expected_results_in_example_data"/>
    <testcase time="0.00600000000000023" classname="modelling" name="outcome_modelling_gives_expected_results_in_example_data"/>
    <testcase time="0.000999999999997669" classname="modelling" name="outcome_modelling_gives_expected_results_in_example_data"/>
    <testcase time="5.099" classname="modelling" name="outcome_modelling_works_with_data.tables_and_weights"/>
    <testcase time="10.354" classname="modelling" name="outcome_modelling_works_with_data.tables_and_weights"/>
    <testcase time="0.0069999999999979" classname="modelling" name="outcome_modelling_works_with_data.tables_and_weights"/>
    <testcase time="0.521999999999998" classname="modelling" name="Modelling_works_with_where_case"/>
    <testcase time="0.00200000000000244" classname="modelling" name="Modelling_works_with_where_case"/>
    <testcase time="0.00199999999999534" classname="modelling" name="Modelling_works_with_where_case">
      <skipped message="Reason: On CRAN ('test-modelling.R:151:3')"/>
    </testcase>
    <testcase time="0.414000000000001" classname="modelling" name="outcome_modelling_works_with_analysis_weights_unweighted"/>
    <testcase time="0.00200000000000244" classname="modelling" name="outcome_modelling_works_with_analysis_weights_unweighted">
      <skipped message="Reason: On CRAN ('test-modelling.R:172:3')"/>
    </testcase>
    <testcase time="0.433" classname="modelling" name="outcome_modelling_works_with_analysis_weights_p99"/>
    <testcase time="0.00300000000000011" classname="modelling" name="outcome_modelling_works_with_analysis_weights_p99">
      <skipped message="Reason: On CRAN ('test-modelling.R:193:3')"/>
    </testcase>
    <testcase time="0.430999999999997" classname="modelling" name="outcome_modelling_works_with_analysis_weights_weight_limits"/>
    <testcase time="0.00300000000000011" classname="modelling" name="outcome_modelling_works_with_analysis_weights_weight_limits">
      <skipped message="Reason: On CRAN ('test-modelling.R:216:3')"/>
    </testcase>
    <testcase time="0.437000000000005" classname="modelling" name="outcome_modelling_works_with_missing_sample_weights"/>
    <testcase time="0.00199999999999534" classname="modelling" name="outcome_modelling_works_with_missing_sample_weights"/>
    <testcase time="0.419000000000004" classname="modelling" name="outcome_modelling_works_with_missing_sample_weights"/>
    <testcase time="0.00500000000000256" classname="modelling" name="outcome_modelling_works_with_missing_sample_weights"/>
    <testcase time="0.455999999999996" classname="modelling" name="outcome_modelling_works_with_sample_weights"/>
    <testcase time="0.00300000000000011" classname="modelling" name="outcome_modelling_works_with_sample_weights">
      <skipped message="Reason: On CRAN ('test-modelling.R:277:3')"/>
    </testcase>
    <testcase time="0.435000000000002" classname="modelling" name="outcome_modelling_makes_model_formula_as_expected_with_weight_and_censor"/>
    <testcase time="0.00499999999999545" classname="modelling" name="outcome_modelling_makes_model_formula_as_expected_with_weight_and_censor"/>
    <testcase time="0.416000000000004" classname="modelling" name="outcome_modelling_makes_model_formula_as_expected_with_no_weight_and_no_censor"/>
    <testcase time="2.415" classname="modelling" name="outcome_modelling_makes_model_formula_as_expected_with_weight_and_no_censor"/>
    <testcase time="0.00499999999999545" classname="modelling" name="outcome_modelling_makes_model_formula_as_expected_with_weight_and_no_censor"/>
    <testcase time="0.409000000000006" classname="modelling" name="outcome_modelling_makes_model_formula_as_expected_with_no_weight_and_censor"/>
  </testsuite>
  <testsuite name="predict" timestamp="2023-07-05T14:18:08Z" hostname="50089e82603b" tests="8" skipped="3" failures="0" errors="0" time="52.505">
    <testcase time="35.956" classname="predict" name="predict.RTE_model_works_as_expected"/>
    <testcase time="0.00300000000000011" classname="predict" name="predict.RTE_model_works_as_expected">
      <skipped message="Reason: On CRAN ('test-predict.R:26:3')"/>
    </testcase>
    <testcase time="15.944" classname="predict" name="predict.RTE_model_works_with_newdata">
      <skipped message="Reason: On CRAN ('test-predict.R:52:3')"/>
    </testcase>
    <testcase time="0.0229999999999961" classname="predict" name="calculate_cum_inc_works_as_expected"/>
    <testcase time="0.012999999999991" classname="predict" name="calculate_survival_works_as_expected"/>
    <testcase time="0.544000000000011" classname="predict" name="predict.RTE_model_works_with_interactions"/>
    <testcase time="0.000999999999990564" classname="predict" name="predict.RTE_model_works_with_interactions"/>
    <testcase time="0.0210000000000008" classname="predict" name="predict.RTE_model_works_with_interactions">
      <skipped message="Reason: On CRAN ('test-predict.R:112:3')"/>
    </testcase>
  </testsuite>
  <testsuite name="robust" timestamp="2023-07-05T14:19:00Z" hostname="50089e82603b" tests="3" skipped="0" failures="0" errors="0" time="2.8">
    <testcase time="2.779" classname="robust" name="robust_calculation_works_as_expected"/>
    <testcase time="0.0150000000000006" classname="robust" name="robust_calculation_works_as_expected"/>
    <testcase time="0.00600000000000023" classname="robust" name="robust_calculation_works_as_expected"/>
  </testsuite>
  <testsuite name="sampling" timestamp="2023-07-05T14:19:03Z" hostname="50089e82603b" tests="24" skipped="6" failures="0" errors="0" time="22.279">
    <testcase time="0.266999999999996" classname="sampling" name="do_sampling_works_as_expected_when_case_exist">
      <skipped message="Reason: On CRAN ('test-sampling.R:5:3')"/>
    </testcase>
    <testcase time="0.175000000000011" classname="sampling" name="do_sampling_works_as_expected_when_no_cases_exist">
      <skipped message="Reason: On CRAN ('test-sampling.R:15:3')"/>
    </testcase>
    <testcase time="0.114999999999995" classname="sampling" name="sample_from_period_works_as_expected"/>
    <testcase time="0.00499999999999545" classname="sampling" name="sample_from_period_works_as_expected"/>
    <testcase time="0.00900000000000034" classname="sampling" name="sample_from_period_works_as_expected"/>
    <testcase time="0.00300000000000011" classname="sampling" name="sample_from_period_works_as_expected"/>
    <testcase time="0.00400000000000489" classname="sampling" name="sample_from_period_works_as_expected">
      <skipped message="Reason: On CRAN ('test-sampling.R:34:3')"/>
    </testcase>
    <testcase time="0.141000000000005" classname="sampling" name="sample_from_period_works_as_expected_with_multiple_proportions"/>
    <testcase time="0.00499999999999545" classname="sampling" name="sample_from_period_works_as_expected_with_multiple_proportions"/>
    <testcase time="0.00300000000000011" classname="sampling" name="sample_from_period_works_as_expected_with_multiple_proportions"/>
    <testcase time="0.00300000000000011" classname="sampling" name="sample_from_period_works_as_expected_with_multiple_proportions"/>
    <testcase time="0.00300000000000011" classname="sampling" name="sample_from_period_works_as_expected_with_multiple_proportions">
      <skipped message="Reason: On CRAN ('test-sampling.R:54:3')"/>
    </testcase>
    <testcase time="2.684" classname="sampling" name="case_control_sampling_trials_works_with_separate_files_TRUE"/>
    <testcase time="0.00300000000000011" classname="sampling" name="case_control_sampling_trials_works_with_separate_files_TRUE">
      <skipped message="Reason: On CRAN ('test-sampling.R:85:3')"/>
    </testcase>
    <testcase time="3.104" classname="sampling" name="case_control_sampling_trials_works_with_separate_files_FALSE"/>
    <testcase time="0.00300000000000011" classname="sampling" name="case_control_sampling_trials_works_with_separate_files_FALSE">
      <skipped message="Reason: On CRAN ('test-sampling.R:101:3')"/>
    </testcase>
    <testcase time="4.095" classname="sampling" name="case_control_sampling_trials_works_with_separate_files_TRUE_is_reproducible"/>
    <testcase time="2.77199999999999" classname="sampling" name="case_control_sampling_trials_works_with_subsetting"/>
    <testcase time="0.0150000000000148" classname="sampling" name="case_control_sampling_trials_gives_errors_for_arguments"/>
    <testcase time="0.00800000000000978" classname="sampling" name="case_control_sampling_trials_gives_errors_for_arguments"/>
    <testcase time="3.14099999999999" classname="sampling" name="case_control_sampling_trials_works_with_multiple_p_control"/>
    <testcase time="0.00200000000000955" classname="sampling" name="case_control_sampling_trials_works_with_multiple_p_control"/>
    <testcase time="0.000999999999976353" classname="sampling" name="case_control_sampling_trials_works_with_multiple_p_control"/>
    <testcase time="5.71800000000002" classname="sampling" name="case_control_sampling_trials_works_with_sort_TRUE"/>
  </testsuite>
  <testsuite name="utils" timestamp="2023-07-05T14:19:25Z" hostname="50089e82603b" tests="18" skipped="0" failures="0" errors="0" time="0.626">
    <testcase time="0.0159999999999911" classname="utils" name="quiet_print_works_as_expected"/>
    <testcase time="0.00300000000001432" classname="utils" name="quiet_print_works_as_expected"/>
    <testcase time="0.00899999999998613" classname="utils" name="quiet_msg_works_as_expected"/>
    <testcase time="0.007000000000005" classname="utils" name="quiet_msg_works_as_expected"/>
    <testcase time="0.00899999999998613" classname="utils" name="quiet_line_works_as_expected"/>
    <testcase time="0.00600000000000023" classname="utils" name="quiet_line_works_as_expected"/>
    <testcase time="0.469999999999999" classname="utils" name="quiet_msg_time_works_as_expected"/>
    <testcase time="0.007000000000005" classname="utils" name="quiet_msg_time_works_as_expected"/>
    <testcase time="0.0229999999999961" classname="utils" name="extract_baseline_works_works_as_expected"/>
    <testcase time="0.0120000000000005" classname="utils" name="as_formula_works_with_a_formula_as_string"/>
    <testcase time="0.0109999999999957" classname="utils" name="as_formula_works_with_strings"/>
    <testcase time="0.0120000000000005" classname="utils" name="as_formula_works_with_formulas"/>
    <testcase time="0.0130000000000052" classname="utils" name="assert_monotonic_works_as_expected"/>
    <testcase time="0.00600000000000023" classname="utils" name="assert_monotonic_works_as_expected"/>
    <testcase time="0.007000000000005" classname="utils" name="assert_monotonic_works_as_expected"/>
    <testcase time="0.00600000000000023" classname="utils" name="assert_monotonic_works_as_expected"/>
    <testcase time="0.00499999999999545" classname="utils" name="assert_monotonic_works_as_expected"/>
    <testcase time="0.0040000000000191" classname="utils" name="assert_monotonic_works_as_expected"/>
  </testsuite>
</testsuites>
