<?xml version="1.0" encoding="UTF-8"?>
<testsuites>
  <testsuite name="data_extension" timestamp="2023-05-03T07:24:41Z" hostname="c0393643c284" tests="21" skipped="0" failures="0" errors="0" time="0.866">
    <testcase time="0.0629999999999999" classname="data_extension" name="check_expand_switch_works_as_expected"/>
    <testcase time="0.03" classname="data_extension" name="check_expand_switch_works_as_expected"/>
    <testcase time="0.012" classname="data_extension" name="check_expand_switch_works_as_expected"/>
    <testcase time="0.004" classname="data_extension" name="check_expand_switch_works_as_expected"/>
    <testcase time="0.0479999999999998" classname="data_extension" name="expand_works_as_expected"/>
    <testcase time="0.022" classname="data_extension" name="expand_works_as_expected"/>
    <testcase time="0.102" classname="data_extension" name="data_extensions_works_as_expected_with_first_and_last_periods"/>
    <testcase time="0.004" classname="data_extension" name="data_extensions_works_as_expected_with_first_and_last_periods"/>
    <testcase time="0.00300000000000011" classname="data_extension" name="data_extensions_works_as_expected_with_first_and_last_periods"/>
    <testcase time="0.002" classname="data_extension" name="data_extensions_works_as_expected_with_first_and_last_periods"/>
    <testcase time="0.004" classname="data_extension" name="data_extensions_works_as_expected_with_first_and_last_periods"/>
    <testcase time="0.00499999999999989" classname="data_extension" name="data_extensions_works_as_expected_with_first_and_last_periods"/>
    <testcase time="0.00100000000000011" classname="data_extension" name="data_extensions_works_as_expected_with_first_and_last_periods"/>
    <testcase time="0.481" classname="data_extension" name="data_extensions_works_as_expected_with_separate_files_TRUE"/>
    <testcase time="0.00100000000000033" classname="data_extension" name="data_extensions_works_as_expected_with_separate_files_TRUE"/>
    <testcase time="0.00199999999999978" classname="data_extension" name="data_extensions_works_as_expected_with_separate_files_TRUE"/>
    <testcase time="0.00099999999999989" classname="data_extension" name="data_extensions_works_as_expected_with_separate_files_TRUE"/>
    <testcase time="0.0100000000000002" classname="data_extension" name="data_extensions_works_as_expected_with_separate_files_TRUE"/>
    <testcase time="0.004" classname="data_extension" name="data_extensions_works_as_expected_with_separate_files_TRUE"/>
    <testcase time="0.004" classname="data_extension" name="data_extensions_works_as_expected_with_separate_files_TRUE"/>
    <testcase time="0.0630000000000002" classname="data_extension" name="data_extensions_works_as_expected_with_separate_files_TRUE"/>
  </testsuite>
  <testsuite name="data_manipulation" timestamp="2023-05-03T07:24:42Z" hostname="c0393643c284" tests="6" skipped="0" failures="0" errors="0" time="1.537">
    <testcase time="0.792" classname="data_manipulation" name="data_manipulation_works_as_expected_with_no_censoring"/>
    <testcase time="0.00200000000000022" classname="data_manipulation" name="data_manipulation_works_as_expected_with_no_censoring"/>
    <testcase time="0.00499999999999989" classname="data_manipulation" name="data_manipulation_works_as_expected_with_no_censoring"/>
    <testcase time="0.732" classname="data_manipulation" name="data_manipulation_works_as_expected_with_censoring"/>
    <testcase time="0.00100000000000033" classname="data_manipulation" name="data_manipulation_works_as_expected_with_censoring"/>
    <testcase time="0.00499999999999989" classname="data_manipulation" name="data_manipulation_works_as_expected_with_censoring"/>
  </testsuite>
  <testsuite name="data_preparation" timestamp="2023-05-03T07:24:43Z" hostname="c0393643c284" tests="11" skipped="0" failures="0" errors="0" time="12.285">
    <testcase time="6.442" classname="data_preparation" name="data_preparation_works_as_expected"/>
    <testcase time="0.00400000000000134" classname="data_preparation" name="data_preparation_works_as_expected"/>
    <testcase time="0.00399999999999956" classname="data_preparation" name="data_preparation_works_as_expected"/>
    <testcase time="0.00300000000000011" classname="data_preparation" name="data_preparation_works_as_expected"/>
    <testcase time="0.000999999999999446" classname="data_preparation" name="data_preparation_works_as_expected"/>
    <testcase time="0.445" classname="data_preparation" name="data_preparation_works_as_expected"/>
    <testcase time="3.719" classname="data_preparation" name="data_preparation_can_be_quiet"/>
    <testcase time="0.0230000000000015" classname="data_preparation" name="data_preparation_gives_an_error_for_existing_trial_files"/>
    <testcase time="0.00899999999999856" classname="data_preparation" name="check_data_dir_gives_a_warning_for_existing_model_files"/>
    <testcase time="1.631" classname="data_preparation" name="data_preparation_has_correct_values_for_treatment_"/>
    <testcase time="0.00400000000000134" classname="data_preparation" name="data_preparation_has_correct_values_for_treatment_"/>
  </testsuite>
  <testsuite name="data_utils" timestamp="2023-05-03T07:24:56Z" hostname="c0393643c284" tests="17" skipped="3" failures="0" errors="0" time="1.471">
    <testcase time="0.0150000000000006" classname="data_utils" name="weight_func_works_as_expected"/>
    <testcase time="0.544999999999998" classname="data_utils" name="weight_func_works_as_expected">
      <skipped message="Reason: On CRAN ('test-data_utils.R:6:3')"/>
    </testcase>
    <testcase time="0.0440000000000005" classname="data_utils" name="weight_func_works_saves_model_objects"/>
    <testcase time="0.568999999999999" classname="data_utils" name="weight_func_works_saves_model_objects"/>
    <testcase time="0.0160000000000018" classname="data_utils" name="weight_func_works_saves_model_objects"/>
    <testcase time="0.00600000000000023" classname="data_utils" name="weight_func_works_saves_model_objects"/>
    <testcase time="0.000999999999997669" classname="data_utils" name="weight_func_works_saves_model_objects"/>
    <testcase time="0.0120000000000005" classname="data_utils" name="weight_func_works_saves_model_objects"/>
    <testcase time="0.00499999999999901" classname="data_utils" name="weight_func_works_saves_model_objects"/>
    <testcase time="0.00200000000000244" classname="data_utils" name="weight_func_works_saves_model_objects"/>
    <testcase time="0.0749999999999993" classname="data_utils" name="weight_func_works_with_user_specified_time_on_regime">
      <skipped message="Reason: On CRAN ('test-data_utils.R:103:3')"/>
    </testcase>
    <testcase time="0.141000000000002" classname="data_utils" name="weight_func_works_with_pool_cense_TRUE">
      <skipped message="Reason: On CRAN ('test-data_utils.R:120:3')"/>
    </testcase>
    <testcase time="0.0169999999999995" classname="data_utils" name="select_data_cols_works_as_expected"/>
    <testcase time="0.00799999999999912" classname="data_utils" name="select_data_cols_works_as_expected_with_non_default_names"/>
    <testcase time="0.00100000000000122" classname="data_utils" name="select_data_cols_works_as_expected_with_non_default_names"/>
    <testcase time="0.0069999999999979" classname="data_utils" name="user_can_select_period_in_select_data_cols"/>
    <testcase time="0.00700000000000145" classname="data_utils" name="select_data_cols_allows_derived_variables_in_formula_vars"/>
  </testsuite>
  <testsuite name="generics" timestamp="2023-05-03T07:24:57Z" hostname="c0393643c284" tests="4" skipped="3" failures="0" errors="0" time="5.395">
    <testcase time="1.363" classname="generics" name="summary_for_data_preparation_separate_TRUE">
      <skipped message="Reason: On CRAN ('test-generics.R:24:3')"/>
    </testcase>
    <testcase time="1.781" classname="generics" name="summary_for_data_preparation_separate_FALSE">
      <skipped message="Reason: On CRAN ('test-generics.R:65:3')"/>
    </testcase>
    <testcase time="2.24" classname="generics" name="summary_for_initiators"/>
    <testcase time="0.0109999999999992" classname="generics" name="summary_for_initiators">
      <skipped message="Reason: On CRAN ('test-generics.R:94:3')"/>
    </testcase>
  </testsuite>
  <testsuite name="lr_utils" timestamp="2023-05-03T07:25:02Z" hostname="c0393643c284" tests="10" skipped="0" failures="0" errors="0" time="0.077">
    <testcase time="0.0309999999999988" classname="lr_utils" name="fit_glm_works"/>
    <testcase time="0.00100000000000122" classname="lr_utils" name="fit_glm_works"/>
    <testcase time="0.0139999999999993" classname="lr_utils" name="fit_glm_works_with_parglm_and_defaults"/>
    <testcase time="0.000999999999997669" classname="lr_utils" name="fit_glm_works_with_parglm_and_defaults"/>
    <testcase time="0.00400000000000134" classname="lr_utils" name="fit_glm_works_with_parglm_and_defaults"/>
    <testcase time="0.00499999999999901" classname="lr_utils" name="fit_glm_works_with_parglm_and_defaults"/>
    <testcase time="0.00800000000000267" classname="lr_utils" name="fit_glm_works_with_parglm"/>
    <testcase time="0.00599999999999667" classname="lr_utils" name="fit_glm_works_with_parglm"/>
    <testcase time="0.00300000000000011" classname="lr_utils" name="fit_glm_works_with_parglm"/>
    <testcase time="0.00400000000000134" classname="lr_utils" name="fit_glm_works_with_parglm"/>
  </testsuite>
  <testsuite name="modelling" timestamp="2023-05-03T07:25:03Z" hostname="c0393643c284" tests="30" skipped="5" failures="0" errors="0" time="40.74">
    <testcase time="10.8" classname="modelling" name="data_modelling_can_be_quiet"/>
    <testcase time="7.955" classname="modelling" name="data_modelling_gives_expected_results_in_example_data"/>
    <testcase time="0.00600000000000023" classname="modelling" name="data_modelling_gives_expected_results_in_example_data"/>
    <testcase time="0.00400000000000489" classname="modelling" name="data_modelling_gives_expected_results_in_example_data"/>
    <testcase time="0.00399999999999778" classname="modelling" name="data_modelling_gives_expected_results_in_example_data"/>
    <testcase time="0.00199999999999534" classname="modelling" name="data_modelling_gives_expected_results_in_example_data"/>
    <testcase time="4.806" classname="modelling" name="data_modelling_works_with_data.tables_and_weights"/>
    <testcase time="10.351" classname="modelling" name="data_modelling_works_with_data.tables_and_weights"/>
    <testcase time="0.00600000000000023" classname="modelling" name="data_modelling_works_with_data.tables_and_weights"/>
    <testcase time="0.539999999999999" classname="modelling" name="Modelling_works_with_where_case"/>
    <testcase time="0.000999999999997669" classname="modelling" name="Modelling_works_with_where_case"/>
    <testcase time="0.00200000000000244" classname="modelling" name="Modelling_works_with_where_case">
      <skipped message="Reason: On CRAN ('test-modelling.R:151:3')"/>
    </testcase>
    <testcase time="0.429000000000002" classname="modelling" name="data_modelling_works_with_analysis_weights_unweighted"/>
    <testcase time="0.00199999999999534" classname="modelling" name="data_modelling_works_with_analysis_weights_unweighted">
      <skipped message="Reason: On CRAN ('test-modelling.R:172:3')"/>
    </testcase>
    <testcase time="0.448" classname="modelling" name="data_modelling_works_with_analysis_weights_p99"/>
    <testcase time="0.00300000000000011" classname="modelling" name="data_modelling_works_with_analysis_weights_p99">
      <skipped message="Reason: On CRAN ('test-modelling.R:193:3')"/>
    </testcase>
    <testcase time="0.444000000000003" classname="modelling" name="data_modelling_works_with_analysis_weights_weight_limits"/>
    <testcase time="0.00200000000000244" classname="modelling" name="data_modelling_works_with_analysis_weights_weight_limits">
      <skipped message="Reason: On CRAN ('test-modelling.R:216:3')"/>
    </testcase>
    <testcase time="0.460000000000001" classname="modelling" name="data_modelling_works_with_missing_sample_weights"/>
    <testcase time="0.000999999999997669" classname="modelling" name="data_modelling_works_with_missing_sample_weights"/>
    <testcase time="0.433999999999997" classname="modelling" name="data_modelling_works_with_missing_sample_weights"/>
    <testcase time="0.00400000000000489" classname="modelling" name="data_modelling_works_with_missing_sample_weights"/>
    <testcase time="0.464999999999996" classname="modelling" name="data_modelling_works_with_sample_weights"/>
    <testcase time="0.00200000000000244" classname="modelling" name="data_modelling_works_with_sample_weights">
      <skipped message="Reason: On CRAN ('test-modelling.R:277:3')"/>
    </testcase>
    <testcase time="0.440999999999995" classname="modelling" name="data_modelling_makes_model_formula_as_expected_with_weight_and_censor"/>
    <testcase time="0.00399999999999778" classname="modelling" name="data_modelling_makes_model_formula_as_expected_with_weight_and_censor"/>
    <testcase time="0.427" classname="modelling" name="data_modelling_makes_model_formula_as_expected_with_no_weight_and_no_censor"/>
    <testcase time="2.265" classname="modelling" name="data_modelling_makes_model_formula_as_expected_with_weight_and_no_censor"/>
    <testcase time="0.00399999999999778" classname="modelling" name="data_modelling_makes_model_formula_as_expected_with_weight_and_no_censor"/>
    <testcase time="0.427999999999997" classname="modelling" name="data_modelling_makes_model_formula_as_expected_with_no_weight_and_censor"/>
  </testsuite>
  <testsuite name="predict" timestamp="2023-05-03T07:25:43Z" hostname="c0393643c284" tests="8" skipped="3" failures="0" errors="0" time="49.178">
    <testcase time="33.086" classname="predict" name="predict.RTE_model_works_as_expected"/>
    <testcase time="0.00199999999999534" classname="predict" name="predict.RTE_model_works_as_expected">
      <skipped message="Reason: On CRAN ('test-predict.R:26:3')"/>
    </testcase>
    <testcase time="15.47" classname="predict" name="predict.RTE_model_works_with_newdata">
      <skipped message="Reason: On CRAN ('test-predict.R:52:3')"/>
    </testcase>
    <testcase time="0.0180000000000007" classname="predict" name="calculate_cum_inc_works_as_expected"/>
    <testcase time="0.00799999999999557" classname="predict" name="calculate_survival_works_as_expected"/>
    <testcase time="0.569000000000003" classname="predict" name="predict.RTE_model_works_with_interactions"/>
    <testcase time="0.00100000000000477" classname="predict" name="predict.RTE_model_works_with_interactions"/>
    <testcase time="0.0240000000000009" classname="predict" name="predict.RTE_model_works_with_interactions">
      <skipped message="Reason: On CRAN ('test-predict.R:112:3')"/>
    </testcase>
  </testsuite>
  <testsuite name="robust" timestamp="2023-05-03T07:26:32Z" hostname="c0393643c284" tests="3" skipped="0" failures="0" errors="0" time="2.611">
    <testcase time="2.59399999999999" classname="robust" name="robust_calculation_works_as_expected"/>
    <testcase time="0.0120000000000005" classname="robust" name="robust_calculation_works_as_expected"/>
    <testcase time="0.00499999999999545" classname="robust" name="robust_calculation_works_as_expected"/>
  </testsuite>
  <testsuite name="sampling" timestamp="2023-05-03T07:26:35Z" hostname="c0393643c284" tests="24" skipped="6" failures="0" errors="0" time="23.099">
    <testcase time="0.152000000000001" classname="sampling" name="do_sampling_works_as_expected_when_case_exist">
      <skipped message="Reason: On CRAN ('test-sampling.R:5:3')"/>
    </testcase>
    <testcase time="0.195999999999998" classname="sampling" name="do_sampling_works_as_expected_when_no_cases_exist">
      <skipped message="Reason: On CRAN ('test-sampling.R:15:3')"/>
    </testcase>
    <testcase time="0.219000000000008" classname="sampling" name="sample_from_period_works_as_expected"/>
    <testcase time="0.00399999999999068" classname="sampling" name="sample_from_period_works_as_expected"/>
    <testcase time="0.00800000000000978" classname="sampling" name="sample_from_period_works_as_expected"/>
    <testcase time="0.00199999999999534" classname="sampling" name="sample_from_period_works_as_expected"/>
    <testcase time="0.00199999999999534" classname="sampling" name="sample_from_period_works_as_expected">
      <skipped message="Reason: On CRAN ('test-sampling.R:34:3')"/>
    </testcase>
    <testcase time="0.138000000000005" classname="sampling" name="sample_from_period_works_as_expected_with_multiple_proportions"/>
    <testcase time="0.00499999999999545" classname="sampling" name="sample_from_period_works_as_expected_with_multiple_proportions"/>
    <testcase time="0.00300000000000011" classname="sampling" name="sample_from_period_works_as_expected_with_multiple_proportions"/>
    <testcase time="0.00300000000000011" classname="sampling" name="sample_from_period_works_as_expected_with_multiple_proportions"/>
    <testcase time="0.00100000000000477" classname="sampling" name="sample_from_period_works_as_expected_with_multiple_proportions">
      <skipped message="Reason: On CRAN ('test-sampling.R:54:3')"/>
    </testcase>
    <testcase time="2.592" classname="sampling" name="case_control_sampling_trials_works_with_separate_files_TRUE"/>
    <testcase time="0.00199999999999534" classname="sampling" name="case_control_sampling_trials_works_with_separate_files_TRUE">
      <skipped message="Reason: On CRAN ('test-sampling.R:85:3')"/>
    </testcase>
    <testcase time="3.003" classname="sampling" name="case_control_sampling_trials_works_with_separate_files_FALSE"/>
    <testcase time="0.00200000000000955" classname="sampling" name="case_control_sampling_trials_works_with_separate_files_FALSE">
      <skipped message="Reason: On CRAN ('test-sampling.R:101:3')"/>
    </testcase>
    <testcase time="4.009" classname="sampling" name="case_control_sampling_trials_works_with_separate_files_TRUE_is_reproducible"/>
    <testcase time="3.069" classname="sampling" name="case_control_sampling_trials_works_with_subsetting"/>
    <testcase time="0.00999999999999091" classname="sampling" name="case_control_sampling_trials_gives_errors_for_arguments"/>
    <testcase time="0.00600000000000023" classname="sampling" name="case_control_sampling_trials_gives_errors_for_arguments"/>
    <testcase time="3.626" classname="sampling" name="case_control_sampling_trials_works_with_multiple_p_control"/>
    <testcase time="0.00100000000000477" classname="sampling" name="case_control_sampling_trials_works_with_multiple_p_control"/>
    <testcase time="0.00199999999998113" classname="sampling" name="case_control_sampling_trials_works_with_multiple_p_control"/>
    <testcase time="6.04400000000001" classname="sampling" name="case_control_sampling_trials_works_with_sort_TRUE"/>
  </testsuite>
  <testsuite name="utils" timestamp="2023-05-03T07:26:58Z" hostname="c0393643c284" tests="18" skipped="0" failures="0" errors="0" time="0.551">
    <testcase time="0.00999999999999091" classname="utils" name="quiet_print_works_as_expected"/>
    <testcase time="0.00300000000001432" classname="utils" name="quiet_print_works_as_expected"/>
    <testcase time="0.00499999999999545" classname="utils" name="quiet_msg_works_as_expected"/>
    <testcase time="0.00600000000000023" classname="utils" name="quiet_msg_works_as_expected"/>
    <testcase time="0.00399999999999068" classname="utils" name="quiet_line_works_as_expected"/>
    <testcase time="0.00600000000000023" classname="utils" name="quiet_line_works_as_expected"/>
    <testcase time="0.443000000000012" classname="utils" name="quiet_msg_time_works_as_expected"/>
    <testcase time="0.00600000000000023" classname="utils" name="quiet_msg_time_works_as_expected"/>
    <testcase time="0.0159999999999911" classname="utils" name="extract_baseline_works_works_as_expected"/>
    <testcase time="0.007000000000005" classname="utils" name="as_formula_works_with_a_formula_as_string"/>
    <testcase time="0.007000000000005" classname="utils" name="as_formula_works_with_strings"/>
    <testcase time="0.00600000000000023" classname="utils" name="as_formula_works_with_formulas"/>
    <testcase time="0.00800000000000978" classname="utils" name="assert_monotonic_works_as_expected"/>
    <testcase time="0.00600000000000023" classname="utils" name="assert_monotonic_works_as_expected"/>
    <testcase time="0.00499999999999545" classname="utils" name="assert_monotonic_works_as_expected"/>
    <testcase time="0.00499999999999545" classname="utils" name="assert_monotonic_works_as_expected"/>
    <testcase time="0.00399999999999068" classname="utils" name="assert_monotonic_works_as_expected"/>
    <testcase time="0.00399999999999068" classname="utils" name="assert_monotonic_works_as_expected"/>
  </testsuite>
</testsuites>
