<?xml version="1.0" encoding="UTF-8"?>
<testsuites>
  <testsuite name="data_extension" timestamp="2023-02-16T13:18:27Z" hostname="fcee9ad1418a" tests="21" skipped="0" failures="0" errors="0" time="1.094">
    <testcase time="0.0609999999999999" classname="data_extension" name="check_expand_switch_works_as_expected"/>
    <testcase time="0.028" classname="data_extension" name="check_expand_switch_works_as_expected"/>
    <testcase time="0.0109999999999999" classname="data_extension" name="check_expand_switch_works_as_expected"/>
    <testcase time="0.004" classname="data_extension" name="check_expand_switch_works_as_expected"/>
    <testcase time="0.0490000000000002" classname="data_extension" name="expand_works_as_expected"/>
    <testcase time="0.012" classname="data_extension" name="expand_works_as_expected"/>
    <testcase time="0.203" classname="data_extension" name="data_extensions_works_as_expected_with_first_and_last_periods"/>
    <testcase time="0.004" classname="data_extension" name="data_extensions_works_as_expected_with_first_and_last_periods"/>
    <testcase time="0.004" classname="data_extension" name="data_extensions_works_as_expected_with_first_and_last_periods"/>
    <testcase time="0.00100000000000011" classname="data_extension" name="data_extensions_works_as_expected_with_first_and_last_periods"/>
    <testcase time="0.00499999999999989" classname="data_extension" name="data_extensions_works_as_expected_with_first_and_last_periods"/>
    <testcase time="0.004" classname="data_extension" name="data_extensions_works_as_expected_with_first_and_last_periods"/>
    <testcase time="0.002" classname="data_extension" name="data_extensions_works_as_expected_with_first_and_last_periods"/>
    <testcase time="0.585" classname="data_extension" name="data_extensions_works_as_expected_with_separate_files_TRUE"/>
    <testcase time="0.00200000000000022" classname="data_extension" name="data_extensions_works_as_expected_with_separate_files_TRUE"/>
    <testcase time="0.00099999999999989" classname="data_extension" name="data_extensions_works_as_expected_with_separate_files_TRUE"/>
    <testcase time="0.00099999999999989" classname="data_extension" name="data_extensions_works_as_expected_with_separate_files_TRUE"/>
    <testcase time="0.0100000000000002" classname="data_extension" name="data_extensions_works_as_expected_with_separate_files_TRUE"/>
    <testcase time="0.004" classname="data_extension" name="data_extensions_works_as_expected_with_separate_files_TRUE"/>
    <testcase time="0.004" classname="data_extension" name="data_extensions_works_as_expected_with_separate_files_TRUE"/>
    <testcase time="0.0989999999999998" classname="data_extension" name="data_extensions_works_as_expected_with_separate_files_TRUE"/>
  </testsuite>
  <testsuite name="data_manipulation" timestamp="2023-02-16T13:18:28Z" hostname="fcee9ad1418a" tests="6" skipped="0" failures="0" errors="0" time="1.502">
    <testcase time="0.76" classname="data_manipulation" name="data_manipulation_works_as_expected_with_no_censoring"/>
    <testcase time="0.00099999999999989" classname="data_manipulation" name="data_manipulation_works_as_expected_with_no_censoring"/>
    <testcase time="0.00499999999999989" classname="data_manipulation" name="data_manipulation_works_as_expected_with_no_censoring"/>
    <testcase time="0.73" classname="data_manipulation" name="data_manipulation_works_as_expected_with_censoring"/>
    <testcase time="0.00100000000000033" classname="data_manipulation" name="data_manipulation_works_as_expected_with_censoring"/>
    <testcase time="0.00499999999999989" classname="data_manipulation" name="data_manipulation_works_as_expected_with_censoring"/>
  </testsuite>
  <testsuite name="data_preparation" timestamp="2023-02-16T13:18:30Z" hostname="fcee9ad1418a" tests="11" skipped="0" failures="0" errors="0" time="13.853">
    <testcase time="7.105" classname="data_preparation" name="data_preparation_works_as_expected"/>
    <testcase time="0.00300000000000011" classname="data_preparation" name="data_preparation_works_as_expected"/>
    <testcase time="0.00399999999999956" classname="data_preparation" name="data_preparation_works_as_expected"/>
    <testcase time="0.00300000000000011" classname="data_preparation" name="data_preparation_works_as_expected"/>
    <testcase time="0" classname="data_preparation" name="data_preparation_works_as_expected"/>
    <testcase time="0.431000000000001" classname="data_preparation" name="data_preparation_works_as_expected"/>
    <testcase time="4.655" classname="data_preparation" name="data_preparation_can_be_quiet"/>
    <testcase time="0.0210000000000008" classname="data_preparation" name="data_preparation_gives_an_error_for_existing_trial_files"/>
    <testcase time="0.00900000000000034" classname="data_preparation" name="check_data_dir_gives_a_warning_for_existing_model_files"/>
    <testcase time="1.618" classname="data_preparation" name="data_preparation_has_correct_values_for_treatment_"/>
    <testcase time="0.00399999999999778" classname="data_preparation" name="data_preparation_has_correct_values_for_treatment_"/>
  </testsuite>
  <testsuite name="data_utils" timestamp="2023-02-16T13:18:43Z" hostname="fcee9ad1418a" tests="17" skipped="3" failures="0" errors="0" time="1.439">
    <testcase time="0.0160000000000018" classname="data_utils" name="weight_func_works_as_expected"/>
    <testcase time="0.535" classname="data_utils" name="weight_func_works_as_expected">
      <skipped message="Reason: On CRAN ('test-data_utils.R:6')"/>
    </testcase>
    <testcase time="0.0309999999999988" classname="data_utils" name="weight_func_works_saves_model_objects"/>
    <testcase time="0.561" classname="data_utils" name="weight_func_works_saves_model_objects"/>
    <testcase time="0.0169999999999995" classname="data_utils" name="weight_func_works_saves_model_objects"/>
    <testcase time="0.00499999999999901" classname="data_utils" name="weight_func_works_saves_model_objects"/>
    <testcase time="0.00100000000000122" classname="data_utils" name="weight_func_works_saves_model_objects"/>
    <testcase time="0.0130000000000017" classname="data_utils" name="weight_func_works_saves_model_objects"/>
    <testcase time="0.00499999999999901" classname="data_utils" name="weight_func_works_saves_model_objects"/>
    <testcase time="0.00199999999999889" classname="data_utils" name="weight_func_works_saves_model_objects"/>
    <testcase time="0.0760000000000005" classname="data_utils" name="weight_func_works_with_user_specified_time_on_regime">
      <skipped message="Reason: On CRAN ('test-data_utils.R:103')"/>
    </testcase>
    <testcase time="0.138000000000002" classname="data_utils" name="weight_func_works_with_pool_cense_TRUE">
      <skipped message="Reason: On CRAN ('test-data_utils.R:120')"/>
    </testcase>
    <testcase time="0.014999999999997" classname="data_utils" name="select_data_cols_works_as_expected"/>
    <testcase time="0.00800000000000267" classname="data_utils" name="select_data_cols_works_as_expected_with_non_default_names"/>
    <testcase time="0.000999999999997669" classname="data_utils" name="select_data_cols_works_as_expected_with_non_default_names"/>
    <testcase time="0.00800000000000267" classname="data_utils" name="user_can_select_period_in_select_data_cols"/>
    <testcase time="0.0069999999999979" classname="data_utils" name="select_data_cols_allows_derived_variables_in_formula_vars"/>
  </testsuite>
  <testsuite name="generics" timestamp="2023-02-16T13:18:45Z" hostname="fcee9ad1418a" tests="4" skipped="3" failures="0" errors="0" time="5.306">
    <testcase time="1.318" classname="generics" name="summary_for_data_preparation_separate_TRUE">
      <skipped message="Reason: On CRAN ('test-generics.R:24')"/>
    </testcase>
    <testcase time="1.808" classname="generics" name="summary_for_data_preparation_separate_FALSE">
      <skipped message="Reason: On CRAN ('test-generics.R:65')"/>
    </testcase>
    <testcase time="2.169" classname="generics" name="summary_for_initiators"/>
    <testcase time="0.0109999999999992" classname="generics" name="summary_for_initiators">
      <skipped message="Reason: On CRAN ('test-generics.R:94')"/>
    </testcase>
  </testsuite>
  <testsuite name="lr_utils" timestamp="2023-02-16T13:18:50Z" hostname="fcee9ad1418a" tests="10" skipped="0" failures="0" errors="0" time="0.071">
    <testcase time="0.027000000000001" classname="lr_utils" name="fit_glm_works"/>
    <testcase time="0.000999999999997669" classname="lr_utils" name="fit_glm_works"/>
    <testcase time="0.0120000000000005" classname="lr_utils" name="fit_glm_works_with_parglm_and_defaults"/>
    <testcase time="0.00100000000000122" classname="lr_utils" name="fit_glm_works_with_parglm_and_defaults"/>
    <testcase time="0.00399999999999778" classname="lr_utils" name="fit_glm_works_with_parglm_and_defaults"/>
    <testcase time="0.00500000000000256" classname="lr_utils" name="fit_glm_works_with_parglm_and_defaults"/>
    <testcase time="0.00799999999999912" classname="lr_utils" name="fit_glm_works_with_parglm"/>
    <testcase time="0.00499999999999901" classname="lr_utils" name="fit_glm_works_with_parglm"/>
    <testcase time="0.00400000000000134" classname="lr_utils" name="fit_glm_works_with_parglm"/>
    <testcase time="0.00400000000000134" classname="lr_utils" name="fit_glm_works_with_parglm"/>
  </testsuite>
  <testsuite name="modelling" timestamp="2023-02-16T13:18:50Z" hostname="fcee9ad1418a" tests="30" skipped="5" failures="0" errors="0" time="36.441">
    <testcase time="9.774" classname="modelling" name="data_modelling_can_be_quiet"/>
    <testcase time="6.926" classname="modelling" name="data_modelling_gives_expected_results_in_example_data"/>
    <testcase time="0.00600000000000023" classname="modelling" name="data_modelling_gives_expected_results_in_example_data"/>
    <testcase time="0.00399999999999778" classname="modelling" name="data_modelling_gives_expected_results_in_example_data"/>
    <testcase time="0.00400000000000489" classname="modelling" name="data_modelling_gives_expected_results_in_example_data"/>
    <testcase time="0.000999999999997669" classname="modelling" name="data_modelling_gives_expected_results_in_example_data"/>
    <testcase time="4.336" classname="modelling" name="data_modelling_works_with_data.tables_and_weights"/>
    <testcase time="9.421" classname="modelling" name="data_modelling_works_with_data.tables_and_weights"/>
    <testcase time="0.00600000000000023" classname="modelling" name="data_modelling_works_with_data.tables_and_weights"/>
    <testcase time="0.439" classname="modelling" name="Modelling_works_with_where_case"/>
    <testcase time="0.000999999999997669" classname="modelling" name="Modelling_works_with_where_case"/>
    <testcase time="0.00200000000000244" classname="modelling" name="Modelling_works_with_where_case">
      <skipped message="Reason: On CRAN ('test-modelling.R:151')"/>
    </testcase>
    <testcase time="0.368000000000002" classname="modelling" name="data_modelling_works_with_analysis_weights_unweighted"/>
    <testcase time="0.00199999999999534" classname="modelling" name="data_modelling_works_with_analysis_weights_unweighted">
      <skipped message="Reason: On CRAN ('test-modelling.R:172')"/>
    </testcase>
    <testcase time="0.376000000000005" classname="modelling" name="data_modelling_works_with_analysis_weights_p99"/>
    <testcase time="0.00199999999999534" classname="modelling" name="data_modelling_works_with_analysis_weights_p99">
      <skipped message="Reason: On CRAN ('test-modelling.R:193')"/>
    </testcase>
    <testcase time="0.378" classname="modelling" name="data_modelling_works_with_analysis_weights_weight_limits"/>
    <testcase time="0.00200000000000244" classname="modelling" name="data_modelling_works_with_analysis_weights_weight_limits">
      <skipped message="Reason: On CRAN ('test-modelling.R:216')"/>
    </testcase>
    <testcase time="0.377000000000002" classname="modelling" name="data_modelling_works_with_missing_sample_weights"/>
    <testcase time="0.00199999999999534" classname="modelling" name="data_modelling_works_with_missing_sample_weights"/>
    <testcase time="0.365000000000002" classname="modelling" name="data_modelling_works_with_missing_sample_weights"/>
    <testcase time="0.00399999999999778" classname="modelling" name="data_modelling_works_with_missing_sample_weights"/>
    <testcase time="0.401000000000003" classname="modelling" name="data_modelling_works_with_sample_weights"/>
    <testcase time="0.00200000000000244" classname="modelling" name="data_modelling_works_with_sample_weights">
      <skipped message="Reason: On CRAN ('test-modelling.R:277')"/>
    </testcase>
    <testcase time="0.372999999999998" classname="modelling" name="data_modelling_makes_model_formula_as_expected_with_weight_and_censor"/>
    <testcase time="0.00399999999999778" classname="modelling" name="data_modelling_makes_model_formula_as_expected_with_weight_and_censor"/>
    <testcase time="0.365000000000002" classname="modelling" name="data_modelling_makes_model_formula_as_expected_with_no_weight_and_no_censor"/>
    <testcase time="2.129" classname="modelling" name="data_modelling_makes_model_formula_as_expected_with_weight_and_no_censor"/>
    <testcase time="0.00400000000000489" classname="modelling" name="data_modelling_makes_model_formula_as_expected_with_weight_and_no_censor"/>
    <testcase time="0.366999999999997" classname="modelling" name="data_modelling_makes_model_formula_as_expected_with_no_weight_and_censor"/>
  </testsuite>
  <testsuite name="predict" timestamp="2023-02-16T13:19:27Z" hostname="fcee9ad1418a" tests="8" skipped="3" failures="0" errors="0" time="45.98">
    <testcase time="31.35" classname="predict" name="predict.RTE_model_works_as_expected"/>
    <testcase time="0.00200000000000955" classname="predict" name="predict.RTE_model_works_as_expected">
      <skipped message="Reason: On CRAN ('test-predict.R:26')"/>
    </testcase>
    <testcase time="14.115" classname="predict" name="predict.RTE_model_works_with_newdata">
      <skipped message="Reason: On CRAN ('test-predict.R:52')"/>
    </testcase>
    <testcase time="0.0150000000000006" classname="predict" name="calculate_cum_inc_works_as_expected"/>
    <testcase time="0.00799999999999557" classname="predict" name="calculate_survival_works_as_expected"/>
    <testcase time="0.465000000000003" classname="predict" name="predict.RTE_model_works_with_interactions"/>
    <testcase time="0.00200000000000955" classname="predict" name="predict.RTE_model_works_with_interactions"/>
    <testcase time="0.0229999999999961" classname="predict" name="predict.RTE_model_works_with_interactions">
      <skipped message="Reason: On CRAN ('test-predict.R:112')"/>
    </testcase>
  </testsuite>
  <testsuite name="robust" timestamp="2023-02-16T13:20:13Z" hostname="fcee9ad1418a" tests="3" skipped="0" failures="0" errors="0" time="2.309">
    <testcase time="2.292" classname="robust" name="robust_calculation_works_as_expected"/>
    <testcase time="0.0120000000000005" classname="robust" name="robust_calculation_works_as_expected"/>
    <testcase time="0.00499999999999545" classname="robust" name="robust_calculation_works_as_expected"/>
  </testsuite>
  <testsuite name="sampling" timestamp="2023-02-16T13:20:15Z" hostname="fcee9ad1418a" tests="24" skipped="6" failures="0" errors="0" time="24.318">
    <testcase time="0.146999999999991" classname="sampling" name="do_sampling_works_as_expected_when_case_exist">
      <skipped message="Reason: On CRAN ('test-sampling.R:5')"/>
    </testcase>
    <testcase time="0.183999999999997" classname="sampling" name="do_sampling_works_as_expected_when_no_cases_exist">
      <skipped message="Reason: On CRAN ('test-sampling.R:15')"/>
    </testcase>
    <testcase time="0.376000000000005" classname="sampling" name="sample_from_period_works_as_expected"/>
    <testcase time="0.00400000000000489" classname="sampling" name="sample_from_period_works_as_expected"/>
    <testcase time="0.00699999999999079" classname="sampling" name="sample_from_period_works_as_expected"/>
    <testcase time="0.00300000000000011" classname="sampling" name="sample_from_period_works_as_expected"/>
    <testcase time="0.00100000000000477" classname="sampling" name="sample_from_period_works_as_expected">
      <skipped message="Reason: On CRAN ('test-sampling.R:34')"/>
    </testcase>
    <testcase time="0.132000000000005" classname="sampling" name="sample_from_period_works_as_expected_with_multiple_proportions"/>
    <testcase time="0.00399999999999068" classname="sampling" name="sample_from_period_works_as_expected_with_multiple_proportions"/>
    <testcase time="0.00300000000000011" classname="sampling" name="sample_from_period_works_as_expected_with_multiple_proportions"/>
    <testcase time="0.00200000000000955" classname="sampling" name="sample_from_period_works_as_expected_with_multiple_proportions"/>
    <testcase time="0.00199999999999534" classname="sampling" name="sample_from_period_works_as_expected_with_multiple_proportions">
      <skipped message="Reason: On CRAN ('test-sampling.R:54')"/>
    </testcase>
    <testcase time="3.023" classname="sampling" name="case_control_sampling_trials_works_with_separate_files_TRUE"/>
    <testcase time="0.00200000000000955" classname="sampling" name="case_control_sampling_trials_works_with_separate_files_TRUE">
      <skipped message="Reason: On CRAN ('test-sampling.R:85')"/>
    </testcase>
    <testcase time="3.193" classname="sampling" name="case_control_sampling_trials_works_with_separate_files_FALSE"/>
    <testcase time="0.00200000000000955" classname="sampling" name="case_control_sampling_trials_works_with_separate_files_FALSE">
      <skipped message="Reason: On CRAN ('test-sampling.R:101')"/>
    </testcase>
    <testcase time="4.212" classname="sampling" name="case_control_sampling_trials_works_with_separate_files_TRUE_is_reproducible"/>
    <testcase time="3.264" classname="sampling" name="case_control_sampling_trials_works_with_subsetting"/>
    <testcase time="0.00999999999999091" classname="sampling" name="case_control_sampling_trials_gives_errors_for_arguments"/>
    <testcase time="0.007000000000005" classname="sampling" name="case_control_sampling_trials_gives_errors_for_arguments"/>
    <testcase time="3.554" classname="sampling" name="case_control_sampling_trials_works_with_multiple_p_control"/>
    <testcase time="0.00199999999999534" classname="sampling" name="case_control_sampling_trials_works_with_multiple_p_control"/>
    <testcase time="0.00100000000000477" classname="sampling" name="case_control_sampling_trials_works_with_multiple_p_control"/>
    <testcase time="6.18300000000001" classname="sampling" name="case_control_sampling_trials_works_with_sort_TRUE"/>
  </testsuite>
  <testsuite name="utils" timestamp="2023-02-16T13:20:39Z" hostname="fcee9ad1418a" tests="18" skipped="0" failures="0" errors="0" time="0.513">
    <testcase time="0.00999999999999091" classname="utils" name="quiet_print_works_as_expected"/>
    <testcase time="0.00300000000001432" classname="utils" name="quiet_print_works_as_expected"/>
    <testcase time="0.00399999999999068" classname="utils" name="quiet_msg_works_as_expected"/>
    <testcase time="0.00600000000000023" classname="utils" name="quiet_msg_works_as_expected"/>
    <testcase time="0.00399999999999068" classname="utils" name="quiet_line_works_as_expected"/>
    <testcase time="0.00499999999999545" classname="utils" name="quiet_line_works_as_expected"/>
    <testcase time="0.40900000000002" classname="utils" name="quiet_msg_time_works_as_expected"/>
    <testcase time="0.00600000000000023" classname="utils" name="quiet_msg_time_works_as_expected"/>
    <testcase time="0.0149999999999864" classname="utils" name="extract_baseline_works_works_as_expected"/>
    <testcase time="0.007000000000005" classname="utils" name="as_formula_works_with_a_formula_as_string"/>
    <testcase time="0.00600000000000023" classname="utils" name="as_formula_works_with_strings"/>
    <testcase time="0.007000000000005" classname="utils" name="as_formula_works_with_formulas"/>
    <testcase time="0.00799999999998136" classname="utils" name="assert_monotonic_works_as_expected"/>
    <testcase time="0.00500000000002387" classname="utils" name="assert_monotonic_works_as_expected"/>
    <testcase time="0.00499999999999545" classname="utils" name="assert_monotonic_works_as_expected"/>
    <testcase time="0.00499999999999545" classname="utils" name="assert_monotonic_works_as_expected"/>
    <testcase time="0.00399999999999068" classname="utils" name="assert_monotonic_works_as_expected"/>
    <testcase time="0.0040000000000191" classname="utils" name="assert_monotonic_works_as_expected"/>
  </testsuite>
</testsuites>
