<?xml version="1.0" encoding="UTF-8"?>
<testsuites>
  <testsuite name="data_extension" timestamp="2023-08-15T13:13:12Z" hostname="825db8533a0d" tests="21" skipped="0" failures="0" errors="0" time="1.128">
    <testcase time="0.077" classname="data_extension" name="check_expand_switch_works_as_expected"/>
    <testcase time="0.0489999999999999" classname="data_extension" name="check_expand_switch_works_as_expected"/>
    <testcase time="0.016" classname="data_extension" name="check_expand_switch_works_as_expected"/>
    <testcase time="0.004" classname="data_extension" name="check_expand_switch_works_as_expected"/>
    <testcase time="0.0649999999999999" classname="data_extension" name="expand_works_as_expected"/>
    <testcase time="0.016" classname="data_extension" name="expand_works_as_expected"/>
    <testcase time="0.13" classname="data_extension" name="data_extensions_works_as_expected_with_first_and_last_periods"/>
    <testcase time="0.00500000000000034" classname="data_extension" name="data_extensions_works_as_expected_with_first_and_last_periods"/>
    <testcase time="0.00499999999999989" classname="data_extension" name="data_extensions_works_as_expected_with_first_and_last_periods"/>
    <testcase time="0.00099999999999989" classname="data_extension" name="data_extensions_works_as_expected_with_first_and_last_periods"/>
    <testcase time="0.00600000000000023" classname="data_extension" name="data_extensions_works_as_expected_with_first_and_last_periods"/>
    <testcase time="0.00599999999999978" classname="data_extension" name="data_extensions_works_as_expected_with_first_and_last_periods"/>
    <testcase time="0.00099999999999989" classname="data_extension" name="data_extensions_works_as_expected_with_first_and_last_periods"/>
    <testcase time="0.642" classname="data_extension" name="data_extensions_works_as_expected_with_separate_files_TRUE"/>
    <testcase time="0.00199999999999978" classname="data_extension" name="data_extensions_works_as_expected_with_separate_files_TRUE"/>
    <testcase time="0.00200000000000022" classname="data_extension" name="data_extensions_works_as_expected_with_separate_files_TRUE"/>
    <testcase time="0.00099999999999989" classname="data_extension" name="data_extensions_works_as_expected_with_separate_files_TRUE"/>
    <testcase time="0.012" classname="data_extension" name="data_extensions_works_as_expected_with_separate_files_TRUE"/>
    <testcase time="0.00700000000000012" classname="data_extension" name="data_extensions_works_as_expected_with_separate_files_TRUE"/>
    <testcase time="0.00499999999999989" classname="data_extension" name="data_extensions_works_as_expected_with_separate_files_TRUE"/>
    <testcase time="0.0760000000000001" classname="data_extension" name="data_extensions_works_as_expected_with_separate_files_TRUE"/>
  </testsuite>
  <testsuite name="data_manipulation" timestamp="2023-08-15T13:13:13Z" hostname="825db8533a0d" tests="6" skipped="0" failures="0" errors="0" time="2.183">
    <testcase time="1.144" classname="data_manipulation" name="data_manipulation_works_as_expected_with_no_censoring"/>
    <testcase time="0.00199999999999978" classname="data_manipulation" name="data_manipulation_works_as_expected_with_no_censoring"/>
    <testcase time="0.00600000000000023" classname="data_manipulation" name="data_manipulation_works_as_expected_with_no_censoring"/>
    <testcase time="1.022" classname="data_manipulation" name="data_manipulation_works_as_expected_with_censoring"/>
    <testcase time="0.00199999999999978" classname="data_manipulation" name="data_manipulation_works_as_expected_with_censoring"/>
    <testcase time="0.00700000000000056" classname="data_manipulation" name="data_manipulation_works_as_expected_with_censoring"/>
  </testsuite>
  <testsuite name="data_preparation" timestamp="2023-08-15T13:13:15Z" hostname="825db8533a0d" tests="11" skipped="0" failures="0" errors="0" time="14.48">
    <testcase time="7.432" classname="data_preparation" name="data_preparation_works_as_expected"/>
    <testcase time="0.00499999999999901" classname="data_preparation" name="data_preparation_works_as_expected"/>
    <testcase time="0.00600000000000023" classname="data_preparation" name="data_preparation_works_as_expected"/>
    <testcase time="0.00500000000000078" classname="data_preparation" name="data_preparation_works_as_expected"/>
    <testcase time="0.000999999999999446" classname="data_preparation" name="data_preparation_works_as_expected"/>
    <testcase time="0.506" classname="data_preparation" name="data_preparation_works_as_expected"/>
    <testcase time="4.197" classname="data_preparation" name="data_preparation_can_be_quiet"/>
    <testcase time="0.0269999999999975" classname="data_preparation" name="data_preparation_gives_an_error_for_existing_trial_files"/>
    <testcase time="0.0229999999999997" classname="data_preparation" name="check_data_dir_gives_a_warning_for_existing_model_files"/>
    <testcase time="2.272" classname="data_preparation" name="data_preparation_has_correct_values_for_treatment_"/>
    <testcase time="0.00600000000000023" classname="data_preparation" name="data_preparation_has_correct_values_for_treatment_"/>
  </testsuite>
  <testsuite name="data_utils" timestamp="2023-08-15T13:13:30Z" hostname="825db8533a0d" tests="17" skipped="3" failures="0" errors="0" time="1.754">
    <testcase time="0.0240000000000009" classname="data_utils" name="weight_func_works_as_expected"/>
    <testcase time="0.670999999999999" classname="data_utils" name="weight_func_works_as_expected">
      <skipped message="Reason: On CRAN ('test-data_utils.R:6:3')"/>
    </testcase>
    <testcase time="0.0489999999999995" classname="data_utils" name="weight_func_works_saves_model_objects"/>
    <testcase time="0.602" classname="data_utils" name="weight_func_works_saves_model_objects"/>
    <testcase time="0.0180000000000007" classname="data_utils" name="weight_func_works_saves_model_objects"/>
    <testcase time="0.0069999999999979" classname="data_utils" name="weight_func_works_saves_model_objects"/>
    <testcase time="0.00100000000000122" classname="data_utils" name="weight_func_works_saves_model_objects"/>
    <testcase time="0.0129999999999981" classname="data_utils" name="weight_func_works_saves_model_objects"/>
    <testcase time="0.00600000000000023" classname="data_utils" name="weight_func_works_saves_model_objects"/>
    <testcase time="0.00100000000000122" classname="data_utils" name="weight_func_works_saves_model_objects"/>
    <testcase time="0.108000000000001" classname="data_utils" name="weight_func_works_with_user_specified_time_on_regime">
      <skipped message="Reason: On CRAN ('test-data_utils.R:103:3')"/>
    </testcase>
    <testcase time="0.192" classname="data_utils" name="weight_func_works_with_pool_cense_TRUE">
      <skipped message="Reason: On CRAN ('test-data_utils.R:120:3')"/>
    </testcase>
    <testcase time="0.0249999999999986" classname="data_utils" name="select_data_cols_works_as_expected"/>
    <testcase time="0.0120000000000005" classname="data_utils" name="select_data_cols_works_as_expected_with_non_default_names"/>
    <testcase time="0.00100000000000122" classname="data_utils" name="select_data_cols_works_as_expected_with_non_default_names"/>
    <testcase time="0.0120000000000005" classname="data_utils" name="user_can_select_period_in_select_data_cols"/>
    <testcase time="0.0120000000000005" classname="data_utils" name="select_data_cols_allows_derived_variables_in_formula_vars"/>
  </testsuite>
  <testsuite name="generics" timestamp="2023-08-15T13:13:32Z" hostname="825db8533a0d" tests="4" skipped="3" failures="0" errors="0" time="6.491">
    <testcase time="1.769" classname="generics" name="summary_for_data_preparation_separate_TRUE">
      <skipped message="Reason: On CRAN ('test-generics.R:24:3')"/>
    </testcase>
    <testcase time="2.345" classname="generics" name="summary_for_data_preparation_separate_FALSE">
      <skipped message="Reason: On CRAN ('test-generics.R:65:3')"/>
    </testcase>
    <testcase time="2.363" classname="generics" name="summary_for_initiators"/>
    <testcase time="0.0140000000000029" classname="generics" name="summary_for_initiators">
      <skipped message="Reason: On CRAN ('test-generics.R:94:3')"/>
    </testcase>
  </testsuite>
  <testsuite name="lr_utils" timestamp="2023-08-15T13:13:38Z" hostname="825db8533a0d" tests="10" skipped="0" failures="0" errors="0" time="0.112">
    <testcase time="0.0399999999999991" classname="lr_utils" name="fit_glm_works"/>
    <testcase time="0.00300000000000011" classname="lr_utils" name="fit_glm_works"/>
    <testcase time="0.0210000000000008" classname="lr_utils" name="fit_glm_works_with_parglm_and_defaults"/>
    <testcase time="0.000999999999997669" classname="lr_utils" name="fit_glm_works_with_parglm_and_defaults"/>
    <testcase time="0.00600000000000023" classname="lr_utils" name="fit_glm_works_with_parglm_and_defaults"/>
    <testcase time="0.00799999999999912" classname="lr_utils" name="fit_glm_works_with_parglm_and_defaults"/>
    <testcase time="0.0150000000000006" classname="lr_utils" name="fit_glm_works_with_parglm"/>
    <testcase time="0.00700000000000145" classname="lr_utils" name="fit_glm_works_with_parglm"/>
    <testcase time="0.00499999999999901" classname="lr_utils" name="fit_glm_works_with_parglm"/>
    <testcase time="0.00600000000000023" classname="lr_utils" name="fit_glm_works_with_parglm"/>
  </testsuite>
  <testsuite name="modelling" timestamp="2023-08-15T13:13:38Z" hostname="825db8533a0d" tests="30" skipped="5" failures="0" errors="0" time="37.619">
    <testcase time="11.517" classname="modelling" name="trial_msm_can_be_quiet"/>
    <testcase time="8.555" classname="modelling" name="trial_msm_gives_expected_results_in_example_data"/>
    <testcase time="0.00800000000000267" classname="modelling" name="trial_msm_gives_expected_results_in_example_data"/>
    <testcase time="0.00499999999999545" classname="modelling" name="trial_msm_gives_expected_results_in_example_data"/>
    <testcase time="0.00600000000000023" classname="modelling" name="trial_msm_gives_expected_results_in_example_data"/>
    <testcase time="0.00200000000000244" classname="modelling" name="trial_msm_gives_expected_results_in_example_data"/>
    <testcase time="4.746" classname="modelling" name="trial_msm_works_with_data.tables_and_weights"/>
    <testcase time="9.757" classname="modelling" name="trial_msm_works_with_data.tables_and_weights"/>
    <testcase time="0.00999999999999801" classname="modelling" name="trial_msm_works_with_data.tables_and_weights"/>
    <testcase time="0.0430000000000064" classname="modelling" name="Modelling_works_with_where_case"/>
    <testcase time="0.000999999999997669" classname="modelling" name="Modelling_works_with_where_case"/>
    <testcase time="0.00300000000000011" classname="modelling" name="Modelling_works_with_where_case">
      <skipped message="Reason: On CRAN ('test-modelling.R:151:3')"/>
    </testcase>
    <testcase time="0.0360000000000014" classname="modelling" name="trial_msm_works_with_analysis_weights_unweighted"/>
    <testcase time="0.00199999999999534" classname="modelling" name="trial_msm_works_with_analysis_weights_unweighted">
      <skipped message="Reason: On CRAN ('test-modelling.R:172:3')"/>
    </testcase>
    <testcase time="0.0549999999999997" classname="modelling" name="trial_msm_works_with_analysis_weights_p99"/>
    <testcase time="0.00300000000000011" classname="modelling" name="trial_msm_works_with_analysis_weights_p99">
      <skipped message="Reason: On CRAN ('test-modelling.R:193:3')"/>
    </testcase>
    <testcase time="0.0519999999999996" classname="modelling" name="trial_msm_works_with_analysis_weights_weight_limits"/>
    <testcase time="0.00400000000000489" classname="modelling" name="trial_msm_works_with_analysis_weights_weight_limits">
      <skipped message="Reason: On CRAN ('test-modelling.R:216:3')"/>
    </testcase>
    <testcase time="0.0719999999999956" classname="modelling" name="trial_msm_works_with_missing_sample_weights"/>
    <testcase time="0.00200000000000244" classname="modelling" name="trial_msm_works_with_missing_sample_weights"/>
    <testcase time="0.0379999999999967" classname="modelling" name="trial_msm_works_with_missing_sample_weights"/>
    <testcase time="0.007000000000005" classname="modelling" name="trial_msm_works_with_missing_sample_weights"/>
    <testcase time="0.0790000000000006" classname="modelling" name="trial_msm_works_with_sample_weights"/>
    <testcase time="0.00300000000000011" classname="modelling" name="trial_msm_works_with_sample_weights">
      <skipped message="Reason: On CRAN ('test-modelling.R:277:3')"/>
    </testcase>
    <testcase time="0.054000000000002" classname="modelling" name="trial_msm_makes_model_formula_as_expected_with_weight_and_censor"/>
    <testcase time="0.00600000000000023" classname="modelling" name="trial_msm_makes_model_formula_as_expected_with_weight_and_censor"/>
    <testcase time="0.029999999999994" classname="modelling" name="trial_msm_makes_model_formula_as_expected_with_no_weight_and_no_censor"/>
    <testcase time="2.492" classname="modelling" name="trial_msm_makes_model_formula_as_expected_with_weight_and_no_censor"/>
    <testcase time="0.00499999999999545" classname="modelling" name="trial_msm_makes_model_formula_as_expected_with_weight_and_no_censor"/>
    <testcase time="0.0260000000000105" classname="modelling" name="trial_msm_makes_model_formula_as_expected_with_no_weight_and_censor"/>
  </testsuite>
  <testsuite name="predict" timestamp="2023-08-15T13:14:16Z" hostname="825db8533a0d" tests="8" skipped="3" failures="0" errors="0" time="54.321">
    <testcase time="36.43" classname="predict" name="predict.TE_msm_works_as_expected"/>
    <testcase time="0.00199999999999534" classname="predict" name="predict.TE_msm_works_as_expected">
      <skipped message="Reason: On CRAN ('test-predict.R:26:3')"/>
    </testcase>
    <testcase time="17.739" classname="predict" name="predict.TE_msm_works_with_newdata">
      <skipped message="Reason: On CRAN ('test-predict.R:52:3')"/>
    </testcase>
    <testcase time="0.034000000000006" classname="predict" name="calculate_cum_inc_works_as_expected"/>
    <testcase time="0.019999999999996" classname="predict" name="calculate_survival_works_as_expected"/>
    <testcase time="0.0679999999999978" classname="predict" name="predict.TE_msm_works_with_interactions"/>
    <testcase time="0.000999999999990564" classname="predict" name="predict.TE_msm_works_with_interactions"/>
    <testcase time="0.027000000000001" classname="predict" name="predict.TE_msm_works_with_interactions">
      <skipped message="Reason: On CRAN ('test-predict.R:112:3')"/>
    </testcase>
  </testsuite>
  <testsuite name="robust" timestamp="2023-08-15T13:15:10Z" hostname="825db8533a0d" tests="3" skipped="0" failures="0" errors="0" time="3.007">
    <testcase time="2.97800000000001" classname="robust" name="robust_calculation_works_as_expected"/>
    <testcase time="0.0210000000000008" classname="robust" name="robust_calculation_works_as_expected"/>
    <testcase time="0.00799999999999557" classname="robust" name="robust_calculation_works_as_expected"/>
  </testsuite>
  <testsuite name="sampling" timestamp="2023-08-15T13:15:13Z" hostname="825db8533a0d" tests="24" skipped="6" failures="0" errors="0" time="28.286">
    <testcase time="0.549000000000007" classname="sampling" name="do_sampling_works_as_expected_when_case_exist">
      <skipped message="Reason: On CRAN ('test-sampling.R:5:3')"/>
    </testcase>
    <testcase time="0.156999999999996" classname="sampling" name="do_sampling_works_as_expected_when_no_cases_exist">
      <skipped message="Reason: On CRAN ('test-sampling.R:15:3')"/>
    </testcase>
    <testcase time="0.140000000000001" classname="sampling" name="sample_from_period_works_as_expected"/>
    <testcase time="0.00699999999999079" classname="sampling" name="sample_from_period_works_as_expected"/>
    <testcase time="0.00900000000000034" classname="sampling" name="sample_from_period_works_as_expected"/>
    <testcase time="0.00200000000000955" classname="sampling" name="sample_from_period_works_as_expected"/>
    <testcase time="0.00499999999999545" classname="sampling" name="sample_from_period_works_as_expected">
      <skipped message="Reason: On CRAN ('test-sampling.R:34:3')"/>
    </testcase>
    <testcase time="0.177999999999997" classname="sampling" name="sample_from_period_works_as_expected_with_multiple_proportions"/>
    <testcase time="0.0110000000000099" classname="sampling" name="sample_from_period_works_as_expected_with_multiple_proportions"/>
    <testcase time="0.00300000000000011" classname="sampling" name="sample_from_period_works_as_expected_with_multiple_proportions"/>
    <testcase time="0.00300000000000011" classname="sampling" name="sample_from_period_works_as_expected_with_multiple_proportions"/>
    <testcase time="0.00399999999999068" classname="sampling" name="sample_from_period_works_as_expected_with_multiple_proportions">
      <skipped message="Reason: On CRAN ('test-sampling.R:54:3')"/>
    </testcase>
    <testcase time="3.108" classname="sampling" name="case_control_sampling_trials_works_with_separate_files_TRUE"/>
    <testcase time="0.00400000000000489" classname="sampling" name="case_control_sampling_trials_works_with_separate_files_TRUE">
      <skipped message="Reason: On CRAN ('test-sampling.R:85:3')"/>
    </testcase>
    <testcase time="3.00299999999999" classname="sampling" name="case_control_sampling_trials_works_with_separate_files_FALSE"/>
    <testcase time="0.0040000000000191" classname="sampling" name="case_control_sampling_trials_works_with_separate_files_FALSE">
      <skipped message="Reason: On CRAN ('test-sampling.R:101:3')"/>
    </testcase>
    <testcase time="5.02499999999998" classname="sampling" name="case_control_sampling_trials_works_with_separate_files_TRUE_is_reproducible"/>
    <testcase time="3.762" classname="sampling" name="case_control_sampling_trials_works_with_subsetting"/>
    <testcase time="0.0170000000000243" classname="sampling" name="case_control_sampling_trials_gives_errors_for_arguments"/>
    <testcase time="0.00899999999998613" classname="sampling" name="case_control_sampling_trials_gives_errors_for_arguments"/>
    <testcase time="4.52600000000001" classname="sampling" name="case_control_sampling_trials_works_with_multiple_p_control"/>
    <testcase time="0.00199999999998113" classname="sampling" name="case_control_sampling_trials_works_with_multiple_p_control"/>
    <testcase time="0.00100000000000477" classname="sampling" name="case_control_sampling_trials_works_with_multiple_p_control"/>
    <testcase time="7.75700000000001" classname="sampling" name="case_control_sampling_trials_works_with_sort_TRUE"/>
  </testsuite>
  <testsuite name="utils" timestamp="2023-08-15T13:15:42Z" hostname="825db8533a0d" tests="18" skipped="0" failures="0" errors="0" time="0.678">
    <testcase time="0.0169999999999959" classname="utils" name="quiet_print_works_as_expected"/>
    <testcase time="0.00399999999999068" classname="utils" name="quiet_print_works_as_expected"/>
    <testcase time="0.0110000000000241" classname="utils" name="quiet_msg_works_as_expected"/>
    <testcase time="0.00799999999998136" classname="utils" name="quiet_msg_works_as_expected"/>
    <testcase time="0.0100000000000193" classname="utils" name="quiet_line_works_as_expected"/>
    <testcase time="0.00799999999998136" classname="utils" name="quiet_line_works_as_expected"/>
    <testcase time="0.494" classname="utils" name="quiet_msg_time_works_as_expected"/>
    <testcase time="0.00800000000000978" classname="utils" name="quiet_msg_time_works_as_expected"/>
    <testcase time="0.025999999999982" classname="utils" name="extract_baseline_works_works_as_expected"/>
    <testcase time="0.01400000000001" classname="utils" name="as_formula_works_with_a_formula_as_string"/>
    <testcase time="0.0150000000000148" classname="utils" name="as_formula_works_with_strings"/>
    <testcase time="0.0139999999999816" classname="utils" name="as_formula_works_with_formulas"/>
    <testcase time="0.0159999999999911" classname="utils" name="assert_monotonic_works_as_expected"/>
    <testcase time="0.007000000000005" classname="utils" name="assert_monotonic_works_as_expected"/>
    <testcase time="0.007000000000005" classname="utils" name="assert_monotonic_works_as_expected"/>
    <testcase time="0.00800000000000978" classname="utils" name="assert_monotonic_works_as_expected"/>
    <testcase time="0.00600000000000023" classname="utils" name="assert_monotonic_works_as_expected"/>
    <testcase time="0.00499999999999545" classname="utils" name="assert_monotonic_works_as_expected"/>
  </testsuite>
</testsuites>
