<?xml version="1.0" encoding="UTF-8"?>
<testsuites>
  <testsuite name="data_extension" timestamp="2023-02-24T11:42:29Z" hostname="cf562b3bd6c0" tests="21" skipped="0" failures="0" errors="0" time="0.974">
    <testcase time="0.0559999999999998" classname="data_extension" name="check_expand_switch_works_as_expected"/>
    <testcase time="0.0249999999999999" classname="data_extension" name="check_expand_switch_works_as_expected"/>
    <testcase time="0.01" classname="data_extension" name="check_expand_switch_works_as_expected"/>
    <testcase time="0.00300000000000011" classname="data_extension" name="check_expand_switch_works_as_expected"/>
    <testcase time="0.0449999999999999" classname="data_extension" name="expand_works_as_expected"/>
    <testcase time="0.0110000000000001" classname="data_extension" name="expand_works_as_expected"/>
    <testcase time="0.185" classname="data_extension" name="data_extensions_works_as_expected_with_first_and_last_periods"/>
    <testcase time="0.00300000000000011" classname="data_extension" name="data_extensions_works_as_expected_with_first_and_last_periods"/>
    <testcase time="0.004" classname="data_extension" name="data_extensions_works_as_expected_with_first_and_last_periods"/>
    <testcase time="0.00099999999999989" classname="data_extension" name="data_extensions_works_as_expected_with_first_and_last_periods"/>
    <testcase time="0.004" classname="data_extension" name="data_extensions_works_as_expected_with_first_and_last_periods"/>
    <testcase time="0.004" classname="data_extension" name="data_extensions_works_as_expected_with_first_and_last_periods"/>
    <testcase time="0.00100000000000011" classname="data_extension" name="data_extensions_works_as_expected_with_first_and_last_periods"/>
    <testcase time="0.512" classname="data_extension" name="data_extensions_works_as_expected_with_separate_files_TRUE"/>
    <testcase time="0.00199999999999978" classname="data_extension" name="data_extensions_works_as_expected_with_separate_files_TRUE"/>
    <testcase time="0.00100000000000033" classname="data_extension" name="data_extensions_works_as_expected_with_separate_files_TRUE"/>
    <testcase time="0.00099999999999989" classname="data_extension" name="data_extensions_works_as_expected_with_separate_files_TRUE"/>
    <testcase time="0.00800000000000001" classname="data_extension" name="data_extensions_works_as_expected_with_separate_files_TRUE"/>
    <testcase time="0.004" classname="data_extension" name="data_extensions_works_as_expected_with_separate_files_TRUE"/>
    <testcase time="0.00300000000000011" classname="data_extension" name="data_extensions_works_as_expected_with_separate_files_TRUE"/>
    <testcase time="0.0909999999999997" classname="data_extension" name="data_extensions_works_as_expected_with_separate_files_TRUE"/>
  </testsuite>
  <testsuite name="data_manipulation" timestamp="2023-02-24T11:42:30Z" hostname="cf562b3bd6c0" tests="6" skipped="0" failures="0" errors="0" time="1.154">
    <testcase time="0.583" classname="data_manipulation" name="data_manipulation_works_as_expected_with_no_censoring"/>
    <testcase time="0.00200000000000022" classname="data_manipulation" name="data_manipulation_works_as_expected_with_no_censoring"/>
    <testcase time="0.004" classname="data_manipulation" name="data_manipulation_works_as_expected_with_no_censoring"/>
    <testcase time="0.559" classname="data_manipulation" name="data_manipulation_works_as_expected_with_censoring"/>
    <testcase time="0.00200000000000022" classname="data_manipulation" name="data_manipulation_works_as_expected_with_censoring"/>
    <testcase time="0.004" classname="data_manipulation" name="data_manipulation_works_as_expected_with_censoring"/>
  </testsuite>
  <testsuite name="data_preparation" timestamp="2023-02-24T11:42:32Z" hostname="cf562b3bd6c0" tests="11" skipped="0" failures="0" errors="0" time="11.621">
    <testcase time="5.94" classname="data_preparation" name="data_preparation_works_as_expected"/>
    <testcase time="0.00300000000000011" classname="data_preparation" name="data_preparation_works_as_expected"/>
    <testcase time="0.00300000000000011" classname="data_preparation" name="data_preparation_works_as_expected"/>
    <testcase time="0.00300000000000011" classname="data_preparation" name="data_preparation_works_as_expected"/>
    <testcase time="0.000999999999999446" classname="data_preparation" name="data_preparation_works_as_expected"/>
    <testcase time="0.398999999999999" classname="data_preparation" name="data_preparation_works_as_expected"/>
    <testcase time="3.979" classname="data_preparation" name="data_preparation_can_be_quiet"/>
    <testcase time="0.0199999999999996" classname="data_preparation" name="data_preparation_gives_an_error_for_existing_trial_files"/>
    <testcase time="0.0080000000000009" classname="data_preparation" name="check_data_dir_gives_a_warning_for_existing_model_files"/>
    <testcase time="1.261" classname="data_preparation" name="data_preparation_has_correct_values_for_treatment_"/>
    <testcase time="0.00399999999999956" classname="data_preparation" name="data_preparation_has_correct_values_for_treatment_"/>
  </testsuite>
  <testsuite name="data_utils" timestamp="2023-02-24T11:42:43Z" hostname="cf562b3bd6c0" tests="17" skipped="3" failures="0" errors="0" time="1.313">
    <testcase time="0.0129999999999999" classname="data_utils" name="weight_func_works_as_expected"/>
    <testcase time="0.455" classname="data_utils" name="weight_func_works_as_expected">
      <skipped message="Reason: On CRAN ('test-data_utils.R:6')"/>
    </testcase>
    <testcase time="0.0280000000000005" classname="data_utils" name="weight_func_works_saves_model_objects"/>
    <testcase time="0.565000000000001" classname="data_utils" name="weight_func_works_saves_model_objects"/>
    <testcase time="0.0159999999999982" classname="data_utils" name="weight_func_works_saves_model_objects"/>
    <testcase time="0.00499999999999901" classname="data_utils" name="weight_func_works_saves_model_objects"/>
    <testcase time="0.00100000000000122" classname="data_utils" name="weight_func_works_saves_model_objects"/>
    <testcase time="0.0120000000000005" classname="data_utils" name="weight_func_works_saves_model_objects"/>
    <testcase time="0.00499999999999901" classname="data_utils" name="weight_func_works_saves_model_objects"/>
    <testcase time="0.00100000000000122" classname="data_utils" name="weight_func_works_saves_model_objects"/>
    <testcase time="0.0650000000000013" classname="data_utils" name="weight_func_works_with_user_specified_time_on_regime">
      <skipped message="Reason: On CRAN ('test-data_utils.R:103')"/>
    </testcase>
    <testcase time="0.114999999999998" classname="data_utils" name="weight_func_works_with_pool_cense_TRUE">
      <skipped message="Reason: On CRAN ('test-data_utils.R:120')"/>
    </testcase>
    <testcase time="0.0130000000000017" classname="data_utils" name="select_data_cols_works_as_expected"/>
    <testcase time="0.00599999999999667" classname="data_utils" name="select_data_cols_works_as_expected_with_non_default_names"/>
    <testcase time="0.00100000000000122" classname="data_utils" name="select_data_cols_works_as_expected_with_non_default_names"/>
    <testcase time="0.00600000000000023" classname="data_utils" name="user_can_select_period_in_select_data_cols"/>
    <testcase time="0.00600000000000023" classname="data_utils" name="select_data_cols_allows_derived_variables_in_formula_vars"/>
  </testsuite>
  <testsuite name="generics" timestamp="2023-02-24T11:42:45Z" hostname="cf562b3bd6c0" tests="4" skipped="3" failures="0" errors="0" time="4.181">
    <testcase time="1.072" classname="generics" name="summary_for_data_preparation_separate_TRUE">
      <skipped message="Reason: On CRAN ('test-generics.R:24')"/>
    </testcase>
    <testcase time="1.4" classname="generics" name="summary_for_data_preparation_separate_FALSE">
      <skipped message="Reason: On CRAN ('test-generics.R:65')"/>
    </testcase>
    <testcase time="1.7" classname="generics" name="summary_for_initiators"/>
    <testcase time="0.00899999999999679" classname="generics" name="summary_for_initiators">
      <skipped message="Reason: On CRAN ('test-generics.R:94')"/>
    </testcase>
  </testsuite>
  <testsuite name="lr_utils" timestamp="2023-02-24T11:42:49Z" hostname="cf562b3bd6c0" tests="10" skipped="0" failures="0" errors="0" time="0.06">
    <testcase time="0.022000000000002" classname="lr_utils" name="fit_glm_works"/>
    <testcase time="0.000999999999997669" classname="lr_utils" name="fit_glm_works"/>
    <testcase time="0.0110000000000028" classname="lr_utils" name="fit_glm_works_with_parglm_and_defaults"/>
    <testcase time="0.000999999999997669" classname="lr_utils" name="fit_glm_works_with_parglm_and_defaults"/>
    <testcase time="0.00300000000000011" classname="lr_utils" name="fit_glm_works_with_parglm_and_defaults"/>
    <testcase time="0.00500000000000256" classname="lr_utils" name="fit_glm_works_with_parglm_and_defaults"/>
    <testcase time="0.00600000000000023" classname="lr_utils" name="fit_glm_works_with_parglm"/>
    <testcase time="0.00499999999999901" classname="lr_utils" name="fit_glm_works_with_parglm"/>
    <testcase time="0.00300000000000011" classname="lr_utils" name="fit_glm_works_with_parglm"/>
    <testcase time="0.00300000000000011" classname="lr_utils" name="fit_glm_works_with_parglm"/>
  </testsuite>
  <testsuite name="modelling" timestamp="2023-02-24T11:42:49Z" hostname="cf562b3bd6c0" tests="30" skipped="5" failures="0" errors="0" time="30.081">
    <testcase time="8.005" classname="modelling" name="data_modelling_can_be_quiet"/>
    <testcase time="5.837" classname="modelling" name="data_modelling_gives_expected_results_in_example_data"/>
    <testcase time="0.00500000000000256" classname="modelling" name="data_modelling_gives_expected_results_in_example_data"/>
    <testcase time="0.00300000000000011" classname="modelling" name="data_modelling_gives_expected_results_in_example_data"/>
    <testcase time="0.00399999999999778" classname="modelling" name="data_modelling_gives_expected_results_in_example_data"/>
    <testcase time="0.000999999999997669" classname="modelling" name="data_modelling_gives_expected_results_in_example_data"/>
    <testcase time="3.736" classname="modelling" name="data_modelling_works_with_data.tables_and_weights"/>
    <testcase time="7.693" classname="modelling" name="data_modelling_works_with_data.tables_and_weights"/>
    <testcase time="0.00500000000000256" classname="modelling" name="data_modelling_works_with_data.tables_and_weights"/>
    <testcase time="0.359999999999999" classname="modelling" name="Modelling_works_with_where_case"/>
    <testcase time="0.00199999999999534" classname="modelling" name="Modelling_works_with_where_case"/>
    <testcase time="0.00100000000000477" classname="modelling" name="Modelling_works_with_where_case">
      <skipped message="Reason: On CRAN ('test-modelling.R:151')"/>
    </testcase>
    <testcase time="0.301000000000002" classname="modelling" name="data_modelling_works_with_analysis_weights_unweighted"/>
    <testcase time="0.000999999999997669" classname="modelling" name="data_modelling_works_with_analysis_weights_unweighted">
      <skipped message="Reason: On CRAN ('test-modelling.R:172')"/>
    </testcase>
    <testcase time="0.304000000000002" classname="modelling" name="data_modelling_works_with_analysis_weights_p99"/>
    <testcase time="0.00199999999999534" classname="modelling" name="data_modelling_works_with_analysis_weights_p99">
      <skipped message="Reason: On CRAN ('test-modelling.R:193')"/>
    </testcase>
    <testcase time="0.300000000000004" classname="modelling" name="data_modelling_works_with_analysis_weights_weight_limits"/>
    <testcase time="0.00199999999999534" classname="modelling" name="data_modelling_works_with_analysis_weights_weight_limits">
      <skipped message="Reason: On CRAN ('test-modelling.R:216')"/>
    </testcase>
    <testcase time="0.307000000000002" classname="modelling" name="data_modelling_works_with_missing_sample_weights"/>
    <testcase time="0.000999999999997669" classname="modelling" name="data_modelling_works_with_missing_sample_weights"/>
    <testcase time="0.292000000000002" classname="modelling" name="data_modelling_works_with_missing_sample_weights"/>
    <testcase time="0.00399999999999778" classname="modelling" name="data_modelling_works_with_missing_sample_weights"/>
    <testcase time="0.317" classname="modelling" name="data_modelling_works_with_sample_weights"/>
    <testcase time="0.00200000000000244" classname="modelling" name="data_modelling_works_with_sample_weights">
      <skipped message="Reason: On CRAN ('test-modelling.R:277')"/>
    </testcase>
    <testcase time="0.298999999999999" classname="modelling" name="data_modelling_makes_model_formula_as_expected_with_weight_and_censor"/>
    <testcase time="0.00399999999999778" classname="modelling" name="data_modelling_makes_model_formula_as_expected_with_weight_and_censor"/>
    <testcase time="0.288000000000004" classname="modelling" name="data_modelling_makes_model_formula_as_expected_with_no_weight_and_no_censor"/>
    <testcase time="1.709" classname="modelling" name="data_modelling_makes_model_formula_as_expected_with_weight_and_no_censor"/>
    <testcase time="0.00400000000000489" classname="modelling" name="data_modelling_makes_model_formula_as_expected_with_weight_and_no_censor"/>
    <testcase time="0.292000000000002" classname="modelling" name="data_modelling_makes_model_formula_as_expected_with_no_weight_and_censor"/>
  </testsuite>
  <testsuite name="predict" timestamp="2023-02-24T11:43:19Z" hostname="cf562b3bd6c0" tests="8" skipped="3" failures="0" errors="0" time="38.671">
    <testcase time="26.345" classname="predict" name="predict.RTE_model_works_as_expected"/>
    <testcase time="0.00100000000000477" classname="predict" name="predict.RTE_model_works_as_expected">
      <skipped message="Reason: On CRAN ('test-predict.R:26')"/>
    </testcase>
    <testcase time="11.924" classname="predict" name="predict.RTE_model_works_with_newdata">
      <skipped message="Reason: On CRAN ('test-predict.R:52')"/>
    </testcase>
    <testcase time="0.0130000000000052" classname="predict" name="calculate_cum_inc_works_as_expected"/>
    <testcase time="0.00699999999999079" classname="predict" name="calculate_survival_works_as_expected"/>
    <testcase time="0.359999999999999" classname="predict" name="predict.RTE_model_works_with_interactions"/>
    <testcase time="0.00100000000000477" classname="predict" name="predict.RTE_model_works_with_interactions"/>
    <testcase time="0.019999999999996" classname="predict" name="predict.RTE_model_works_with_interactions">
      <skipped message="Reason: On CRAN ('test-predict.R:112')"/>
    </testcase>
  </testsuite>
  <testsuite name="robust" timestamp="2023-02-24T11:43:58Z" hostname="cf562b3bd6c0" tests="3" skipped="0" failures="0" errors="0" time="2.01">
    <testcase time="1.99600000000001" classname="robust" name="robust_calculation_works_as_expected"/>
    <testcase time="0.00999999999999091" classname="robust" name="robust_calculation_works_as_expected"/>
    <testcase time="0.00400000000000489" classname="robust" name="robust_calculation_works_as_expected"/>
  </testsuite>
  <testsuite name="sampling" timestamp="2023-02-24T11:44:00Z" hostname="cf562b3bd6c0" tests="24" skipped="6" failures="0" errors="0" time="20.463">
    <testcase time="0.10499999999999" classname="sampling" name="do_sampling_works_as_expected_when_case_exist">
      <skipped message="Reason: On CRAN ('test-sampling.R:5')"/>
    </testcase>
    <testcase time="0.13000000000001" classname="sampling" name="do_sampling_works_as_expected_when_no_cases_exist">
      <skipped message="Reason: On CRAN ('test-sampling.R:15')"/>
    </testcase>
    <testcase time="0.292000000000002" classname="sampling" name="sample_from_period_works_as_expected"/>
    <testcase time="0.00399999999999068" classname="sampling" name="sample_from_period_works_as_expected"/>
    <testcase time="0.00600000000000023" classname="sampling" name="sample_from_period_works_as_expected"/>
    <testcase time="0.00200000000000955" classname="sampling" name="sample_from_period_works_as_expected"/>
    <testcase time="0.00199999999999534" classname="sampling" name="sample_from_period_works_as_expected">
      <skipped message="Reason: On CRAN ('test-sampling.R:34')"/>
    </testcase>
    <testcase time="0.103999999999999" classname="sampling" name="sample_from_period_works_as_expected_with_multiple_proportions"/>
    <testcase time="0.00400000000000489" classname="sampling" name="sample_from_period_works_as_expected_with_multiple_proportions"/>
    <testcase time="0.00199999999999534" classname="sampling" name="sample_from_period_works_as_expected_with_multiple_proportions"/>
    <testcase time="0.00300000000000011" classname="sampling" name="sample_from_period_works_as_expected_with_multiple_proportions"/>
    <testcase time="0.00100000000000477" classname="sampling" name="sample_from_period_works_as_expected_with_multiple_proportions">
      <skipped message="Reason: On CRAN ('test-sampling.R:54')"/>
    </testcase>
    <testcase time="2.56099999999999" classname="sampling" name="case_control_sampling_trials_works_with_separate_files_TRUE"/>
    <testcase time="0.00100000000000477" classname="sampling" name="case_control_sampling_trials_works_with_separate_files_TRUE">
      <skipped message="Reason: On CRAN ('test-sampling.R:85')"/>
    </testcase>
    <testcase time="2.691" classname="sampling" name="case_control_sampling_trials_works_with_separate_files_FALSE"/>
    <testcase time="0.00199999999999534" classname="sampling" name="case_control_sampling_trials_works_with_separate_files_FALSE">
      <skipped message="Reason: On CRAN ('test-sampling.R:101')"/>
    </testcase>
    <testcase time="3.494" classname="sampling" name="case_control_sampling_trials_works_with_separate_files_TRUE_is_reproducible"/>
    <testcase time="2.738" classname="sampling" name="case_control_sampling_trials_works_with_subsetting"/>
    <testcase time="0.00799999999999557" classname="sampling" name="case_control_sampling_trials_gives_errors_for_arguments"/>
    <testcase time="0.007000000000005" classname="sampling" name="case_control_sampling_trials_gives_errors_for_arguments"/>
    <testcase time="3.071" classname="sampling" name="case_control_sampling_trials_works_with_multiple_p_control"/>
    <testcase time="0.00199999999999534" classname="sampling" name="case_control_sampling_trials_works_with_multiple_p_control"/>
    <testcase time="0.00100000000000477" classname="sampling" name="case_control_sampling_trials_works_with_multiple_p_control"/>
    <testcase time="5.232" classname="sampling" name="case_control_sampling_trials_works_with_sort_TRUE"/>
  </testsuite>
  <testsuite name="utils" timestamp="2023-02-24T11:44:20Z" hostname="cf562b3bd6c0" tests="18" skipped="0" failures="0" errors="0" time="0.44">
    <testcase time="0.00900000000000034" classname="utils" name="quiet_print_works_as_expected"/>
    <testcase time="0.00199999999999534" classname="utils" name="quiet_print_works_as_expected"/>
    <testcase time="0.00400000000000489" classname="utils" name="quiet_msg_works_as_expected"/>
    <testcase time="0.00499999999999545" classname="utils" name="quiet_msg_works_as_expected"/>
    <testcase time="0.00400000000000489" classname="utils" name="quiet_line_works_as_expected"/>
    <testcase time="0.00499999999999545" classname="utils" name="quiet_line_works_as_expected"/>
    <testcase time="0.344999999999999" classname="utils" name="quiet_msg_time_works_as_expected"/>
    <testcase time="0.00500000000000966" classname="utils" name="quiet_msg_time_works_as_expected"/>
    <testcase time="0.012999999999991" classname="utils" name="extract_baseline_works_works_as_expected"/>
    <testcase time="0.00600000000000023" classname="utils" name="as_formula_works_with_a_formula_as_string"/>
    <testcase time="0.00600000000000023" classname="utils" name="as_formula_works_with_strings"/>
    <testcase time="0.00500000000000966" classname="utils" name="as_formula_works_with_formulas"/>
    <testcase time="0.00699999999999079" classname="utils" name="assert_monotonic_works_as_expected"/>
    <testcase time="0.00500000000000966" classname="utils" name="assert_monotonic_works_as_expected"/>
    <testcase time="0.00600000000000023" classname="utils" name="assert_monotonic_works_as_expected"/>
    <testcase time="0.00600000000000023" classname="utils" name="assert_monotonic_works_as_expected"/>
    <testcase time="0.00300000000000011" classname="utils" name="assert_monotonic_works_as_expected"/>
    <testcase time="0.00399999999999068" classname="utils" name="assert_monotonic_works_as_expected"/>
  </testsuite>
</testsuites>
