<?xml version="1.0" encoding="UTF-8"?>
<testsuites>
  <testsuite name="data_extension" timestamp="2023-08-25T09:09:46Z" hostname="bea3d45d1fe7" tests="21" skipped="0" failures="0" errors="0" time="1.035">
    <testcase time="0.0740000000000001" classname="data_extension" name="check_expand_switch_works_as_expected"/>
    <testcase time="0.036" classname="data_extension" name="check_expand_switch_works_as_expected"/>
    <testcase time="0.0139999999999998" classname="data_extension" name="check_expand_switch_works_as_expected"/>
    <testcase time="0.00500000000000034" classname="data_extension" name="check_expand_switch_works_as_expected"/>
    <testcase time="0.0619999999999998" classname="data_extension" name="expand_works_as_expected"/>
    <testcase time="0.0150000000000001" classname="data_extension" name="expand_works_as_expected"/>
    <testcase time="0.133" classname="data_extension" name="data_extensions_works_as_expected_with_first_and_last_periods"/>
    <testcase time="0.00499999999999989" classname="data_extension" name="data_extensions_works_as_expected_with_first_and_last_periods"/>
    <testcase time="0.004" classname="data_extension" name="data_extensions_works_as_expected_with_first_and_last_periods"/>
    <testcase time="0.00200000000000022" classname="data_extension" name="data_extensions_works_as_expected_with_first_and_last_periods"/>
    <testcase time="0.00499999999999989" classname="data_extension" name="data_extensions_works_as_expected_with_first_and_last_periods"/>
    <testcase time="0.00599999999999978" classname="data_extension" name="data_extensions_works_as_expected_with_first_and_last_periods"/>
    <testcase time="0.00100000000000033" classname="data_extension" name="data_extensions_works_as_expected_with_first_and_last_periods"/>
    <testcase time="0.573" classname="data_extension" name="data_extensions_works_as_expected_with_separate_files_TRUE"/>
    <testcase time="0.00099999999999989" classname="data_extension" name="data_extensions_works_as_expected_with_separate_files_TRUE"/>
    <testcase time="0.00199999999999978" classname="data_extension" name="data_extensions_works_as_expected_with_separate_files_TRUE"/>
    <testcase time="0.00100000000000033" classname="data_extension" name="data_extensions_works_as_expected_with_separate_files_TRUE"/>
    <testcase time="0.0109999999999997" classname="data_extension" name="data_extensions_works_as_expected_with_separate_files_TRUE"/>
    <testcase time="0.00600000000000023" classname="data_extension" name="data_extensions_works_as_expected_with_separate_files_TRUE"/>
    <testcase time="0.00499999999999989" classname="data_extension" name="data_extensions_works_as_expected_with_separate_files_TRUE"/>
    <testcase time="0.0739999999999998" classname="data_extension" name="data_extensions_works_as_expected_with_separate_files_TRUE"/>
  </testsuite>
  <testsuite name="data_manipulation" timestamp="2023-08-25T09:09:47Z" hostname="bea3d45d1fe7" tests="6" skipped="0" failures="0" errors="0" time="1.814">
    <testcase time="0.929" classname="data_manipulation" name="data_manipulation_works_as_expected_with_no_censoring"/>
    <testcase time="0.00199999999999978" classname="data_manipulation" name="data_manipulation_works_as_expected_with_no_censoring"/>
    <testcase time="0.00700000000000012" classname="data_manipulation" name="data_manipulation_works_as_expected_with_no_censoring"/>
    <testcase time="0.869" classname="data_manipulation" name="data_manipulation_works_as_expected_with_censoring"/>
    <testcase time="0.00100000000000033" classname="data_manipulation" name="data_manipulation_works_as_expected_with_censoring"/>
    <testcase time="0.00600000000000023" classname="data_manipulation" name="data_manipulation_works_as_expected_with_censoring"/>
  </testsuite>
  <testsuite name="data_preparation" timestamp="2023-08-25T09:09:49Z" hostname="bea3d45d1fe7" tests="10" skipped="0" failures="0" errors="0" time="12.732">
    <testcase time="6.807" classname="data_preparation" name="data_preparation_works_as_expected"/>
    <testcase time="0.00499999999999901" classname="data_preparation" name="data_preparation_works_as_expected"/>
    <testcase time="0.00400000000000134" classname="data_preparation" name="data_preparation_works_as_expected"/>
    <testcase time="0.00199999999999889" classname="data_preparation" name="data_preparation_works_as_expected"/>
    <testcase time="0.530000000000001" classname="data_preparation" name="data_preparation_works_as_expected"/>
    <testcase time="3.779" classname="data_preparation" name="data_preparation_can_be_quiet"/>
    <testcase time="0.0269999999999992" classname="data_preparation" name="data_preparation_gives_an_error_for_existing_trial_files"/>
    <testcase time="0.016" classname="data_preparation" name="check_data_dir_gives_a_warning_for_existing_model_files"/>
    <testcase time="1.557" classname="data_preparation" name="data_preparation_has_correct_values_for_treatment_"/>
    <testcase time="0.00500000000000256" classname="data_preparation" name="data_preparation_has_correct_values_for_treatment_"/>
  </testsuite>
  <testsuite name="data_utils" timestamp="2023-08-25T09:10:02Z" hostname="bea3d45d1fe7" tests="17" skipped="3" failures="0" errors="0" time="1.745">
    <testcase time="0.0219999999999985" classname="data_utils" name="weight_func_works_as_expected"/>
    <testcase time="0.611000000000001" classname="data_utils" name="weight_func_works_as_expected">
      <skipped message="Reason: On CRAN ('test-data_utils.R:6:3')"/>
    </testcase>
    <testcase time="0.0440000000000005" classname="data_utils" name="weight_func_works_saves_model_objects"/>
    <testcase time="0.684000000000001" classname="data_utils" name="weight_func_works_saves_model_objects"/>
    <testcase time="0.0209999999999972" classname="data_utils" name="weight_func_works_saves_model_objects"/>
    <testcase time="0.00700000000000145" classname="data_utils" name="weight_func_works_saves_model_objects"/>
    <testcase time="0.00100000000000122" classname="data_utils" name="weight_func_works_saves_model_objects"/>
    <testcase time="0.014999999999997" classname="data_utils" name="weight_func_works_saves_model_objects"/>
    <testcase time="0.00700000000000145" classname="data_utils" name="weight_func_works_saves_model_objects"/>
    <testcase time="0.00100000000000122" classname="data_utils" name="weight_func_works_saves_model_objects"/>
    <testcase time="0.103999999999999" classname="data_utils" name="weight_func_works_with_user_specified_time_on_regime">
      <skipped message="Reason: On CRAN ('test-data_utils.R:103:3')"/>
    </testcase>
    <testcase time="0.163" classname="data_utils" name="weight_func_works_with_pool_cense_TRUE">
      <skipped message="Reason: On CRAN ('test-data_utils.R:120:3')"/>
    </testcase>
    <testcase time="0.0289999999999999" classname="data_utils" name="select_data_cols_works_as_expected"/>
    <testcase time="0.0120000000000005" classname="data_utils" name="select_data_cols_works_as_expected_with_non_default_names"/>
    <testcase time="0.000999999999997669" classname="data_utils" name="select_data_cols_works_as_expected_with_non_default_names"/>
    <testcase time="0.0120000000000005" classname="data_utils" name="user_can_select_period_in_select_data_cols"/>
    <testcase time="0.0109999999999992" classname="data_utils" name="select_data_cols_allows_derived_variables_in_formula_vars"/>
  </testsuite>
  <testsuite name="generics" timestamp="2023-08-25T09:10:03Z" hostname="bea3d45d1fe7" tests="4" skipped="3" failures="0" errors="0" time="4.827">
    <testcase time="1.366" classname="generics" name="summary_for_data_preparation_separate_TRUE">
      <skipped message="Reason: On CRAN ('test-generics.R:24:3')"/>
    </testcase>
    <testcase time="1.683" classname="generics" name="summary_for_data_preparation_separate_FALSE">
      <skipped message="Reason: On CRAN ('test-generics.R:65:3')"/>
    </testcase>
    <testcase time="1.764" classname="generics" name="summary_for_initiators"/>
    <testcase time="0.0139999999999993" classname="generics" name="summary_for_initiators">
      <skipped message="Reason: On CRAN ('test-generics.R:94:3')"/>
    </testcase>
  </testsuite>
  <testsuite name="lr_utils" timestamp="2023-08-25T09:10:08Z" hostname="bea3d45d1fe7" tests="10" skipped="0" failures="0" errors="0" time="0.106">
    <testcase time="0.0420000000000016" classname="lr_utils" name="fit_glm_works"/>
    <testcase time="0.000999999999997669" classname="lr_utils" name="fit_glm_works"/>
    <testcase time="0.0199999999999996" classname="lr_utils" name="fit_glm_works_with_parglm_and_defaults"/>
    <testcase time="0.00100000000000122" classname="lr_utils" name="fit_glm_works_with_parglm_and_defaults"/>
    <testcase time="0.00499999999999901" classname="lr_utils" name="fit_glm_works_with_parglm_and_defaults"/>
    <testcase time="0.00700000000000145" classname="lr_utils" name="fit_glm_works_with_parglm_and_defaults"/>
    <testcase time="0.0129999999999981" classname="lr_utils" name="fit_glm_works_with_parglm"/>
    <testcase time="0.00700000000000145" classname="lr_utils" name="fit_glm_works_with_parglm"/>
    <testcase time="0.00499999999999901" classname="lr_utils" name="fit_glm_works_with_parglm"/>
    <testcase time="0.00500000000000256" classname="lr_utils" name="fit_glm_works_with_parglm"/>
  </testsuite>
  <testsuite name="modelling" timestamp="2023-08-25T09:10:08Z" hostname="bea3d45d1fe7" tests="19" skipped="10" failures="0" errors="0" time="22.757">
    <testcase time="0.234999999999999" classname="modelling" name="trial_msm_can_be_quiet"/>
    <testcase time="7.578" classname="modelling" name="trial_msm_gives_expected_results_in_example_data"/>
    <testcase time="0.00700000000000145" classname="modelling" name="trial_msm_gives_expected_results_in_example_data"/>
    <testcase time="0.00600000000000023" classname="modelling" name="trial_msm_gives_expected_results_in_example_data"/>
    <testcase time="0.00600000000000023" classname="modelling" name="trial_msm_gives_expected_results_in_example_data"/>
    <testcase time="0.000999999999997669" classname="modelling" name="trial_msm_gives_expected_results_in_example_data"/>
    <testcase time="4.522" classname="modelling" name="trial_msm_works_with_data.tables_and_weights"/>
    <testcase time="10.22" classname="modelling" name="trial_msm_works_with_data.tables_and_weights"/>
    <testcase time="0.007000000000005" classname="modelling" name="trial_msm_works_with_data.tables_and_weights"/>
    <testcase time="0.00900000000000034" classname="modelling" name="Modelling_works_with_where_case">
      <skipped message="Reason: On CRAN ('test-modelling.R:99:3')"/>
    </testcase>
    <testcase time="0.0189999999999984" classname="modelling" name="trial_msm_works_with_analysis_weights_unweighted">
      <skipped message="Reason: On CRAN ('test-modelling.R:156:3')"/>
    </testcase>
    <testcase time="0.0180000000000007" classname="modelling" name="trial_msm_works_with_analysis_weights_p99">
      <skipped message="Reason: On CRAN ('test-modelling.R:178:3')"/>
    </testcase>
    <testcase time="0.0180000000000007" classname="modelling" name="trial_msm_works_with_analysis_weights_weight_limits">
      <skipped message="Reason: On CRAN ('test-modelling.R:201:3')"/>
    </testcase>
    <testcase time="0.0180000000000007" classname="modelling" name="trial_msm_works_with_missing_sample_weights">
      <skipped message="Reason: On CRAN ('test-modelling.R:226:3')"/>
    </testcase>
    <testcase time="0.0180000000000007" classname="modelling" name="trial_msm_works_with_sample_weights">
      <skipped message="Reason: On CRAN ('test-modelling.R:264:3')"/>
    </testcase>
    <testcase time="0.0179999999999936" classname="modelling" name="trial_msm_makes_model_formula_as_expected_with_weight_and_censor">
      <skipped message="Reason: On CRAN ('test-modelling.R:288:3')"/>
    </testcase>
    <testcase time="0.0180000000000007" classname="modelling" name="trial_msm_makes_model_formula_as_expected_with_no_weight_and_no_censor">
      <skipped message="Reason: On CRAN ('test-modelling.R:311:3')"/>
    </testcase>
    <testcase time="0.0190000000000055" classname="modelling" name="trial_msm_makes_model_formula_as_expected_with_weight_and_no_censor">
      <skipped message="Reason: On CRAN ('test-modelling.R:331:3')"/>
    </testcase>
    <testcase time="0.019999999999996" classname="modelling" name="trial_msm_makes_model_formula_as_expected_with_no_weight_and_censor">
      <skipped message="Reason: On CRAN ('test-modelling.R:373:3')"/>
    </testcase>
  </testsuite>
  <testsuite name="predict" timestamp="2023-08-25T09:10:31Z" hostname="bea3d45d1fe7" tests="8" skipped="3" failures="0" errors="0" time="49.857">
    <testcase time="33.551" classname="predict" name="predict.TE_msm_works_as_expected"/>
    <testcase time="0.00200000000000955" classname="predict" name="predict.TE_msm_works_as_expected">
      <skipped message="Reason: On CRAN ('test-predict.R:26:3')"/>
    </testcase>
    <testcase time="16.187" classname="predict" name="predict.TE_msm_works_with_newdata">
      <skipped message="Reason: On CRAN ('test-predict.R:52:3')"/>
    </testcase>
    <testcase time="0.0240000000000009" classname="predict" name="calculate_cum_inc_works_as_expected"/>
    <testcase time="0.0130000000000052" classname="predict" name="calculate_survival_works_as_expected"/>
    <testcase time="0.0549999999999926" classname="predict" name="predict.TE_msm_works_with_interactions"/>
    <testcase time="0.00100000000000477" classname="predict" name="predict.TE_msm_works_with_interactions"/>
    <testcase time="0.0240000000000009" classname="predict" name="predict.TE_msm_works_with_interactions">
      <skipped message="Reason: On CRAN ('test-predict.R:112:3')"/>
    </testcase>
  </testsuite>
  <testsuite name="robust" timestamp="2023-08-25T09:11:21Z" hostname="bea3d45d1fe7" tests="3" skipped="0" failures="0" errors="0" time="2.694">
    <testcase time="2.673" classname="robust" name="robust_calculation_works_as_expected"/>
    <testcase time="0.0150000000000006" classname="robust" name="robust_calculation_works_as_expected"/>
    <testcase time="0.00599999999998602" classname="robust" name="robust_calculation_works_as_expected"/>
  </testsuite>
  <testsuite name="sampling" timestamp="2023-08-25T09:11:24Z" hostname="bea3d45d1fe7" tests="24" skipped="7" failures="0" errors="0" time="11.68">
    <testcase time="0.180000000000007" classname="sampling" name="do_sampling_works_as_expected_when_case_exist">
      <skipped message="Reason: On CRAN ('test-sampling.R:5:3')"/>
    </testcase>
    <testcase time="0.182000000000002" classname="sampling" name="do_sampling_works_as_expected_when_no_cases_exist">
      <skipped message="Reason: On CRAN ('test-sampling.R:15:3')"/>
    </testcase>
    <testcase time="0.11999999999999" classname="sampling" name="sample_from_period_works_as_expected"/>
    <testcase time="0.00600000000000023" classname="sampling" name="sample_from_period_works_as_expected"/>
    <testcase time="0.00900000000000034" classname="sampling" name="sample_from_period_works_as_expected"/>
    <testcase time="0.00300000000000011" classname="sampling" name="sample_from_period_works_as_expected"/>
    <testcase time="0.00400000000000489" classname="sampling" name="sample_from_period_works_as_expected">
      <skipped message="Reason: On CRAN ('test-sampling.R:34:3')"/>
    </testcase>
    <testcase time="0.146999999999991" classname="sampling" name="sample_from_period_works_as_expected_with_multiple_proportions"/>
    <testcase time="0.00600000000000023" classname="sampling" name="sample_from_period_works_as_expected_with_multiple_proportions"/>
    <testcase time="0.00300000000000011" classname="sampling" name="sample_from_period_works_as_expected_with_multiple_proportions"/>
    <testcase time="0.00300000000000011" classname="sampling" name="sample_from_period_works_as_expected_with_multiple_proportions"/>
    <testcase time="0.00200000000000955" classname="sampling" name="sample_from_period_works_as_expected_with_multiple_proportions">
      <skipped message="Reason: On CRAN ('test-sampling.R:54:3')"/>
    </testcase>
    <testcase time="2.56" classname="sampling" name="case_control_sampling_trials_works_with_separate_files_TRUE"/>
    <testcase time="0.00300000000000011" classname="sampling" name="case_control_sampling_trials_works_with_separate_files_TRUE">
      <skipped message="Reason: On CRAN ('test-sampling.R:85:3')"/>
    </testcase>
    <testcase time="2.36499999999999" classname="sampling" name="case_control_sampling_trials_works_with_separate_files_FALSE"/>
    <testcase time="0.00400000000000489" classname="sampling" name="case_control_sampling_trials_works_with_separate_files_FALSE">
      <skipped message="Reason: On CRAN ('test-sampling.R:101:3')"/>
    </testcase>
    <testcase time="3.46799999999999" classname="sampling" name="case_control_sampling_trials_works_with_separate_files_TRUE_is_reproducible"/>
    <testcase time="0.957000000000008" classname="sampling" name="case_control_sampling_trials_works_with_subsetting"/>
    <testcase time="0.0150000000000006" classname="sampling" name="case_control_sampling_trials_gives_errors_for_arguments"/>
    <testcase time="0.00799999999999557" classname="sampling" name="case_control_sampling_trials_gives_errors_for_arguments"/>
    <testcase time="1.623" classname="sampling" name="case_control_sampling_trials_works_with_multiple_p_control"/>
    <testcase time="0.00199999999999534" classname="sampling" name="case_control_sampling_trials_works_with_multiple_p_control"/>
    <testcase time="0.00100000000000477" classname="sampling" name="case_control_sampling_trials_works_with_multiple_p_control"/>
    <testcase time="0.00900000000000034" classname="sampling" name="case_control_sampling_trials_works_with_sort_TRUE">
      <skipped message="Reason: On CRAN ('test-sampling.R:177:3')"/>
    </testcase>
  </testsuite>
  <testsuite name="utils" timestamp="2023-08-25T09:11:35Z" hostname="bea3d45d1fe7" tests="18" skipped="0" failures="0" errors="0" time="0.769">
    <testcase time="0.0249999999999915" classname="utils" name="quiet_print_works_as_expected"/>
    <testcase time="0.00300000000000011" classname="utils" name="quiet_print_works_as_expected"/>
    <testcase time="0.0549999999999926" classname="utils" name="quiet_msg_works_as_expected"/>
    <testcase time="0.007000000000005" classname="utils" name="quiet_msg_works_as_expected"/>
    <testcase time="0.00900000000000034" classname="utils" name="quiet_line_works_as_expected"/>
    <testcase time="0.007000000000005" classname="utils" name="quiet_line_works_as_expected"/>
    <testcase time="0.557999999999993" classname="utils" name="quiet_msg_time_works_as_expected"/>
    <testcase time="0.007000000000005" classname="utils" name="quiet_msg_time_works_as_expected"/>
    <testcase time="0.0220000000000056" classname="utils" name="extract_baseline_works_works_as_expected"/>
    <testcase time="0.0119999999999862" classname="utils" name="as_formula_works_with_a_formula_as_string"/>
    <testcase time="0.0110000000000099" classname="utils" name="as_formula_works_with_strings"/>
    <testcase time="0.0109999999999957" classname="utils" name="as_formula_works_with_formulas"/>
    <testcase time="0.0130000000000052" classname="utils" name="assert_monotonic_works_as_expected"/>
    <testcase time="0.00699999999999079" classname="utils" name="assert_monotonic_works_as_expected"/>
    <testcase time="0.00600000000000023" classname="utils" name="assert_monotonic_works_as_expected"/>
    <testcase time="0.00600000000000023" classname="utils" name="assert_monotonic_works_as_expected"/>
    <testcase time="0.00500000000000966" classname="utils" name="assert_monotonic_works_as_expected"/>
    <testcase time="0.00499999999999545" classname="utils" name="assert_monotonic_works_as_expected"/>
  </testsuite>
</testsuites>
