<?xml version="1.0" encoding="UTF-8"?>
<testsuites>
  <testsuite name="data_extension" timestamp="2023-10-11T09:38:21Z" hostname="fde165a700fa" tests="21" skipped="0" failures="0" errors="0" time="0.88">
    <testcase time="0.0649999999999999" classname="data_extension" name="check_expand_switch_works_as_expected"/>
    <testcase time="0.032" classname="data_extension" name="check_expand_switch_works_as_expected"/>
    <testcase time="0.0129999999999999" classname="data_extension" name="check_expand_switch_works_as_expected"/>
    <testcase time="0.00500000000000012" classname="data_extension" name="check_expand_switch_works_as_expected"/>
    <testcase time="0.0529999999999999" classname="data_extension" name="expand_works_as_expected"/>
    <testcase time="0.0129999999999999" classname="data_extension" name="expand_works_as_expected"/>
    <testcase time="0.112" classname="data_extension" name="data_extensions_works_as_expected_with_first_and_last_periods"/>
    <testcase time="0.00500000000000012" classname="data_extension" name="data_extensions_works_as_expected_with_first_and_last_periods"/>
    <testcase time="0.00499999999999989" classname="data_extension" name="data_extensions_works_as_expected_with_first_and_last_periods"/>
    <testcase time="0.00099999999999989" classname="data_extension" name="data_extensions_works_as_expected_with_first_and_last_periods"/>
    <testcase time="0.00500000000000012" classname="data_extension" name="data_extensions_works_as_expected_with_first_and_last_periods"/>
    <testcase time="0.00499999999999989" classname="data_extension" name="data_extensions_works_as_expected_with_first_and_last_periods"/>
    <testcase time="0.002" classname="data_extension" name="data_extensions_works_as_expected_with_first_and_last_periods"/>
    <testcase time="0.479" classname="data_extension" name="data_extensions_works_as_expected_with_separate_files_TRUE"/>
    <testcase time="0.00099999999999989" classname="data_extension" name="data_extensions_works_as_expected_with_separate_files_TRUE"/>
    <testcase time="0.00199999999999978" classname="data_extension" name="data_extensions_works_as_expected_with_separate_files_TRUE"/>
    <testcase time="0.00200000000000022" classname="data_extension" name="data_extensions_works_as_expected_with_separate_files_TRUE"/>
    <testcase time="0.0089999999999999" classname="data_extension" name="data_extensions_works_as_expected_with_separate_files_TRUE"/>
    <testcase time="0.00499999999999989" classname="data_extension" name="data_extensions_works_as_expected_with_separate_files_TRUE"/>
    <testcase time="0.004" classname="data_extension" name="data_extensions_works_as_expected_with_separate_files_TRUE"/>
    <testcase time="0.0620000000000003" classname="data_extension" name="data_extensions_works_as_expected_with_separate_files_TRUE"/>
  </testsuite>
  <testsuite name="data_manipulation" timestamp="2023-10-11T09:38:22Z" hostname="fde165a700fa" tests="6" skipped="0" failures="0" errors="0" time="1.525">
    <testcase time="0.785" classname="data_manipulation" name="data_manipulation_works_as_expected_with_no_censoring"/>
    <testcase time="0.00200000000000022" classname="data_manipulation" name="data_manipulation_works_as_expected_with_no_censoring"/>
    <testcase time="0.00499999999999989" classname="data_manipulation" name="data_manipulation_works_as_expected_with_no_censoring"/>
    <testcase time="0.726" classname="data_manipulation" name="data_manipulation_works_as_expected_with_censoring"/>
    <testcase time="0.000999999999999446" classname="data_manipulation" name="data_manipulation_works_as_expected_with_censoring"/>
    <testcase time="0.00600000000000023" classname="data_manipulation" name="data_manipulation_works_as_expected_with_censoring"/>
  </testsuite>
  <testsuite name="data_preparation" timestamp="2023-10-11T09:38:23Z" hostname="fde165a700fa" tests="12" skipped="2" failures="0" errors="0" time="10.798">
    <testcase time="5.831" classname="data_preparation" name="data_preparation_works_as_expected"/>
    <testcase time="0.00499999999999901" classname="data_preparation" name="data_preparation_works_as_expected"/>
    <testcase time="0.00400000000000134" classname="data_preparation" name="data_preparation_works_as_expected"/>
    <testcase time="0.000999999999999446" classname="data_preparation" name="data_preparation_works_as_expected"/>
    <testcase time="0.436" classname="data_preparation" name="data_preparation_works_as_expected"/>
    <testcase time="3.132" classname="data_preparation" name="data_preparation_can_be_quiet"/>
    <testcase time="0.0229999999999997" classname="data_preparation" name="data_preparation_gives_an_error_for_existing_trial_files"/>
    <testcase time="0.0129999999999999" classname="data_preparation" name="check_data_dir_gives_a_warning_for_existing_model_files"/>
    <testcase time="1.304" classname="data_preparation" name="data_preparation_has_correct_values_for_treatment_"/>
    <testcase time="0.00500000000000078" classname="data_preparation" name="data_preparation_has_correct_values_for_treatment_"/>
    <testcase time="0.00799999999999912" classname="data_preparation" name="data_preparation_works_with_PP_estimand_type">
      <skipped message="Reason: empty test ('test-data_preparation.R:109:1')"/>
    </testcase>
    <testcase time="0.0360000000000014" classname="data_preparation" name="data_preparation_works_with_As_Treated_estimand_type">
      <skipped message="Reason: empty test ('test-data_preparation.R:113:1')"/>
    </testcase>
  </testsuite>
  <testsuite name="data_utils" timestamp="2023-10-11T09:38:34Z" hostname="fde165a700fa" tests="17" skipped="3" failures="0" errors="0" time="1.484">
    <testcase time="0.0549999999999997" classname="data_utils" name="weight_func_works_as_expected"/>
    <testcase time="0.517999999999999" classname="data_utils" name="weight_func_works_as_expected">
      <skipped message="Reason: On CRAN ('test-data_utils.R:6:3')"/>
    </testcase>
    <testcase time="0.0260000000000016" classname="data_utils" name="weight_func_works_saves_model_objects"/>
    <testcase time="0.566999999999998" classname="data_utils" name="weight_func_works_saves_model_objects"/>
    <testcase time="0.0169999999999995" classname="data_utils" name="weight_func_works_saves_model_objects"/>
    <testcase time="0.00700000000000145" classname="data_utils" name="weight_func_works_saves_model_objects"/>
    <testcase time="0.00100000000000122" classname="data_utils" name="weight_func_works_saves_model_objects"/>
    <testcase time="0.0129999999999981" classname="data_utils" name="weight_func_works_saves_model_objects"/>
    <testcase time="0.00700000000000145" classname="data_utils" name="weight_func_works_saves_model_objects"/>
    <testcase time="0.000999999999997669" classname="data_utils" name="weight_func_works_saves_model_objects"/>
    <testcase time="0.083000000000002" classname="data_utils" name="weight_func_works_with_user_specified_time_on_regime">
      <skipped message="Reason: On CRAN ('test-data_utils.R:105:3')"/>
    </testcase>
    <testcase time="0.131999999999998" classname="data_utils" name="weight_func_works_with_pool_cense_TRUE">
      <skipped message="Reason: On CRAN ('test-data_utils.R:123:3')"/>
    </testcase>
    <testcase time="0.0240000000000009" classname="data_utils" name="select_data_cols_works_as_expected"/>
    <testcase time="0.0109999999999992" classname="data_utils" name="select_data_cols_works_as_expected_with_non_default_names"/>
    <testcase time="0.00100000000000122" classname="data_utils" name="select_data_cols_works_as_expected_with_non_default_names"/>
    <testcase time="0.0109999999999992" classname="data_utils" name="user_can_select_period_in_select_data_cols"/>
    <testcase time="0.0100000000000016" classname="data_utils" name="select_data_cols_allows_derived_variables_in_formula_vars"/>
  </testsuite>
  <testsuite name="generics" timestamp="2023-10-11T09:38:36Z" hostname="fde165a700fa" tests="4" skipped="3" failures="0" errors="0" time="4.223">
    <testcase time="1.042" classname="generics" name="summary_for_data_preparation_separate_TRUE">
      <skipped message="Reason: On CRAN ('test-generics.R:26:3')"/>
    </testcase>
    <testcase time="1.478" classname="generics" name="summary_for_data_preparation_separate_FALSE">
      <skipped message="Reason: On CRAN ('test-generics.R:68:3')"/>
    </testcase>
    <testcase time="1.691" classname="generics" name="summary_for_initiators"/>
    <testcase time="0.0120000000000005" classname="generics" name="summary_for_initiators">
      <skipped message="Reason: On CRAN ('test-generics.R:98:3')"/>
    </testcase>
  </testsuite>
  <testsuite name="lr_utils" timestamp="2023-10-11T09:38:40Z" hostname="fde165a700fa" tests="10" skipped="0" failures="0" errors="0" time="0.095">
    <testcase time="0.036999999999999" classname="lr_utils" name="fit_glm_works"/>
    <testcase time="0.00200000000000244" classname="lr_utils" name="fit_glm_works"/>
    <testcase time="0.0159999999999982" classname="lr_utils" name="fit_glm_works_with_parglm_and_defaults"/>
    <testcase time="0.00200000000000244" classname="lr_utils" name="fit_glm_works_with_parglm_and_defaults"/>
    <testcase time="0.00499999999999901" classname="lr_utils" name="fit_glm_works_with_parglm_and_defaults"/>
    <testcase time="0.00600000000000023" classname="lr_utils" name="fit_glm_works_with_parglm_and_defaults"/>
    <testcase time="0.0109999999999992" classname="lr_utils" name="fit_glm_works_with_parglm"/>
    <testcase time="0.00600000000000023" classname="lr_utils" name="fit_glm_works_with_parglm"/>
    <testcase time="0.00499999999999901" classname="lr_utils" name="fit_glm_works_with_parglm"/>
    <testcase time="0.00499999999999901" classname="lr_utils" name="fit_glm_works_with_parglm"/>
  </testsuite>
  <testsuite name="modelling" timestamp="2023-10-11T09:38:40Z" hostname="fde165a700fa" tests="18" skipped="9" failures="0" errors="0" time="19.111">
    <testcase time="0.202000000000002" classname="modelling" name="trial_msm_can_be_quiet"/>
    <testcase time="6.359" classname="modelling" name="trial_msm_gives_expected_results_in_example_data"/>
    <testcase time="0.0069999999999979" classname="modelling" name="trial_msm_gives_expected_results_in_example_data"/>
    <testcase time="0.00499999999999901" classname="modelling" name="trial_msm_gives_expected_results_in_example_data"/>
    <testcase time="0.00500000000000256" classname="modelling" name="trial_msm_gives_expected_results_in_example_data"/>
    <testcase time="0.00199999999999889" classname="modelling" name="trial_msm_gives_expected_results_in_example_data"/>
    <testcase time="3.914" classname="modelling" name="trial_msm_works_with_data.tables_and_weights"/>
    <testcase time="8.456" classname="modelling" name="trial_msm_works_with_data.tables_and_weights"/>
    <testcase time="0.00600000000000023" classname="modelling" name="trial_msm_works_with_data.tables_and_weights"/>
    <testcase time="0.00800000000000267" classname="modelling" name="Modelling_works_with_where_case">
      <skipped message="Reason: On CRAN ('test-modelling.R:99:3')"/>
    </testcase>
    <testcase time="0.0180000000000007" classname="modelling" name="trial_msm_works_with_analysis_weights_unweighted">
      <skipped message="Reason: On CRAN ('test-modelling.R:154:3')"/>
    </testcase>
    <testcase time="0.0189999999999984" classname="modelling" name="trial_msm_works_with_analysis_weights_p99">
      <skipped message="Reason: On CRAN ('test-modelling.R:176:3')"/>
    </testcase>
    <testcase time="0.0180000000000007" classname="modelling" name="trial_msm_works_with_analysis_weights_weight_limits">
      <skipped message="Reason: On CRAN ('test-modelling.R:199:3')"/>
    </testcase>
    <testcase time="0.0180000000000007" classname="modelling" name="trial_msm_works_with_missing_sample_weights">
      <skipped message="Reason: On CRAN ('test-modelling.R:224:3')"/>
    </testcase>
    <testcase time="0.0180000000000007" classname="modelling" name="trial_msm_works_with_sample_weights">
      <skipped message="Reason: On CRAN ('test-modelling.R:262:3')"/>
    </testcase>
    <testcase time="0.0189999999999984" classname="modelling" name="trial_msm_makes_model_formula_as_expected_with_weight_and_censor">
      <skipped message="Reason: On CRAN ('test-modelling.R:286:3')"/>
    </testcase>
    <testcase time="0.0180000000000007" classname="modelling" name="trial_msm_makes_model_formula_as_expected_with_estimand_As_Treated">
      <skipped message="Reason: On CRAN ('test-modelling.R:310:3')"/>
    </testcase>
    <testcase time="0.0189999999999984" classname="modelling" name="trial_msm_makes_model_formula_as_expected_with_estimand_type_ITT_and_no_weights">
      <skipped message="Reason: On CRAN ('test-modelling.R:354:3')"/>
    </testcase>
  </testsuite>
  <testsuite name="predict" timestamp="2023-10-11T09:38:59Z" hostname="fde165a700fa" tests="8" skipped="3" failures="0" errors="0" time="45.725">
    <testcase time="30.948" classname="predict" name="predict.TE_msm_works_as_expected"/>
    <testcase time="0.0379999999999967" classname="predict" name="predict.TE_msm_works_as_expected">
      <skipped message="Reason: On CRAN ('test-predict.R:27:3')"/>
    </testcase>
    <testcase time="14.61" classname="predict" name="predict.TE_msm_works_with_newdata">
      <skipped message="Reason: On CRAN ('test-predict.R:53:3')"/>
    </testcase>
    <testcase time="0.0229999999999961" classname="predict" name="calculate_cum_inc_works_as_expected"/>
    <testcase time="0.0109999999999957" classname="predict" name="calculate_survival_works_as_expected"/>
    <testcase time="0.046999999999997" classname="predict" name="predict.TE_msm_works_with_interactions"/>
    <testcase time="0.00200000000000955" classname="predict" name="predict.TE_msm_works_with_interactions"/>
    <testcase time="0.0459999999999923" classname="predict" name="predict.TE_msm_works_with_interactions">
      <skipped message="Reason: On CRAN ('test-predict.R:111:3')"/>
    </testcase>
  </testsuite>
  <testsuite name="robust" timestamp="2023-10-11T09:39:45Z" hostname="fde165a700fa" tests="3" skipped="0" failures="0" errors="0" time="2.455">
    <testcase time="2.43600000000001" classname="robust" name="robust_calculation_works_as_expected"/>
    <testcase time="0.012999999999991" classname="robust" name="robust_calculation_works_as_expected"/>
    <testcase time="0.00600000000000023" classname="robust" name="robust_calculation_works_as_expected"/>
  </testsuite>
  <testsuite name="sampling" timestamp="2023-10-11T09:39:47Z" hostname="fde165a700fa" tests="24" skipped="7" failures="0" errors="0" time="9.844">
    <testcase time="0.156000000000006" classname="sampling" name="do_sampling_works_as_expected_when_case_exist">
      <skipped message="Reason: On CRAN ('test-sampling.R:5:3')"/>
    </testcase>
    <testcase time="0.218000000000004" classname="sampling" name="do_sampling_works_as_expected_when_no_cases_exist">
      <skipped message="Reason: On CRAN ('test-sampling.R:15:3')"/>
    </testcase>
    <testcase time="0.105999999999995" classname="sampling" name="sample_from_period_works_as_expected"/>
    <testcase time="0.00400000000000489" classname="sampling" name="sample_from_period_works_as_expected"/>
    <testcase time="0.00800000000000978" classname="sampling" name="sample_from_period_works_as_expected"/>
    <testcase time="0.00300000000000011" classname="sampling" name="sample_from_period_works_as_expected"/>
    <testcase time="0.00900000000000034" classname="sampling" name="sample_from_period_works_as_expected">
      <skipped message="Reason: On CRAN ('test-sampling.R:34:3')"/>
    </testcase>
    <testcase time="0.125" classname="sampling" name="sample_from_period_works_as_expected_with_multiple_proportions"/>
    <testcase time="0.00600000000000023" classname="sampling" name="sample_from_period_works_as_expected_with_multiple_proportions"/>
    <testcase time="0.00300000000000011" classname="sampling" name="sample_from_period_works_as_expected_with_multiple_proportions"/>
    <testcase time="0.00300000000000011" classname="sampling" name="sample_from_period_works_as_expected_with_multiple_proportions"/>
    <testcase time="0.0109999999999957" classname="sampling" name="sample_from_period_works_as_expected_with_multiple_proportions">
      <skipped message="Reason: On CRAN ('test-sampling.R:54:3')"/>
    </testcase>
    <testcase time="2.001" classname="sampling" name="case_control_sampling_trials_works_with_separate_files_TRUE"/>
    <testcase time="0.00999999999999091" classname="sampling" name="case_control_sampling_trials_works_with_separate_files_TRUE">
      <skipped message="Reason: On CRAN ('test-sampling.R:86:3')"/>
    </testcase>
    <testcase time="1.967" classname="sampling" name="case_control_sampling_trials_works_with_separate_files_FALSE"/>
    <testcase time="0.0110000000000099" classname="sampling" name="case_control_sampling_trials_works_with_separate_files_FALSE">
      <skipped message="Reason: On CRAN ('test-sampling.R:103:3')"/>
    </testcase>
    <testcase time="2.97399999999999" classname="sampling" name="case_control_sampling_trials_works_with_separate_files_TRUE_is_reproducible"/>
    <testcase time="0.818000000000012" classname="sampling" name="case_control_sampling_trials_works_with_subsetting"/>
    <testcase time="0.012999999999991" classname="sampling" name="case_control_sampling_trials_gives_errors_for_arguments"/>
    <testcase time="0.007000000000005" classname="sampling" name="case_control_sampling_trials_gives_errors_for_arguments"/>
    <testcase time="1.37899999999999" classname="sampling" name="case_control_sampling_trials_works_with_multiple_p_control"/>
    <testcase time="0.00200000000000955" classname="sampling" name="case_control_sampling_trials_works_with_multiple_p_control"/>
    <testcase time="0.00199999999999534" classname="sampling" name="case_control_sampling_trials_works_with_multiple_p_control"/>
    <testcase time="0.00799999999999557" classname="sampling" name="case_control_sampling_trials_works_with_sort_TRUE">
      <skipped message="Reason: On CRAN ('test-sampling.R:180:3')"/>
    </testcase>
  </testsuite>
  <testsuite name="utils" timestamp="2023-10-11T09:39:57Z" hostname="fde165a700fa" tests="18" skipped="0" failures="0" errors="0" time="0.623">
    <testcase time="0.0240000000000009" classname="utils" name="quiet_print_works_as_expected"/>
    <testcase time="0.00400000000000489" classname="utils" name="quiet_print_works_as_expected"/>
    <testcase time="0.00799999999999557" classname="utils" name="quiet_msg_works_as_expected"/>
    <testcase time="0.00600000000000023" classname="utils" name="quiet_msg_works_as_expected"/>
    <testcase time="0.00800000000000978" classname="utils" name="quiet_line_works_as_expected"/>
    <testcase time="0.00699999999999079" classname="utils" name="quiet_line_works_as_expected"/>
    <testcase time="0.474000000000004" classname="utils" name="quiet_msg_time_works_as_expected"/>
    <testcase time="0.007000000000005" classname="utils" name="quiet_msg_time_works_as_expected"/>
    <testcase time="0.0189999999999912" classname="utils" name="extract_baseline_works_works_as_expected"/>
    <testcase time="0.0100000000000051" classname="utils" name="as_formula_works_with_a_formula_as_string"/>
    <testcase time="0.0100000000000051" classname="utils" name="as_formula_works_with_strings"/>
    <testcase time="0.00999999999999091" classname="utils" name="as_formula_works_with_formulas"/>
    <testcase time="0.0110000000000099" classname="utils" name="assert_monotonic_works_as_expected"/>
    <testcase time="0.00600000000000023" classname="utils" name="assert_monotonic_works_as_expected"/>
    <testcase time="0.00499999999999545" classname="utils" name="assert_monotonic_works_as_expected"/>
    <testcase time="0.00600000000000023" classname="utils" name="assert_monotonic_works_as_expected"/>
    <testcase time="0.00399999999999068" classname="utils" name="assert_monotonic_works_as_expected"/>
    <testcase time="0.00400000000000489" classname="utils" name="assert_monotonic_works_as_expected"/>
  </testsuite>
</testsuites>
