<?xml version="1.0" encoding="UTF-8"?>
<testsuites>
  <testsuite name="data_extension" timestamp="2023-10-10T14:32:44Z" hostname="ab2b08148d15" tests="21" skipped="0" failures="0" errors="0" time="1.339">
    <testcase time="0.0960000000000001" classname="data_extension" name="check_expand_switch_works_as_expected"/>
    <testcase time="0.0489999999999999" classname="data_extension" name="check_expand_switch_works_as_expected"/>
    <testcase time="0.0209999999999999" classname="data_extension" name="check_expand_switch_works_as_expected"/>
    <testcase time="0.0089999999999999" classname="data_extension" name="check_expand_switch_works_as_expected"/>
    <testcase time="0.0800000000000001" classname="data_extension" name="expand_works_as_expected"/>
    <testcase time="0.02" classname="data_extension" name="expand_works_as_expected"/>
    <testcase time="0.152" classname="data_extension" name="data_extensions_works_as_expected_with_first_and_last_periods"/>
    <testcase time="0.0089999999999999" classname="data_extension" name="data_extensions_works_as_expected_with_first_and_last_periods"/>
    <testcase time="0.00700000000000012" classname="data_extension" name="data_extensions_works_as_expected_with_first_and_last_periods"/>
    <testcase time="0.00199999999999978" classname="data_extension" name="data_extensions_works_as_expected_with_first_and_last_periods"/>
    <testcase time="0.00800000000000001" classname="data_extension" name="data_extensions_works_as_expected_with_first_and_last_periods"/>
    <testcase time="0.00800000000000001" classname="data_extension" name="data_extensions_works_as_expected_with_first_and_last_periods"/>
    <testcase time="0.00199999999999978" classname="data_extension" name="data_extensions_works_as_expected_with_first_and_last_periods"/>
    <testcase time="0.734" classname="data_extension" name="data_extensions_works_as_expected_with_separate_files_TRUE"/>
    <testcase time="0.00200000000000022" classname="data_extension" name="data_extensions_works_as_expected_with_separate_files_TRUE"/>
    <testcase time="0.00299999999999967" classname="data_extension" name="data_extensions_works_as_expected_with_separate_files_TRUE"/>
    <testcase time="0.00200000000000022" classname="data_extension" name="data_extensions_works_as_expected_with_separate_files_TRUE"/>
    <testcase time="0.0139999999999998" classname="data_extension" name="data_extensions_works_as_expected_with_separate_files_TRUE"/>
    <testcase time="0.0110000000000001" classname="data_extension" name="data_extensions_works_as_expected_with_separate_files_TRUE"/>
    <testcase time="0.00800000000000001" classname="data_extension" name="data_extensions_works_as_expected_with_separate_files_TRUE"/>
    <testcase time="0.102" classname="data_extension" name="data_extensions_works_as_expected_with_separate_files_TRUE"/>
  </testsuite>
  <testsuite name="data_manipulation" timestamp="2023-10-10T14:32:45Z" hostname="ab2b08148d15" tests="6" skipped="0" failures="0" errors="0" time="2.421">
    <testcase time="1.221" classname="data_manipulation" name="data_manipulation_works_as_expected_with_no_censoring"/>
    <testcase time="0.00399999999999956" classname="data_manipulation" name="data_manipulation_works_as_expected_with_no_censoring"/>
    <testcase time="0.00800000000000001" classname="data_manipulation" name="data_manipulation_works_as_expected_with_no_censoring"/>
    <testcase time="1.177" classname="data_manipulation" name="data_manipulation_works_as_expected_with_censoring"/>
    <testcase time="0.00199999999999978" classname="data_manipulation" name="data_manipulation_works_as_expected_with_censoring"/>
    <testcase time="0.00899999999999945" classname="data_manipulation" name="data_manipulation_works_as_expected_with_censoring"/>
  </testsuite>
  <testsuite name="data_preparation" timestamp="2023-10-10T14:32:48Z" hostname="ab2b08148d15" tests="12" skipped="2" failures="0" errors="0" time="14.517">
    <testcase time="7.775" classname="data_preparation" name="data_preparation_works_as_expected"/>
    <testcase time="0.00699999999999967" classname="data_preparation" name="data_preparation_works_as_expected"/>
    <testcase time="0.00500000000000078" classname="data_preparation" name="data_preparation_works_as_expected"/>
    <testcase time="0.00199999999999889" classname="data_preparation" name="data_preparation_works_as_expected"/>
    <testcase time="0.562000000000001" classname="data_preparation" name="data_preparation_works_as_expected"/>
    <testcase time="3.997" classname="data_preparation" name="data_preparation_can_be_quiet"/>
    <testcase time="0.0380000000000003" classname="data_preparation" name="data_preparation_gives_an_error_for_existing_trial_files"/>
    <testcase time="0.0219999999999985" classname="data_preparation" name="check_data_dir_gives_a_warning_for_existing_model_files"/>
    <testcase time="2.042" classname="data_preparation" name="data_preparation_has_correct_values_for_treatment_"/>
    <testcase time="0.0069999999999979" classname="data_preparation" name="data_preparation_has_correct_values_for_treatment_"/>
    <testcase time="0.0110000000000028" classname="data_preparation" name="data_preparation_works_with_PP_estimand_type">
      <skipped message="Reason: empty test ('test-data_preparation.R:109:1')"/>
    </testcase>
    <testcase time="0.0489999999999995" classname="data_preparation" name="data_preparation_works_with_As_Treated_estimand_type">
      <skipped message="Reason: empty test ('test-data_preparation.R:113:1')"/>
    </testcase>
  </testsuite>
  <testsuite name="data_utils" timestamp="2023-10-10T14:33:02Z" hostname="ab2b08148d15" tests="17" skipped="3" failures="0" errors="0" time="2.034">
    <testcase time="0.0779999999999994" classname="data_utils" name="weight_func_works_as_expected"/>
    <testcase time="0.736999999999998" classname="data_utils" name="weight_func_works_as_expected">
      <skipped message="Reason: On CRAN ('test-data_utils.R:6:3')"/>
    </testcase>
    <testcase time="0.0350000000000001" classname="data_utils" name="weight_func_works_saves_model_objects"/>
    <testcase time="0.715" classname="data_utils" name="weight_func_works_saves_model_objects"/>
    <testcase time="0.0230000000000032" classname="data_utils" name="weight_func_works_saves_model_objects"/>
    <testcase time="0.00899999999999679" classname="data_utils" name="weight_func_works_saves_model_objects"/>
    <testcase time="0.00200000000000244" classname="data_utils" name="weight_func_works_saves_model_objects"/>
    <testcase time="0.0180000000000007" classname="data_utils" name="weight_func_works_saves_model_objects"/>
    <testcase time="0.0109999999999992" classname="data_utils" name="weight_func_works_saves_model_objects"/>
    <testcase time="0.00300000000000011" classname="data_utils" name="weight_func_works_saves_model_objects"/>
    <testcase time="0.125999999999998" classname="data_utils" name="weight_func_works_with_user_specified_time_on_regime">
      <skipped message="Reason: On CRAN ('test-data_utils.R:105:3')"/>
    </testcase>
    <testcase time="0.199000000000002" classname="data_utils" name="weight_func_works_with_pool_cense_TRUE">
      <skipped message="Reason: On CRAN ('test-data_utils.R:123:3')"/>
    </testcase>
    <testcase time="0.0309999999999988" classname="data_utils" name="select_data_cols_works_as_expected"/>
    <testcase time="0.0150000000000006" classname="data_utils" name="select_data_cols_works_as_expected_with_non_default_names"/>
    <testcase time="0.00199999999999889" classname="data_utils" name="select_data_cols_works_as_expected_with_non_default_names"/>
    <testcase time="0.0139999999999993" classname="data_utils" name="user_can_select_period_in_select_data_cols"/>
    <testcase time="0.0160000000000018" classname="data_utils" name="select_data_cols_allows_derived_variables_in_formula_vars"/>
  </testsuite>
  <testsuite name="generics" timestamp="2023-10-10T14:33:04Z" hostname="ab2b08148d15" tests="4" skipped="3" failures="0" errors="0" time="6.437">
    <testcase time="1.568" classname="generics" name="summary_for_data_preparation_separate_TRUE">
      <skipped message="Reason: On CRAN ('test-generics.R:26:3')"/>
    </testcase>
    <testcase time="2.263" classname="generics" name="summary_for_data_preparation_separate_FALSE">
      <skipped message="Reason: On CRAN ('test-generics.R:68:3')"/>
    </testcase>
    <testcase time="2.587" classname="generics" name="summary_for_initiators"/>
    <testcase time="0.0190000000000019" classname="generics" name="summary_for_initiators">
      <skipped message="Reason: On CRAN ('test-generics.R:98:3')"/>
    </testcase>
  </testsuite>
  <testsuite name="lr_utils" timestamp="2023-10-10T14:33:11Z" hostname="ab2b08148d15" tests="10" skipped="0" failures="0" errors="0" time="0.141">
    <testcase time="0.0559999999999974" classname="lr_utils" name="fit_glm_works"/>
    <testcase time="0.00200000000000244" classname="lr_utils" name="fit_glm_works"/>
    <testcase time="0.0249999999999986" classname="lr_utils" name="fit_glm_works_with_parglm_and_defaults"/>
    <testcase time="0.00300000000000011" classname="lr_utils" name="fit_glm_works_with_parglm_and_defaults"/>
    <testcase time="0.00600000000000023" classname="lr_utils" name="fit_glm_works_with_parglm_and_defaults"/>
    <testcase time="0.00900000000000034" classname="lr_utils" name="fit_glm_works_with_parglm_and_defaults"/>
    <testcase time="0.0169999999999995" classname="lr_utils" name="fit_glm_works_with_parglm"/>
    <testcase time="0.00900000000000034" classname="lr_utils" name="fit_glm_works_with_parglm"/>
    <testcase time="0.00799999999999912" classname="lr_utils" name="fit_glm_works_with_parglm"/>
    <testcase time="0.00600000000000023" classname="lr_utils" name="fit_glm_works_with_parglm"/>
  </testsuite>
  <testsuite name="modelling" timestamp="2023-10-10T14:33:11Z" hostname="ab2b08148d15" tests="18" skipped="9" failures="0" errors="0" time="26.332">
    <testcase time="0.262" classname="modelling" name="trial_msm_can_be_quiet"/>
    <testcase time="8.973" classname="modelling" name="trial_msm_gives_expected_results_in_example_data"/>
    <testcase time="0.0110000000000028" classname="modelling" name="trial_msm_gives_expected_results_in_example_data"/>
    <testcase time="0.0069999999999979" classname="modelling" name="trial_msm_gives_expected_results_in_example_data"/>
    <testcase time="0.00800000000000267" classname="modelling" name="trial_msm_gives_expected_results_in_example_data"/>
    <testcase time="0.00199999999999534" classname="modelling" name="trial_msm_gives_expected_results_in_example_data"/>
    <testcase time="5.39700000000001" classname="modelling" name="trial_msm_works_with_data.tables_and_weights"/>
    <testcase time="11.417" classname="modelling" name="trial_msm_works_with_data.tables_and_weights"/>
    <testcase time="0.00900000000000034" classname="modelling" name="trial_msm_works_with_data.tables_and_weights"/>
    <testcase time="0.0110000000000028" classname="modelling" name="Modelling_works_with_where_case">
      <skipped message="Reason: On CRAN ('test-modelling.R:99:3')"/>
    </testcase>
    <testcase time="0.0289999999999964" classname="modelling" name="trial_msm_works_with_analysis_weights_unweighted">
      <skipped message="Reason: On CRAN ('test-modelling.R:154:3')"/>
    </testcase>
    <testcase time="0.0280000000000058" classname="modelling" name="trial_msm_works_with_analysis_weights_p99">
      <skipped message="Reason: On CRAN ('test-modelling.R:176:3')"/>
    </testcase>
    <testcase time="0.0289999999999964" classname="modelling" name="trial_msm_works_with_analysis_weights_weight_limits">
      <skipped message="Reason: On CRAN ('test-modelling.R:199:3')"/>
    </testcase>
    <testcase time="0.0300000000000011" classname="modelling" name="trial_msm_works_with_missing_sample_weights">
      <skipped message="Reason: On CRAN ('test-modelling.R:224:3')"/>
    </testcase>
    <testcase time="0.0300000000000011" classname="modelling" name="trial_msm_works_with_sample_weights">
      <skipped message="Reason: On CRAN ('test-modelling.R:262:3')"/>
    </testcase>
    <testcase time="0.027000000000001" classname="modelling" name="trial_msm_makes_model_formula_as_expected_with_weight_and_censor">
      <skipped message="Reason: On CRAN ('test-modelling.R:286:3')"/>
    </testcase>
    <testcase time="0.0309999999999988" classname="modelling" name="trial_msm_makes_model_formula_as_expected_with_estimand_As_Treated">
      <skipped message="Reason: On CRAN ('test-modelling.R:310:3')"/>
    </testcase>
    <testcase time="0.0309999999999988" classname="modelling" name="trial_msm_makes_model_formula_as_expected_with_estimand_type_ITT_and_no_weights">
      <skipped message="Reason: On CRAN ('test-modelling.R:354:3')"/>
    </testcase>
  </testsuite>
  <testsuite name="predict" timestamp="2023-10-10T14:33:37Z" hostname="ab2b08148d15" tests="8" skipped="3" failures="0" errors="0" time="58.067">
    <testcase time="39.026" classname="predict" name="predict.TE_msm_works_as_expected"/>
    <testcase time="0.0530000000000115" classname="predict" name="predict.TE_msm_works_as_expected">
      <skipped message="Reason: On CRAN ('test-predict.R:27:3')"/>
    </testcase>
    <testcase time="18.794" classname="predict" name="predict.TE_msm_works_with_newdata">
      <skipped message="Reason: On CRAN ('test-predict.R:53:3')"/>
    </testcase>
    <testcase time="0.0330000000000013" classname="predict" name="calculate_cum_inc_works_as_expected"/>
    <testcase time="0.0159999999999911" classname="predict" name="calculate_survival_works_as_expected"/>
    <testcase time="0.070999999999998" classname="predict" name="predict.TE_msm_works_with_interactions"/>
    <testcase time="0.00200000000000955" classname="predict" name="predict.TE_msm_works_with_interactions"/>
    <testcase time="0.0720000000000027" classname="predict" name="predict.TE_msm_works_with_interactions">
      <skipped message="Reason: On CRAN ('test-predict.R:111:3')"/>
    </testcase>
  </testsuite>
  <testsuite name="robust" timestamp="2023-10-10T14:34:35Z" hostname="ab2b08148d15" tests="3" skipped="0" failures="0" errors="0" time="3.116">
    <testcase time="3.089" classname="robust" name="robust_calculation_works_as_expected"/>
    <testcase time="0.0180000000000007" classname="robust" name="robust_calculation_works_as_expected"/>
    <testcase time="0.00900000000000034" classname="robust" name="robust_calculation_works_as_expected"/>
  </testsuite>
  <testsuite name="sampling" timestamp="2023-10-10T14:34:38Z" hostname="ab2b08148d15" tests="24" skipped="7" failures="0" errors="0" time="15.048">
    <testcase time="0.177999999999997" classname="sampling" name="do_sampling_works_as_expected_when_case_exist">
      <skipped message="Reason: On CRAN ('test-sampling.R:5:3')"/>
    </testcase>
    <testcase time="0.265999999999991" classname="sampling" name="do_sampling_works_as_expected_when_no_cases_exist">
      <skipped message="Reason: On CRAN ('test-sampling.R:15:3')"/>
    </testcase>
    <testcase time="0.162000000000006" classname="sampling" name="sample_from_period_works_as_expected"/>
    <testcase time="0.00900000000000034" classname="sampling" name="sample_from_period_works_as_expected"/>
    <testcase time="0.0120000000000005" classname="sampling" name="sample_from_period_works_as_expected"/>
    <testcase time="0.00400000000000489" classname="sampling" name="sample_from_period_works_as_expected"/>
    <testcase time="0.0120000000000005" classname="sampling" name="sample_from_period_works_as_expected">
      <skipped message="Reason: On CRAN ('test-sampling.R:34:3')"/>
    </testcase>
    <testcase time="0.198999999999998" classname="sampling" name="sample_from_period_works_as_expected_with_multiple_proportions"/>
    <testcase time="0.00799999999999557" classname="sampling" name="sample_from_period_works_as_expected_with_multiple_proportions"/>
    <testcase time="0.00600000000000023" classname="sampling" name="sample_from_period_works_as_expected_with_multiple_proportions"/>
    <testcase time="0.00400000000000489" classname="sampling" name="sample_from_period_works_as_expected_with_multiple_proportions"/>
    <testcase time="0.0189999999999912" classname="sampling" name="sample_from_period_works_as_expected_with_multiple_proportions">
      <skipped message="Reason: On CRAN ('test-sampling.R:54:3')"/>
    </testcase>
    <testcase time="2.99600000000001" classname="sampling" name="case_control_sampling_trials_works_with_separate_files_TRUE"/>
    <testcase time="0.0160000000000053" classname="sampling" name="case_control_sampling_trials_works_with_separate_files_TRUE">
      <skipped message="Reason: On CRAN ('test-sampling.R:86:3')"/>
    </testcase>
    <testcase time="2.863" classname="sampling" name="case_control_sampling_trials_works_with_separate_files_FALSE"/>
    <testcase time="0.0210000000000008" classname="sampling" name="case_control_sampling_trials_works_with_separate_files_FALSE">
      <skipped message="Reason: On CRAN ('test-sampling.R:103:3')"/>
    </testcase>
    <testcase time="4.563" classname="sampling" name="case_control_sampling_trials_works_with_separate_files_TRUE_is_reproducible"/>
    <testcase time="1.386" classname="sampling" name="case_control_sampling_trials_works_with_subsetting"/>
    <testcase time="0.0190000000000055" classname="sampling" name="case_control_sampling_trials_gives_errors_for_arguments"/>
    <testcase time="0.00999999999999091" classname="sampling" name="case_control_sampling_trials_gives_errors_for_arguments"/>
    <testcase time="2.279" classname="sampling" name="case_control_sampling_trials_works_with_multiple_p_control"/>
    <testcase time="0.00300000000001432" classname="sampling" name="case_control_sampling_trials_works_with_multiple_p_control"/>
    <testcase time="0.00199999999998113" classname="sampling" name="case_control_sampling_trials_works_with_multiple_p_control"/>
    <testcase time="0.0110000000000241" classname="sampling" name="case_control_sampling_trials_works_with_sort_TRUE">
      <skipped message="Reason: On CRAN ('test-sampling.R:180:3')"/>
    </testcase>
  </testsuite>
  <testsuite name="utils" timestamp="2023-10-10T14:34:53Z" hostname="ab2b08148d15" tests="18" skipped="0" failures="0" errors="0" time="0.842">
    <testcase time="0.0349999999999966" classname="utils" name="quiet_print_works_as_expected"/>
    <testcase time="0.00499999999999545" classname="utils" name="quiet_print_works_as_expected"/>
    <testcase time="0.0109999999999957" classname="utils" name="quiet_msg_works_as_expected"/>
    <testcase time="0.00899999999998613" classname="utils" name="quiet_msg_works_as_expected"/>
    <testcase time="0.0130000000000052" classname="utils" name="quiet_line_works_as_expected"/>
    <testcase time="0.00900000000001455" classname="utils" name="quiet_line_works_as_expected"/>
    <testcase time="0.623999999999995" classname="utils" name="quiet_msg_time_works_as_expected"/>
    <testcase time="0.00899999999998613" classname="utils" name="quiet_msg_time_works_as_expected"/>
    <testcase time="0.0270000000000152" classname="utils" name="extract_baseline_works_works_as_expected"/>
    <testcase time="0.0149999999999864" classname="utils" name="as_formula_works_with_a_formula_as_string"/>
    <testcase time="0.0170000000000243" classname="utils" name="as_formula_works_with_strings"/>
    <testcase time="0.0139999999999816" classname="utils" name="as_formula_works_with_formulas"/>
    <testcase time="0.0169999999999959" classname="utils" name="assert_monotonic_works_as_expected"/>
    <testcase time="0.00800000000000978" classname="utils" name="assert_monotonic_works_as_expected"/>
    <testcase time="0.00800000000000978" classname="utils" name="assert_monotonic_works_as_expected"/>
    <testcase time="0.00899999999998613" classname="utils" name="assert_monotonic_works_as_expected"/>
    <testcase time="0.007000000000005" classname="utils" name="assert_monotonic_works_as_expected"/>
    <testcase time="0.00499999999999545" classname="utils" name="assert_monotonic_works_as_expected"/>
  </testsuite>
</testsuites>
