<?xml version="1.0" encoding="UTF-8"?>
<testsuites>
  <testsuite name="data_extension" timestamp="2023-05-02T21:45:15Z" hostname="f47a49b5e172" tests="21" skipped="0" failures="0" errors="0" time="1.58">
    <testcase time="0.0880000000000001" classname="data_extension" name="check_expand_switch_works_as_expected"/>
    <testcase time="0.0390000000000001" classname="data_extension" name="check_expand_switch_works_as_expected"/>
    <testcase time="0.0209999999999999" classname="data_extension" name="check_expand_switch_works_as_expected"/>
    <testcase time="0.00600000000000023" classname="data_extension" name="check_expand_switch_works_as_expected"/>
    <testcase time="0.069" classname="data_extension" name="expand_works_as_expected"/>
    <testcase time="0.0289999999999999" classname="data_extension" name="expand_works_as_expected"/>
    <testcase time="0.27" classname="data_extension" name="data_extensions_works_as_expected_with_first_and_last_periods"/>
    <testcase time="0.00499999999999989" classname="data_extension" name="data_extensions_works_as_expected_with_first_and_last_periods"/>
    <testcase time="0.00800000000000001" classname="data_extension" name="data_extensions_works_as_expected_with_first_and_last_periods"/>
    <testcase time="0.00200000000000022" classname="data_extension" name="data_extensions_works_as_expected_with_first_and_last_periods"/>
    <testcase time="0.00599999999999978" classname="data_extension" name="data_extensions_works_as_expected_with_first_and_last_periods"/>
    <testcase time="0.00600000000000023" classname="data_extension" name="data_extensions_works_as_expected_with_first_and_last_periods"/>
    <testcase time="0.00199999999999978" classname="data_extension" name="data_extensions_works_as_expected_with_first_and_last_periods"/>
    <testcase time="0.846" classname="data_extension" name="data_extensions_works_as_expected_with_separate_files_TRUE"/>
    <testcase time="0.00200000000000022" classname="data_extension" name="data_extensions_works_as_expected_with_separate_files_TRUE"/>
    <testcase time="0.00099999999999989" classname="data_extension" name="data_extensions_works_as_expected_with_separate_files_TRUE"/>
    <testcase time="0.00199999999999978" classname="data_extension" name="data_extensions_works_as_expected_with_separate_files_TRUE"/>
    <testcase time="0.012" classname="data_extension" name="data_extensions_works_as_expected_with_separate_files_TRUE"/>
    <testcase time="0.00499999999999989" classname="data_extension" name="data_extensions_works_as_expected_with_separate_files_TRUE"/>
    <testcase time="0.00500000000000034" classname="data_extension" name="data_extensions_works_as_expected_with_separate_files_TRUE"/>
    <testcase time="0.156" classname="data_extension" name="data_extensions_works_as_expected_with_separate_files_TRUE"/>
  </testsuite>
  <testsuite name="data_manipulation" timestamp="2023-05-02T21:45:17Z" hostname="f47a49b5e172" tests="6" skipped="0" failures="0" errors="0" time="2.224">
    <testcase time="1.113" classname="data_manipulation" name="data_manipulation_works_as_expected_with_no_censoring"/>
    <testcase time="0.000999999999999446" classname="data_manipulation" name="data_manipulation_works_as_expected_with_no_censoring"/>
    <testcase time="0.00700000000000056" classname="data_manipulation" name="data_manipulation_works_as_expected_with_no_censoring"/>
    <testcase time="1.096" classname="data_manipulation" name="data_manipulation_works_as_expected_with_censoring"/>
    <testcase time="0.000999999999999446" classname="data_manipulation" name="data_manipulation_works_as_expected_with_censoring"/>
    <testcase time="0.00600000000000023" classname="data_manipulation" name="data_manipulation_works_as_expected_with_censoring"/>
  </testsuite>
  <testsuite name="data_preparation" timestamp="2023-05-02T21:45:19Z" hostname="f47a49b5e172" tests="11" skipped="0" failures="0" errors="0" time="18.641">
    <testcase time="9.554" classname="data_preparation" name="data_preparation_works_as_expected"/>
    <testcase time="0.00500000000000078" classname="data_preparation" name="data_preparation_works_as_expected"/>
    <testcase time="0.00500000000000078" classname="data_preparation" name="data_preparation_works_as_expected"/>
    <testcase time="0.00499999999999901" classname="data_preparation" name="data_preparation_works_as_expected"/>
    <testcase time="0.000999999999999446" classname="data_preparation" name="data_preparation_works_as_expected"/>
    <testcase time="0.507000000000001" classname="data_preparation" name="data_preparation_works_as_expected"/>
    <testcase time="6.076" classname="data_preparation" name="data_preparation_can_be_quiet"/>
    <testcase time="0.0289999999999999" classname="data_preparation" name="data_preparation_gives_an_error_for_existing_trial_files"/>
    <testcase time="0.0159999999999982" classname="data_preparation" name="check_data_dir_gives_a_warning_for_existing_model_files"/>
    <testcase time="2.437" classname="data_preparation" name="data_preparation_has_correct_values_for_treatment_"/>
    <testcase time="0.00600000000000023" classname="data_preparation" name="data_preparation_has_correct_values_for_treatment_"/>
  </testsuite>
  <testsuite name="data_utils" timestamp="2023-05-02T21:45:37Z" hostname="f47a49b5e172" tests="17" skipped="3" failures="0" errors="0" time="1.817">
    <testcase time="0.0199999999999996" classname="data_utils" name="weight_func_works_as_expected"/>
    <testcase time="0.728999999999999" classname="data_utils" name="weight_func_works_as_expected">
      <skipped message="Reason: On CRAN ('test-data_utils.R:6:3')"/>
    </testcase>
    <testcase time="0.0429999999999993" classname="data_utils" name="weight_func_works_saves_model_objects"/>
    <testcase time="0.646000000000001" classname="data_utils" name="weight_func_works_saves_model_objects"/>
    <testcase time="0.0210000000000008" classname="data_utils" name="weight_func_works_saves_model_objects"/>
    <testcase time="0.00799999999999912" classname="data_utils" name="weight_func_works_saves_model_objects"/>
    <testcase time="0.00200000000000244" classname="data_utils" name="weight_func_works_saves_model_objects"/>
    <testcase time="0.0139999999999993" classname="data_utils" name="weight_func_works_saves_model_objects"/>
    <testcase time="0.0069999999999979" classname="data_utils" name="weight_func_works_saves_model_objects"/>
    <testcase time="0.00200000000000244" classname="data_utils" name="weight_func_works_saves_model_objects"/>
    <testcase time="0.0960000000000001" classname="data_utils" name="weight_func_works_with_user_specified_time_on_regime">
      <skipped message="Reason: On CRAN ('test-data_utils.R:103:3')"/>
    </testcase>
    <testcase time="0.178000000000001" classname="data_utils" name="weight_func_works_with_pool_cense_TRUE">
      <skipped message="Reason: On CRAN ('test-data_utils.R:120:3')"/>
    </testcase>
    <testcase time="0.0219999999999985" classname="data_utils" name="select_data_cols_works_as_expected"/>
    <testcase time="0.00900000000000034" classname="data_utils" name="select_data_cols_works_as_expected_with_non_default_names"/>
    <testcase time="0.00200000000000244" classname="data_utils" name="select_data_cols_works_as_expected_with_non_default_names"/>
    <testcase time="0.00900000000000034" classname="data_utils" name="user_can_select_period_in_select_data_cols"/>
    <testcase time="0.00899999999999679" classname="data_utils" name="select_data_cols_allows_derived_variables_in_formula_vars"/>
  </testsuite>
  <testsuite name="generics" timestamp="2023-05-02T21:45:39Z" hostname="f47a49b5e172" tests="4" skipped="3" failures="0" errors="0" time="7.847">
    <testcase time="1.907" classname="generics" name="summary_for_data_preparation_separate_TRUE">
      <skipped message="Reason: On CRAN ('test-generics.R:24:3')"/>
    </testcase>
    <testcase time="2.683" classname="generics" name="summary_for_data_preparation_separate_FALSE">
      <skipped message="Reason: On CRAN ('test-generics.R:65:3')"/>
    </testcase>
    <testcase time="3.241" classname="generics" name="summary_for_initiators"/>
    <testcase time="0.0160000000000053" classname="generics" name="summary_for_initiators">
      <skipped message="Reason: On CRAN ('test-generics.R:94:3')"/>
    </testcase>
  </testsuite>
  <testsuite name="lr_utils" timestamp="2023-05-02T21:45:47Z" hostname="f47a49b5e172" tests="10" skipped="0" failures="0" errors="0" time="0.097">
    <testcase time="0.0399999999999991" classname="lr_utils" name="fit_glm_works"/>
    <testcase time="0.00199999999999534" classname="lr_utils" name="fit_glm_works"/>
    <testcase time="0.0160000000000053" classname="lr_utils" name="fit_glm_works_with_parglm_and_defaults"/>
    <testcase time="0.000999999999997669" classname="lr_utils" name="fit_glm_works_with_parglm_and_defaults"/>
    <testcase time="0.00500000000000256" classname="lr_utils" name="fit_glm_works_with_parglm_and_defaults"/>
    <testcase time="0.00600000000000023" classname="lr_utils" name="fit_glm_works_with_parglm_and_defaults"/>
    <testcase time="0.00999999999999801" classname="lr_utils" name="fit_glm_works_with_parglm"/>
    <testcase time="0.0069999999999979" classname="lr_utils" name="fit_glm_works_with_parglm"/>
    <testcase time="0.00500000000000256" classname="lr_utils" name="fit_glm_works_with_parglm"/>
    <testcase time="0.00499999999999545" classname="lr_utils" name="fit_glm_works_with_parglm"/>
  </testsuite>
  <testsuite name="modelling" timestamp="2023-05-02T21:45:47Z" hostname="f47a49b5e172" tests="30" skipped="5" failures="0" errors="0" time="47.343">
    <testcase time="12.433" classname="modelling" name="data_modelling_can_be_quiet"/>
    <testcase time="8.987" classname="modelling" name="data_modelling_gives_expected_results_in_example_data"/>
    <testcase time="0.00800000000000267" classname="modelling" name="data_modelling_gives_expected_results_in_example_data"/>
    <testcase time="0.00499999999999545" classname="modelling" name="data_modelling_gives_expected_results_in_example_data"/>
    <testcase time="0.00600000000000023" classname="modelling" name="data_modelling_gives_expected_results_in_example_data"/>
    <testcase time="0.00100000000000477" classname="modelling" name="data_modelling_gives_expected_results_in_example_data"/>
    <testcase time="5.746" classname="modelling" name="data_modelling_works_with_data.tables_and_weights"/>
    <testcase time="11.383" classname="modelling" name="data_modelling_works_with_data.tables_and_weights"/>
    <testcase time="0.00699999999999079" classname="modelling" name="data_modelling_works_with_data.tables_and_weights"/>
    <testcase time="0.643000000000001" classname="modelling" name="Modelling_works_with_where_case"/>
    <testcase time="0.00199999999999534" classname="modelling" name="Modelling_works_with_where_case"/>
    <testcase time="0.00200000000000955" classname="modelling" name="Modelling_works_with_where_case">
      <skipped message="Reason: On CRAN ('test-modelling.R:151:3')"/>
    </testcase>
    <testcase time="0.524999999999991" classname="modelling" name="data_modelling_works_with_analysis_weights_unweighted"/>
    <testcase time="0.00300000000000011" classname="modelling" name="data_modelling_works_with_analysis_weights_unweighted">
      <skipped message="Reason: On CRAN ('test-modelling.R:172:3')"/>
    </testcase>
    <testcase time="0.563000000000002" classname="modelling" name="data_modelling_works_with_analysis_weights_p99"/>
    <testcase time="0.00200000000000955" classname="modelling" name="data_modelling_works_with_analysis_weights_p99">
      <skipped message="Reason: On CRAN ('test-modelling.R:193:3')"/>
    </testcase>
    <testcase time="0.560999999999993" classname="modelling" name="data_modelling_works_with_analysis_weights_weight_limits"/>
    <testcase time="0.00199999999999534" classname="modelling" name="data_modelling_works_with_analysis_weights_weight_limits">
      <skipped message="Reason: On CRAN ('test-modelling.R:216:3')"/>
    </testcase>
    <testcase time="0.564000000000007" classname="modelling" name="data_modelling_works_with_missing_sample_weights"/>
    <testcase time="0.00199999999999534" classname="modelling" name="data_modelling_works_with_missing_sample_weights"/>
    <testcase time="0.537000000000006" classname="modelling" name="data_modelling_works_with_missing_sample_weights"/>
    <testcase time="0.00600000000000023" classname="modelling" name="data_modelling_works_with_missing_sample_weights"/>
    <testcase time="0.593000000000004" classname="modelling" name="data_modelling_works_with_sample_weights"/>
    <testcase time="0.00300000000000011" classname="modelling" name="data_modelling_works_with_sample_weights">
      <skipped message="Reason: On CRAN ('test-modelling.R:277:3')"/>
    </testcase>
    <testcase time="0.546999999999997" classname="modelling" name="data_modelling_makes_model_formula_as_expected_with_weight_and_censor"/>
    <testcase time="0.00600000000000023" classname="modelling" name="data_modelling_makes_model_formula_as_expected_with_weight_and_censor"/>
    <testcase time="0.521999999999991" classname="modelling" name="data_modelling_makes_model_formula_as_expected_with_no_weight_and_no_censor"/>
    <testcase time="3.13500000000001" classname="modelling" name="data_modelling_makes_model_formula_as_expected_with_weight_and_no_censor"/>
    <testcase time="0.007000000000005" classname="modelling" name="data_modelling_makes_model_formula_as_expected_with_weight_and_no_censor"/>
    <testcase time="0.542000000000002" classname="modelling" name="data_modelling_makes_model_formula_as_expected_with_no_weight_and_censor"/>
  </testsuite>
  <testsuite name="predict" timestamp="2023-05-02T21:46:35Z" hostname="f47a49b5e172" tests="8" skipped="3" failures="0" errors="0" time="56.179">
    <testcase time="38.62" classname="predict" name="predict.RTE_model_works_as_expected"/>
    <testcase time="0.00200000000000955" classname="predict" name="predict.RTE_model_works_as_expected">
      <skipped message="Reason: On CRAN ('test-predict.R:26:3')"/>
    </testcase>
    <testcase time="16.784" classname="predict" name="predict.RTE_model_works_with_newdata">
      <skipped message="Reason: On CRAN ('test-predict.R:52:3')"/>
    </testcase>
    <testcase time="0.0339999999999918" classname="predict" name="calculate_cum_inc_works_as_expected"/>
    <testcase time="0.0100000000000193" classname="predict" name="calculate_survival_works_as_expected"/>
    <testcase time="0.692999999999984" classname="predict" name="predict.RTE_model_works_with_interactions"/>
    <testcase time="0.00100000000000477" classname="predict" name="predict.RTE_model_works_with_interactions"/>
    <testcase time="0.0349999999999966" classname="predict" name="predict.RTE_model_works_with_interactions">
      <skipped message="Reason: On CRAN ('test-predict.R:112:3')"/>
    </testcase>
  </testsuite>
  <testsuite name="robust" timestamp="2023-05-02T21:47:31Z" hostname="f47a49b5e172" tests="3" skipped="0" failures="0" errors="0" time="2.864">
    <testcase time="2.83699999999999" classname="robust" name="robust_calculation_works_as_expected"/>
    <testcase time="0.0180000000000007" classname="robust" name="robust_calculation_works_as_expected"/>
    <testcase time="0.00900000000001455" classname="robust" name="robust_calculation_works_as_expected"/>
  </testsuite>
  <testsuite name="sampling" timestamp="2023-05-02T21:47:34Z" hostname="f47a49b5e172" tests="24" skipped="6" failures="0" errors="0" time="35.511">
    <testcase time="0.140999999999991" classname="sampling" name="do_sampling_works_as_expected_when_case_exist">
      <skipped message="Reason: On CRAN ('test-sampling.R:5:3')"/>
    </testcase>
    <testcase time="0.194999999999993" classname="sampling" name="do_sampling_works_as_expected_when_no_cases_exist">
      <skipped message="Reason: On CRAN ('test-sampling.R:15:3')"/>
    </testcase>
    <testcase time="0.279000000000025" classname="sampling" name="sample_from_period_works_as_expected"/>
    <testcase time="0.00600000000000023" classname="sampling" name="sample_from_period_works_as_expected"/>
    <testcase time="0.00999999999999091" classname="sampling" name="sample_from_period_works_as_expected"/>
    <testcase time="0.0029999999999859" classname="sampling" name="sample_from_period_works_as_expected"/>
    <testcase time="0.00300000000001432" classname="sampling" name="sample_from_period_works_as_expected">
      <skipped message="Reason: On CRAN ('test-sampling.R:34:3')"/>
    </testcase>
    <testcase time="0.182999999999993" classname="sampling" name="sample_from_period_works_as_expected_with_multiple_proportions"/>
    <testcase time="0.00800000000000978" classname="sampling" name="sample_from_period_works_as_expected_with_multiple_proportions"/>
    <testcase time="0.00399999999999068" classname="sampling" name="sample_from_period_works_as_expected_with_multiple_proportions"/>
    <testcase time="0.0029999999999859" classname="sampling" name="sample_from_period_works_as_expected_with_multiple_proportions"/>
    <testcase time="0.00200000000000955" classname="sampling" name="sample_from_period_works_as_expected_with_multiple_proportions">
      <skipped message="Reason: On CRAN ('test-sampling.R:54:3')"/>
    </testcase>
    <testcase time="4.26500000000001" classname="sampling" name="case_control_sampling_trials_works_with_separate_files_TRUE"/>
    <testcase time="0.0029999999999859" classname="sampling" name="case_control_sampling_trials_works_with_separate_files_TRUE">
      <skipped message="Reason: On CRAN ('test-sampling.R:85:3')"/>
    </testcase>
    <testcase time="4.572" classname="sampling" name="case_control_sampling_trials_works_with_separate_files_FALSE"/>
    <testcase time="0.00300000000001432" classname="sampling" name="case_control_sampling_trials_works_with_separate_files_FALSE">
      <skipped message="Reason: On CRAN ('test-sampling.R:101:3')"/>
    </testcase>
    <testcase time="6.49199999999999" classname="sampling" name="case_control_sampling_trials_works_with_separate_files_TRUE_is_reproducible"/>
    <testcase time="4.703" classname="sampling" name="case_control_sampling_trials_works_with_subsetting"/>
    <testcase time="0.0159999999999911" classname="sampling" name="case_control_sampling_trials_gives_errors_for_arguments"/>
    <testcase time="0.00999999999999091" classname="sampling" name="case_control_sampling_trials_gives_errors_for_arguments"/>
    <testcase time="5.16200000000001" classname="sampling" name="case_control_sampling_trials_works_with_multiple_p_control"/>
    <testcase time="0.00200000000000955" classname="sampling" name="case_control_sampling_trials_works_with_multiple_p_control"/>
    <testcase time="0.00200000000000955" classname="sampling" name="case_control_sampling_trials_works_with_multiple_p_control"/>
    <testcase time="9.44399999999999" classname="sampling" name="case_control_sampling_trials_works_with_sort_TRUE"/>
  </testsuite>
  <testsuite name="utils" timestamp="2023-05-02T21:48:09Z" hostname="f47a49b5e172" tests="18" skipped="0" failures="0" errors="0" time="0.634">
    <testcase time="0.0149999999999864" classname="utils" name="quiet_print_works_as_expected"/>
    <testcase time="0.00300000000001432" classname="utils" name="quiet_print_works_as_expected"/>
    <testcase time="0.007000000000005" classname="utils" name="quiet_msg_works_as_expected"/>
    <testcase time="0.00899999999998613" classname="utils" name="quiet_msg_works_as_expected"/>
    <testcase time="0.00600000000000023" classname="utils" name="quiet_line_works_as_expected"/>
    <testcase time="0.00800000000000978" classname="utils" name="quiet_line_works_as_expected"/>
    <testcase time="0.475999999999999" classname="utils" name="quiet_msg_time_works_as_expected"/>
    <testcase time="0.00800000000000978" classname="utils" name="quiet_msg_time_works_as_expected"/>
    <testcase time="0.0219999999999914" classname="utils" name="extract_baseline_works_works_as_expected"/>
    <testcase time="0.00999999999999091" classname="utils" name="as_formula_works_with_a_formula_as_string"/>
    <testcase time="0.00900000000001455" classname="utils" name="as_formula_works_with_strings"/>
    <testcase time="0.00899999999998613" classname="utils" name="as_formula_works_with_formulas"/>
    <testcase time="0.0130000000000052" classname="utils" name="assert_monotonic_works_as_expected"/>
    <testcase time="0.007000000000005" classname="utils" name="assert_monotonic_works_as_expected"/>
    <testcase time="0.0139999999999816" classname="utils" name="assert_monotonic_works_as_expected"/>
    <testcase time="0.007000000000005" classname="utils" name="assert_monotonic_works_as_expected"/>
    <testcase time="0.00600000000000023" classname="utils" name="assert_monotonic_works_as_expected"/>
    <testcase time="0.00499999999999545" classname="utils" name="assert_monotonic_works_as_expected"/>
  </testsuite>
</testsuites>
