<?xml version="1.0" encoding="UTF-8"?>
<testsuites>
  <testsuite name="data_extension" timestamp="2024-08-19T11:39:20Z" hostname="95b9ca438eb2" tests="21" skipped="0" failures="0" errors="0" time="0.609">
    <testcase time="0.0519999999999998" classname="data_extension" name="check_expand_switch_works_as_expected"/>
    <testcase time="0.0270000000000001" classname="data_extension" name="check_expand_switch_works_as_expected"/>
    <testcase time="0.00800000000000001" classname="data_extension" name="check_expand_switch_works_as_expected"/>
    <testcase time="0.00299999999999989" classname="data_extension" name="check_expand_switch_works_as_expected"/>
    <testcase time="0.034" classname="data_extension" name="expand_works_as_expected"/>
    <testcase time="0.00900000000000012" classname="data_extension" name="expand_works_as_expected"/>
    <testcase time="0.077" classname="data_extension" name="data_extensions_works_as_expected_with_first_and_last_periods"/>
    <testcase time="0.00299999999999989" classname="data_extension" name="data_extensions_works_as_expected_with_first_and_last_periods"/>
    <testcase time="0.00300000000000011" classname="data_extension" name="data_extensions_works_as_expected_with_first_and_last_periods"/>
    <testcase time="0.00099999999999989" classname="data_extension" name="data_extensions_works_as_expected_with_first_and_last_periods"/>
    <testcase time="0.00300000000000011" classname="data_extension" name="data_extensions_works_as_expected_with_first_and_last_periods"/>
    <testcase time="0.00299999999999989" classname="data_extension" name="data_extensions_works_as_expected_with_first_and_last_periods"/>
    <testcase time="0.00100000000000011" classname="data_extension" name="data_extensions_works_as_expected_with_first_and_last_periods"/>
    <testcase time="0.331" classname="data_extension" name="data_extensions_works_as_expected_with_separate_files_TRUE"/>
    <testcase time="0.00100000000000011" classname="data_extension" name="data_extensions_works_as_expected_with_separate_files_TRUE"/>
    <testcase time="0.00099999999999989" classname="data_extension" name="data_extensions_works_as_expected_with_separate_files_TRUE"/>
    <testcase time="0.00100000000000011" classname="data_extension" name="data_extensions_works_as_expected_with_separate_files_TRUE"/>
    <testcase time="0.0069999999999999" classname="data_extension" name="data_extensions_works_as_expected_with_separate_files_TRUE"/>
    <testcase time="0.002" classname="data_extension" name="data_extensions_works_as_expected_with_separate_files_TRUE"/>
    <testcase time="0.00299999999999989" classname="data_extension" name="data_extensions_works_as_expected_with_separate_files_TRUE"/>
    <testcase time="0.0390000000000001" classname="data_extension" name="data_extensions_works_as_expected_with_separate_files_TRUE"/>
  </testsuite>
  <testsuite name="data_manipulation" timestamp="2024-08-19T11:39:20Z" hostname="95b9ca438eb2" tests="12" skipped="0" failures="0" errors="0" time="1.108">
    <testcase time="0.526" classname="data_manipulation" name="data_manipulation_works_as_expected_with_no_censoring"/>
    <testcase time="0.00100000000000033" classname="data_manipulation" name="data_manipulation_works_as_expected_with_no_censoring"/>
    <testcase time="0.004" classname="data_manipulation" name="data_manipulation_works_as_expected_with_no_censoring"/>
    <testcase time="0.486" classname="data_manipulation" name="data_manipulation_works_as_expected_with_censoring"/>
    <testcase time="0.00099999999999989" classname="data_manipulation" name="data_manipulation_works_as_expected_with_censoring"/>
    <testcase time="0.00300000000000011" classname="data_manipulation" name="data_manipulation_works_as_expected_with_censoring"/>
    <testcase time="0.0369999999999999" classname="data_manipulation" name="data_manipulation_works_as_expected_with_observations_before_eligibilitiy"/>
    <testcase time="0.00100000000000033" classname="data_manipulation" name="data_manipulation_works_as_expected_with_observations_before_eligibilitiy"/>
    <testcase time="0.004" classname="data_manipulation" name="data_manipulation_works_as_expected_with_observations_before_eligibilitiy"/>
    <testcase time="0.0389999999999997" classname="data_manipulation" name="data_manipulation_works_as_expected_with_observations_after_outcome"/>
    <testcase time="0.00200000000000022" classname="data_manipulation" name="data_manipulation_works_as_expected_with_observations_after_outcome"/>
    <testcase time="0.004" classname="data_manipulation" name="data_manipulation_works_as_expected_with_observations_after_outcome"/>
  </testsuite>
  <testsuite name="data_preparation" timestamp="2024-08-19T11:39:22Z" hostname="95b9ca438eb2" tests="24" skipped="0" failures="0" errors="0" time="12.3">
    <testcase time="3.723" classname="data_preparation" name="data_preparation_works_as_expected"/>
    <testcase time="0.00300000000000011" classname="data_preparation" name="data_preparation_works_as_expected"/>
    <testcase time="0.00199999999999978" classname="data_preparation" name="data_preparation_works_as_expected"/>
    <testcase time="0.00100000000000033" classname="data_preparation" name="data_preparation_works_as_expected"/>
    <testcase time="0.296" classname="data_preparation" name="data_preparation_works_as_expected"/>
    <testcase time="1.781" classname="data_preparation" name="data_preparation_can_be_quiet"/>
    <testcase time="0.00999999999999979" classname="data_preparation" name="data_preparation_gives_an_error_for_existing_trial_files"/>
    <testcase time="0.0080000000000009" classname="data_preparation" name="check_data_dir_gives_a_warning_for_existing_model_files"/>
    <testcase time="0.844999999999999" classname="data_preparation" name="data_preparation_has_correct_values_for_treatment_"/>
    <testcase time="0.00200000000000067" classname="data_preparation" name="data_preparation_has_correct_values_for_treatment_"/>
    <testcase time="2.219" classname="data_preparation" name="data_preparation_works_with_PP_estimand_type"/>
    <testcase time="0.00300000000000011" classname="data_preparation" name="data_preparation_works_with_PP_estimand_type"/>
    <testcase time="0.00200000000000067" classname="data_preparation" name="data_preparation_works_with_PP_estimand_type"/>
    <testcase time="0.00199999999999889" classname="data_preparation" name="data_preparation_works_with_PP_estimand_type"/>
    <testcase time="2.456" classname="data_preparation" name="data_preparation_works_with_As_Treated_estimand_type"/>
    <testcase time="0.00300000000000011" classname="data_preparation" name="data_preparation_works_with_As_Treated_estimand_type"/>
    <testcase time="0.00300000000000011" classname="data_preparation" name="data_preparation_works_with_As_Treated_estimand_type"/>
    <testcase time="0.000999999999999446" classname="data_preparation" name="data_preparation_works_with_As_Treated_estimand_type"/>
    <testcase time="0.922000000000001" classname="data_preparation" name="data_preparation_works_with_ITT_and_censor_weights"/>
    <testcase time="0.00399999999999956" classname="data_preparation" name="data_preparation_works_with_ITT_and_censor_weights"/>
    <testcase time="0.00399999999999956" classname="data_preparation" name="data_preparation_works_with_ITT_and_censor_weights"/>
    <testcase time="0.000999999999999446" classname="data_preparation" name="data_preparation_works_with_ITT_and_censor_weights"/>
    <testcase time="0.00500000000000078" classname="data_preparation" name="data_preparation_works_with_ITT_and_censor_weights"/>
    <testcase time="0.00399999999999956" classname="data_preparation" name="data_preparation_works_with_ITT_and_censor_weights"/>
  </testsuite>
  <testsuite name="data_utils" timestamp="2024-08-19T11:39:34Z" hostname="95b9ca438eb2" tests="17" skipped="3" failures="0" errors="0" time="1.122">
    <testcase time="0.016" classname="data_utils" name="weight_func_works_as_expected"/>
    <testcase time="0.286" classname="data_utils" name="weight_func_works_as_expected">
      <skipped message="Reason: On CRAN ('test-data_utils.R:6:3')"/>
    </testcase>
    <testcase time="0.0260000000000016" classname="data_utils" name="weight_func_works_saves_model_objects"/>
    <testcase time="0.479999999999999" classname="data_utils" name="weight_func_works_saves_model_objects"/>
    <testcase time="0.0120000000000005" classname="data_utils" name="weight_func_works_saves_model_objects"/>
    <testcase time="0.00400000000000134" classname="data_utils" name="weight_func_works_saves_model_objects"/>
    <testcase time="0.000999999999997669" classname="data_utils" name="weight_func_works_saves_model_objects"/>
    <testcase time="0.00800000000000267" classname="data_utils" name="weight_func_works_saves_model_objects"/>
    <testcase time="0.00399999999999778" classname="data_utils" name="weight_func_works_saves_model_objects"/>
    <testcase time="0.00100000000000122" classname="data_utils" name="weight_func_works_saves_model_objects"/>
    <testcase time="0.0960000000000001" classname="data_utils" name="weight_func_works_with_user_specified_time_on_regime">
      <skipped message="Reason: On CRAN ('test-data_utils.R:111:3')"/>
    </testcase>
    <testcase time="0.132999999999999" classname="data_utils" name="weight_func_works_with_pool_cense_TRUE">
      <skipped message="Reason: On CRAN ('test-data_utils.R:131:3')"/>
    </testcase>
    <testcase time="0.0219999999999985" classname="data_utils" name="select_data_cols_works_as_expected"/>
    <testcase time="0.00800000000000267" classname="data_utils" name="select_data_cols_works_as_expected_with_non_default_names"/>
    <testcase time="0.00199999999999889" classname="data_utils" name="select_data_cols_works_as_expected_with_non_default_names"/>
    <testcase time="0.0139999999999993" classname="data_utils" name="user_can_select_period_in_select_data_cols"/>
    <testcase time="0.00900000000000034" classname="data_utils" name="select_data_cols_allows_derived_variables_in_formula_vars"/>
  </testsuite>
  <testsuite name="generics" timestamp="2024-08-19T11:39:35Z" hostname="95b9ca438eb2" tests="4" skipped="3" failures="0" errors="0" time="2.65">
    <testcase time="0.669" classname="generics" name="summary_for_data_preparation_separate_TRUE">
      <skipped message="Reason: On CRAN ('test-generics.R:25:3')"/>
    </testcase>
    <testcase time="0.937000000000001" classname="generics" name="summary_for_data_preparation_separate_FALSE">
      <skipped message="Reason: On CRAN ('test-generics.R:66:3')"/>
    </testcase>
    <testcase time="1.032" classname="generics" name="summary_for_initiators"/>
    <testcase time="0.0120000000000005" classname="generics" name="summary_for_initiators">
      <skipped message="Reason: On CRAN ('test-generics.R:95:3')"/>
    </testcase>
  </testsuite>
  <testsuite name="lr_utils" timestamp="2024-08-19T11:39:38Z" hostname="95b9ca438eb2" tests="12" skipped="0" failures="0" errors="0" time="0.095">
    <testcase time="0.0479999999999983" classname="lr_utils" name="fit_glm_works"/>
    <testcase time="0.00100000000000122" classname="lr_utils" name="fit_glm_works"/>
    <testcase time="0.0109999999999992" classname="lr_utils" name="fit_glm_works_with_parglm_and_defaults"/>
    <testcase time="0.00199999999999889" classname="lr_utils" name="fit_glm_works_with_parglm_and_defaults"/>
    <testcase time="0.00200000000000244" classname="lr_utils" name="fit_glm_works_with_parglm_and_defaults"/>
    <testcase time="0.00399999999999778" classname="lr_utils" name="fit_glm_works_with_parglm_and_defaults"/>
    <testcase time="0.00600000000000023" classname="lr_utils" name="fit_glm_works_with_parglm"/>
    <testcase time="0.00400000000000134" classname="lr_utils" name="fit_glm_works_with_parglm"/>
    <testcase time="0.00199999999999889" classname="lr_utils" name="fit_glm_works_with_parglm"/>
    <testcase time="0.00300000000000011" classname="lr_utils" name="fit_glm_works_with_parglm"/>
    <testcase time="0.00700000000000145" classname="lr_utils" name="p99_weight_works_as_expected"/>
    <testcase time="0.00499999999999901" classname="lr_utils" name="limit_weight_works_as_expected"/>
  </testsuite>
  <testsuite name="modelling" timestamp="2024-08-19T11:39:38Z" hostname="95b9ca438eb2" tests="23" skipped="10" failures="0" errors="0" time="13.073">
    <testcase time="0.256" classname="modelling" name="trial_msm_can_be_quiet"/>
    <testcase time="3.887" classname="modelling" name="trial_msm_gives_expected_results_in_example_data"/>
    <testcase time="0.00399999999999778" classname="modelling" name="trial_msm_gives_expected_results_in_example_data"/>
    <testcase time="0.00300000000000011" classname="modelling" name="trial_msm_gives_expected_results_in_example_data"/>
    <testcase time="0.00300000000000011" classname="modelling" name="trial_msm_gives_expected_results_in_example_data"/>
    <testcase time="0.00200000000000244" classname="modelling" name="trial_msm_gives_expected_results_in_example_data"/>
    <testcase time="2.727" classname="modelling" name="trial_msm_works_with_data.tables_and_weights"/>
    <testcase time="5.839" classname="modelling" name="trial_msm_works_with_data.tables_and_weights"/>
    <testcase time="0.00400000000000134" classname="modelling" name="trial_msm_works_with_data.tables_and_weights"/>
    <testcase time="0.00399999999999778" classname="modelling" name="Modelling_works_with_where_case">
      <skipped message="Reason: On CRAN ('test-modelling.R:99:3')"/>
    </testcase>
    <testcase time="0.0130000000000017" classname="modelling" name="trial_msm_works_with_analysis_weights_unweighted">
      <skipped message="Reason: On CRAN ('test-modelling.R:154:3')"/>
    </testcase>
    <testcase time="0.0120000000000005" classname="modelling" name="trial_msm_works_with_analysis_weights_p99">
      <skipped message="Reason: On CRAN ('test-modelling.R:175:3')"/>
    </testcase>
    <testcase time="0.0139999999999993" classname="modelling" name="trial_msm_works_with_analysis_weights_weight_limits">
      <skipped message="Reason: On CRAN ('test-modelling.R:205:3')"/>
    </testcase>
    <testcase time="0.0129999999999981" classname="modelling" name="trial_msm_works_with_missing_sample_weights">
      <skipped message="Reason: On CRAN ('test-modelling.R:229:3')"/>
    </testcase>
    <testcase time="0.0120000000000005" classname="modelling" name="trial_msm_works_with_sample_weights">
      <skipped message="Reason: On CRAN ('test-modelling.R:266:3')"/>
    </testcase>
    <testcase time="0.0120000000000005" classname="modelling" name="trial_msm_makes_model_formula_as_expected_with_weight_and_censor">
      <skipped message="Reason: On CRAN ('test-modelling.R:290:3')"/>
    </testcase>
    <testcase time="0.0120000000000005" classname="modelling" name="trial_msm_makes_model_formula_as_expected_with_estimand_As_Treated">
      <skipped message="Reason: On CRAN ('test-modelling.R:314:3')"/>
    </testcase>
    <testcase time="0.0120000000000005" classname="modelling" name="trial_msm_makes_model_formula_as_expected_with_estimand_type_ITT_and_unweighted">
      <skipped message="Reason: On CRAN ('test-modelling.R:357:3')"/>
    </testcase>
    <testcase time="0.223000000000003" classname="modelling" name="fit_msm_works"/>
    <testcase time="0.00199999999999534" classname="modelling" name="fit_msm_works"/>
    <testcase time="0.00200000000000244" classname="modelling" name="fit_msm_works"/>
    <testcase time="0.00199999999999534" classname="modelling" name="fit_msm_works"/>
    <testcase time="0.0150000000000006" classname="modelling" name="fit_msm_works">
      <skipped message="Reason: On CRAN ('test-modelling.R:431:3')"/>
    </testcase>
  </testsuite>
  <testsuite name="predict" timestamp="2024-08-19T11:39:51Z" hostname="95b9ca438eb2" tests="14" skipped="4" failures="0" errors="0" time="44.949">
    <testcase time="17.116" classname="predict" name="predict.TE_msm_works_as_expected"/>
    <testcase time="0.036999999999999" classname="predict" name="predict.TE_msm_works_as_expected">
      <skipped message="Reason: On CRAN ('test-predict.R:26:3')"/>
    </testcase>
    <testcase time="9.156" classname="predict" name="predict.TE_msm_works_with_newdata">
      <skipped message="Reason: On CRAN ('test-predict.R:51:3')"/>
    </testcase>
    <testcase time="0.0219999999999985" classname="predict" name="calculate_cum_inc_works_as_expected"/>
    <testcase time="0.00800000000000267" classname="predict" name="calculate_survival_works_as_expected"/>
    <testcase time="0.0339999999999989" classname="predict" name="predict.TE_msm_works_with_interactions"/>
    <testcase time="0.000999999999997669" classname="predict" name="predict.TE_msm_works_with_interactions"/>
    <testcase time="0.0470000000000041" classname="predict" name="predict.TE_msm_works_with_interactions">
      <skipped message="Reason: On CRAN ('test-predict.R:108:3')"/>
    </testcase>
    <testcase time="0.0599999999999952" classname="predict" name="predict.TE_msm_warns_for_As_Treated"/>
    <testcase time="0.00200000000000244" classname="predict" name="predict.TE_msm_warns_for_As_Treated"/>
    <testcase time="0.027000000000001" classname="predict" name="predict.TE_msm_warns_for_As_Treated"/>
    <testcase time="18.298" classname="predict" name="predict.TE_msm_gives_the_same_results_as_new_predict"/>
    <testcase time="0.117999999999995" classname="predict" name="predict.TE_msm_gives_the_same_results_as_new_predict"/>
    <testcase time="0.0229999999999961" classname="predict" name="predict.TE_msm_gives_the_same_results_as_new_predict">
      <skipped message="Reason: On CRAN ('test-predict.R:171:3')"/>
    </testcase>
  </testsuite>
  <testsuite name="robust" timestamp="2024-08-19T11:40:36Z" hostname="95b9ca438eb2" tests="3" skipped="0" failures="0" errors="0" time="1.817">
    <testcase time="1.80500000000001" classname="robust" name="robust_calculation_works_as_expected"/>
    <testcase time="0.00900000000000034" classname="robust" name="robust_calculation_works_as_expected"/>
    <testcase time="0.00300000000000011" classname="robust" name="robust_calculation_works_as_expected"/>
  </testsuite>
  <testsuite name="sampling" timestamp="2024-08-19T11:40:38Z" hostname="95b9ca438eb2" tests="54" skipped="7" failures="0" errors="0" time="7.56">
    <testcase time="0.0819999999999936" classname="sampling" name="do_sampling_works_as_expected_when_case_exist">
      <skipped message="Reason: On CRAN ('test-sampling.R:5:3')"/>
    </testcase>
    <testcase time="0.0790000000000077" classname="sampling" name="do_sampling_works_as_expected_when_no_cases_exist">
      <skipped message="Reason: On CRAN ('test-sampling.R:15:3')"/>
    </testcase>
    <testcase time="0.0609999999999928" classname="sampling" name="sample_from_period_works_as_expected"/>
    <testcase time="0.00400000000000489" classname="sampling" name="sample_from_period_works_as_expected"/>
    <testcase time="0.007000000000005" classname="sampling" name="sample_from_period_works_as_expected"/>
    <testcase time="0.00300000000000011" classname="sampling" name="sample_from_period_works_as_expected"/>
    <testcase time="0.00699999999999079" classname="sampling" name="sample_from_period_works_as_expected">
      <skipped message="Reason: On CRAN ('test-sampling.R:34:3')"/>
    </testcase>
    <testcase time="0.0900000000000034" classname="sampling" name="sample_from_period_works_as_expected_with_multiple_proportions"/>
    <testcase time="0.00300000000000011" classname="sampling" name="sample_from_period_works_as_expected_with_multiple_proportions"/>
    <testcase time="0.00199999999999534" classname="sampling" name="sample_from_period_works_as_expected_with_multiple_proportions"/>
    <testcase time="0.00200000000000955" classname="sampling" name="sample_from_period_works_as_expected_with_multiple_proportions"/>
    <testcase time="0.00699999999999079" classname="sampling" name="sample_from_period_works_as_expected_with_multiple_proportions">
      <skipped message="Reason: On CRAN ('test-sampling.R:54:3')"/>
    </testcase>
    <testcase time="1.27600000000001" classname="sampling" name="case_control_sampling_trials_works_with_separate_files_TRUE"/>
    <testcase time="0.0299999999999869" classname="sampling" name="case_control_sampling_trials_works_with_separate_files_TRUE">
      <skipped message="Reason: On CRAN ('test-sampling.R:86:3')"/>
    </testcase>
    <testcase time="1.23800000000001" classname="sampling" name="case_control_sampling_trials_works_with_separate_files_FALSE"/>
    <testcase time="0.00699999999999079" classname="sampling" name="case_control_sampling_trials_works_with_separate_files_FALSE">
      <skipped message="Reason: On CRAN ('test-sampling.R:103:3')"/>
    </testcase>
    <testcase time="1.91200000000001" classname="sampling" name="case_control_sampling_trials_works_with_separate_files_TRUE_is_reproducible"/>
    <testcase time="0.631999999999991" classname="sampling" name="case_control_sampling_trials_works_with_subsetting"/>
    <testcase time="0.00900000000000034" classname="sampling" name="case_control_sampling_trials_gives_errors_for_arguments"/>
    <testcase time="0.00500000000000966" classname="sampling" name="case_control_sampling_trials_gives_errors_for_arguments"/>
    <testcase time="1.045" classname="sampling" name="case_control_sampling_trials_works_with_multiple_p_control"/>
    <testcase time="0.00199999999999534" classname="sampling" name="case_control_sampling_trials_works_with_multiple_p_control"/>
    <testcase time="0.00100000000000477" classname="sampling" name="case_control_sampling_trials_works_with_multiple_p_control"/>
    <testcase time="0.00399999999999068" classname="sampling" name="case_control_sampling_trials_works_with_sort_TRUE">
      <skipped message="Reason: On CRAN ('test-sampling.R:180:3')"/>
    </testcase>
    <testcase time="0.0160000000000053" classname="sampling" name="sample_controls_works_with_trial_sequence_objects_containing_te_datastore_datatable_objects"/>
    <testcase time="0.224000000000004" classname="sampling" name="sample_controls_works_with_trial_sequence_objects_containing_te_datastore_datatable_objects"/>
    <testcase time="0.135999999999996" classname="sampling" name="sample_controls_works_with_trial_sequence_objects_containing_te_datastore_datatable_objects"/>
    <testcase time="0.0480000000000018" classname="sampling" name="sample_controls_works_with_trial_sequence_objects_containing_te_datastore_datatable_objects"/>
    <testcase time="0.046999999999997" classname="sampling" name="sample_controls_works_with_trial_sequence_objects_containing_te_datastore_datatable_objects"/>
    <testcase time="0.00300000000000011" classname="sampling" name="sample_controls_works_with_trial_sequence_objects_containing_te_datastore_datatable_objects"/>
    <testcase time="0.00300000000000011" classname="sampling" name="sample_controls_works_with_trial_sequence_objects_containing_te_datastore_datatable_objects"/>
    <testcase time="0.00300000000000011" classname="sampling" name="sample_controls_works_with_trial_sequence_objects_containing_te_datastore_datatable_objects"/>
    <testcase time="0.00199999999999534" classname="sampling" name="sample_controls_works_with_trial_sequence_objects_containing_te_datastore_datatable_objects"/>
    <testcase time="0.0499999999999972" classname="sampling" name="sample_controls_works_with_trial_sequence_objects_containing_te_datastore_datatable_objects"/>
    <testcase time="0.00100000000000477" classname="sampling" name="sample_controls_works_with_trial_sequence_objects_containing_te_datastore_datatable_objects"/>
    <testcase time="0.00199999999999534" classname="sampling" name="sample_controls_works_with_trial_sequence_objects_containing_te_datastore_datatable_objects"/>
    <testcase time="0.00100000000000477" classname="sampling" name="sample_controls_works_with_trial_sequence_objects_containing_te_datastore_datatable_objects"/>
    <testcase time="0.156000000000006" classname="sampling" name="load_expanded_data_works_with_trial_sequence_objects_containing_te_datastore_datatable_objects"/>
    <testcase time="0.0480000000000018" classname="sampling" name="load_expanded_data_works_with_trial_sequence_objects_containing_te_datastore_datatable_objects"/>
    <testcase time="0.135999999999996" classname="sampling" name="load_expanded_data_works_with_trial_sequence_objects_containing_te_datastore_datatable_objects"/>
    <testcase time="0.0769999999999982" classname="sampling" name="load_expanded_data_works_with_trial_sequence_objects_containing_te_datastore_datatable_objects"/>
    <testcase time="0.0480000000000018" classname="sampling" name="load_expanded_data_works_with_trial_sequence_objects_containing_te_datastore_datatable_objects"/>
    <testcase time="0.00300000000000011" classname="sampling" name="load_expanded_data_works_with_trial_sequence_objects_containing_te_datastore_datatable_objects"/>
    <testcase time="0.00300000000000011" classname="sampling" name="load_expanded_data_works_with_trial_sequence_objects_containing_te_datastore_datatable_objects"/>
    <testcase time="0.00300000000000011" classname="sampling" name="load_expanded_data_works_with_trial_sequence_objects_containing_te_datastore_datatable_objects"/>
    <testcase time="0.00199999999999534" classname="sampling" name="load_expanded_data_works_with_trial_sequence_objects_containing_te_datastore_datatable_objects"/>
    <testcase time="0.00300000000000011" classname="sampling" name="load_expanded_data_works_with_trial_sequence_objects_containing_te_datastore_datatable_objects"/>
    <testcase time="0.00300000000000011" classname="sampling" name="load_expanded_data_works_with_trial_sequence_objects_containing_te_datastore_datatable_objects"/>
    <testcase time="0.00300000000000011" classname="sampling" name="load_expanded_data_works_with_trial_sequence_objects_containing_te_datastore_datatable_objects"/>
    <testcase time="0.0220000000000056" classname="sampling" name="load_expanded_data_works_with_trial_sequence_objects_containing_te_datastore_datatable_objects"/>
    <testcase time="0.00600000000000023" classname="sampling" name="load_expanded_data_works_with_trial_sequence_objects_containing_te_datastore_datatable_objects"/>
    <testcase time="0.000999999999990564" classname="sampling" name="load_expanded_data_works_with_trial_sequence_objects_containing_te_datastore_datatable_objects"/>
    <testcase time="0.00100000000000477" classname="sampling" name="load_expanded_data_works_with_trial_sequence_objects_containing_te_datastore_datatable_objects"/>
    <testcase time="0.000999999999990564" classname="sampling" name="load_expanded_data_works_with_trial_sequence_objects_containing_te_datastore_datatable_objects"/>
  </testsuite>
  <testsuite name="te_data" timestamp="2024-08-19T11:40:45Z" hostname="95b9ca438eb2" tests="10" skipped="0" failures="0" errors="0" time="0.043">
    <testcase time="0.00800000000000978" classname="te_data" name="te_outcome_data_constructor_works"/>
    <testcase time="0.00300000000000011" classname="te_data" name="te_outcome_data_constructor_works"/>
    <testcase time="0.00300000000000011" classname="te_data" name="te_outcome_data_constructor_works"/>
    <testcase time="0.00300000000000011" classname="te_data" name="te_outcome_data_constructor_works"/>
    <testcase time="0.000999999999990564" classname="te_data" name="te_outcome_data_constructor_works"/>
    <testcase time="0.00200000000000955" classname="te_data" name="te_outcome_data_constructor_works"/>
    <testcase time="0.00300000000000011" classname="te_data" name="te_outcome_data_constructor_works"/>
    <testcase time="0.00900000000000034" classname="te_data" name="te_outcome_data_constructor_fails_on_bad_input"/>
    <testcase time="0.00499999999999545" classname="te_data" name="te_outcome_data_constructor_fails_on_bad_input"/>
    <testcase time="0.00600000000000023" classname="te_data" name="te_outcome_data_constructor_fails_on_bad_input"/>
  </testsuite>
  <testsuite name="te_datastore" timestamp="2024-08-19T11:40:45Z" hostname="95b9ca438eb2" tests="7" skipped="0" failures="0" errors="0" time="0.147">
    <testcase time="0.125" classname="te_datastore" name="read_expanded_data_can_read_te_datastore_datatable_data"/>
    <testcase time="0.00300000000000011" classname="te_datastore" name="read_expanded_data_can_read_te_datastore_datatable_data"/>
    <testcase time="0.00400000000000489" classname="te_datastore" name="read_expanded_data_can_read_te_datastore_datatable_data"/>
    <testcase time="0.00399999999999068" classname="te_datastore" name="read_expanded_data_can_read_te_datastore_datatable_data"/>
    <testcase time="0.00500000000000966" classname="te_datastore" name="read_expanded_data_can_read_te_datastore_datatable_data"/>
    <testcase time="0.00300000000000011" classname="te_datastore" name="read_expanded_data_can_read_te_datastore_datatable_data"/>
    <testcase time="0.00300000000000011" classname="te_datastore" name="read_expanded_data_can_read_te_datastore_datatable_data"/>
  </testsuite>
  <testsuite name="te_datastore_csv" timestamp="2024-08-19T11:40:45Z" hostname="95b9ca438eb2" tests="48" skipped="0" failures="0" errors="0" time="1.421">
    <testcase time="0.0619999999999976" classname="te_datastore_csv" name="te_datastore_csv_validator_works"/>
    <testcase time="0.0289999999999964" classname="te_datastore_csv" name="te_datastore_csv_validator_works"/>
    <testcase time="0.070999999999998" classname="te_datastore_csv" name="read_expanded_data_can_read_te_datastore_csv_data"/>
    <testcase time="0.0130000000000052" classname="te_datastore_csv" name="read_expanded_data_can_read_te_datastore_csv_data"/>
    <testcase time="0.00399999999999068" classname="te_datastore_csv" name="read_expanded_data_can_read_te_datastore_csv_data"/>
    <testcase time="0.00600000000000023" classname="te_datastore_csv" name="read_expanded_data_can_read_te_datastore_csv_data"/>
    <testcase time="0.00500000000000966" classname="te_datastore_csv" name="read_expanded_data_can_read_te_datastore_csv_data"/>
    <testcase time="0.0519999999999925" classname="te_datastore_csv" name="read_expanded_data_can_read_te_datastore_csv_data"/>
    <testcase time="0.0130000000000052" classname="te_datastore_csv" name="read_expanded_data_can_read_te_datastore_csv_data"/>
    <testcase time="0.207999999999998" classname="te_datastore_csv" name="sample_controls_works_with_trial_sequence_objects_containing_te_datastore_csv_objects"/>
    <testcase time="0.168999999999997" classname="te_datastore_csv" name="sample_controls_works_with_trial_sequence_objects_containing_te_datastore_csv_objects"/>
    <testcase time="0.0619999999999976" classname="te_datastore_csv" name="sample_controls_works_with_trial_sequence_objects_containing_te_datastore_csv_objects"/>
    <testcase time="0.0500000000000114" classname="te_datastore_csv" name="sample_controls_works_with_trial_sequence_objects_containing_te_datastore_csv_objects"/>
    <testcase time="0.00399999999999068" classname="te_datastore_csv" name="sample_controls_works_with_trial_sequence_objects_containing_te_datastore_csv_objects"/>
    <testcase time="0.00300000000000011" classname="te_datastore_csv" name="sample_controls_works_with_trial_sequence_objects_containing_te_datastore_csv_objects"/>
    <testcase time="0.00300000000000011" classname="te_datastore_csv" name="sample_controls_works_with_trial_sequence_objects_containing_te_datastore_csv_objects"/>
    <testcase time="0.00200000000000955" classname="te_datastore_csv" name="sample_controls_works_with_trial_sequence_objects_containing_te_datastore_csv_objects"/>
    <testcase time="0.0279999999999916" classname="te_datastore_csv" name="sample_controls_works_with_trial_sequence_objects_containing_te_datastore_csv_objects"/>
    <testcase time="0.00199999999999534" classname="te_datastore_csv" name="sample_controls_works_with_trial_sequence_objects_containing_te_datastore_csv_objects"/>
    <testcase time="0.00300000000000011" classname="te_datastore_csv" name="sample_controls_works_with_trial_sequence_objects_containing_te_datastore_csv_objects"/>
    <testcase time="0.00200000000000955" classname="te_datastore_csv" name="sample_controls_works_with_trial_sequence_objects_containing_te_datastore_csv_objects"/>
    <testcase time="0.0289999999999964" classname="te_datastore_csv" name="sample_controls_works_with_trial_sequence_objects_containing_te_datastore_csv_objects"/>
    <testcase time="0.00300000000000011" classname="te_datastore_csv" name="sample_controls_works_with_trial_sequence_objects_containing_te_datastore_csv_objects"/>
    <testcase time="0.00100000000000477" classname="te_datastore_csv" name="sample_controls_works_with_trial_sequence_objects_containing_te_datastore_csv_objects"/>
    <testcase time="0.000999999999990564" classname="te_datastore_csv" name="sample_controls_works_with_trial_sequence_objects_containing_te_datastore_csv_objects"/>
    <testcase time="0.00100000000000477" classname="te_datastore_csv" name="sample_controls_works_with_trial_sequence_objects_containing_te_datastore_csv_objects"/>
    <testcase time="0.168000000000006" classname="te_datastore_csv" name="load_expanded_data_works_with_trial_sequence_objects_containing_te_datastore_csv_objects"/>
    <testcase time="0.0779999999999887" classname="te_datastore_csv" name="load_expanded_data_works_with_trial_sequence_objects_containing_te_datastore_csv_objects"/>
    <testcase time="0.146000000000001" classname="te_datastore_csv" name="load_expanded_data_works_with_trial_sequence_objects_containing_te_datastore_csv_objects"/>
    <testcase time="0.0510000000000019" classname="te_datastore_csv" name="load_expanded_data_works_with_trial_sequence_objects_containing_te_datastore_csv_objects"/>
    <testcase time="0.0499999999999972" classname="te_datastore_csv" name="load_expanded_data_works_with_trial_sequence_objects_containing_te_datastore_csv_objects"/>
    <testcase time="0.00400000000000489" classname="te_datastore_csv" name="load_expanded_data_works_with_trial_sequence_objects_containing_te_datastore_csv_objects"/>
    <testcase time="0.00300000000000011" classname="te_datastore_csv" name="load_expanded_data_works_with_trial_sequence_objects_containing_te_datastore_csv_objects"/>
    <testcase time="0.00300000000000011" classname="te_datastore_csv" name="load_expanded_data_works_with_trial_sequence_objects_containing_te_datastore_csv_objects"/>
    <testcase time="0.00300000000000011" classname="te_datastore_csv" name="load_expanded_data_works_with_trial_sequence_objects_containing_te_datastore_csv_objects"/>
    <testcase time="0.00300000000000011" classname="te_datastore_csv" name="load_expanded_data_works_with_trial_sequence_objects_containing_te_datastore_csv_objects"/>
    <testcase time="0.00300000000000011" classname="te_datastore_csv" name="load_expanded_data_works_with_trial_sequence_objects_containing_te_datastore_csv_objects"/>
    <testcase time="0.00300000000000011" classname="te_datastore_csv" name="load_expanded_data_works_with_trial_sequence_objects_containing_te_datastore_csv_objects"/>
    <testcase time="0.027000000000001" classname="te_datastore_csv" name="load_expanded_data_works_with_trial_sequence_objects_containing_te_datastore_csv_objects"/>
    <testcase time="0.00300000000000011" classname="te_datastore_csv" name="load_expanded_data_works_with_trial_sequence_objects_containing_te_datastore_csv_objects"/>
    <testcase time="0.00199999999999534" classname="te_datastore_csv" name="load_expanded_data_works_with_trial_sequence_objects_containing_te_datastore_csv_objects"/>
    <testcase time="0.00300000000000011" classname="te_datastore_csv" name="load_expanded_data_works_with_trial_sequence_objects_containing_te_datastore_csv_objects"/>
    <testcase time="0.0100000000000051" classname="te_datastore_csv" name="load_expanded_data_works_with_trial_sequence_objects_containing_te_datastore_csv_objects"/>
    <testcase time="0.0289999999999964" classname="te_datastore_csv" name="load_expanded_data_works_with_trial_sequence_objects_containing_te_datastore_csv_objects"/>
    <testcase time="0.00300000000000011" classname="te_datastore_csv" name="load_expanded_data_works_with_trial_sequence_objects_containing_te_datastore_csv_objects"/>
    <testcase time="0.00100000000000477" classname="te_datastore_csv" name="load_expanded_data_works_with_trial_sequence_objects_containing_te_datastore_csv_objects"/>
    <testcase time="0.000999999999990564" classname="te_datastore_csv" name="load_expanded_data_works_with_trial_sequence_objects_containing_te_datastore_csv_objects"/>
    <testcase time="0.00100000000000477" classname="te_datastore_csv" name="load_expanded_data_works_with_trial_sequence_objects_containing_te_datastore_csv_objects"/>
  </testsuite>
  <testsuite name="te_datastore_duckdb" timestamp="2024-08-19T11:40:47Z" hostname="95b9ca438eb2" tests="49" skipped="0" failures="0" errors="0" time="0.847">
    <testcase time="0.222999999999999" classname="te_datastore_duckdb" name="read_expanded_data_can_read_te_datastore_duckdb_data"/>
    <testcase time="0.00400000000000489" classname="te_datastore_duckdb" name="read_expanded_data_can_read_te_datastore_duckdb_data"/>
    <testcase time="0.00400000000000489" classname="te_datastore_duckdb" name="read_expanded_data_can_read_te_datastore_duckdb_data"/>
    <testcase time="0.00399999999999068" classname="te_datastore_duckdb" name="read_expanded_data_can_read_te_datastore_duckdb_data"/>
    <testcase time="0.00499999999999545" classname="te_datastore_duckdb" name="read_expanded_data_can_read_te_datastore_duckdb_data"/>
    <testcase time="0.00400000000000489" classname="te_datastore_duckdb" name="read_expanded_data_can_read_te_datastore_duckdb_data"/>
    <testcase time="0.00199999999999534" classname="te_datastore_duckdb" name="read_expanded_data_can_read_te_datastore_duckdb_data"/>
    <testcase time="0.00500000000000966" classname="te_datastore_duckdb" name="read_expanded_data_can_read_te_datastore_duckdb_data"/>
    <testcase time="0.221000000000004" classname="te_datastore_duckdb" name="sample_controls_works_with_trial_sequence_objects_containing_te_datastore_duckdb_objects"/>
    <testcase time="0.00600000000000023" classname="te_datastore_duckdb" name="sample_controls_works_with_trial_sequence_objects_containing_te_datastore_duckdb_objects"/>
    <testcase time="0.00599999999998602" classname="te_datastore_duckdb" name="sample_controls_works_with_trial_sequence_objects_containing_te_datastore_duckdb_objects"/>
    <testcase time="0.00300000000000011" classname="te_datastore_duckdb" name="sample_controls_works_with_trial_sequence_objects_containing_te_datastore_duckdb_objects"/>
    <testcase time="0.00200000000000955" classname="te_datastore_duckdb" name="sample_controls_works_with_trial_sequence_objects_containing_te_datastore_duckdb_objects"/>
    <testcase time="0.027000000000001" classname="te_datastore_duckdb" name="sample_controls_works_with_trial_sequence_objects_containing_te_datastore_duckdb_objects"/>
    <testcase time="0.00499999999999545" classname="te_datastore_duckdb" name="sample_controls_works_with_trial_sequence_objects_containing_te_datastore_duckdb_objects"/>
    <testcase time="0.00400000000000489" classname="te_datastore_duckdb" name="sample_controls_works_with_trial_sequence_objects_containing_te_datastore_duckdb_objects"/>
    <testcase time="0.00199999999999534" classname="te_datastore_duckdb" name="sample_controls_works_with_trial_sequence_objects_containing_te_datastore_duckdb_objects"/>
    <testcase time="0.00799999999999557" classname="te_datastore_duckdb" name="sample_controls_works_with_trial_sequence_objects_containing_te_datastore_duckdb_objects"/>
    <testcase time="0.00300000000000011" classname="te_datastore_duckdb" name="sample_controls_works_with_trial_sequence_objects_containing_te_datastore_duckdb_objects"/>
    <testcase time="0.00300000000000011" classname="te_datastore_duckdb" name="sample_controls_works_with_trial_sequence_objects_containing_te_datastore_duckdb_objects"/>
    <testcase time="0.00200000000000955" classname="te_datastore_duckdb" name="sample_controls_works_with_trial_sequence_objects_containing_te_datastore_duckdb_objects"/>
    <testcase time="0.00300000000000011" classname="te_datastore_duckdb" name="sample_controls_works_with_trial_sequence_objects_containing_te_datastore_duckdb_objects"/>
    <testcase time="0.000999999999990564" classname="te_datastore_duckdb" name="sample_controls_works_with_trial_sequence_objects_containing_te_datastore_duckdb_objects"/>
    <testcase time="0.00100000000000477" classname="te_datastore_duckdb" name="sample_controls_works_with_trial_sequence_objects_containing_te_datastore_duckdb_objects"/>
    <testcase time="0.00100000000000477" classname="te_datastore_duckdb" name="sample_controls_works_with_trial_sequence_objects_containing_te_datastore_duckdb_objects"/>
    <testcase time="0.200999999999993" classname="te_datastore_duckdb" name="load_expanded_data_works_with_trial_sequence_objects_containing_te_datastore_duckdb_objects"/>
    <testcase time="0.007000000000005" classname="te_datastore_duckdb" name="load_expanded_data_works_with_trial_sequence_objects_containing_te_datastore_duckdb_objects"/>
    <testcase time="0.00600000000000023" classname="te_datastore_duckdb" name="load_expanded_data_works_with_trial_sequence_objects_containing_te_datastore_duckdb_objects"/>
    <testcase time="0.00499999999999545" classname="te_datastore_duckdb" name="load_expanded_data_works_with_trial_sequence_objects_containing_te_datastore_duckdb_objects"/>
    <testcase time="0.00300000000000011" classname="te_datastore_duckdb" name="load_expanded_data_works_with_trial_sequence_objects_containing_te_datastore_duckdb_objects"/>
    <testcase time="0.00199999999999534" classname="te_datastore_duckdb" name="load_expanded_data_works_with_trial_sequence_objects_containing_te_datastore_duckdb_objects"/>
    <testcase time="0.00300000000000011" classname="te_datastore_duckdb" name="load_expanded_data_works_with_trial_sequence_objects_containing_te_datastore_duckdb_objects"/>
    <testcase time="0.00300000000000011" classname="te_datastore_duckdb" name="load_expanded_data_works_with_trial_sequence_objects_containing_te_datastore_duckdb_objects"/>
    <testcase time="0.00300000000000011" classname="te_datastore_duckdb" name="load_expanded_data_works_with_trial_sequence_objects_containing_te_datastore_duckdb_objects"/>
    <testcase time="0.00300000000000011" classname="te_datastore_duckdb" name="load_expanded_data_works_with_trial_sequence_objects_containing_te_datastore_duckdb_objects"/>
    <testcase time="0.00300000000000011" classname="te_datastore_duckdb" name="load_expanded_data_works_with_trial_sequence_objects_containing_te_datastore_duckdb_objects"/>
    <testcase time="0.00300000000000011" classname="te_datastore_duckdb" name="load_expanded_data_works_with_trial_sequence_objects_containing_te_datastore_duckdb_objects"/>
    <testcase time="0.00800000000000978" classname="te_datastore_duckdb" name="load_expanded_data_works_with_trial_sequence_objects_containing_te_datastore_duckdb_objects"/>
    <testcase time="0.00199999999999534" classname="te_datastore_duckdb" name="load_expanded_data_works_with_trial_sequence_objects_containing_te_datastore_duckdb_objects"/>
    <testcase time="0.00300000000000011" classname="te_datastore_duckdb" name="load_expanded_data_works_with_trial_sequence_objects_containing_te_datastore_duckdb_objects"/>
    <testcase time="0.00199999999999534" classname="te_datastore_duckdb" name="load_expanded_data_works_with_trial_sequence_objects_containing_te_datastore_duckdb_objects"/>
    <testcase time="0.00300000000000011" classname="te_datastore_duckdb" name="load_expanded_data_works_with_trial_sequence_objects_containing_te_datastore_duckdb_objects"/>
    <testcase time="0.00600000000000023" classname="te_datastore_duckdb" name="load_expanded_data_works_with_trial_sequence_objects_containing_te_datastore_duckdb_objects"/>
    <testcase time="0.00100000000000477" classname="te_datastore_duckdb" name="load_expanded_data_works_with_trial_sequence_objects_containing_te_datastore_duckdb_objects"/>
    <testcase time="0.00100000000000477" classname="te_datastore_duckdb" name="load_expanded_data_works_with_trial_sequence_objects_containing_te_datastore_duckdb_objects"/>
    <testcase time="0.000999999999990564" classname="te_datastore_duckdb" name="load_expanded_data_works_with_trial_sequence_objects_containing_te_datastore_duckdb_objects"/>
    <testcase time="0.0150000000000006" classname="te_datastore_duckdb" name="translate_to_sql_works_as_intended"/>
    <testcase time="0.0130000000000052" classname="te_datastore_duckdb" name="translate_to_sql_catches_the_error_and_provides_a_message"/>
    <testcase time="0.00100000000000477" classname="te_datastore_duckdb" name="translate_to_sql_catches_the_error_and_provides_a_message"/>
  </testsuite>
  <testsuite name="te_model_fitter" timestamp="2024-08-19T11:40:48Z" hostname="95b9ca438eb2" tests="22" skipped="0" failures="0" errors="0" time="4.23">
    <testcase time="0.00699999999999079" classname="te_model_fitter" name="stats_glm_logit_creates_the_fitter_object"/>
    <testcase time="0.00400000000000489" classname="te_model_fitter" name="stats_glm_logit_creates_the_fitter_object_with_path"/>
    <testcase time="0.00300000000000011" classname="te_model_fitter" name="stats_glm_logit_creates_the_fitter_object_with_path"/>
    <testcase time="0.012999999999991" classname="te_model_fitter" name="fit_weights_model_works_for_stats_glm_logit"/>
    <testcase time="0.00300000000000011" classname="te_model_fitter" name="fit_weights_model_works_for_stats_glm_logit"/>
    <testcase time="0.00300000000000011" classname="te_model_fitter" name="fit_weights_model_works_for_stats_glm_logit"/>
    <testcase time="0.00300000000000011" classname="te_model_fitter" name="fit_weights_model_works_for_stats_glm_logit"/>
    <testcase time="0.00100000000000477" classname="te_model_fitter" name="fit_weights_model_works_for_stats_glm_logit"/>
    <testcase time="0.00300000000000011" classname="te_model_fitter" name="fit_weights_model_works_for_stats_glm_logit"/>
    <testcase time="0.000999999999990564" classname="te_model_fitter" name="fit_weights_model_works_for_stats_glm_logit"/>
    <testcase time="0.00200000000000955" classname="te_model_fitter" name="fit_weights_model_works_for_stats_glm_logit"/>
    <testcase time="4.128" classname="te_model_fitter" name="fit_outcome_model_works_for_stats_glm_logit"/>
    <testcase time="0.00199999999999534" classname="te_model_fitter" name="fit_outcome_model_works_for_stats_glm_logit"/>
    <testcase time="0.00400000000000489" classname="te_model_fitter" name="fit_outcome_model_works_for_stats_glm_logit"/>
    <testcase time="0.00600000000000023" classname="te_model_fitter" name="fit_outcome_model_works_for_stats_glm_logit"/>
    <testcase time="0.00399999999999068" classname="te_model_fitter" name="fit_outcome_model_works_for_stats_glm_logit"/>
    <testcase time="0.00100000000000477" classname="te_model_fitter" name="fit_outcome_model_works_for_stats_glm_logit"/>
    <testcase time="0.00400000000000489" classname="te_model_fitter" name="fit_outcome_model_works_for_stats_glm_logit"/>
    <testcase time="0.0120000000000005" classname="te_model_fitter" name="fit_outcome_model_works_for_stats_glm_logit_with_save_dir"/>
    <testcase time="0.00199999999999534" classname="te_model_fitter" name="fit_outcome_model_works_for_stats_glm_logit_with_save_dir"/>
    <testcase time="0.00300000000000011" classname="te_model_fitter" name="fit_outcome_model_works_for_stats_glm_logit_with_save_dir"/>
    <testcase time="0.0210000000000008" classname="te_model_fitter" name="fit_outcome_model_works_for_stats_glm_logit_with_save_dir"/>
  </testsuite>
  <testsuite name="te_weights" timestamp="2024-08-19T11:40:52Z" hostname="95b9ca438eb2" tests="1" skipped="1" failures="0" errors="0" time="0.114">
    <testcase time="0.114000000000004" classname="te_weights" name="show_works_for_te_weights_spec_objects">
      <skipped message="Reason: On CRAN ('test-te_weights.R:20:3')"/>
    </testcase>
  </testsuite>
  <testsuite name="trial_sequence" timestamp="2024-08-19T11:40:52Z" hostname="95b9ca438eb2" tests="94" skipped="4" failures="0" errors="0" time="5.271">
    <testcase time="0.0169999999999959" classname="trial_sequence" name="trial_sequence_creates_an_object_for_per_protocol"/>
    <testcase time="0.00199999999999534" classname="trial_sequence" name="trial_sequence_creates_an_object_for_per_protocol"/>
    <testcase time="0.00400000000000489" classname="trial_sequence" name="trial_sequence_creates_an_object_for_itt"/>
    <testcase time="0.00300000000000011" classname="trial_sequence" name="trial_sequence_creates_an_object_for_itt"/>
    <testcase time="0.00400000000000489" classname="trial_sequence" name="trial_sequence_creates_an_object_for_as_treated"/>
    <testcase time="0.00300000000000011" classname="trial_sequence" name="trial_sequence_creates_an_object_for_as_treated"/>
    <testcase time="0.00699999999999079" classname="trial_sequence" name="trial_sequence_errors_for_unknown_class"/>
    <testcase time="0.007000000000005" classname="trial_sequence" name="trial_sequence_errors_for_unknown_class"/>
    <testcase time="0.00900000000000034" classname="trial_sequence" name="trial_sequence_works_for_a_new_class"/>
    <testcase time="0.00200000000000955" classname="trial_sequence" name="trial_sequence_works_for_a_new_class"/>
    <testcase time="0.0109999999999957" classname="trial_sequence" name="show_works_for_trial_sequence_PP_with_nothing_set">
      <skipped message="Reason: On CRAN ('test-trial_sequence.R:41:3')"/>
    </testcase>
    <testcase time="0.0169999999999959" classname="trial_sequence" name="show_works_for_trial_sequence_ITT_with_nothing_set">
      <skipped message="Reason: On CRAN ('test-trial_sequence.R:45:3')"/>
    </testcase>
    <testcase time="0.0180000000000007" classname="trial_sequence" name="show_works_for_trial_sequence_AT_with_nothing_set">
      <skipped message="Reason: On CRAN ('test-trial_sequence.R:49:3')"/>
    </testcase>
    <testcase time="0.155000000000001" classname="trial_sequence" name="show_works_for_trial_sequence_PP_with_data_and_outcome_model_set">
      <skipped message="Reason: On CRAN ('test-trial_sequence.R:56:3')"/>
    </testcase>
    <testcase time="0.493000000000009" classname="trial_sequence" name="set_data_works_for_trial_sequence_ITT"/>
    <testcase time="0.000999999999990564" classname="trial_sequence" name="set_data_works_for_trial_sequence_ITT"/>
    <testcase time="0.00100000000000477" classname="trial_sequence" name="set_data_works_for_trial_sequence_ITT"/>
    <testcase time="0.515000000000001" classname="trial_sequence" name="set_data_works_for_trial_sequence_PP"/>
    <testcase time="0.000999999999990564" classname="trial_sequence" name="set_data_works_for_trial_sequence_PP"/>
    <testcase time="0.00100000000000477" classname="trial_sequence" name="set_data_works_for_trial_sequence_PP"/>
    <testcase time="0.480999999999995" classname="trial_sequence" name="set_data_works_for_trial_sequence_AT"/>
    <testcase time="0.00100000000000477" classname="trial_sequence" name="set_data_works_for_trial_sequence_AT"/>
    <testcase time="0.00199999999999534" classname="trial_sequence" name="set_data_works_for_trial_sequence_AT"/>
    <testcase time="0.00900000000000034" classname="trial_sequence" name="set_data_errors_if_reserved_colnames_are_used"/>
    <testcase time="0.00800000000000978" classname="trial_sequence" name="set_data_errors_if_column_not_found"/>
    <testcase time="0.00900000000000034" classname="trial_sequence" name="set_data_errors_if_columns_used_twice"/>
    <testcase time="0.00799999999999557" classname="trial_sequence" name="set_switch_weight_model_fails_for_ITT"/>
    <testcase time="0.341999999999999" classname="trial_sequence" name="set_switch_weight_model_works_for_PP"/>
    <testcase time="0.00100000000000477" classname="trial_sequence" name="set_switch_weight_model_works_for_PP"/>
    <testcase time="0.00300000000000011" classname="trial_sequence" name="set_switch_weight_model_works_for_PP"/>
    <testcase time="0.00300000000000011" classname="trial_sequence" name="set_switch_weight_model_works_for_PP"/>
    <testcase time="0.00300000000000011" classname="trial_sequence" name="set_switch_weight_model_works_for_PP"/>
    <testcase time="0.000999999999990564" classname="trial_sequence" name="set_switch_weight_model_works_for_PP"/>
    <testcase time="0.102000000000004" classname="trial_sequence" name="set_censor_weight_model_works_for_ITT"/>
    <testcase time="0.00100000000000477" classname="trial_sequence" name="set_censor_weight_model_works_for_ITT"/>
    <testcase time="0.00300000000000011" classname="trial_sequence" name="set_censor_weight_model_works_for_ITT"/>
    <testcase time="0.00300000000000011" classname="trial_sequence" name="set_censor_weight_model_works_for_ITT"/>
    <testcase time="0.00199999999999534" classname="trial_sequence" name="set_censor_weight_model_works_for_ITT"/>
    <testcase time="0.00100000000000477" classname="trial_sequence" name="set_censor_weight_model_works_for_ITT"/>
    <testcase time="0.097999999999999" classname="trial_sequence" name="set_censor_weight_model_works_for_PP"/>
    <testcase time="0.000999999999990564" classname="trial_sequence" name="set_censor_weight_model_works_for_PP"/>
    <testcase time="0.00300000000000011" classname="trial_sequence" name="set_censor_weight_model_works_for_PP"/>
    <testcase time="0.00200000000000955" classname="trial_sequence" name="set_censor_weight_model_works_for_PP"/>
    <testcase time="0.00300000000000011" classname="trial_sequence" name="set_censor_weight_model_works_for_PP"/>
    <testcase time="0.000999999999990564" classname="trial_sequence" name="set_censor_weight_model_works_for_PP"/>
    <testcase time="0.118000000000009" classname="trial_sequence" name="calculate_weights_works_for_ITT_with_censor_weights"/>
    <testcase time="0.000999999999990564" classname="trial_sequence" name="calculate_weights_works_for_ITT_with_censor_weights"/>
    <testcase time="0.00400000000000489" classname="trial_sequence" name="calculate_weights_works_for_ITT_with_censor_weights"/>
    <testcase time="0.00100000000000477" classname="trial_sequence" name="calculate_weights_works_for_ITT_with_censor_weights"/>
    <testcase time="0.00300000000000011" classname="trial_sequence" name="calculate_weights_works_for_ITT_with_censor_weights"/>
    <testcase time="0.000999999999990564" classname="trial_sequence" name="calculate_weights_works_for_ITT_with_censor_weights"/>
    <testcase time="0.00400000000000489" classname="trial_sequence" name="calculate_weights_works_for_ITT_with_censor_weights"/>
    <testcase time="0.00300000000000011" classname="trial_sequence" name="calculate_weights_works_for_ITT_with_censor_weights"/>
    <testcase time="0.128" classname="trial_sequence" name="calculate_weights_works_for_PP_with_switch_weights"/>
    <testcase time="0.00100000000000477" classname="trial_sequence" name="calculate_weights_works_for_PP_with_switch_weights"/>
    <testcase time="0.00300000000000011" classname="trial_sequence" name="calculate_weights_works_for_PP_with_switch_weights"/>
    <testcase time="0.00300000000000011" classname="trial_sequence" name="calculate_weights_works_for_PP_with_switch_weights"/>
    <testcase time="0.000999999999990564" classname="trial_sequence" name="calculate_weights_works_for_PP_with_switch_weights"/>
    <testcase time="0.00100000000000477" classname="trial_sequence" name="calculate_weights_works_for_PP_with_switch_weights"/>
    <testcase time="0.00400000000000489" classname="trial_sequence" name="calculate_weights_works_for_PP_with_switch_weights"/>
    <testcase time="0.000999999999990564" classname="trial_sequence" name="calculate_weights_works_for_PP_with_switch_weights"/>
    <testcase time="0.00300000000000011" classname="trial_sequence" name="calculate_weights_works_for_PP_with_switch_weights"/>
    <testcase time="0.00200000000000955" classname="trial_sequence" name="calculate_weights_works_for_PP_with_switch_weights"/>
    <testcase time="0.00300000000000011" classname="trial_sequence" name="calculate_weights_works_for_PP_with_switch_weights"/>
    <testcase time="0.000999999999990564" classname="trial_sequence" name="calculate_weights_works_for_PP_with_switch_weights"/>
    <testcase time="0.00400000000000489" classname="trial_sequence" name="calculate_weights_works_for_PP_with_switch_weights"/>
    <testcase time="0.00100000000000477" classname="trial_sequence" name="calculate_weights_works_for_PP_with_switch_weights"/>
    <testcase time="0.300999999999988" classname="trial_sequence" name="calculate_weights_works_for_PP_with_switch_weights"/>
    <testcase time="0.0970000000000084" classname="trial_sequence" name="set_outcome_model_works_for_PP_with_defaults"/>
    <testcase time="0.00199999999999534" classname="trial_sequence" name="set_outcome_model_works_for_PP_with_defaults"/>
    <testcase time="0.00100000000000477" classname="trial_sequence" name="set_outcome_model_works_for_PP_with_defaults"/>
    <testcase time="0.00300000000000011" classname="trial_sequence" name="set_outcome_model_works_for_PP_with_defaults"/>
    <testcase time="0.000999999999990564" classname="trial_sequence" name="set_outcome_model_works_for_PP_with_defaults"/>
    <testcase time="0.0960000000000036" classname="trial_sequence" name="set_outcome_model_works_for_ITT"/>
    <testcase time="0.00100000000000477" classname="trial_sequence" name="set_outcome_model_works_for_ITT"/>
    <testcase time="0.00100000000000477" classname="trial_sequence" name="set_outcome_model_works_for_ITT"/>
    <testcase time="0.00399999999999068" classname="trial_sequence" name="set_outcome_model_works_for_ITT"/>
    <testcase time="0.00100000000000477" classname="trial_sequence" name="set_outcome_model_works_for_ITT"/>
    <testcase time="0.102999999999994" classname="trial_sequence" name="set_outcome_model_works_for_ATT"/>
    <testcase time="0.00100000000000477" classname="trial_sequence" name="set_outcome_model_works_for_ATT"/>
    <testcase time="0.00199999999999534" classname="trial_sequence" name="set_outcome_model_works_for_ATT"/>
    <testcase time="0.00300000000000011" classname="trial_sequence" name="set_outcome_model_works_for_ATT"/>
    <testcase time="0.00100000000000477" classname="trial_sequence" name="set_outcome_model_works_for_ATT"/>
    <testcase time="0.00799999999999557" classname="trial_sequence" name="set_outcome_model_doesn_t_work_if_data_isn_t_set"/>
    <testcase time="0.113" classname="trial_sequence" name="set_outcome_model_doesn_t_work_if_with_unknown_variables"/>
    <testcase time="0.097999999999999" classname="trial_sequence" name="set_outcome_model_works_with_strings"/>
    <testcase time="0.00300000000000011" classname="trial_sequence" name="set_outcome_model_works_with_strings"/>
    <testcase time="1.756" classname="trial_sequence" name="weights_are_1_when_not_calculated_by_calculate_weights"/>
    <testcase time="0.00400000000000489" classname="trial_sequence" name="weights_are_1_when_not_calculated_by_calculate_weights"/>
    <testcase time="0.00799999999999557" classname="trial_sequence" name="outcome_data_accessor_setter_works"/>
    <testcase time="0.00300000000000011" classname="trial_sequence" name="outcome_data_accessor_setter_works"/>
    <testcase time="0.00300000000000011" classname="trial_sequence" name="outcome_data_accessor_setter_works"/>
    <testcase time="0.00200000000000955" classname="trial_sequence" name="outcome_data_accessor_setter_works"/>
    <testcase time="0.00199999999999534" classname="trial_sequence" name="outcome_data_accessor_setter_works"/>
  </testsuite>
  <testsuite name="utils" timestamp="2024-08-19T11:40:57Z" hostname="95b9ca438eb2" tests="18" skipped="0" failures="0" errors="0" time="0.416">
    <testcase time="0.00799999999999557" classname="utils" name="quiet_print_works_as_expected"/>
    <testcase time="0.00200000000000955" classname="utils" name="quiet_print_works_as_expected"/>
    <testcase time="0.00399999999999068" classname="utils" name="quiet_msg_works_as_expected"/>
    <testcase time="0.00500000000000966" classname="utils" name="quiet_msg_works_as_expected"/>
    <testcase time="0.00399999999999068" classname="utils" name="quiet_line_works_as_expected"/>
    <testcase time="0.00400000000000489" classname="utils" name="quiet_line_works_as_expected"/>
    <testcase time="0.329999999999998" classname="utils" name="quiet_msg_time_works_as_expected"/>
    <testcase time="0.00499999999999545" classname="utils" name="quiet_msg_time_works_as_expected"/>
    <testcase time="0.0120000000000005" classname="utils" name="extract_baseline_works_works_as_expected"/>
    <testcase time="0.00600000000000023" classname="utils" name="as_formula_works_with_a_formula_as_string"/>
    <testcase time="0.00500000000000966" classname="utils" name="as_formula_works_with_strings"/>
    <testcase time="0.00600000000000023" classname="utils" name="as_formula_works_with_formulas"/>
    <testcase time="0.00699999999999079" classname="utils" name="assert_monotonic_works_as_expected"/>
    <testcase time="0.00400000000000489" classname="utils" name="assert_monotonic_works_as_expected"/>
    <testcase time="0.00499999999999545" classname="utils" name="assert_monotonic_works_as_expected"/>
    <testcase time="0.00400000000000489" classname="utils" name="assert_monotonic_works_as_expected"/>
    <testcase time="0.00300000000000011" classname="utils" name="assert_monotonic_works_as_expected"/>
    <testcase time="0.00199999999999534" classname="utils" name="assert_monotonic_works_as_expected"/>
  </testsuite>
</testsuites>
