<?xml version="1.0" encoding="UTF-8"?>
<testsuites>
  <testsuite name="data_extension" timestamp="2023-02-16T13:33:22Z" hostname="7354382aa167" tests="21" skipped="0" failures="0" errors="0" time="1.522">
    <testcase time="0.0800000000000001" classname="data_extension" name="check_expand_switch_works_as_expected"/>
    <testcase time="0.04" classname="data_extension" name="check_expand_switch_works_as_expected"/>
    <testcase time="0.0149999999999997" classname="data_extension" name="check_expand_switch_works_as_expected"/>
    <testcase time="0.00600000000000023" classname="data_extension" name="check_expand_switch_works_as_expected"/>
    <testcase time="0.0649999999999999" classname="data_extension" name="expand_works_as_expected"/>
    <testcase time="0.0169999999999999" classname="data_extension" name="expand_works_as_expected"/>
    <testcase time="0.275" classname="data_extension" name="data_extensions_works_as_expected_with_first_and_last_periods"/>
    <testcase time="0.00600000000000023" classname="data_extension" name="data_extensions_works_as_expected_with_first_and_last_periods"/>
    <testcase time="0.00599999999999978" classname="data_extension" name="data_extensions_works_as_expected_with_first_and_last_periods"/>
    <testcase time="0.00200000000000022" classname="data_extension" name="data_extensions_works_as_expected_with_first_and_last_periods"/>
    <testcase time="0.00599999999999978" classname="data_extension" name="data_extensions_works_as_expected_with_first_and_last_periods"/>
    <testcase time="0.00700000000000012" classname="data_extension" name="data_extensions_works_as_expected_with_first_and_last_periods"/>
    <testcase time="0.00099999999999989" classname="data_extension" name="data_extensions_works_as_expected_with_first_and_last_periods"/>
    <testcase time="0.827" classname="data_extension" name="data_extensions_works_as_expected_with_separate_files_TRUE"/>
    <testcase time="0.00099999999999989" classname="data_extension" name="data_extensions_works_as_expected_with_separate_files_TRUE"/>
    <testcase time="0.00199999999999978" classname="data_extension" name="data_extensions_works_as_expected_with_separate_files_TRUE"/>
    <testcase time="0.00200000000000022" classname="data_extension" name="data_extensions_works_as_expected_with_separate_files_TRUE"/>
    <testcase time="0.012" classname="data_extension" name="data_extensions_works_as_expected_with_separate_files_TRUE"/>
    <testcase time="0.00599999999999978" classname="data_extension" name="data_extensions_works_as_expected_with_separate_files_TRUE"/>
    <testcase time="0.00499999999999989" classname="data_extension" name="data_extensions_works_as_expected_with_separate_files_TRUE"/>
    <testcase time="0.141" classname="data_extension" name="data_extensions_works_as_expected_with_separate_files_TRUE"/>
  </testsuite>
  <testsuite name="data_manipulation" timestamp="2023-02-16T13:33:23Z" hostname="7354382aa167" tests="6" skipped="0" failures="0" errors="0" time="2.092">
    <testcase time="1.044" classname="data_manipulation" name="data_manipulation_works_as_expected_with_no_censoring"/>
    <testcase time="0.00199999999999978" classname="data_manipulation" name="data_manipulation_works_as_expected_with_no_censoring"/>
    <testcase time="0.00600000000000023" classname="data_manipulation" name="data_manipulation_works_as_expected_with_no_censoring"/>
    <testcase time="1.03" classname="data_manipulation" name="data_manipulation_works_as_expected_with_censoring"/>
    <testcase time="0.00200000000000067" classname="data_manipulation" name="data_manipulation_works_as_expected_with_censoring"/>
    <testcase time="0.00800000000000001" classname="data_manipulation" name="data_manipulation_works_as_expected_with_censoring"/>
  </testsuite>
  <testsuite name="data_preparation" timestamp="2023-02-16T13:33:25Z" hostname="7354382aa167" tests="11" skipped="0" failures="0" errors="0" time="16.685">
    <testcase time="8.438" classname="data_preparation" name="data_preparation_works_as_expected"/>
    <testcase time="0.00499999999999901" classname="data_preparation" name="data_preparation_works_as_expected"/>
    <testcase time="0.00500000000000078" classname="data_preparation" name="data_preparation_works_as_expected"/>
    <testcase time="0.00499999999999901" classname="data_preparation" name="data_preparation_works_as_expected"/>
    <testcase time="0.00100000000000122" classname="data_preparation" name="data_preparation_works_as_expected"/>
    <testcase time="0.472999999999999" classname="data_preparation" name="data_preparation_works_as_expected"/>
    <testcase time="5.475" classname="data_preparation" name="data_preparation_can_be_quiet"/>
    <testcase time="0.0259999999999998" classname="data_preparation" name="data_preparation_gives_an_error_for_existing_trial_files"/>
    <testcase time="0.0130000000000017" classname="data_preparation" name="check_data_dir_gives_a_warning_for_existing_model_files"/>
    <testcase time="2.238" classname="data_preparation" name="data_preparation_has_correct_values_for_treatment_"/>
    <testcase time="0.00600000000000023" classname="data_preparation" name="data_preparation_has_correct_values_for_treatment_"/>
  </testsuite>
  <testsuite name="data_utils" timestamp="2023-02-16T13:33:42Z" hostname="7354382aa167" tests="17" skipped="3" failures="0" errors="0" time="1.722">
    <testcase time="0.0189999999999984" classname="data_utils" name="weight_func_works_as_expected"/>
    <testcase time="0.684000000000001" classname="data_utils" name="weight_func_works_as_expected">
      <skipped message="Reason: On CRAN ('test-data_utils.R:6')"/>
    </testcase>
    <testcase time="0.0390000000000015" classname="data_utils" name="weight_func_works_saves_model_objects"/>
    <testcase time="0.625999999999998" classname="data_utils" name="weight_func_works_saves_model_objects"/>
    <testcase time="0.0180000000000007" classname="data_utils" name="weight_func_works_saves_model_objects"/>
    <testcase time="0.00700000000000145" classname="data_utils" name="weight_func_works_saves_model_objects"/>
    <testcase time="0.00199999999999889" classname="data_utils" name="weight_func_works_saves_model_objects"/>
    <testcase time="0.0130000000000017" classname="data_utils" name="weight_func_works_saves_model_objects"/>
    <testcase time="0.0069999999999979" classname="data_utils" name="weight_func_works_saves_model_objects"/>
    <testcase time="0.00100000000000122" classname="data_utils" name="weight_func_works_saves_model_objects"/>
    <testcase time="0.0939999999999976" classname="data_utils" name="weight_func_works_with_user_specified_time_on_regime">
      <skipped message="Reason: On CRAN ('test-data_utils.R:103')"/>
    </testcase>
    <testcase time="0.166" classname="data_utils" name="weight_func_works_with_pool_cense_TRUE">
      <skipped message="Reason: On CRAN ('test-data_utils.R:120')"/>
    </testcase>
    <testcase time="0.0180000000000007" classname="data_utils" name="select_data_cols_works_as_expected"/>
    <testcase time="0.00900000000000034" classname="data_utils" name="select_data_cols_works_as_expected_with_non_default_names"/>
    <testcase time="0.00199999999999889" classname="data_utils" name="select_data_cols_works_as_expected_with_non_default_names"/>
    <testcase time="0.00800000000000267" classname="data_utils" name="user_can_select_period_in_select_data_cols"/>
    <testcase time="0.00900000000000034" classname="data_utils" name="select_data_cols_allows_derived_variables_in_formula_vars"/>
  </testsuite>
  <testsuite name="generics" timestamp="2023-02-16T13:33:44Z" hostname="7354382aa167" tests="4" skipped="3" failures="0" errors="0" time="7.044">
    <testcase time="1.694" classname="generics" name="summary_for_data_preparation_separate_TRUE">
      <skipped message="Reason: On CRAN ('test-generics.R:24')"/>
    </testcase>
    <testcase time="2.437" classname="generics" name="summary_for_data_preparation_separate_FALSE">
      <skipped message="Reason: On CRAN ('test-generics.R:65')"/>
    </testcase>
    <testcase time="2.899" classname="generics" name="summary_for_initiators"/>
    <testcase time="0.0139999999999993" classname="generics" name="summary_for_initiators">
      <skipped message="Reason: On CRAN ('test-generics.R:94')"/>
    </testcase>
  </testsuite>
  <testsuite name="lr_utils" timestamp="2023-02-16T13:33:51Z" hostname="7354382aa167" tests="10" skipped="0" failures="0" errors="0" time="0.093">
    <testcase time="0.0340000000000025" classname="lr_utils" name="fit_glm_works"/>
    <testcase time="0.000999999999997669" classname="lr_utils" name="fit_glm_works"/>
    <testcase time="0.017000000000003" classname="lr_utils" name="fit_glm_works_with_parglm_and_defaults"/>
    <testcase time="0.00199999999999889" classname="lr_utils" name="fit_glm_works_with_parglm_and_defaults"/>
    <testcase time="0.00499999999999901" classname="lr_utils" name="fit_glm_works_with_parglm_and_defaults"/>
    <testcase time="0.00799999999999912" classname="lr_utils" name="fit_glm_works_with_parglm_and_defaults"/>
    <testcase time="0.0100000000000016" classname="lr_utils" name="fit_glm_works_with_parglm"/>
    <testcase time="0.00600000000000023" classname="lr_utils" name="fit_glm_works_with_parglm"/>
    <testcase time="0.00499999999999901" classname="lr_utils" name="fit_glm_works_with_parglm"/>
    <testcase time="0.00499999999999901" classname="lr_utils" name="fit_glm_works_with_parglm"/>
  </testsuite>
  <testsuite name="modelling" timestamp="2023-02-16T13:33:51Z" hostname="7354382aa167" tests="30" skipped="5" failures="0" errors="0" time="43.666">
    <testcase time="11.472" classname="modelling" name="data_modelling_can_be_quiet"/>
    <testcase time="8.329" classname="modelling" name="data_modelling_gives_expected_results_in_example_data"/>
    <testcase time="0.0069999999999979" classname="modelling" name="data_modelling_gives_expected_results_in_example_data"/>
    <testcase time="0.00499999999999545" classname="modelling" name="data_modelling_gives_expected_results_in_example_data"/>
    <testcase time="0.00600000000000023" classname="modelling" name="data_modelling_gives_expected_results_in_example_data"/>
    <testcase time="0.00200000000000244" classname="modelling" name="data_modelling_gives_expected_results_in_example_data"/>
    <testcase time="5.262" classname="modelling" name="data_modelling_works_with_data.tables_and_weights"/>
    <testcase time="10.946" classname="modelling" name="data_modelling_works_with_data.tables_and_weights"/>
    <testcase time="0.00699999999999079" classname="modelling" name="data_modelling_works_with_data.tables_and_weights"/>
    <testcase time="0.546000000000006" classname="modelling" name="Modelling_works_with_where_case"/>
    <testcase time="0.00199999999999534" classname="modelling" name="Modelling_works_with_where_case"/>
    <testcase time="0.00200000000000955" classname="modelling" name="Modelling_works_with_where_case">
      <skipped message="Reason: On CRAN ('test-modelling.R:151')"/>
    </testcase>
    <testcase time="0.457999999999998" classname="modelling" name="data_modelling_works_with_analysis_weights_unweighted"/>
    <testcase time="0.00199999999999534" classname="modelling" name="data_modelling_works_with_analysis_weights_unweighted">
      <skipped message="Reason: On CRAN ('test-modelling.R:172')"/>
    </testcase>
    <testcase time="0.465999999999994" classname="modelling" name="data_modelling_works_with_analysis_weights_p99"/>
    <testcase time="0.00200000000000955" classname="modelling" name="data_modelling_works_with_analysis_weights_p99">
      <skipped message="Reason: On CRAN ('test-modelling.R:193')"/>
    </testcase>
    <testcase time="0.47999999999999" classname="modelling" name="data_modelling_works_with_analysis_weights_weight_limits"/>
    <testcase time="0.00200000000000955" classname="modelling" name="data_modelling_works_with_analysis_weights_weight_limits">
      <skipped message="Reason: On CRAN ('test-modelling.R:216')"/>
    </testcase>
    <testcase time="0.48599999999999" classname="modelling" name="data_modelling_works_with_missing_sample_weights"/>
    <testcase time="0.00200000000000955" classname="modelling" name="data_modelling_works_with_missing_sample_weights"/>
    <testcase time="0.454999999999998" classname="modelling" name="data_modelling_works_with_missing_sample_weights"/>
    <testcase time="0.00600000000000023" classname="modelling" name="data_modelling_works_with_missing_sample_weights"/>
    <testcase time="0.481999999999999" classname="modelling" name="data_modelling_works_with_sample_weights"/>
    <testcase time="0.00300000000000011" classname="modelling" name="data_modelling_works_with_sample_weights">
      <skipped message="Reason: On CRAN ('test-modelling.R:277')"/>
    </testcase>
    <testcase time="0.460999999999999" classname="modelling" name="data_modelling_makes_model_formula_as_expected_with_weight_and_censor"/>
    <testcase time="0.00499999999999545" classname="modelling" name="data_modelling_makes_model_formula_as_expected_with_weight_and_censor"/>
    <testcase time="0.441000000000003" classname="modelling" name="data_modelling_makes_model_formula_as_expected_with_no_weight_and_no_censor"/>
    <testcase time="2.886" classname="modelling" name="data_modelling_makes_model_formula_as_expected_with_weight_and_no_censor"/>
    <testcase time="0.00600000000000023" classname="modelling" name="data_modelling_makes_model_formula_as_expected_with_weight_and_no_censor"/>
    <testcase time="0.437000000000012" classname="modelling" name="data_modelling_makes_model_formula_as_expected_with_no_weight_and_censor"/>
  </testsuite>
  <testsuite name="predict" timestamp="2023-02-16T13:34:34Z" hostname="7354382aa167" tests="8" skipped="3" failures="0" errors="0" time="55.346">
    <testcase time="38.177" classname="predict" name="predict.RTE_model_works_as_expected"/>
    <testcase time="0.00200000000000955" classname="predict" name="predict.RTE_model_works_as_expected">
      <skipped message="Reason: On CRAN ('test-predict.R:26')"/>
    </testcase>
    <testcase time="16.549" classname="predict" name="predict.RTE_model_works_with_newdata">
      <skipped message="Reason: On CRAN ('test-predict.R:52')"/>
    </testcase>
    <testcase time="0.018999999999977" classname="predict" name="calculate_cum_inc_works_as_expected"/>
    <testcase time="0.0100000000000193" classname="predict" name="calculate_survival_works_as_expected"/>
    <testcase time="0.560999999999979" classname="predict" name="predict.RTE_model_works_with_interactions"/>
    <testcase time="0.00100000000000477" classname="predict" name="predict.RTE_model_works_with_interactions"/>
    <testcase time="0.0270000000000152" classname="predict" name="predict.RTE_model_works_with_interactions">
      <skipped message="Reason: On CRAN ('test-predict.R:112')"/>
    </testcase>
  </testsuite>
  <testsuite name="robust" timestamp="2023-02-16T13:35:30Z" hostname="7354382aa167" tests="3" skipped="0" failures="0" errors="0" time="2.656">
    <testcase time="2.63299999999998" classname="robust" name="robust_calculation_works_as_expected"/>
    <testcase time="0.0160000000000196" classname="robust" name="robust_calculation_works_as_expected"/>
    <testcase time="0.00699999999997658" classname="robust" name="robust_calculation_works_as_expected"/>
  </testsuite>
  <testsuite name="sampling" timestamp="2023-02-16T13:35:32Z" hostname="7354382aa167" tests="24" skipped="6" failures="0" errors="0" time="31.573">
    <testcase time="0.13300000000001" classname="sampling" name="do_sampling_works_as_expected_when_case_exist">
      <skipped message="Reason: On CRAN ('test-sampling.R:5')"/>
    </testcase>
    <testcase time="0.173000000000002" classname="sampling" name="do_sampling_works_as_expected_when_no_cases_exist">
      <skipped message="Reason: On CRAN ('test-sampling.R:15')"/>
    </testcase>
    <testcase time="0.228999999999985" classname="sampling" name="sample_from_period_works_as_expected"/>
    <testcase time="0.00600000000000023" classname="sampling" name="sample_from_period_works_as_expected"/>
    <testcase time="0.00900000000001455" classname="sampling" name="sample_from_period_works_as_expected"/>
    <testcase time="0.0029999999999859" classname="sampling" name="sample_from_period_works_as_expected"/>
    <testcase time="0.00200000000000955" classname="sampling" name="sample_from_period_works_as_expected">
      <skipped message="Reason: On CRAN ('test-sampling.R:34')"/>
    </testcase>
    <testcase time="0.171999999999997" classname="sampling" name="sample_from_period_works_as_expected_with_multiple_proportions"/>
    <testcase time="0.00600000000000023" classname="sampling" name="sample_from_period_works_as_expected_with_multiple_proportions"/>
    <testcase time="0.00300000000001432" classname="sampling" name="sample_from_period_works_as_expected_with_multiple_proportions"/>
    <testcase time="0.0029999999999859" classname="sampling" name="sample_from_period_works_as_expected_with_multiple_proportions"/>
    <testcase time="0.00300000000001432" classname="sampling" name="sample_from_period_works_as_expected_with_multiple_proportions">
      <skipped message="Reason: On CRAN ('test-sampling.R:54')"/>
    </testcase>
    <testcase time="3.88" classname="sampling" name="case_control_sampling_trials_works_with_separate_files_TRUE"/>
    <testcase time="0.0029999999999859" classname="sampling" name="case_control_sampling_trials_works_with_separate_files_TRUE">
      <skipped message="Reason: On CRAN ('test-sampling.R:85')"/>
    </testcase>
    <testcase time="4.04300000000001" classname="sampling" name="case_control_sampling_trials_works_with_separate_files_FALSE"/>
    <testcase time="0.00200000000000955" classname="sampling" name="case_control_sampling_trials_works_with_separate_files_FALSE">
      <skipped message="Reason: On CRAN ('test-sampling.R:101')"/>
    </testcase>
    <testcase time="5.78399999999999" classname="sampling" name="case_control_sampling_trials_works_with_separate_files_TRUE_is_reproducible"/>
    <testcase time="3.93899999999999" classname="sampling" name="case_control_sampling_trials_works_with_subsetting"/>
    <testcase time="0.01400000000001" classname="sampling" name="case_control_sampling_trials_gives_errors_for_arguments"/>
    <testcase time="0.00899999999998613" classname="sampling" name="case_control_sampling_trials_gives_errors_for_arguments"/>
    <testcase time="4.72200000000001" classname="sampling" name="case_control_sampling_trials_works_with_multiple_p_control"/>
    <testcase time="0.00200000000000955" classname="sampling" name="case_control_sampling_trials_works_with_multiple_p_control"/>
    <testcase time="0.00100000000000477" classname="sampling" name="case_control_sampling_trials_works_with_multiple_p_control"/>
    <testcase time="8.43199999999999" classname="sampling" name="case_control_sampling_trials_works_with_sort_TRUE"/>
  </testsuite>
  <testsuite name="utils" timestamp="2023-02-16T13:36:04Z" hostname="7354382aa167" tests="18" skipped="0" failures="0" errors="0" time="0.617">
    <testcase time="0.0130000000000052" classname="utils" name="quiet_print_works_as_expected"/>
    <testcase time="0.0029999999999859" classname="utils" name="quiet_print_works_as_expected"/>
    <testcase time="0.00600000000000023" classname="utils" name="quiet_msg_works_as_expected"/>
    <testcase time="0.00800000000000978" classname="utils" name="quiet_msg_works_as_expected"/>
    <testcase time="0.00600000000000023" classname="utils" name="quiet_line_works_as_expected"/>
    <testcase time="0.00800000000000978" classname="utils" name="quiet_line_works_as_expected"/>
    <testcase time="0.47399999999999" classname="utils" name="quiet_msg_time_works_as_expected"/>
    <testcase time="0.00800000000000978" classname="utils" name="quiet_msg_time_works_as_expected"/>
    <testcase time="0.0199999999999818" classname="utils" name="extract_baseline_works_works_as_expected"/>
    <testcase time="0.0100000000000193" classname="utils" name="as_formula_works_with_a_formula_as_string"/>
    <testcase time="0.00899999999998613" classname="utils" name="as_formula_works_with_strings"/>
    <testcase time="0.00800000000000978" classname="utils" name="as_formula_works_with_formulas"/>
    <testcase time="0.0120000000000005" classname="utils" name="assert_monotonic_works_as_expected"/>
    <testcase time="0.00699999999997658" classname="utils" name="assert_monotonic_works_as_expected"/>
    <testcase time="0.007000000000005" classname="utils" name="assert_monotonic_works_as_expected"/>
    <testcase time="0.00800000000000978" classname="utils" name="assert_monotonic_works_as_expected"/>
    <testcase time="0.00499999999999545" classname="utils" name="assert_monotonic_works_as_expected"/>
    <testcase time="0.00499999999999545" classname="utils" name="assert_monotonic_works_as_expected"/>
  </testsuite>
</testsuites>
