<?xml version="1.0" encoding="UTF-8"?>
<testsuites>
  <testsuite name="data_extension" timestamp="2023-02-16T08:20:38Z" hostname="654382f60335" tests="21" skipped="0" failures="0" errors="0" time="1.469">
    <testcase time="0.0880000000000001" classname="data_extension" name="check_expand_switch_works_as_expected"/>
    <testcase time="0.0389999999999997" classname="data_extension" name="check_expand_switch_works_as_expected"/>
    <testcase time="0.016" classname="data_extension" name="check_expand_switch_works_as_expected"/>
    <testcase time="0.00500000000000034" classname="data_extension" name="check_expand_switch_works_as_expected"/>
    <testcase time="0.0659999999999998" classname="data_extension" name="expand_works_as_expected"/>
    <testcase time="0.0179999999999998" classname="data_extension" name="expand_works_as_expected"/>
    <testcase time="0.258" classname="data_extension" name="data_extensions_works_as_expected_with_first_and_last_periods"/>
    <testcase time="0.00600000000000023" classname="data_extension" name="data_extensions_works_as_expected_with_first_and_last_periods"/>
    <testcase time="0.00499999999999989" classname="data_extension" name="data_extensions_works_as_expected_with_first_and_last_periods"/>
    <testcase time="0.00200000000000022" classname="data_extension" name="data_extensions_works_as_expected_with_first_and_last_periods"/>
    <testcase time="0.00599999999999978" classname="data_extension" name="data_extensions_works_as_expected_with_first_and_last_periods"/>
    <testcase time="0.00600000000000023" classname="data_extension" name="data_extensions_works_as_expected_with_first_and_last_periods"/>
    <testcase time="0.00199999999999978" classname="data_extension" name="data_extensions_works_as_expected_with_first_and_last_periods"/>
    <testcase time="0.803" classname="data_extension" name="data_extensions_works_as_expected_with_separate_files_TRUE"/>
    <testcase time="0.00200000000000022" classname="data_extension" name="data_extensions_works_as_expected_with_separate_files_TRUE"/>
    <testcase time="0.00199999999999978" classname="data_extension" name="data_extensions_works_as_expected_with_separate_files_TRUE"/>
    <testcase time="0.00200000000000022" classname="data_extension" name="data_extensions_works_as_expected_with_separate_files_TRUE"/>
    <testcase time="0.0109999999999997" classname="data_extension" name="data_extensions_works_as_expected_with_separate_files_TRUE"/>
    <testcase time="0.00600000000000023" classname="data_extension" name="data_extensions_works_as_expected_with_separate_files_TRUE"/>
    <testcase time="0.00499999999999989" classname="data_extension" name="data_extensions_works_as_expected_with_separate_files_TRUE"/>
    <testcase time="0.121" classname="data_extension" name="data_extensions_works_as_expected_with_separate_files_TRUE"/>
  </testsuite>
  <testsuite name="data_manipulation" timestamp="2023-02-16T08:20:39Z" hostname="654382f60335" tests="6" skipped="0" failures="0" errors="0" time="2.126">
    <testcase time="1.068" classname="data_manipulation" name="data_manipulation_works_as_expected_with_no_censoring"/>
    <testcase time="0.00199999999999978" classname="data_manipulation" name="data_manipulation_works_as_expected_with_no_censoring"/>
    <testcase time="0.00600000000000023" classname="data_manipulation" name="data_manipulation_works_as_expected_with_no_censoring"/>
    <testcase time="1.043" classname="data_manipulation" name="data_manipulation_works_as_expected_with_censoring"/>
    <testcase time="0.00100000000000033" classname="data_manipulation" name="data_manipulation_works_as_expected_with_censoring"/>
    <testcase time="0.00599999999999934" classname="data_manipulation" name="data_manipulation_works_as_expected_with_censoring"/>
  </testsuite>
  <testsuite name="data_preparation" timestamp="2023-02-16T08:20:41Z" hostname="654382f60335" tests="11" skipped="0" failures="0" errors="0" time="17.876">
    <testcase time="9.137" classname="data_preparation" name="data_preparation_works_as_expected"/>
    <testcase time="0.00600000000000023" classname="data_preparation" name="data_preparation_works_as_expected"/>
    <testcase time="0.00499999999999901" classname="data_preparation" name="data_preparation_works_as_expected"/>
    <testcase time="0.00500000000000078" classname="data_preparation" name="data_preparation_works_as_expected"/>
    <testcase time="0.000999999999999446" classname="data_preparation" name="data_preparation_works_as_expected"/>
    <testcase time="0.476000000000001" classname="data_preparation" name="data_preparation_works_as_expected"/>
    <testcase time="5.869" classname="data_preparation" name="data_preparation_can_be_quiet"/>
    <testcase time="0.0289999999999999" classname="data_preparation" name="data_preparation_gives_an_error_for_existing_trial_files"/>
    <testcase time="0.0139999999999993" classname="data_preparation" name="check_data_dir_gives_a_warning_for_existing_model_files"/>
    <testcase time="2.328" classname="data_preparation" name="data_preparation_has_correct_values_for_treatment_"/>
    <testcase time="0.00600000000000023" classname="data_preparation" name="data_preparation_has_correct_values_for_treatment_"/>
  </testsuite>
  <testsuite name="data_utils" timestamp="2023-02-16T08:20:59Z" hostname="654382f60335" tests="17" skipped="3" failures="0" errors="0" time="1.744">
    <testcase time="0.0190000000000019" classname="data_utils" name="weight_func_works_as_expected"/>
    <testcase time="0.701999999999998" classname="data_utils" name="weight_func_works_as_expected">
      <skipped message="Reason: On CRAN ('test-data_utils.R:6')"/>
    </testcase>
    <testcase time="0.0420000000000016" classname="data_utils" name="weight_func_works_saves_model_objects"/>
    <testcase time="0.605" classname="data_utils" name="weight_func_works_saves_model_objects"/>
    <testcase time="0.0189999999999984" classname="data_utils" name="weight_func_works_saves_model_objects"/>
    <testcase time="0.00600000000000023" classname="data_utils" name="weight_func_works_saves_model_objects"/>
    <testcase time="0.00199999999999889" classname="data_utils" name="weight_func_works_saves_model_objects"/>
    <testcase time="0.0130000000000017" classname="data_utils" name="weight_func_works_saves_model_objects"/>
    <testcase time="0.00600000000000023" classname="data_utils" name="weight_func_works_saves_model_objects"/>
    <testcase time="0.00199999999999889" classname="data_utils" name="weight_func_works_saves_model_objects"/>
    <testcase time="0.0970000000000013" classname="data_utils" name="weight_func_works_with_user_specified_time_on_regime">
      <skipped message="Reason: On CRAN ('test-data_utils.R:103')"/>
    </testcase>
    <testcase time="0.184000000000001" classname="data_utils" name="weight_func_works_with_pool_cense_TRUE">
      <skipped message="Reason: On CRAN ('test-data_utils.R:120')"/>
    </testcase>
    <testcase time="0.0189999999999984" classname="data_utils" name="select_data_cols_works_as_expected"/>
    <testcase time="0.0100000000000016" classname="data_utils" name="select_data_cols_works_as_expected_with_non_default_names"/>
    <testcase time="0.000999999999997669" classname="data_utils" name="select_data_cols_works_as_expected_with_non_default_names"/>
    <testcase time="0.00900000000000034" classname="data_utils" name="user_can_select_period_in_select_data_cols"/>
    <testcase time="0.00799999999999912" classname="data_utils" name="select_data_cols_allows_derived_variables_in_formula_vars"/>
  </testsuite>
  <testsuite name="generics" timestamp="2023-02-16T08:21:01Z" hostname="654382f60335" tests="4" skipped="3" failures="0" errors="0" time="7.356">
    <testcase time="1.834" classname="generics" name="summary_for_data_preparation_separate_TRUE">
      <skipped message="Reason: On CRAN ('test-generics.R:24')"/>
    </testcase>
    <testcase time="2.46" classname="generics" name="summary_for_data_preparation_separate_FALSE">
      <skipped message="Reason: On CRAN ('test-generics.R:65')"/>
    </testcase>
    <testcase time="3.048" classname="generics" name="summary_for_initiators"/>
    <testcase time="0.0140000000000029" classname="generics" name="summary_for_initiators">
      <skipped message="Reason: On CRAN ('test-generics.R:94')"/>
    </testcase>
  </testsuite>
  <testsuite name="lr_utils" timestamp="2023-02-16T08:21:08Z" hostname="654382f60335" tests="10" skipped="0" failures="0" errors="0" time="0.095">
    <testcase time="0.0349999999999966" classname="lr_utils" name="fit_glm_works"/>
    <testcase time="0.00100000000000477" classname="lr_utils" name="fit_glm_works"/>
    <testcase time="0.0180000000000007" classname="lr_utils" name="fit_glm_works_with_parglm_and_defaults"/>
    <testcase time="0.00199999999999534" classname="lr_utils" name="fit_glm_works_with_parglm_and_defaults"/>
    <testcase time="0.00500000000000256" classname="lr_utils" name="fit_glm_works_with_parglm_and_defaults"/>
    <testcase time="0.0069999999999979" classname="lr_utils" name="fit_glm_works_with_parglm_and_defaults"/>
    <testcase time="0.0100000000000051" classname="lr_utils" name="fit_glm_works_with_parglm"/>
    <testcase time="0.0069999999999979" classname="lr_utils" name="fit_glm_works_with_parglm"/>
    <testcase time="0.00500000000000256" classname="lr_utils" name="fit_glm_works_with_parglm"/>
    <testcase time="0.00499999999999545" classname="lr_utils" name="fit_glm_works_with_parglm"/>
  </testsuite>
  <testsuite name="modelling" timestamp="2023-02-16T08:21:08Z" hostname="654382f60335" tests="30" skipped="5" failures="0" errors="0" time="45.468">
    <testcase time="11.78" classname="modelling" name="data_modelling_can_be_quiet"/>
    <testcase time="8.718" classname="modelling" name="data_modelling_gives_expected_results_in_example_data"/>
    <testcase time="0.00799999999999557" classname="modelling" name="data_modelling_gives_expected_results_in_example_data"/>
    <testcase time="0.00600000000000023" classname="modelling" name="data_modelling_gives_expected_results_in_example_data"/>
    <testcase time="0.00600000000000023" classname="modelling" name="data_modelling_gives_expected_results_in_example_data"/>
    <testcase time="0.000999999999997669" classname="modelling" name="data_modelling_gives_expected_results_in_example_data"/>
    <testcase time="5.361" classname="modelling" name="data_modelling_works_with_data.tables_and_weights"/>
    <testcase time="11.04" classname="modelling" name="data_modelling_works_with_data.tables_and_weights"/>
    <testcase time="0.00799999999999557" classname="modelling" name="data_modelling_works_with_data.tables_and_weights"/>
    <testcase time="0.616" classname="modelling" name="Modelling_works_with_where_case"/>
    <testcase time="0.00100000000000477" classname="modelling" name="Modelling_works_with_where_case"/>
    <testcase time="0.00199999999999534" classname="modelling" name="Modelling_works_with_where_case">
      <skipped message="Reason: On CRAN ('test-modelling.R:151')"/>
    </testcase>
    <testcase time="0.533999999999992" classname="modelling" name="data_modelling_works_with_analysis_weights_unweighted"/>
    <testcase time="0.00300000000000011" classname="modelling" name="data_modelling_works_with_analysis_weights_unweighted">
      <skipped message="Reason: On CRAN ('test-modelling.R:172')"/>
    </testcase>
    <testcase time="0.550000000000011" classname="modelling" name="data_modelling_works_with_analysis_weights_p99"/>
    <testcase time="0.00199999999999534" classname="modelling" name="data_modelling_works_with_analysis_weights_p99">
      <skipped message="Reason: On CRAN ('test-modelling.R:193')"/>
    </testcase>
    <testcase time="0.538999999999987" classname="modelling" name="data_modelling_works_with_analysis_weights_weight_limits"/>
    <testcase time="0.00300000000000011" classname="modelling" name="data_modelling_works_with_analysis_weights_weight_limits">
      <skipped message="Reason: On CRAN ('test-modelling.R:216')"/>
    </testcase>
    <testcase time="0.543000000000006" classname="modelling" name="data_modelling_works_with_missing_sample_weights"/>
    <testcase time="0.00199999999999534" classname="modelling" name="data_modelling_works_with_missing_sample_weights"/>
    <testcase time="0.535000000000011" classname="modelling" name="data_modelling_works_with_missing_sample_weights"/>
    <testcase time="0.00699999999999079" classname="modelling" name="data_modelling_works_with_missing_sample_weights"/>
    <testcase time="0.551000000000002" classname="modelling" name="data_modelling_works_with_sample_weights"/>
    <testcase time="0.00199999999999534" classname="modelling" name="data_modelling_works_with_sample_weights">
      <skipped message="Reason: On CRAN ('test-modelling.R:277')"/>
    </testcase>
    <testcase time="0.538000000000011" classname="modelling" name="data_modelling_makes_model_formula_as_expected_with_weight_and_censor"/>
    <testcase time="0.00600000000000023" classname="modelling" name="data_modelling_makes_model_formula_as_expected_with_weight_and_censor"/>
    <testcase time="0.513000000000005" classname="modelling" name="data_modelling_makes_model_formula_as_expected_with_no_weight_and_no_censor"/>
    <testcase time="3.056" classname="modelling" name="data_modelling_makes_model_formula_as_expected_with_weight_and_no_censor"/>
    <testcase time="0.00600000000000023" classname="modelling" name="data_modelling_makes_model_formula_as_expected_with_weight_and_no_censor"/>
    <testcase time="0.531000000000006" classname="modelling" name="data_modelling_makes_model_formula_as_expected_with_no_weight_and_censor"/>
  </testsuite>
  <testsuite name="predict" timestamp="2023-02-16T08:21:54Z" hostname="654382f60335" tests="8" skipped="3" failures="0" errors="0" time="55.715">
    <testcase time="38.195" classname="predict" name="predict.RTE_model_works_as_expected"/>
    <testcase time="0.00200000000000955" classname="predict" name="predict.RTE_model_works_as_expected">
      <skipped message="Reason: On CRAN ('test-predict.R:26')"/>
    </testcase>
    <testcase time="16.785" classname="predict" name="predict.RTE_model_works_with_newdata">
      <skipped message="Reason: On CRAN ('test-predict.R:52')"/>
    </testcase>
    <testcase time="0.021000000000015" classname="predict" name="calculate_cum_inc_works_as_expected"/>
    <testcase time="0.00999999999999091" classname="predict" name="calculate_survival_works_as_expected"/>
    <testcase time="0.669000000000011" classname="predict" name="predict.RTE_model_works_with_interactions"/>
    <testcase time="0.00100000000000477" classname="predict" name="predict.RTE_model_works_with_interactions"/>
    <testcase time="0.0319999999999823" classname="predict" name="predict.RTE_model_works_with_interactions">
      <skipped message="Reason: On CRAN ('test-predict.R:112')"/>
    </testcase>
  </testsuite>
  <testsuite name="robust" timestamp="2023-02-16T08:22:49Z" hostname="654382f60335" tests="3" skipped="0" failures="0" errors="0" time="2.706">
    <testcase time="2.68200000000002" classname="robust" name="robust_calculation_works_as_expected"/>
    <testcase time="0.0169999999999959" classname="robust" name="robust_calculation_works_as_expected"/>
    <testcase time="0.007000000000005" classname="robust" name="robust_calculation_works_as_expected"/>
  </testsuite>
  <testsuite name="sampling" timestamp="2023-02-16T08:22:52Z" hostname="654382f60335" tests="24" skipped="6" failures="0" errors="0" time="35.043">
    <testcase time="0.150999999999982" classname="sampling" name="do_sampling_works_as_expected_when_case_exist">
      <skipped message="Reason: On CRAN ('test-sampling.R:5')"/>
    </testcase>
    <testcase time="0.188000000000017" classname="sampling" name="do_sampling_works_as_expected_when_no_cases_exist">
      <skipped message="Reason: On CRAN ('test-sampling.R:15')"/>
    </testcase>
    <testcase time="0.554999999999978" classname="sampling" name="sample_from_period_works_as_expected"/>
    <testcase time="0.00600000000000023" classname="sampling" name="sample_from_period_works_as_expected"/>
    <testcase time="0.0100000000000193" classname="sampling" name="sample_from_period_works_as_expected"/>
    <testcase time="0.00399999999999068" classname="sampling" name="sample_from_period_works_as_expected"/>
    <testcase time="0.00200000000000955" classname="sampling" name="sample_from_period_works_as_expected">
      <skipped message="Reason: On CRAN ('test-sampling.R:34')"/>
    </testcase>
    <testcase time="0.183999999999997" classname="sampling" name="sample_from_period_works_as_expected_with_multiple_proportions"/>
    <testcase time="0.00600000000000023" classname="sampling" name="sample_from_period_works_as_expected_with_multiple_proportions"/>
    <testcase time="0.00399999999999068" classname="sampling" name="sample_from_period_works_as_expected_with_multiple_proportions"/>
    <testcase time="0.00300000000001432" classname="sampling" name="sample_from_period_works_as_expected_with_multiple_proportions"/>
    <testcase time="0.0029999999999859" classname="sampling" name="sample_from_period_works_as_expected_with_multiple_proportions">
      <skipped message="Reason: On CRAN ('test-sampling.R:54')"/>
    </testcase>
    <testcase time="4.386" classname="sampling" name="case_control_sampling_trials_works_with_separate_files_TRUE"/>
    <testcase time="0.00200000000000955" classname="sampling" name="case_control_sampling_trials_works_with_separate_files_TRUE">
      <skipped message="Reason: On CRAN ('test-sampling.R:85')"/>
    </testcase>
    <testcase time="4.67699999999999" classname="sampling" name="case_control_sampling_trials_works_with_separate_files_FALSE"/>
    <testcase time="0.00499999999999545" classname="sampling" name="case_control_sampling_trials_works_with_separate_files_FALSE">
      <skipped message="Reason: On CRAN ('test-sampling.R:101')"/>
    </testcase>
    <testcase time="6.13800000000001" classname="sampling" name="case_control_sampling_trials_works_with_separate_files_TRUE_is_reproducible"/>
    <testcase time="4.83700000000002" classname="sampling" name="case_control_sampling_trials_works_with_subsetting"/>
    <testcase time="0.0149999999999864" classname="sampling" name="case_control_sampling_trials_gives_errors_for_arguments"/>
    <testcase time="0.0109999999999957" classname="sampling" name="case_control_sampling_trials_gives_errors_for_arguments"/>
    <testcase time="5.21100000000001" classname="sampling" name="case_control_sampling_trials_works_with_multiple_p_control"/>
    <testcase time="0.00199999999998113" classname="sampling" name="case_control_sampling_trials_works_with_multiple_p_control"/>
    <testcase time="0.00100000000000477" classname="sampling" name="case_control_sampling_trials_works_with_multiple_p_control"/>
    <testcase time="8.642" classname="sampling" name="case_control_sampling_trials_works_with_sort_TRUE"/>
  </testsuite>
  <testsuite name="utils" timestamp="2023-02-16T08:23:27Z" hostname="654382f60335" tests="18" skipped="0" failures="0" errors="0" time="0.657">
    <testcase time="0.0150000000000148" classname="utils" name="quiet_print_works_as_expected"/>
    <testcase time="0.0029999999999859" classname="utils" name="quiet_print_works_as_expected"/>
    <testcase time="0.00600000000000023" classname="utils" name="quiet_msg_works_as_expected"/>
    <testcase time="0.00900000000001455" classname="utils" name="quiet_msg_works_as_expected"/>
    <testcase time="0.00499999999999545" classname="utils" name="quiet_line_works_as_expected"/>
    <testcase time="0.00900000000001455" classname="utils" name="quiet_line_works_as_expected"/>
    <testcase time="0.513999999999982" classname="utils" name="quiet_msg_time_works_as_expected"/>
    <testcase time="0.00800000000000978" classname="utils" name="quiet_msg_time_works_as_expected"/>
    <testcase time="0.0200000000000102" classname="utils" name="extract_baseline_works_works_as_expected"/>
    <testcase time="0.00799999999998136" classname="utils" name="as_formula_works_with_a_formula_as_string"/>
    <testcase time="0.00900000000001455" classname="utils" name="as_formula_works_with_strings"/>
    <testcase time="0.00699999999997658" classname="utils" name="as_formula_works_with_formulas"/>
    <testcase time="0.0110000000000241" classname="utils" name="assert_monotonic_works_as_expected"/>
    <testcase time="0.00699999999997658" classname="utils" name="assert_monotonic_works_as_expected"/>
    <testcase time="0.00800000000000978" classname="utils" name="assert_monotonic_works_as_expected"/>
    <testcase time="0.007000000000005" classname="utils" name="assert_monotonic_works_as_expected"/>
    <testcase time="0.00499999999999545" classname="utils" name="assert_monotonic_works_as_expected"/>
    <testcase time="0.00600000000000023" classname="utils" name="assert_monotonic_works_as_expected"/>
  </testsuite>
</testsuites>
