<?xml version="1.0" encoding="UTF-8"?>
<testsuites>
  <testsuite name="data_extension" timestamp="2023-08-15T13:30:46Z" hostname="21aae2d4904b" tests="21" skipped="0" failures="0" errors="0" time="0.768">
    <testcase time="0.056" classname="data_extension" name="check_expand_switch_works_as_expected"/>
    <testcase time="0.0269999999999999" classname="data_extension" name="check_expand_switch_works_as_expected"/>
    <testcase time="0.01" classname="data_extension" name="check_expand_switch_works_as_expected"/>
    <testcase time="0.004" classname="data_extension" name="check_expand_switch_works_as_expected"/>
    <testcase time="0.046" classname="data_extension" name="expand_works_as_expected"/>
    <testcase time="0.0109999999999999" classname="data_extension" name="expand_works_as_expected"/>
    <testcase time="0.1" classname="data_extension" name="data_extensions_works_as_expected_with_first_and_last_periods"/>
    <testcase time="0.004" classname="data_extension" name="data_extensions_works_as_expected_with_first_and_last_periods"/>
    <testcase time="0.004" classname="data_extension" name="data_extensions_works_as_expected_with_first_and_last_periods"/>
    <testcase time="0.00099999999999989" classname="data_extension" name="data_extensions_works_as_expected_with_first_and_last_periods"/>
    <testcase time="0.004" classname="data_extension" name="data_extensions_works_as_expected_with_first_and_last_periods"/>
    <testcase time="0.004" classname="data_extension" name="data_extensions_works_as_expected_with_first_and_last_periods"/>
    <testcase time="0.00100000000000011" classname="data_extension" name="data_extensions_works_as_expected_with_first_and_last_periods"/>
    <testcase time="0.427" classname="data_extension" name="data_extensions_works_as_expected_with_separate_files_TRUE"/>
    <testcase time="0.00099999999999989" classname="data_extension" name="data_extensions_works_as_expected_with_separate_files_TRUE"/>
    <testcase time="0.00099999999999989" classname="data_extension" name="data_extensions_works_as_expected_with_separate_files_TRUE"/>
    <testcase time="0.00100000000000033" classname="data_extension" name="data_extensions_works_as_expected_with_separate_files_TRUE"/>
    <testcase time="0.00800000000000001" classname="data_extension" name="data_extensions_works_as_expected_with_separate_files_TRUE"/>
    <testcase time="0.004" classname="data_extension" name="data_extensions_works_as_expected_with_separate_files_TRUE"/>
    <testcase time="0.004" classname="data_extension" name="data_extensions_works_as_expected_with_separate_files_TRUE"/>
    <testcase time="0.0499999999999998" classname="data_extension" name="data_extensions_works_as_expected_with_separate_files_TRUE"/>
  </testsuite>
  <testsuite name="data_manipulation" timestamp="2023-08-15T13:30:46Z" hostname="21aae2d4904b" tests="6" skipped="0" failures="0" errors="0" time="1.209">
    <testcase time="0.62" classname="data_manipulation" name="data_manipulation_works_as_expected_with_no_censoring"/>
    <testcase time="0.00199999999999978" classname="data_manipulation" name="data_manipulation_works_as_expected_with_no_censoring"/>
    <testcase time="0.004" classname="data_manipulation" name="data_manipulation_works_as_expected_with_no_censoring"/>
    <testcase time="0.578" classname="data_manipulation" name="data_manipulation_works_as_expected_with_censoring"/>
    <testcase time="0.00099999999999989" classname="data_manipulation" name="data_manipulation_works_as_expected_with_censoring"/>
    <testcase time="0.004" classname="data_manipulation" name="data_manipulation_works_as_expected_with_censoring"/>
  </testsuite>
  <testsuite name="data_preparation" timestamp="2023-08-15T13:30:48Z" hostname="21aae2d4904b" tests="11" skipped="0" failures="0" errors="0" time="9.853">
    <testcase time="5.097" classname="data_preparation" name="data_preparation_works_as_expected"/>
    <testcase time="0.00399999999999956" classname="data_preparation" name="data_preparation_works_as_expected"/>
    <testcase time="0.00399999999999956" classname="data_preparation" name="data_preparation_works_as_expected"/>
    <testcase time="0.00300000000000011" classname="data_preparation" name="data_preparation_works_as_expected"/>
    <testcase time="0.000999999999999446" classname="data_preparation" name="data_preparation_works_as_expected"/>
    <testcase time="0.434000000000001" classname="data_preparation" name="data_preparation_works_as_expected"/>
    <testcase time="3.008" classname="data_preparation" name="data_preparation_can_be_quiet"/>
    <testcase time="0.0210000000000008" classname="data_preparation" name="data_preparation_gives_an_error_for_existing_trial_files"/>
    <testcase time="0.0109999999999992" classname="data_preparation" name="check_data_dir_gives_a_warning_for_existing_model_files"/>
    <testcase time="1.266" classname="data_preparation" name="data_preparation_has_correct_values_for_treatment_"/>
    <testcase time="0.00399999999999956" classname="data_preparation" name="data_preparation_has_correct_values_for_treatment_"/>
  </testsuite>
  <testsuite name="data_utils" timestamp="2023-08-15T13:30:57Z" hostname="21aae2d4904b" tests="17" skipped="3" failures="0" errors="0" time="1.367">
    <testcase time="0.0170000000000012" classname="data_utils" name="weight_func_works_as_expected"/>
    <testcase time="0.450999999999999" classname="data_utils" name="weight_func_works_as_expected">
      <skipped message="Reason: On CRAN ('test-data_utils.R:6:3')"/>
    </testcase>
    <testcase time="0.0330000000000013" classname="data_utils" name="weight_func_works_saves_model_objects"/>
    <testcase time="0.571" classname="data_utils" name="weight_func_works_saves_model_objects"/>
    <testcase time="0.016" classname="data_utils" name="weight_func_works_saves_model_objects"/>
    <testcase time="0.00699999999999967" classname="data_utils" name="weight_func_works_saves_model_objects"/>
    <testcase time="0.00200000000000067" classname="data_utils" name="weight_func_works_saves_model_objects"/>
    <testcase time="0.0120000000000005" classname="data_utils" name="weight_func_works_saves_model_objects"/>
    <testcase time="0.00499999999999901" classname="data_utils" name="weight_func_works_saves_model_objects"/>
    <testcase time="0.00100000000000122" classname="data_utils" name="weight_func_works_saves_model_objects"/>
    <testcase time="0.0749999999999993" classname="data_utils" name="weight_func_works_with_user_specified_time_on_regime">
      <skipped message="Reason: On CRAN ('test-data_utils.R:103:3')"/>
    </testcase>
    <testcase time="0.132" classname="data_utils" name="weight_func_works_with_pool_cense_TRUE">
      <skipped message="Reason: On CRAN ('test-data_utils.R:120:3')"/>
    </testcase>
    <testcase time="0.0170000000000012" classname="data_utils" name="select_data_cols_works_as_expected"/>
    <testcase time="0.00899999999999856" classname="data_utils" name="select_data_cols_works_as_expected_with_non_default_names"/>
    <testcase time="0.00200000000000067" classname="data_utils" name="select_data_cols_works_as_expected_with_non_default_names"/>
    <testcase time="0.00799999999999912" classname="data_utils" name="user_can_select_period_in_select_data_cols"/>
    <testcase time="0.00900000000000034" classname="data_utils" name="select_data_cols_allows_derived_variables_in_formula_vars"/>
  </testsuite>
  <testsuite name="generics" timestamp="2023-08-15T13:30:59Z" hostname="21aae2d4904b" tests="4" skipped="3" failures="0" errors="0" time="3.967">
    <testcase time="1.127" classname="generics" name="summary_for_data_preparation_separate_TRUE">
      <skipped message="Reason: On CRAN ('test-generics.R:24:3')"/>
    </testcase>
    <testcase time="1.388" classname="generics" name="summary_for_data_preparation_separate_FALSE">
      <skipped message="Reason: On CRAN ('test-generics.R:65:3')"/>
    </testcase>
    <testcase time="1.442" classname="generics" name="summary_for_initiators"/>
    <testcase time="0.0100000000000016" classname="generics" name="summary_for_initiators">
      <skipped message="Reason: On CRAN ('test-generics.R:94:3')"/>
    </testcase>
  </testsuite>
  <testsuite name="lr_utils" timestamp="2023-08-15T13:31:03Z" hostname="21aae2d4904b" tests="10" skipped="0" failures="0" errors="0" time="0.075">
    <testcase time="0.0299999999999976" classname="lr_utils" name="fit_glm_works"/>
    <testcase time="0.00100000000000122" classname="lr_utils" name="fit_glm_works"/>
    <testcase time="0.0139999999999993" classname="lr_utils" name="fit_glm_works_with_parglm_and_defaults"/>
    <testcase time="0.00100000000000122" classname="lr_utils" name="fit_glm_works_with_parglm_and_defaults"/>
    <testcase time="0.00300000000000011" classname="lr_utils" name="fit_glm_works_with_parglm_and_defaults"/>
    <testcase time="0.00499999999999901" classname="lr_utils" name="fit_glm_works_with_parglm_and_defaults"/>
    <testcase time="0.0100000000000016" classname="lr_utils" name="fit_glm_works_with_parglm"/>
    <testcase time="0.00499999999999901" classname="lr_utils" name="fit_glm_works_with_parglm"/>
    <testcase time="0.00300000000000011" classname="lr_utils" name="fit_glm_works_with_parglm"/>
    <testcase time="0.00300000000000011" classname="lr_utils" name="fit_glm_works_with_parglm"/>
  </testsuite>
  <testsuite name="modelling" timestamp="2023-08-15T13:31:03Z" hostname="21aae2d4904b" tests="30" skipped="5" failures="0" errors="0" time="27.188">
    <testcase time="8.294" classname="modelling" name="trial_msm_can_be_quiet"/>
    <testcase time="6.317" classname="modelling" name="trial_msm_gives_expected_results_in_example_data"/>
    <testcase time="0.00500000000000256" classname="modelling" name="trial_msm_gives_expected_results_in_example_data"/>
    <testcase time="0.00399999999999778" classname="modelling" name="trial_msm_gives_expected_results_in_example_data"/>
    <testcase time="0.00399999999999778" classname="modelling" name="trial_msm_gives_expected_results_in_example_data"/>
    <testcase time="0.00100000000000477" classname="modelling" name="trial_msm_gives_expected_results_in_example_data"/>
    <testcase time="3.404" classname="modelling" name="trial_msm_works_with_data.tables_and_weights"/>
    <testcase time="7.309" classname="modelling" name="trial_msm_works_with_data.tables_and_weights"/>
    <testcase time="0.00499999999999545" classname="modelling" name="trial_msm_works_with_data.tables_and_weights"/>
    <testcase time="0.0330000000000013" classname="modelling" name="Modelling_works_with_where_case"/>
    <testcase time="0.00200000000000244" classname="modelling" name="Modelling_works_with_where_case"/>
    <testcase time="0.00199999999999534" classname="modelling" name="Modelling_works_with_where_case">
      <skipped message="Reason: On CRAN ('test-modelling.R:151:3')"/>
    </testcase>
    <testcase time="0.0250000000000057" classname="modelling" name="trial_msm_works_with_analysis_weights_unweighted"/>
    <testcase time="0.00199999999999534" classname="modelling" name="trial_msm_works_with_analysis_weights_unweighted">
      <skipped message="Reason: On CRAN ('test-modelling.R:172:3')"/>
    </testcase>
    <testcase time="0.0390000000000015" classname="modelling" name="trial_msm_works_with_analysis_weights_p99"/>
    <testcase time="0.00200000000000244" classname="modelling" name="trial_msm_works_with_analysis_weights_p99">
      <skipped message="Reason: On CRAN ('test-modelling.R:193:3')"/>
    </testcase>
    <testcase time="0.036999999999999" classname="modelling" name="trial_msm_works_with_analysis_weights_weight_limits"/>
    <testcase time="0.00200000000000244" classname="modelling" name="trial_msm_works_with_analysis_weights_weight_limits">
      <skipped message="Reason: On CRAN ('test-modelling.R:216:3')"/>
    </testcase>
    <testcase time="0.0439999999999969" classname="modelling" name="trial_msm_works_with_missing_sample_weights"/>
    <testcase time="0.00100000000000477" classname="modelling" name="trial_msm_works_with_missing_sample_weights"/>
    <testcase time="0.0219999999999985" classname="modelling" name="trial_msm_works_with_missing_sample_weights"/>
    <testcase time="0.00399999999999778" classname="modelling" name="trial_msm_works_with_missing_sample_weights"/>
    <testcase time="0.0519999999999996" classname="modelling" name="trial_msm_works_with_sample_weights"/>
    <testcase time="0.00300000000000011" classname="modelling" name="trial_msm_works_with_sample_weights">
      <skipped message="Reason: On CRAN ('test-modelling.R:277:3')"/>
    </testcase>
    <testcase time="0.036999999999999" classname="modelling" name="trial_msm_makes_model_formula_as_expected_with_weight_and_censor"/>
    <testcase time="0.00500000000000256" classname="modelling" name="trial_msm_makes_model_formula_as_expected_with_weight_and_censor"/>
    <testcase time="0.019999999999996" classname="modelling" name="trial_msm_makes_model_formula_as_expected_with_no_weight_and_no_censor"/>
    <testcase time="1.49" classname="modelling" name="trial_msm_makes_model_formula_as_expected_with_weight_and_no_censor"/>
    <testcase time="0.00400000000000489" classname="modelling" name="trial_msm_makes_model_formula_as_expected_with_weight_and_no_censor"/>
    <testcase time="0.0189999999999984" classname="modelling" name="trial_msm_makes_model_formula_as_expected_with_no_weight_and_censor"/>
  </testsuite>
  <testsuite name="predict" timestamp="2023-08-15T13:31:30Z" hostname="21aae2d4904b" tests="8" skipped="3" failures="0" errors="0" time="40.365">
    <testcase time="27.287" classname="predict" name="predict.TE_msm_works_as_expected"/>
    <testcase time="0.00199999999999534" classname="predict" name="predict.TE_msm_works_as_expected">
      <skipped message="Reason: On CRAN ('test-predict.R:26:3')"/>
    </testcase>
    <testcase time="12.99" classname="predict" name="predict.TE_msm_works_with_newdata">
      <skipped message="Reason: On CRAN ('test-predict.R:52:3')"/>
    </testcase>
    <testcase time="0.0180000000000007" classname="predict" name="calculate_cum_inc_works_as_expected"/>
    <testcase time="0.00900000000000034" classname="predict" name="calculate_survival_works_as_expected"/>
    <testcase time="0.0409999999999968" classname="predict" name="predict.TE_msm_works_with_interactions"/>
    <testcase time="0.00100000000000477" classname="predict" name="predict.TE_msm_works_with_interactions"/>
    <testcase time="0.0169999999999959" classname="predict" name="predict.TE_msm_works_with_interactions">
      <skipped message="Reason: On CRAN ('test-predict.R:112:3')"/>
    </testcase>
  </testsuite>
  <testsuite name="robust" timestamp="2023-08-15T13:32:10Z" hostname="21aae2d4904b" tests="3" skipped="0" failures="0" errors="0" time="2.155">
    <testcase time="2.14099999999999" classname="robust" name="robust_calculation_works_as_expected"/>
    <testcase time="0.0100000000000051" classname="robust" name="robust_calculation_works_as_expected"/>
    <testcase time="0.00399999999999068" classname="robust" name="robust_calculation_works_as_expected"/>
  </testsuite>
  <testsuite name="sampling" timestamp="2023-08-15T13:32:13Z" hostname="21aae2d4904b" tests="24" skipped="6" failures="0" errors="0" time="18.039">
    <testcase time="0.346000000000004" classname="sampling" name="do_sampling_works_as_expected_when_case_exist">
      <skipped message="Reason: On CRAN ('test-sampling.R:5:3')"/>
    </testcase>
    <testcase time="0.117000000000004" classname="sampling" name="do_sampling_works_as_expected_when_no_cases_exist">
      <skipped message="Reason: On CRAN ('test-sampling.R:15:3')"/>
    </testcase>
    <testcase time="0.090999999999994" classname="sampling" name="sample_from_period_works_as_expected"/>
    <testcase time="0.00400000000000489" classname="sampling" name="sample_from_period_works_as_expected"/>
    <testcase time="0.007000000000005" classname="sampling" name="sample_from_period_works_as_expected"/>
    <testcase time="0.00199999999999534" classname="sampling" name="sample_from_period_works_as_expected"/>
    <testcase time="0.00300000000000011" classname="sampling" name="sample_from_period_works_as_expected">
      <skipped message="Reason: On CRAN ('test-sampling.R:34:3')"/>
    </testcase>
    <testcase time="0.111000000000004" classname="sampling" name="sample_from_period_works_as_expected_with_multiple_proportions"/>
    <testcase time="0.00399999999999068" classname="sampling" name="sample_from_period_works_as_expected_with_multiple_proportions"/>
    <testcase time="0.00300000000000011" classname="sampling" name="sample_from_period_works_as_expected_with_multiple_proportions"/>
    <testcase time="0.00200000000000955" classname="sampling" name="sample_from_period_works_as_expected_with_multiple_proportions"/>
    <testcase time="0.00199999999999534" classname="sampling" name="sample_from_period_works_as_expected_with_multiple_proportions">
      <skipped message="Reason: On CRAN ('test-sampling.R:54:3')"/>
    </testcase>
    <testcase time="2.01899999999999" classname="sampling" name="case_control_sampling_trials_works_with_separate_files_TRUE"/>
    <testcase time="0.00200000000000955" classname="sampling" name="case_control_sampling_trials_works_with_separate_files_TRUE">
      <skipped message="Reason: On CRAN ('test-sampling.R:85:3')"/>
    </testcase>
    <testcase time="1.99799999999999" classname="sampling" name="case_control_sampling_trials_works_with_separate_files_FALSE"/>
    <testcase time="0.00200000000000955" classname="sampling" name="case_control_sampling_trials_works_with_separate_files_FALSE">
      <skipped message="Reason: On CRAN ('test-sampling.R:101:3')"/>
    </testcase>
    <testcase time="3.15599999999999" classname="sampling" name="case_control_sampling_trials_works_with_separate_files_TRUE_is_reproducible"/>
    <testcase time="2.501" classname="sampling" name="case_control_sampling_trials_works_with_subsetting"/>
    <testcase time="0.0109999999999957" classname="sampling" name="case_control_sampling_trials_gives_errors_for_arguments"/>
    <testcase time="0.007000000000005" classname="sampling" name="case_control_sampling_trials_gives_errors_for_arguments"/>
    <testcase time="2.73699999999999" classname="sampling" name="case_control_sampling_trials_works_with_multiple_p_control"/>
    <testcase time="0.00100000000000477" classname="sampling" name="case_control_sampling_trials_works_with_multiple_p_control"/>
    <testcase time="0.00100000000000477" classname="sampling" name="case_control_sampling_trials_works_with_multiple_p_control"/>
    <testcase time="4.91199999999999" classname="sampling" name="case_control_sampling_trials_works_with_sort_TRUE"/>
  </testsuite>
  <testsuite name="utils" timestamp="2023-08-15T13:32:31Z" hostname="21aae2d4904b" tests="18" skipped="0" failures="0" errors="0" time="0.478">
    <testcase time="0.0120000000000005" classname="utils" name="quiet_print_works_as_expected"/>
    <testcase time="0.00200000000000955" classname="utils" name="quiet_print_works_as_expected"/>
    <testcase time="0.00699999999999079" classname="utils" name="quiet_msg_works_as_expected"/>
    <testcase time="0.00500000000000966" classname="utils" name="quiet_msg_works_as_expected"/>
    <testcase time="0.00699999999999079" classname="utils" name="quiet_line_works_as_expected"/>
    <testcase time="0.00500000000000966" classname="utils" name="quiet_line_works_as_expected"/>
    <testcase time="0.361999999999995" classname="utils" name="quiet_msg_time_works_as_expected"/>
    <testcase time="0.00499999999999545" classname="utils" name="quiet_msg_time_works_as_expected"/>
    <testcase time="0.0170000000000101" classname="utils" name="extract_baseline_works_works_as_expected"/>
    <testcase time="0.00799999999999557" classname="utils" name="as_formula_works_with_a_formula_as_string"/>
    <testcase time="0.00799999999999557" classname="utils" name="as_formula_works_with_strings"/>
    <testcase time="0.00799999999999557" classname="utils" name="as_formula_works_with_formulas"/>
    <testcase time="0.0100000000000051" classname="utils" name="assert_monotonic_works_as_expected"/>
    <testcase time="0.00499999999999545" classname="utils" name="assert_monotonic_works_as_expected"/>
    <testcase time="0.00500000000000966" classname="utils" name="assert_monotonic_works_as_expected"/>
    <testcase time="0.00499999999999545" classname="utils" name="assert_monotonic_works_as_expected"/>
    <testcase time="0.00400000000000489" classname="utils" name="assert_monotonic_works_as_expected"/>
    <testcase time="0.00300000000000011" classname="utils" name="assert_monotonic_works_as_expected"/>
  </testsuite>
</testsuites>
