<?xml version="1.0" encoding="UTF-8"?>
<testsuites>
  <testsuite name="data_extension" timestamp="2024-07-15T05:40:49Z" hostname="1f1712bddc2d" tests="21" skipped="0" failures="0" errors="0" time="0.616">
    <testcase time="0.0529999999999999" classname="data_extension" name="check_expand_switch_works_as_expected"/>
    <testcase time="0.0270000000000001" classname="data_extension" name="check_expand_switch_works_as_expected"/>
    <testcase time="0.00800000000000001" classname="data_extension" name="check_expand_switch_works_as_expected"/>
    <testcase time="0.00299999999999989" classname="data_extension" name="check_expand_switch_works_as_expected"/>
    <testcase time="0.034" classname="data_extension" name="expand_works_as_expected"/>
    <testcase time="0.00900000000000012" classname="data_extension" name="expand_works_as_expected"/>
    <testcase time="0.077" classname="data_extension" name="data_extensions_works_as_expected_with_first_and_last_periods"/>
    <testcase time="0.00299999999999989" classname="data_extension" name="data_extensions_works_as_expected_with_first_and_last_periods"/>
    <testcase time="0.00300000000000011" classname="data_extension" name="data_extensions_works_as_expected_with_first_and_last_periods"/>
    <testcase time="0.00099999999999989" classname="data_extension" name="data_extensions_works_as_expected_with_first_and_last_periods"/>
    <testcase time="0.00300000000000011" classname="data_extension" name="data_extensions_works_as_expected_with_first_and_last_periods"/>
    <testcase time="0.00299999999999989" classname="data_extension" name="data_extensions_works_as_expected_with_first_and_last_periods"/>
    <testcase time="0.00100000000000011" classname="data_extension" name="data_extensions_works_as_expected_with_first_and_last_periods"/>
    <testcase time="0.334" classname="data_extension" name="data_extensions_works_as_expected_with_separate_files_TRUE"/>
    <testcase time="0.00100000000000011" classname="data_extension" name="data_extensions_works_as_expected_with_separate_files_TRUE"/>
    <testcase time="0.00099999999999989" classname="data_extension" name="data_extensions_works_as_expected_with_separate_files_TRUE"/>
    <testcase time="0.00100000000000011" classname="data_extension" name="data_extensions_works_as_expected_with_separate_files_TRUE"/>
    <testcase time="0.0089999999999999" classname="data_extension" name="data_extensions_works_as_expected_with_separate_files_TRUE"/>
    <testcase time="0.00300000000000011" classname="data_extension" name="data_extensions_works_as_expected_with_separate_files_TRUE"/>
    <testcase time="0.00299999999999989" classname="data_extension" name="data_extensions_works_as_expected_with_separate_files_TRUE"/>
    <testcase time="0.0390000000000001" classname="data_extension" name="data_extensions_works_as_expected_with_separate_files_TRUE"/>
  </testsuite>
  <testsuite name="data_manipulation" timestamp="2024-07-15T05:40:50Z" hostname="1f1712bddc2d" tests="12" skipped="0" failures="0" errors="0" time="1.126">
    <testcase time="0.536" classname="data_manipulation" name="data_manipulation_works_as_expected_with_no_censoring"/>
    <testcase time="0.00100000000000033" classname="data_manipulation" name="data_manipulation_works_as_expected_with_no_censoring"/>
    <testcase time="0.00299999999999967" classname="data_manipulation" name="data_manipulation_works_as_expected_with_no_censoring"/>
    <testcase time="0.496" classname="data_manipulation" name="data_manipulation_works_as_expected_with_censoring"/>
    <testcase time="0.00100000000000033" classname="data_manipulation" name="data_manipulation_works_as_expected_with_censoring"/>
    <testcase time="0.00299999999999967" classname="data_manipulation" name="data_manipulation_works_as_expected_with_censoring"/>
    <testcase time="0.0369999999999999" classname="data_manipulation" name="data_manipulation_works_as_expected_with_observations_before_eligibilitiy"/>
    <testcase time="0.00100000000000033" classname="data_manipulation" name="data_manipulation_works_as_expected_with_observations_before_eligibilitiy"/>
    <testcase time="0.004" classname="data_manipulation" name="data_manipulation_works_as_expected_with_observations_before_eligibilitiy"/>
    <testcase time="0.0389999999999997" classname="data_manipulation" name="data_manipulation_works_as_expected_with_observations_after_outcome"/>
    <testcase time="0.00100000000000033" classname="data_manipulation" name="data_manipulation_works_as_expected_with_observations_after_outcome"/>
    <testcase time="0.004" classname="data_manipulation" name="data_manipulation_works_as_expected_with_observations_after_outcome"/>
  </testsuite>
  <testsuite name="data_preparation" timestamp="2024-07-15T05:40:51Z" hostname="1f1712bddc2d" tests="24" skipped="0" failures="0" errors="0" time="12.53">
    <testcase time="3.785" classname="data_preparation" name="data_preparation_works_as_expected"/>
    <testcase time="0.00199999999999978" classname="data_preparation" name="data_preparation_works_as_expected"/>
    <testcase time="0.00300000000000011" classname="data_preparation" name="data_preparation_works_as_expected"/>
    <testcase time="0.00100000000000033" classname="data_preparation" name="data_preparation_works_as_expected"/>
    <testcase time="0.287" classname="data_preparation" name="data_preparation_works_as_expected"/>
    <testcase time="1.775" classname="data_preparation" name="data_preparation_can_be_quiet"/>
    <testcase time="0.00999999999999979" classname="data_preparation" name="data_preparation_gives_an_error_for_existing_trial_files"/>
    <testcase time="0.00699999999999967" classname="data_preparation" name="check_data_dir_gives_a_warning_for_existing_model_files"/>
    <testcase time="0.858000000000001" classname="data_preparation" name="data_preparation_has_correct_values_for_treatment_"/>
    <testcase time="0.00300000000000011" classname="data_preparation" name="data_preparation_has_correct_values_for_treatment_"/>
    <testcase time="2.228" classname="data_preparation" name="data_preparation_works_with_PP_estimand_type"/>
    <testcase time="0.00200000000000067" classname="data_preparation" name="data_preparation_works_with_PP_estimand_type"/>
    <testcase time="0.00300000000000011" classname="data_preparation" name="data_preparation_works_with_PP_estimand_type"/>
    <testcase time="0.000999999999999446" classname="data_preparation" name="data_preparation_works_with_PP_estimand_type"/>
    <testcase time="2.555" classname="data_preparation" name="data_preparation_works_with_As_Treated_estimand_type"/>
    <testcase time="0.00300000000000011" classname="data_preparation" name="data_preparation_works_with_As_Treated_estimand_type"/>
    <testcase time="0.00200000000000067" classname="data_preparation" name="data_preparation_works_with_As_Treated_estimand_type"/>
    <testcase time="0.000999999999999446" classname="data_preparation" name="data_preparation_works_with_As_Treated_estimand_type"/>
    <testcase time="0.991" classname="data_preparation" name="data_preparation_works_with_ITT_and_censor_weights"/>
    <testcase time="0.00300000000000011" classname="data_preparation" name="data_preparation_works_with_ITT_and_censor_weights"/>
    <testcase time="0.00300000000000011" classname="data_preparation" name="data_preparation_works_with_ITT_and_censor_weights"/>
    <testcase time="0.000999999999999446" classname="data_preparation" name="data_preparation_works_with_ITT_and_censor_weights"/>
    <testcase time="0.00300000000000011" classname="data_preparation" name="data_preparation_works_with_ITT_and_censor_weights"/>
    <testcase time="0.00300000000000011" classname="data_preparation" name="data_preparation_works_with_ITT_and_censor_weights"/>
  </testsuite>
  <testsuite name="data_utils" timestamp="2024-07-15T05:41:04Z" hostname="1f1712bddc2d" tests="17" skipped="3" failures="0" errors="0" time="1.098">
    <testcase time="0.0120000000000005" classname="data_utils" name="weight_func_works_as_expected"/>
    <testcase time="0.206999999999999" classname="data_utils" name="weight_func_works_as_expected">
      <skipped message="Reason: On CRAN ('test-data_utils.R:6:3')"/>
    </testcase>
    <testcase time="0.0380000000000003" classname="data_utils" name="weight_func_works_saves_model_objects"/>
    <testcase time="0.484" classname="data_utils" name="weight_func_works_saves_model_objects"/>
    <testcase time="0.0120000000000005" classname="data_utils" name="weight_func_works_saves_model_objects"/>
    <testcase time="0.00400000000000134" classname="data_utils" name="weight_func_works_saves_model_objects"/>
    <testcase time="0.000999999999997669" classname="data_utils" name="weight_func_works_saves_model_objects"/>
    <testcase time="0.00900000000000034" classname="data_utils" name="weight_func_works_saves_model_objects"/>
    <testcase time="0.00300000000000011" classname="data_utils" name="weight_func_works_saves_model_objects"/>
    <testcase time="0.00100000000000122" classname="data_utils" name="weight_func_works_saves_model_objects"/>
    <testcase time="0.128999999999998" classname="data_utils" name="weight_func_works_with_user_specified_time_on_regime">
      <skipped message="Reason: On CRAN ('test-data_utils.R:111:3')"/>
    </testcase>
    <testcase time="0.131" classname="data_utils" name="weight_func_works_with_pool_cense_TRUE">
      <skipped message="Reason: On CRAN ('test-data_utils.R:131:3')"/>
    </testcase>
    <testcase time="0.0280000000000022" classname="data_utils" name="select_data_cols_works_as_expected"/>
    <testcase time="0.00900000000000034" classname="data_utils" name="select_data_cols_works_as_expected_with_non_default_names"/>
    <testcase time="0.000999999999997669" classname="data_utils" name="select_data_cols_works_as_expected_with_non_default_names"/>
    <testcase time="0.0150000000000006" classname="data_utils" name="user_can_select_period_in_select_data_cols"/>
    <testcase time="0.0139999999999993" classname="data_utils" name="select_data_cols_allows_derived_variables_in_formula_vars"/>
  </testsuite>
  <testsuite name="generics" timestamp="2024-07-15T05:41:05Z" hostname="1f1712bddc2d" tests="4" skipped="3" failures="0" errors="0" time="2.615">
    <testcase time="0.662000000000003" classname="generics" name="summary_for_data_preparation_separate_TRUE">
      <skipped message="Reason: On CRAN ('test-generics.R:25:3')"/>
    </testcase>
    <testcase time="0.941000000000003" classname="generics" name="summary_for_data_preparation_separate_FALSE">
      <skipped message="Reason: On CRAN ('test-generics.R:66:3')"/>
    </testcase>
    <testcase time="1" classname="generics" name="summary_for_initiators"/>
    <testcase time="0.0119999999999969" classname="generics" name="summary_for_initiators">
      <skipped message="Reason: On CRAN ('test-generics.R:95:3')"/>
    </testcase>
  </testsuite>
  <testsuite name="lr_utils" timestamp="2024-07-15T05:41:07Z" hostname="1f1712bddc2d" tests="12" skipped="0" failures="0" errors="0" time="0.115">
    <testcase time="0.0370000000000026" classname="lr_utils" name="fit_glm_works"/>
    <testcase time="0.000999999999997669" classname="lr_utils" name="fit_glm_works"/>
    <testcase time="0.0400000000000027" classname="lr_utils" name="fit_glm_works_with_parglm_and_defaults"/>
    <testcase time="0.000999999999997669" classname="lr_utils" name="fit_glm_works_with_parglm_and_defaults"/>
    <testcase time="0.00300000000000011" classname="lr_utils" name="fit_glm_works_with_parglm_and_defaults"/>
    <testcase time="0.00400000000000134" classname="lr_utils" name="fit_glm_works_with_parglm_and_defaults"/>
    <testcase time="0.00600000000000023" classname="lr_utils" name="fit_glm_works_with_parglm"/>
    <testcase time="0.00399999999999778" classname="lr_utils" name="fit_glm_works_with_parglm"/>
    <testcase time="0.00200000000000244" classname="lr_utils" name="fit_glm_works_with_parglm"/>
    <testcase time="0.00300000000000011" classname="lr_utils" name="fit_glm_works_with_parglm"/>
    <testcase time="0.00600000000000023" classname="lr_utils" name="p99_weight_works_as_expected"/>
    <testcase time="0.00799999999999912" classname="lr_utils" name="limit_weight_works_as_expected"/>
  </testsuite>
  <testsuite name="modelling" timestamp="2024-07-15T05:41:07Z" hostname="1f1712bddc2d" tests="23" skipped="9" failures="0" errors="0" time="13.31">
    <testcase time="0.251999999999999" classname="modelling" name="trial_msm_can_be_quiet"/>
    <testcase time="4.175" classname="modelling" name="trial_msm_gives_expected_results_in_example_data"/>
    <testcase time="0.00400000000000134" classname="modelling" name="trial_msm_gives_expected_results_in_example_data"/>
    <testcase time="0.00199999999999889" classname="modelling" name="trial_msm_gives_expected_results_in_example_data"/>
    <testcase time="0.00300000000000011" classname="modelling" name="trial_msm_gives_expected_results_in_example_data"/>
    <testcase time="0.00100000000000122" classname="modelling" name="trial_msm_gives_expected_results_in_example_data"/>
    <testcase time="2.731" classname="modelling" name="trial_msm_works_with_data.tables_and_weights"/>
    <testcase time="5.792" classname="modelling" name="trial_msm_works_with_data.tables_and_weights"/>
    <testcase time="0.00400000000000489" classname="modelling" name="trial_msm_works_with_data.tables_and_weights"/>
    <testcase time="0.00399999999999778" classname="modelling" name="Modelling_works_with_where_case">
      <skipped message="Reason: On CRAN ('test-modelling.R:99:3')"/>
    </testcase>
    <testcase time="0.0120000000000005" classname="modelling" name="trial_msm_works_with_analysis_weights_unweighted">
      <skipped message="Reason: On CRAN ('test-modelling.R:154:3')"/>
    </testcase>
    <testcase time="0.0110000000000028" classname="modelling" name="trial_msm_works_with_analysis_weights_p99">
      <skipped message="Reason: On CRAN ('test-modelling.R:175:3')"/>
    </testcase>
    <testcase time="0.0119999999999933" classname="modelling" name="trial_msm_works_with_analysis_weights_weight_limits">
      <skipped message="Reason: On CRAN ('test-modelling.R:205:3')"/>
    </testcase>
    <testcase time="0.0110000000000028" classname="modelling" name="trial_msm_works_with_missing_sample_weights">
      <skipped message="Reason: On CRAN ('test-modelling.R:229:3')"/>
    </testcase>
    <testcase time="0.0120000000000005" classname="modelling" name="trial_msm_works_with_sample_weights">
      <skipped message="Reason: On CRAN ('test-modelling.R:266:3')"/>
    </testcase>
    <testcase time="0.0110000000000028" classname="modelling" name="trial_msm_makes_model_formula_as_expected_with_weight_and_censor">
      <skipped message="Reason: On CRAN ('test-modelling.R:290:3')"/>
    </testcase>
    <testcase time="0.0120000000000005" classname="modelling" name="trial_msm_makes_model_formula_as_expected_with_estimand_As_Treated">
      <skipped message="Reason: On CRAN ('test-modelling.R:314:3')"/>
    </testcase>
    <testcase time="0.0109999999999957" classname="modelling" name="trial_msm_makes_model_formula_as_expected_with_estimand_type_ITT_and_unweighted">
      <skipped message="Reason: On CRAN ('test-modelling.R:357:3')"/>
    </testcase>
    <testcase time="0.195999999999998" classname="modelling" name="fit_msm_works"/>
    <testcase time="0.0260000000000034" classname="modelling" name="fit_msm_works"/>
    <testcase time="0.0219999999999985" classname="modelling" name="fit_msm_works"/>
    <testcase time="0.00400000000000489" classname="modelling" name="fit_msm_works"/>
    <testcase time="0.00199999999999534" classname="modelling" name="fit_msm_works"/>
  </testsuite>
  <testsuite name="predict" timestamp="2024-07-15T05:41:21Z" hostname="1f1712bddc2d" tests="11" skipped="3" failures="0" errors="0" time="27.219">
    <testcase time="17.652" classname="predict" name="predict.TE_msm_works_as_expected"/>
    <testcase time="0.0380000000000038" classname="predict" name="predict.TE_msm_works_as_expected">
      <skipped message="Reason: On CRAN ('test-predict.R:26:3')"/>
    </testcase>
    <testcase time="9.322" classname="predict" name="predict.TE_msm_works_with_newdata">
      <skipped message="Reason: On CRAN ('test-predict.R:51:3')"/>
    </testcase>
    <testcase time="0.0150000000000006" classname="predict" name="calculate_cum_inc_works_as_expected"/>
    <testcase time="0.00600000000000023" classname="predict" name="calculate_survival_works_as_expected"/>
    <testcase time="0.0309999999999988" classname="predict" name="predict.TE_msm_works_with_interactions"/>
    <testcase time="0.00100000000000477" classname="predict" name="predict.TE_msm_works_with_interactions"/>
    <testcase time="0.0569999999999951" classname="predict" name="predict.TE_msm_works_with_interactions">
      <skipped message="Reason: On CRAN ('test-predict.R:108:3')"/>
    </testcase>
    <testcase time="0.0620000000000047" classname="predict" name="predict.TE_msm_warns_for_As_Treated"/>
    <testcase time="0.000999999999997669" classname="predict" name="predict.TE_msm_warns_for_As_Treated"/>
    <testcase time="0.0339999999999989" classname="predict" name="predict.TE_msm_warns_for_As_Treated"/>
  </testsuite>
  <testsuite name="robust" timestamp="2024-07-15T05:41:48Z" hostname="1f1712bddc2d" tests="3" skipped="0" failures="0" errors="0" time="1.695">
    <testcase time="1.683" classname="robust" name="robust_calculation_works_as_expected"/>
    <testcase time="0.00900000000000034" classname="robust" name="robust_calculation_works_as_expected"/>
    <testcase time="0.00300000000000011" classname="robust" name="robust_calculation_works_as_expected"/>
  </testsuite>
  <testsuite name="sampling" timestamp="2024-07-15T05:41:50Z" hostname="1f1712bddc2d" tests="53" skipped="7" failures="0" errors="0" time="7.676">
    <testcase time="0.0800000000000054" classname="sampling" name="do_sampling_works_as_expected_when_case_exist">
      <skipped message="Reason: On CRAN ('test-sampling.R:5:3')"/>
    </testcase>
    <testcase time="0.0769999999999982" classname="sampling" name="do_sampling_works_as_expected_when_no_cases_exist">
      <skipped message="Reason: On CRAN ('test-sampling.R:15:3')"/>
    </testcase>
    <testcase time="0.0839999999999961" classname="sampling" name="sample_from_period_works_as_expected"/>
    <testcase time="0.00300000000000011" classname="sampling" name="sample_from_period_works_as_expected"/>
    <testcase time="0.00500000000000256" classname="sampling" name="sample_from_period_works_as_expected"/>
    <testcase time="0.00200000000000244" classname="sampling" name="sample_from_period_works_as_expected"/>
    <testcase time="0.00600000000000023" classname="sampling" name="sample_from_period_works_as_expected">
      <skipped message="Reason: On CRAN ('test-sampling.R:34:3')"/>
    </testcase>
    <testcase time="0.080999999999996" classname="sampling" name="sample_from_period_works_as_expected_with_multiple_proportions"/>
    <testcase time="0.00300000000000011" classname="sampling" name="sample_from_period_works_as_expected_with_multiple_proportions"/>
    <testcase time="0.00300000000000011" classname="sampling" name="sample_from_period_works_as_expected_with_multiple_proportions"/>
    <testcase time="0.00100000000000477" classname="sampling" name="sample_from_period_works_as_expected_with_multiple_proportions"/>
    <testcase time="0.00799999999999557" classname="sampling" name="sample_from_period_works_as_expected_with_multiple_proportions">
      <skipped message="Reason: On CRAN ('test-sampling.R:54:3')"/>
    </testcase>
    <testcase time="1.308" classname="sampling" name="case_control_sampling_trials_works_with_separate_files_TRUE"/>
    <testcase time="0.0069999999999979" classname="sampling" name="case_control_sampling_trials_works_with_separate_files_TRUE">
      <skipped message="Reason: On CRAN ('test-sampling.R:86:3')"/>
    </testcase>
    <testcase time="1.29500000000001" classname="sampling" name="case_control_sampling_trials_works_with_separate_files_FALSE"/>
    <testcase time="0.00699999999999079" classname="sampling" name="case_control_sampling_trials_works_with_separate_files_FALSE">
      <skipped message="Reason: On CRAN ('test-sampling.R:103:3')"/>
    </testcase>
    <testcase time="1.971" classname="sampling" name="case_control_sampling_trials_works_with_separate_files_TRUE_is_reproducible"/>
    <testcase time="0.606999999999999" classname="sampling" name="case_control_sampling_trials_works_with_subsetting"/>
    <testcase time="0.00799999999999557" classname="sampling" name="case_control_sampling_trials_gives_errors_for_arguments"/>
    <testcase time="0.00500000000000966" classname="sampling" name="case_control_sampling_trials_gives_errors_for_arguments"/>
    <testcase time="1.032" classname="sampling" name="case_control_sampling_trials_works_with_multiple_p_control"/>
    <testcase time="0.00100000000000477" classname="sampling" name="case_control_sampling_trials_works_with_multiple_p_control"/>
    <testcase time="0.000999999999990564" classname="sampling" name="case_control_sampling_trials_works_with_multiple_p_control"/>
    <testcase time="0.00500000000000966" classname="sampling" name="case_control_sampling_trials_works_with_sort_TRUE">
      <skipped message="Reason: On CRAN ('test-sampling.R:180:3')"/>
    </testcase>
    <testcase time="0.248999999999995" classname="sampling" name="sample_controls_works_with_trial_sequence_objects_containing_te_datastore_datatable_objects"/>
    <testcase time="0.140000000000001" classname="sampling" name="sample_controls_works_with_trial_sequence_objects_containing_te_datastore_datatable_objects"/>
    <testcase time="0.0499999999999972" classname="sampling" name="sample_controls_works_with_trial_sequence_objects_containing_te_datastore_datatable_objects"/>
    <testcase time="0.0490000000000066" classname="sampling" name="sample_controls_works_with_trial_sequence_objects_containing_te_datastore_datatable_objects"/>
    <testcase time="0.00199999999999534" classname="sampling" name="sample_controls_works_with_trial_sequence_objects_containing_te_datastore_datatable_objects"/>
    <testcase time="0.00300000000000011" classname="sampling" name="sample_controls_works_with_trial_sequence_objects_containing_te_datastore_datatable_objects"/>
    <testcase time="0.027000000000001" classname="sampling" name="sample_controls_works_with_trial_sequence_objects_containing_te_datastore_datatable_objects"/>
    <testcase time="0.00400000000000489" classname="sampling" name="sample_controls_works_with_trial_sequence_objects_containing_te_datastore_datatable_objects"/>
    <testcase time="0.0229999999999961" classname="sampling" name="sample_controls_works_with_trial_sequence_objects_containing_te_datastore_datatable_objects"/>
    <testcase time="0.000999999999990564" classname="sampling" name="sample_controls_works_with_trial_sequence_objects_containing_te_datastore_datatable_objects"/>
    <testcase time="0.00100000000000477" classname="sampling" name="sample_controls_works_with_trial_sequence_objects_containing_te_datastore_datatable_objects"/>
    <testcase time="0.00100000000000477" classname="sampling" name="sample_controls_works_with_trial_sequence_objects_containing_te_datastore_datatable_objects"/>
    <testcase time="0.158999999999992" classname="sampling" name="load_expanded_data_works_with_trial_sequence_objects_containing_te_datastore_datatable_objects"/>
    <testcase time="0.0490000000000066" classname="sampling" name="load_expanded_data_works_with_trial_sequence_objects_containing_te_datastore_datatable_objects"/>
    <testcase time="0.164999999999992" classname="sampling" name="load_expanded_data_works_with_trial_sequence_objects_containing_te_datastore_datatable_objects"/>
    <testcase time="0.0510000000000019" classname="sampling" name="load_expanded_data_works_with_trial_sequence_objects_containing_te_datastore_datatable_objects"/>
    <testcase time="0.0500000000000114" classname="sampling" name="load_expanded_data_works_with_trial_sequence_objects_containing_te_datastore_datatable_objects"/>
    <testcase time="0.00199999999999534" classname="sampling" name="load_expanded_data_works_with_trial_sequence_objects_containing_te_datastore_datatable_objects"/>
    <testcase time="0.00300000000000011" classname="sampling" name="load_expanded_data_works_with_trial_sequence_objects_containing_te_datastore_datatable_objects"/>
    <testcase time="0.00300000000000011" classname="sampling" name="load_expanded_data_works_with_trial_sequence_objects_containing_te_datastore_datatable_objects"/>
    <testcase time="0.00300000000000011" classname="sampling" name="load_expanded_data_works_with_trial_sequence_objects_containing_te_datastore_datatable_objects"/>
    <testcase time="0.00199999999999534" classname="sampling" name="load_expanded_data_works_with_trial_sequence_objects_containing_te_datastore_datatable_objects"/>
    <testcase time="0.00300000000000011" classname="sampling" name="load_expanded_data_works_with_trial_sequence_objects_containing_te_datastore_datatable_objects"/>
    <testcase time="0.00300000000000011" classname="sampling" name="load_expanded_data_works_with_trial_sequence_objects_containing_te_datastore_datatable_objects"/>
    <testcase time="0.0229999999999961" classname="sampling" name="load_expanded_data_works_with_trial_sequence_objects_containing_te_datastore_datatable_objects"/>
    <testcase time="0.00600000000000023" classname="sampling" name="load_expanded_data_works_with_trial_sequence_objects_containing_te_datastore_datatable_objects"/>
    <testcase time="0.00200000000000955" classname="sampling" name="load_expanded_data_works_with_trial_sequence_objects_containing_te_datastore_datatable_objects"/>
    <testcase time="0.000999999999990564" classname="sampling" name="load_expanded_data_works_with_trial_sequence_objects_containing_te_datastore_datatable_objects"/>
    <testcase time="0.00100000000000477" classname="sampling" name="load_expanded_data_works_with_trial_sequence_objects_containing_te_datastore_datatable_objects"/>
  </testsuite>
  <testsuite name="te_data" timestamp="2024-07-15T05:41:57Z" hostname="1f1712bddc2d" tests="8" skipped="0" failures="0" errors="0" time="0.035">
    <testcase time="0.00799999999999557" classname="te_data" name="te_outcome_data_constructor_works"/>
    <testcase time="0.00300000000000011" classname="te_data" name="te_outcome_data_constructor_works"/>
    <testcase time="0.00200000000000955" classname="te_data" name="te_outcome_data_constructor_works"/>
    <testcase time="0.00300000000000011" classname="te_data" name="te_outcome_data_constructor_works"/>
    <testcase time="0.00100000000000477" classname="te_data" name="te_outcome_data_constructor_works"/>
    <testcase time="0.00799999999999557" classname="te_data" name="te_outcome_data_constructor_fails_on_bad_input"/>
    <testcase time="0.00500000000000966" classname="te_data" name="te_outcome_data_constructor_fails_on_bad_input"/>
    <testcase time="0.00499999999999545" classname="te_data" name="te_outcome_data_constructor_fails_on_bad_input"/>
  </testsuite>
  <testsuite name="te_datastore" timestamp="2024-07-15T05:41:57Z" hostname="1f1712bddc2d" tests="7" skipped="0" failures="0" errors="0" time="0.174">
    <testcase time="0.152000000000001" classname="te_datastore" name="read_expanded_data_can_read_te_datastore_datatable_data"/>
    <testcase time="0.00300000000000011" classname="te_datastore" name="read_expanded_data_can_read_te_datastore_datatable_data"/>
    <testcase time="0.00400000000000489" classname="te_datastore" name="read_expanded_data_can_read_te_datastore_datatable_data"/>
    <testcase time="0.00399999999999068" classname="te_datastore" name="read_expanded_data_can_read_te_datastore_datatable_data"/>
    <testcase time="0.00500000000000966" classname="te_datastore" name="read_expanded_data_can_read_te_datastore_datatable_data"/>
    <testcase time="0.00300000000000011" classname="te_datastore" name="read_expanded_data_can_read_te_datastore_datatable_data"/>
    <testcase time="0.00300000000000011" classname="te_datastore" name="read_expanded_data_can_read_te_datastore_datatable_data"/>
  </testsuite>
  <testsuite name="te_datastore_csv" timestamp="2024-07-15T05:41:58Z" hostname="1f1712bddc2d" tests="48" skipped="0" failures="0" errors="0" time="1.44">
    <testcase time="0.0539999999999878" classname="te_datastore_csv" name="te_datastore_csv_validator_works"/>
    <testcase time="0.00500000000000966" classname="te_datastore_csv" name="te_datastore_csv_validator_works"/>
    <testcase time="0.0589999999999975" classname="te_datastore_csv" name="read_expanded_data_can_read_te_datastore_csv_data"/>
    <testcase time="0.0120000000000005" classname="te_datastore_csv" name="read_expanded_data_can_read_te_datastore_csv_data"/>
    <testcase time="0.00399999999999068" classname="te_datastore_csv" name="read_expanded_data_can_read_te_datastore_csv_data"/>
    <testcase time="0.00600000000000023" classname="te_datastore_csv" name="read_expanded_data_can_read_te_datastore_csv_data"/>
    <testcase time="0.00500000000000966" classname="te_datastore_csv" name="read_expanded_data_can_read_te_datastore_csv_data"/>
    <testcase time="0.0750000000000028" classname="te_datastore_csv" name="read_expanded_data_can_read_te_datastore_csv_data"/>
    <testcase time="0.0139999999999958" classname="te_datastore_csv" name="read_expanded_data_can_read_te_datastore_csv_data"/>
    <testcase time="0.209999999999994" classname="te_datastore_csv" name="sample_controls_works_with_trial_sequence_objects_containing_te_datastore_csv_objects"/>
    <testcase time="0.158000000000001" classname="te_datastore_csv" name="sample_controls_works_with_trial_sequence_objects_containing_te_datastore_csv_objects"/>
    <testcase time="0.0769999999999982" classname="te_datastore_csv" name="sample_controls_works_with_trial_sequence_objects_containing_te_datastore_csv_objects"/>
    <testcase time="0.0520000000000067" classname="te_datastore_csv" name="sample_controls_works_with_trial_sequence_objects_containing_te_datastore_csv_objects"/>
    <testcase time="0.00300000000000011" classname="te_datastore_csv" name="sample_controls_works_with_trial_sequence_objects_containing_te_datastore_csv_objects"/>
    <testcase time="0.00300000000000011" classname="te_datastore_csv" name="sample_controls_works_with_trial_sequence_objects_containing_te_datastore_csv_objects"/>
    <testcase time="0.00300000000000011" classname="te_datastore_csv" name="sample_controls_works_with_trial_sequence_objects_containing_te_datastore_csv_objects"/>
    <testcase time="0.00300000000000011" classname="te_datastore_csv" name="sample_controls_works_with_trial_sequence_objects_containing_te_datastore_csv_objects"/>
    <testcase time="0.0289999999999964" classname="te_datastore_csv" name="sample_controls_works_with_trial_sequence_objects_containing_te_datastore_csv_objects"/>
    <testcase time="0.00199999999999534" classname="te_datastore_csv" name="sample_controls_works_with_trial_sequence_objects_containing_te_datastore_csv_objects"/>
    <testcase time="0.00300000000000011" classname="te_datastore_csv" name="sample_controls_works_with_trial_sequence_objects_containing_te_datastore_csv_objects"/>
    <testcase time="0.00300000000000011" classname="te_datastore_csv" name="sample_controls_works_with_trial_sequence_objects_containing_te_datastore_csv_objects"/>
    <testcase time="0.0289999999999964" classname="te_datastore_csv" name="sample_controls_works_with_trial_sequence_objects_containing_te_datastore_csv_objects"/>
    <testcase time="0.00300000000000011" classname="te_datastore_csv" name="sample_controls_works_with_trial_sequence_objects_containing_te_datastore_csv_objects"/>
    <testcase time="0.00100000000000477" classname="te_datastore_csv" name="sample_controls_works_with_trial_sequence_objects_containing_te_datastore_csv_objects"/>
    <testcase time="0.00100000000000477" classname="te_datastore_csv" name="sample_controls_works_with_trial_sequence_objects_containing_te_datastore_csv_objects"/>
    <testcase time="0.000999999999990564" classname="te_datastore_csv" name="sample_controls_works_with_trial_sequence_objects_containing_te_datastore_csv_objects"/>
    <testcase time="0.172000000000011" classname="te_datastore_csv" name="load_expanded_data_works_with_trial_sequence_objects_containing_te_datastore_csv_objects"/>
    <testcase time="0.0769999999999982" classname="te_datastore_csv" name="load_expanded_data_works_with_trial_sequence_objects_containing_te_datastore_csv_objects"/>
    <testcase time="0.146000000000001" classname="te_datastore_csv" name="load_expanded_data_works_with_trial_sequence_objects_containing_te_datastore_csv_objects"/>
    <testcase time="0.0509999999999877" classname="te_datastore_csv" name="load_expanded_data_works_with_trial_sequence_objects_containing_te_datastore_csv_objects"/>
    <testcase time="0.0520000000000067" classname="te_datastore_csv" name="load_expanded_data_works_with_trial_sequence_objects_containing_te_datastore_csv_objects"/>
    <testcase time="0.00400000000000489" classname="te_datastore_csv" name="load_expanded_data_works_with_trial_sequence_objects_containing_te_datastore_csv_objects"/>
    <testcase time="0.00300000000000011" classname="te_datastore_csv" name="load_expanded_data_works_with_trial_sequence_objects_containing_te_datastore_csv_objects"/>
    <testcase time="0.00300000000000011" classname="te_datastore_csv" name="load_expanded_data_works_with_trial_sequence_objects_containing_te_datastore_csv_objects"/>
    <testcase time="0.00300000000000011" classname="te_datastore_csv" name="load_expanded_data_works_with_trial_sequence_objects_containing_te_datastore_csv_objects"/>
    <testcase time="0.00300000000000011" classname="te_datastore_csv" name="load_expanded_data_works_with_trial_sequence_objects_containing_te_datastore_csv_objects"/>
    <testcase time="0.00300000000000011" classname="te_datastore_csv" name="load_expanded_data_works_with_trial_sequence_objects_containing_te_datastore_csv_objects"/>
    <testcase time="0.00199999999999534" classname="te_datastore_csv" name="load_expanded_data_works_with_trial_sequence_objects_containing_te_datastore_csv_objects"/>
    <testcase time="0.0280000000000058" classname="te_datastore_csv" name="load_expanded_data_works_with_trial_sequence_objects_containing_te_datastore_csv_objects"/>
    <testcase time="0.00300000000000011" classname="te_datastore_csv" name="load_expanded_data_works_with_trial_sequence_objects_containing_te_datastore_csv_objects"/>
    <testcase time="0.00199999999999534" classname="te_datastore_csv" name="load_expanded_data_works_with_trial_sequence_objects_containing_te_datastore_csv_objects"/>
    <testcase time="0.00300000000000011" classname="te_datastore_csv" name="load_expanded_data_works_with_trial_sequence_objects_containing_te_datastore_csv_objects"/>
    <testcase time="0.00999999999999091" classname="te_datastore_csv" name="load_expanded_data_works_with_trial_sequence_objects_containing_te_datastore_csv_objects"/>
    <testcase time="0.0530000000000115" classname="te_datastore_csv" name="load_expanded_data_works_with_trial_sequence_objects_containing_te_datastore_csv_objects"/>
    <testcase time="0.00399999999999068" classname="te_datastore_csv" name="load_expanded_data_works_with_trial_sequence_objects_containing_te_datastore_csv_objects"/>
    <testcase time="0.00100000000000477" classname="te_datastore_csv" name="load_expanded_data_works_with_trial_sequence_objects_containing_te_datastore_csv_objects"/>
    <testcase time="0.00100000000000477" classname="te_datastore_csv" name="load_expanded_data_works_with_trial_sequence_objects_containing_te_datastore_csv_objects"/>
    <testcase time="0.000999999999990564" classname="te_datastore_csv" name="load_expanded_data_works_with_trial_sequence_objects_containing_te_datastore_csv_objects"/>
  </testsuite>
  <testsuite name="te_datastore_duckdb" timestamp="2024-07-15T05:41:59Z" hostname="1f1712bddc2d" tests="49" skipped="0" failures="0" errors="0" time="0.819">
    <testcase time="0.200000000000003" classname="te_datastore_duckdb" name="read_expanded_data_can_read_te_datastore_duckdb_data"/>
    <testcase time="0.00400000000000489" classname="te_datastore_duckdb" name="read_expanded_data_can_read_te_datastore_duckdb_data"/>
    <testcase time="0.00399999999999068" classname="te_datastore_duckdb" name="read_expanded_data_can_read_te_datastore_duckdb_data"/>
    <testcase time="0.00400000000000489" classname="te_datastore_duckdb" name="read_expanded_data_can_read_te_datastore_duckdb_data"/>
    <testcase time="0.00499999999999545" classname="te_datastore_duckdb" name="read_expanded_data_can_read_te_datastore_duckdb_data"/>
    <testcase time="0.00400000000000489" classname="te_datastore_duckdb" name="read_expanded_data_can_read_te_datastore_duckdb_data"/>
    <testcase time="0.00199999999999534" classname="te_datastore_duckdb" name="read_expanded_data_can_read_te_datastore_duckdb_data"/>
    <testcase time="0.00400000000000489" classname="te_datastore_duckdb" name="read_expanded_data_can_read_te_datastore_duckdb_data"/>
    <testcase time="0.248999999999995" classname="te_datastore_duckdb" name="sample_controls_works_with_trial_sequence_objects_containing_te_datastore_duckdb_objects"/>
    <testcase time="0.00600000000000023" classname="te_datastore_duckdb" name="sample_controls_works_with_trial_sequence_objects_containing_te_datastore_duckdb_objects"/>
    <testcase time="0.00600000000000023" classname="te_datastore_duckdb" name="sample_controls_works_with_trial_sequence_objects_containing_te_datastore_duckdb_objects"/>
    <testcase time="0.00200000000000955" classname="te_datastore_duckdb" name="sample_controls_works_with_trial_sequence_objects_containing_te_datastore_duckdb_objects"/>
    <testcase time="0.00300000000000011" classname="te_datastore_duckdb" name="sample_controls_works_with_trial_sequence_objects_containing_te_datastore_duckdb_objects"/>
    <testcase time="0.00199999999999534" classname="te_datastore_duckdb" name="sample_controls_works_with_trial_sequence_objects_containing_te_datastore_duckdb_objects"/>
    <testcase time="0.00400000000000489" classname="te_datastore_duckdb" name="sample_controls_works_with_trial_sequence_objects_containing_te_datastore_duckdb_objects"/>
    <testcase time="0.00300000000000011" classname="te_datastore_duckdb" name="sample_controls_works_with_trial_sequence_objects_containing_te_datastore_duckdb_objects"/>
    <testcase time="0.00300000000000011" classname="te_datastore_duckdb" name="sample_controls_works_with_trial_sequence_objects_containing_te_datastore_duckdb_objects"/>
    <testcase time="0.00799999999999557" classname="te_datastore_duckdb" name="sample_controls_works_with_trial_sequence_objects_containing_te_datastore_duckdb_objects"/>
    <testcase time="0.00300000000000011" classname="te_datastore_duckdb" name="sample_controls_works_with_trial_sequence_objects_containing_te_datastore_duckdb_objects"/>
    <testcase time="0.00199999999999534" classname="te_datastore_duckdb" name="sample_controls_works_with_trial_sequence_objects_containing_te_datastore_duckdb_objects"/>
    <testcase time="0.00300000000000011" classname="te_datastore_duckdb" name="sample_controls_works_with_trial_sequence_objects_containing_te_datastore_duckdb_objects"/>
    <testcase time="0.00200000000000955" classname="te_datastore_duckdb" name="sample_controls_works_with_trial_sequence_objects_containing_te_datastore_duckdb_objects"/>
    <testcase time="0.000999999999990564" classname="te_datastore_duckdb" name="sample_controls_works_with_trial_sequence_objects_containing_te_datastore_duckdb_objects"/>
    <testcase time="0.00100000000000477" classname="te_datastore_duckdb" name="sample_controls_works_with_trial_sequence_objects_containing_te_datastore_duckdb_objects"/>
    <testcase time="0.00100000000000477" classname="te_datastore_duckdb" name="sample_controls_works_with_trial_sequence_objects_containing_te_datastore_duckdb_objects"/>
    <testcase time="0.193999999999988" classname="te_datastore_duckdb" name="load_expanded_data_works_with_trial_sequence_objects_containing_te_datastore_duckdb_objects"/>
    <testcase time="0.007000000000005" classname="te_datastore_duckdb" name="load_expanded_data_works_with_trial_sequence_objects_containing_te_datastore_duckdb_objects"/>
    <testcase time="0.00600000000000023" classname="te_datastore_duckdb" name="load_expanded_data_works_with_trial_sequence_objects_containing_te_datastore_duckdb_objects"/>
    <testcase time="0.00600000000000023" classname="te_datastore_duckdb" name="load_expanded_data_works_with_trial_sequence_objects_containing_te_datastore_duckdb_objects"/>
    <testcase time="0.00300000000000011" classname="te_datastore_duckdb" name="load_expanded_data_works_with_trial_sequence_objects_containing_te_datastore_duckdb_objects"/>
    <testcase time="0.00300000000000011" classname="te_datastore_duckdb" name="load_expanded_data_works_with_trial_sequence_objects_containing_te_datastore_duckdb_objects"/>
    <testcase time="0.00199999999999534" classname="te_datastore_duckdb" name="load_expanded_data_works_with_trial_sequence_objects_containing_te_datastore_duckdb_objects"/>
    <testcase time="0.00300000000000011" classname="te_datastore_duckdb" name="load_expanded_data_works_with_trial_sequence_objects_containing_te_datastore_duckdb_objects"/>
    <testcase time="0.00400000000000489" classname="te_datastore_duckdb" name="load_expanded_data_works_with_trial_sequence_objects_containing_te_datastore_duckdb_objects"/>
    <testcase time="0.00300000000000011" classname="te_datastore_duckdb" name="load_expanded_data_works_with_trial_sequence_objects_containing_te_datastore_duckdb_objects"/>
    <testcase time="0.00300000000000011" classname="te_datastore_duckdb" name="load_expanded_data_works_with_trial_sequence_objects_containing_te_datastore_duckdb_objects"/>
    <testcase time="0.00199999999999534" classname="te_datastore_duckdb" name="load_expanded_data_works_with_trial_sequence_objects_containing_te_datastore_duckdb_objects"/>
    <testcase time="0.00900000000000034" classname="te_datastore_duckdb" name="load_expanded_data_works_with_trial_sequence_objects_containing_te_datastore_duckdb_objects"/>
    <testcase time="0.00200000000000955" classname="te_datastore_duckdb" name="load_expanded_data_works_with_trial_sequence_objects_containing_te_datastore_duckdb_objects"/>
    <testcase time="0.00300000000000011" classname="te_datastore_duckdb" name="load_expanded_data_works_with_trial_sequence_objects_containing_te_datastore_duckdb_objects"/>
    <testcase time="0.00199999999999534" classname="te_datastore_duckdb" name="load_expanded_data_works_with_trial_sequence_objects_containing_te_datastore_duckdb_objects"/>
    <testcase time="0.00300000000000011" classname="te_datastore_duckdb" name="load_expanded_data_works_with_trial_sequence_objects_containing_te_datastore_duckdb_objects"/>
    <testcase time="0.007000000000005" classname="te_datastore_duckdb" name="load_expanded_data_works_with_trial_sequence_objects_containing_te_datastore_duckdb_objects"/>
    <testcase time="0.000999999999990564" classname="te_datastore_duckdb" name="load_expanded_data_works_with_trial_sequence_objects_containing_te_datastore_duckdb_objects"/>
    <testcase time="0.00100000000000477" classname="te_datastore_duckdb" name="load_expanded_data_works_with_trial_sequence_objects_containing_te_datastore_duckdb_objects"/>
    <testcase time="0.00100000000000477" classname="te_datastore_duckdb" name="load_expanded_data_works_with_trial_sequence_objects_containing_te_datastore_duckdb_objects"/>
    <testcase time="0.0139999999999958" classname="te_datastore_duckdb" name="translate_to_sql_works_as_intended"/>
    <testcase time="0.0120000000000005" classname="te_datastore_duckdb" name="translate_to_sql_catches_the_error_and_provides_a_message"/>
    <testcase time="0.00199999999999534" classname="te_datastore_duckdb" name="translate_to_sql_catches_the_error_and_provides_a_message"/>
  </testsuite>
  <testsuite name="te_model_fitter" timestamp="2024-07-15T05:42:00Z" hostname="1f1712bddc2d" tests="22" skipped="0" failures="0" errors="0" time="4.796">
    <testcase time="0.007000000000005" classname="te_model_fitter" name="stats_glm_logit_creates_the_fitter_object"/>
    <testcase time="0.00399999999999068" classname="te_model_fitter" name="stats_glm_logit_creates_the_fitter_object_with_path"/>
    <testcase time="0.00300000000000011" classname="te_model_fitter" name="stats_glm_logit_creates_the_fitter_object_with_path"/>
    <testcase time="0.01400000000001" classname="te_model_fitter" name="fit_weights_model_works_for_stats_glm_logit"/>
    <testcase time="0.00300000000000011" classname="te_model_fitter" name="fit_weights_model_works_for_stats_glm_logit"/>
    <testcase time="0.00300000000000011" classname="te_model_fitter" name="fit_weights_model_works_for_stats_glm_logit"/>
    <testcase time="0.00300000000000011" classname="te_model_fitter" name="fit_weights_model_works_for_stats_glm_logit"/>
    <testcase time="0.00199999999999534" classname="te_model_fitter" name="fit_weights_model_works_for_stats_glm_logit"/>
    <testcase time="0.00300000000000011" classname="te_model_fitter" name="fit_weights_model_works_for_stats_glm_logit"/>
    <testcase time="0.00100000000000477" classname="te_model_fitter" name="fit_weights_model_works_for_stats_glm_logit"/>
    <testcase time="0.00199999999999534" classname="te_model_fitter" name="fit_weights_model_works_for_stats_glm_logit"/>
    <testcase time="4.69500000000001" classname="te_model_fitter" name="fit_outcome_model_works_for_stats_glm_logit"/>
    <testcase time="0.000999999999990564" classname="te_model_fitter" name="fit_outcome_model_works_for_stats_glm_logit"/>
    <testcase time="0.00400000000000489" classname="te_model_fitter" name="fit_outcome_model_works_for_stats_glm_logit"/>
    <testcase time="0.00600000000000023" classname="te_model_fitter" name="fit_outcome_model_works_for_stats_glm_logit"/>
    <testcase time="0.00300000000000011" classname="te_model_fitter" name="fit_outcome_model_works_for_stats_glm_logit"/>
    <testcase time="0.000999999999990564" classname="te_model_fitter" name="fit_outcome_model_works_for_stats_glm_logit"/>
    <testcase time="0.00400000000000489" classname="te_model_fitter" name="fit_outcome_model_works_for_stats_glm_logit"/>
    <testcase time="0.0120000000000005" classname="te_model_fitter" name="fit_outcome_model_works_for_stats_glm_logit_with_save_dir"/>
    <testcase time="0.00199999999999534" classname="te_model_fitter" name="fit_outcome_model_works_for_stats_glm_logit_with_save_dir"/>
    <testcase time="0.00300000000000011" classname="te_model_fitter" name="fit_outcome_model_works_for_stats_glm_logit_with_save_dir"/>
    <testcase time="0.0200000000000102" classname="te_model_fitter" name="fit_outcome_model_works_for_stats_glm_logit_with_save_dir"/>
  </testsuite>
  <testsuite name="trial_sequence" timestamp="2024-07-15T05:42:05Z" hostname="1f1712bddc2d" tests="37" skipped="3" failures="0" errors="0" time="0.774">
    <testcase time="0.00799999999999557" classname="trial_sequence" name="trial_sequence_creates_an_object_for_per_protocol"/>
    <testcase time="0.00199999999999534" classname="trial_sequence" name="trial_sequence_creates_an_object_for_per_protocol"/>
    <testcase time="0.00400000000000489" classname="trial_sequence" name="trial_sequence_creates_an_object_for_itt"/>
    <testcase time="0.00300000000000011" classname="trial_sequence" name="trial_sequence_creates_an_object_for_itt"/>
    <testcase time="0.00400000000000489" classname="trial_sequence" name="trial_sequence_creates_an_object_for_as_treated"/>
    <testcase time="0.00199999999999534" classname="trial_sequence" name="trial_sequence_creates_an_object_for_as_treated"/>
    <testcase time="0.00799999999999557" classname="trial_sequence" name="trial_sequence_errors_for_unknown_class"/>
    <testcase time="0.007000000000005" classname="trial_sequence" name="trial_sequence_errors_for_unknown_class"/>
    <testcase time="0.00900000000000034" classname="trial_sequence" name="trial_sequence_works_for_a_new_class"/>
    <testcase time="0.00300000000000011" classname="trial_sequence" name="trial_sequence_works_for_a_new_class"/>
    <testcase time="0.0109999999999957" classname="trial_sequence" name="show_works_for_trial_sequence_PP_with_nothing_set">
      <skipped message="Reason: On CRAN ('test-trial_sequence.R:41:3')"/>
    </testcase>
    <testcase time="0.0169999999999959" classname="trial_sequence" name="show_works_for_trial_sequence_ITT_with_nothing_set">
      <skipped message="Reason: On CRAN ('test-trial_sequence.R:45:3')"/>
    </testcase>
    <testcase time="0.0180000000000007" classname="trial_sequence" name="show_works_for_trial_sequence_AT_with_nothing_set">
      <skipped message="Reason: On CRAN ('test-trial_sequence.R:49:3')"/>
    </testcase>
    <testcase time="0.112000000000009" classname="trial_sequence" name="set_outcome_model_works_for_PP_with_defaults"/>
    <testcase time="0.000999999999990564" classname="trial_sequence" name="set_outcome_model_works_for_PP_with_defaults"/>
    <testcase time="0.00100000000000477" classname="trial_sequence" name="set_outcome_model_works_for_PP_with_defaults"/>
    <testcase time="0.00400000000000489" classname="trial_sequence" name="set_outcome_model_works_for_PP_with_defaults"/>
    <testcase time="0.000999999999990564" classname="trial_sequence" name="set_outcome_model_works_for_PP_with_defaults"/>
    <testcase time="0.121000000000009" classname="trial_sequence" name="set_outcome_model_works_for_ITT"/>
    <testcase time="0.000999999999990564" classname="trial_sequence" name="set_outcome_model_works_for_ITT"/>
    <testcase time="0.00100000000000477" classname="trial_sequence" name="set_outcome_model_works_for_ITT"/>
    <testcase time="0.00300000000000011" classname="trial_sequence" name="set_outcome_model_works_for_ITT"/>
    <testcase time="0.00100000000000477" classname="trial_sequence" name="set_outcome_model_works_for_ITT"/>
    <testcase time="0.100999999999999" classname="trial_sequence" name="set_outcome_model_works_for_ATT"/>
    <testcase time="0.00100000000000477" classname="trial_sequence" name="set_outcome_model_works_for_ATT"/>
    <testcase time="0.000999999999990564" classname="trial_sequence" name="set_outcome_model_works_for_ATT"/>
    <testcase time="0.00300000000000011" classname="trial_sequence" name="set_outcome_model_works_for_ATT"/>
    <testcase time="0.00100000000000477" classname="trial_sequence" name="set_outcome_model_works_for_ATT"/>
    <testcase time="0.00900000000000034" classname="trial_sequence" name="set_outcome_model_doesn_t_work_if_data_isn_t_set"/>
    <testcase time="0.103999999999999" classname="trial_sequence" name="set_outcome_model_doesn_t_work_if_with_unknown_variables"/>
    <testcase time="0.105000000000004" classname="trial_sequence" name="set_outcome_model_works_with_strings"/>
    <testcase time="0.00300000000000011" classname="trial_sequence" name="set_outcome_model_works_with_strings"/>
    <testcase time="0.0939999999999941" classname="trial_sequence" name="outcome_data_accessor_setter_works"/>
    <testcase time="0.00300000000000011" classname="trial_sequence" name="outcome_data_accessor_setter_works"/>
    <testcase time="0.00300000000000011" classname="trial_sequence" name="outcome_data_accessor_setter_works"/>
    <testcase time="0.00100000000000477" classname="trial_sequence" name="outcome_data_accessor_setter_works"/>
    <testcase time="0.00300000000000011" classname="trial_sequence" name="outcome_data_accessor_setter_works"/>
  </testsuite>
  <testsuite name="utils" timestamp="2024-07-15T05:42:05Z" hostname="1f1712bddc2d" tests="18" skipped="0" failures="0" errors="0" time="0.423">
    <testcase time="0.00799999999999557" classname="utils" name="quiet_print_works_as_expected"/>
    <testcase time="0.00199999999999534" classname="utils" name="quiet_print_works_as_expected"/>
    <testcase time="0.00400000000000489" classname="utils" name="quiet_msg_works_as_expected"/>
    <testcase time="0.00499999999999545" classname="utils" name="quiet_msg_works_as_expected"/>
    <testcase time="0.00400000000000489" classname="utils" name="quiet_line_works_as_expected"/>
    <testcase time="0.00400000000000489" classname="utils" name="quiet_line_works_as_expected"/>
    <testcase time="0.338999999999999" classname="utils" name="quiet_msg_time_works_as_expected"/>
    <testcase time="0.00499999999999545" classname="utils" name="quiet_msg_time_works_as_expected"/>
    <testcase time="0.0120000000000005" classname="utils" name="extract_baseline_works_works_as_expected"/>
    <testcase time="0.00499999999999545" classname="utils" name="as_formula_works_with_a_formula_as_string"/>
    <testcase time="0.00600000000000023" classname="utils" name="as_formula_works_with_strings"/>
    <testcase time="0.00500000000000966" classname="utils" name="as_formula_works_with_formulas"/>
    <testcase time="0.00699999999999079" classname="utils" name="assert_monotonic_works_as_expected"/>
    <testcase time="0.00400000000000489" classname="utils" name="assert_monotonic_works_as_expected"/>
    <testcase time="0.00399999999999068" classname="utils" name="assert_monotonic_works_as_expected"/>
    <testcase time="0.00400000000000489" classname="utils" name="assert_monotonic_works_as_expected"/>
    <testcase time="0.00199999999999534" classname="utils" name="assert_monotonic_works_as_expected"/>
    <testcase time="0.00300000000000011" classname="utils" name="assert_monotonic_works_as_expected"/>
  </testsuite>
</testsuites>
