<?xml version="1.0" encoding="UTF-8"?>
<testsuites>
  <testsuite name="data_extension" timestamp="2023-05-03T07:44:43Z" hostname="bc972336b2d9" tests="21" skipped="0" failures="0" errors="0" time="0.756">
    <testcase time="0.056" classname="data_extension" name="check_expand_switch_works_as_expected"/>
    <testcase time="0.026" classname="data_extension" name="check_expand_switch_works_as_expected"/>
    <testcase time="0.01" classname="data_extension" name="check_expand_switch_works_as_expected"/>
    <testcase time="0.00299999999999989" classname="data_extension" name="check_expand_switch_works_as_expected"/>
    <testcase time="0.0419999999999998" classname="data_extension" name="expand_works_as_expected"/>
    <testcase time="0.018" classname="data_extension" name="expand_works_as_expected"/>
    <testcase time="0.0920000000000001" classname="data_extension" name="data_extensions_works_as_expected_with_first_and_last_periods"/>
    <testcase time="0.004" classname="data_extension" name="data_extensions_works_as_expected_with_first_and_last_periods"/>
    <testcase time="0.00300000000000011" classname="data_extension" name="data_extensions_works_as_expected_with_first_and_last_periods"/>
    <testcase time="0.00099999999999989" classname="data_extension" name="data_extensions_works_as_expected_with_first_and_last_periods"/>
    <testcase time="0.004" classname="data_extension" name="data_extensions_works_as_expected_with_first_and_last_periods"/>
    <testcase time="0.004" classname="data_extension" name="data_extensions_works_as_expected_with_first_and_last_periods"/>
    <testcase time="0.00099999999999989" classname="data_extension" name="data_extensions_works_as_expected_with_first_and_last_periods"/>
    <testcase time="0.419" classname="data_extension" name="data_extensions_works_as_expected_with_separate_files_TRUE"/>
    <testcase time="0.00099999999999989" classname="data_extension" name="data_extensions_works_as_expected_with_separate_files_TRUE"/>
    <testcase time="0.00100000000000033" classname="data_extension" name="data_extensions_works_as_expected_with_separate_files_TRUE"/>
    <testcase time="0.00199999999999978" classname="data_extension" name="data_extensions_works_as_expected_with_separate_files_TRUE"/>
    <testcase time="0.00800000000000001" classname="data_extension" name="data_extensions_works_as_expected_with_separate_files_TRUE"/>
    <testcase time="0.004" classname="data_extension" name="data_extensions_works_as_expected_with_separate_files_TRUE"/>
    <testcase time="0.00300000000000011" classname="data_extension" name="data_extensions_works_as_expected_with_separate_files_TRUE"/>
    <testcase time="0.0539999999999998" classname="data_extension" name="data_extensions_works_as_expected_with_separate_files_TRUE"/>
  </testsuite>
  <testsuite name="data_manipulation" timestamp="2023-05-03T07:44:44Z" hostname="bc972336b2d9" tests="6" skipped="0" failures="0" errors="0" time="1.172">
    <testcase time="0.604" classname="data_manipulation" name="data_manipulation_works_as_expected_with_no_censoring"/>
    <testcase time="0.00099999999999989" classname="data_manipulation" name="data_manipulation_works_as_expected_with_no_censoring"/>
    <testcase time="0.00500000000000034" classname="data_manipulation" name="data_manipulation_works_as_expected_with_no_censoring"/>
    <testcase time="0.557" classname="data_manipulation" name="data_manipulation_works_as_expected_with_censoring"/>
    <testcase time="0.00099999999999989" classname="data_manipulation" name="data_manipulation_works_as_expected_with_censoring"/>
    <testcase time="0.004" classname="data_manipulation" name="data_manipulation_works_as_expected_with_censoring"/>
  </testsuite>
  <testsuite name="data_preparation" timestamp="2023-05-03T07:44:45Z" hostname="bc972336b2d9" tests="11" skipped="0" failures="0" errors="0" time="9.495">
    <testcase time="4.93" classname="data_preparation" name="data_preparation_works_as_expected"/>
    <testcase time="0.00300000000000011" classname="data_preparation" name="data_preparation_works_as_expected"/>
    <testcase time="0.00300000000000011" classname="data_preparation" name="data_preparation_works_as_expected"/>
    <testcase time="0.00300000000000011" classname="data_preparation" name="data_preparation_works_as_expected"/>
    <testcase time="0.00100000000000122" classname="data_preparation" name="data_preparation_works_as_expected"/>
    <testcase time="0.408999999999999" classname="data_preparation" name="data_preparation_works_as_expected"/>
    <testcase time="2.893" classname="data_preparation" name="data_preparation_can_be_quiet"/>
    <testcase time="0.0190000000000001" classname="data_preparation" name="data_preparation_gives_an_error_for_existing_trial_files"/>
    <testcase time="0.00799999999999912" classname="data_preparation" name="check_data_dir_gives_a_warning_for_existing_model_files"/>
    <testcase time="1.223" classname="data_preparation" name="data_preparation_has_correct_values_for_treatment_"/>
    <testcase time="0.00300000000000011" classname="data_preparation" name="data_preparation_has_correct_values_for_treatment_"/>
  </testsuite>
  <testsuite name="data_utils" timestamp="2023-05-03T07:44:54Z" hostname="bc972336b2d9" tests="17" skipped="3" failures="0" errors="0" time="1.356">
    <testcase time="0.0139999999999993" classname="data_utils" name="weight_func_works_as_expected"/>
    <testcase time="0.471" classname="data_utils" name="weight_func_works_as_expected">
      <skipped message="Reason: On CRAN ('test-data_utils.R:6:3')"/>
    </testcase>
    <testcase time="0.0370000000000008" classname="data_utils" name="weight_func_works_saves_model_objects"/>
    <testcase time="0.568" classname="data_utils" name="weight_func_works_saves_model_objects"/>
    <testcase time="0.016" classname="data_utils" name="weight_func_works_saves_model_objects"/>
    <testcase time="0.00499999999999901" classname="data_utils" name="weight_func_works_saves_model_objects"/>
    <testcase time="0.00100000000000122" classname="data_utils" name="weight_func_works_saves_model_objects"/>
    <testcase time="0.0119999999999987" classname="data_utils" name="weight_func_works_saves_model_objects"/>
    <testcase time="0.00500000000000078" classname="data_utils" name="weight_func_works_saves_model_objects"/>
    <testcase time="0.000999999999999446" classname="data_utils" name="weight_func_works_saves_model_objects"/>
    <testcase time="0.0680000000000014" classname="data_utils" name="weight_func_works_with_user_specified_time_on_regime">
      <skipped message="Reason: On CRAN ('test-data_utils.R:103:3')"/>
    </testcase>
    <testcase time="0.122" classname="data_utils" name="weight_func_works_with_pool_cense_TRUE">
      <skipped message="Reason: On CRAN ('test-data_utils.R:120:3')"/>
    </testcase>
    <testcase time="0.0149999999999988" classname="data_utils" name="select_data_cols_works_as_expected"/>
    <testcase time="0.00700000000000145" classname="data_utils" name="select_data_cols_works_as_expected_with_non_default_names"/>
    <testcase time="0.000999999999999446" classname="data_utils" name="select_data_cols_works_as_expected_with_non_default_names"/>
    <testcase time="0.00699999999999967" classname="data_utils" name="user_can_select_period_in_select_data_cols"/>
    <testcase time="0.00600000000000023" classname="data_utils" name="select_data_cols_allows_derived_variables_in_formula_vars"/>
  </testsuite>
  <testsuite name="generics" timestamp="2023-05-03T07:44:56Z" hostname="bc972336b2d9" tests="4" skipped="3" failures="0" errors="0" time="4.175">
    <testcase time="1.101" classname="generics" name="summary_for_data_preparation_separate_TRUE">
      <skipped message="Reason: On CRAN ('test-generics.R:24:3')"/>
    </testcase>
    <testcase time="1.372" classname="generics" name="summary_for_data_preparation_separate_FALSE">
      <skipped message="Reason: On CRAN ('test-generics.R:65:3')"/>
    </testcase>
    <testcase time="1.693" classname="generics" name="summary_for_initiators"/>
    <testcase time="0.00900000000000034" classname="generics" name="summary_for_initiators">
      <skipped message="Reason: On CRAN ('test-generics.R:94:3')"/>
    </testcase>
  </testsuite>
  <testsuite name="lr_utils" timestamp="2023-05-03T07:45:00Z" hostname="bc972336b2d9" tests="10" skipped="0" failures="0" errors="0" time="0.064">
    <testcase time="0.0259999999999998" classname="lr_utils" name="fit_glm_works"/>
    <testcase time="0" classname="lr_utils" name="fit_glm_works"/>
    <testcase time="0.0120000000000005" classname="lr_utils" name="fit_glm_works_with_parglm_and_defaults"/>
    <testcase time="0.000999999999997669" classname="lr_utils" name="fit_glm_works_with_parglm_and_defaults"/>
    <testcase time="0.00300000000000011" classname="lr_utils" name="fit_glm_works_with_parglm_and_defaults"/>
    <testcase time="0.00499999999999901" classname="lr_utils" name="fit_glm_works_with_parglm_and_defaults"/>
    <testcase time="0.00600000000000023" classname="lr_utils" name="fit_glm_works_with_parglm"/>
    <testcase time="0.00500000000000256" classname="lr_utils" name="fit_glm_works_with_parglm"/>
    <testcase time="0.00300000000000011" classname="lr_utils" name="fit_glm_works_with_parglm"/>
    <testcase time="0.00300000000000011" classname="lr_utils" name="fit_glm_works_with_parglm"/>
  </testsuite>
  <testsuite name="modelling" timestamp="2023-05-03T07:45:00Z" hostname="bc972336b2d9" tests="30" skipped="5" failures="0" errors="0" time="31.335">
    <testcase time="8.357" classname="modelling" name="data_modelling_can_be_quiet"/>
    <testcase time="6.114" classname="modelling" name="data_modelling_gives_expected_results_in_example_data"/>
    <testcase time="0.00500000000000256" classname="modelling" name="data_modelling_gives_expected_results_in_example_data"/>
    <testcase time="0.00300000000000011" classname="modelling" name="data_modelling_gives_expected_results_in_example_data"/>
    <testcase time="0.00399999999999778" classname="modelling" name="data_modelling_gives_expected_results_in_example_data"/>
    <testcase time="0.00100000000000477" classname="modelling" name="data_modelling_gives_expected_results_in_example_data"/>
    <testcase time="3.882" classname="modelling" name="data_modelling_works_with_data.tables_and_weights"/>
    <testcase time="8.028" classname="modelling" name="data_modelling_works_with_data.tables_and_weights"/>
    <testcase time="0.00600000000000023" classname="modelling" name="data_modelling_works_with_data.tables_and_weights"/>
    <testcase time="0.381" classname="modelling" name="Modelling_works_with_where_case"/>
    <testcase time="0.000999999999997669" classname="modelling" name="Modelling_works_with_where_case"/>
    <testcase time="0.00200000000000244" classname="modelling" name="Modelling_works_with_where_case">
      <skipped message="Reason: On CRAN ('test-modelling.R:151:3')"/>
    </testcase>
    <testcase time="0.308" classname="modelling" name="data_modelling_works_with_analysis_weights_unweighted"/>
    <testcase time="0.00200000000000244" classname="modelling" name="data_modelling_works_with_analysis_weights_unweighted">
      <skipped message="Reason: On CRAN ('test-modelling.R:172:3')"/>
    </testcase>
    <testcase time="0.314999999999998" classname="modelling" name="data_modelling_works_with_analysis_weights_p99"/>
    <testcase time="0.00200000000000244" classname="modelling" name="data_modelling_works_with_analysis_weights_p99">
      <skipped message="Reason: On CRAN ('test-modelling.R:193:3')"/>
    </testcase>
    <testcase time="0.318999999999996" classname="modelling" name="data_modelling_works_with_analysis_weights_weight_limits"/>
    <testcase time="0.00200000000000244" classname="modelling" name="data_modelling_works_with_analysis_weights_weight_limits">
      <skipped message="Reason: On CRAN ('test-modelling.R:216:3')"/>
    </testcase>
    <testcase time="0.326000000000001" classname="modelling" name="data_modelling_works_with_missing_sample_weights"/>
    <testcase time="0.000999999999997669" classname="modelling" name="data_modelling_works_with_missing_sample_weights"/>
    <testcase time="0.307000000000002" classname="modelling" name="data_modelling_works_with_missing_sample_weights"/>
    <testcase time="0.00300000000000011" classname="modelling" name="data_modelling_works_with_missing_sample_weights"/>
    <testcase time="0.338000000000001" classname="modelling" name="data_modelling_works_with_sample_weights"/>
    <testcase time="0.00199999999999534" classname="modelling" name="data_modelling_works_with_sample_weights">
      <skipped message="Reason: On CRAN ('test-modelling.R:277:3')"/>
    </testcase>
    <testcase time="0.32" classname="modelling" name="data_modelling_makes_model_formula_as_expected_with_weight_and_censor"/>
    <testcase time="0.00400000000000489" classname="modelling" name="data_modelling_makes_model_formula_as_expected_with_weight_and_censor"/>
    <testcase time="0.298999999999999" classname="modelling" name="data_modelling_makes_model_formula_as_expected_with_no_weight_and_no_censor"/>
    <testcase time="1.695" classname="modelling" name="data_modelling_makes_model_formula_as_expected_with_weight_and_no_censor"/>
    <testcase time="0.00399999999999778" classname="modelling" name="data_modelling_makes_model_formula_as_expected_with_weight_and_no_censor"/>
    <testcase time="0.304000000000002" classname="modelling" name="data_modelling_makes_model_formula_as_expected_with_no_weight_and_censor"/>
  </testsuite>
  <testsuite name="predict" timestamp="2023-05-03T07:45:31Z" hostname="bc972336b2d9" tests="8" skipped="3" failures="0" errors="0" time="40.056">
    <testcase time="26.922" classname="predict" name="predict.RTE_model_works_as_expected"/>
    <testcase time="0.00200000000000955" classname="predict" name="predict.RTE_model_works_as_expected">
      <skipped message="Reason: On CRAN ('test-predict.R:26:3')"/>
    </testcase>
    <testcase time="12.675" classname="predict" name="predict.RTE_model_works_with_newdata">
      <skipped message="Reason: On CRAN ('test-predict.R:52:3')"/>
    </testcase>
    <testcase time="0.0150000000000006" classname="predict" name="calculate_cum_inc_works_as_expected"/>
    <testcase time="0.00699999999999079" classname="predict" name="calculate_survival_works_as_expected"/>
    <testcase time="0.413000000000011" classname="predict" name="predict.RTE_model_works_with_interactions"/>
    <testcase time="0.000999999999990564" classname="predict" name="predict.RTE_model_works_with_interactions"/>
    <testcase time="0.0210000000000008" classname="predict" name="predict.RTE_model_works_with_interactions">
      <skipped message="Reason: On CRAN ('test-predict.R:112:3')"/>
    </testcase>
  </testsuite>
  <testsuite name="robust" timestamp="2023-05-03T07:46:11Z" hostname="bc972336b2d9" tests="3" skipped="0" failures="0" errors="0" time="2.12">
    <testcase time="2.105" classname="robust" name="robust_calculation_works_as_expected"/>
    <testcase time="0.0109999999999957" classname="robust" name="robust_calculation_works_as_expected"/>
    <testcase time="0.00400000000000489" classname="robust" name="robust_calculation_works_as_expected"/>
  </testsuite>
  <testsuite name="sampling" timestamp="2023-05-03T07:46:13Z" hostname="bc972336b2d9" tests="24" skipped="6" failures="0" errors="0" time="18.186">
    <testcase time="0.108000000000004" classname="sampling" name="do_sampling_works_as_expected_when_case_exist">
      <skipped message="Reason: On CRAN ('test-sampling.R:5:3')"/>
    </testcase>
    <testcase time="0.137999999999991" classname="sampling" name="do_sampling_works_as_expected_when_no_cases_exist">
      <skipped message="Reason: On CRAN ('test-sampling.R:15:3')"/>
    </testcase>
    <testcase time="0.160000000000011" classname="sampling" name="sample_from_period_works_as_expected"/>
    <testcase time="0.00399999999999068" classname="sampling" name="sample_from_period_works_as_expected"/>
    <testcase time="0.007000000000005" classname="sampling" name="sample_from_period_works_as_expected"/>
    <testcase time="0.00199999999999534" classname="sampling" name="sample_from_period_works_as_expected"/>
    <testcase time="0.00200000000000955" classname="sampling" name="sample_from_period_works_as_expected">
      <skipped message="Reason: On CRAN ('test-sampling.R:34:3')"/>
    </testcase>
    <testcase time="0.109999999999999" classname="sampling" name="sample_from_period_works_as_expected_with_multiple_proportions"/>
    <testcase time="0.00399999999999068" classname="sampling" name="sample_from_period_works_as_expected_with_multiple_proportions"/>
    <testcase time="0.00200000000000955" classname="sampling" name="sample_from_period_works_as_expected_with_multiple_proportions"/>
    <testcase time="0.00200000000000955" classname="sampling" name="sample_from_period_works_as_expected_with_multiple_proportions"/>
    <testcase time="0.000999999999990564" classname="sampling" name="sample_from_period_works_as_expected_with_multiple_proportions">
      <skipped message="Reason: On CRAN ('test-sampling.R:54:3')"/>
    </testcase>
    <testcase time="2.089" classname="sampling" name="case_control_sampling_trials_works_with_separate_files_TRUE"/>
    <testcase time="0.00200000000000955" classname="sampling" name="case_control_sampling_trials_works_with_separate_files_TRUE">
      <skipped message="Reason: On CRAN ('test-sampling.R:85:3')"/>
    </testcase>
    <testcase time="2.37299999999999" classname="sampling" name="case_control_sampling_trials_works_with_separate_files_FALSE"/>
    <testcase time="0.00100000000000477" classname="sampling" name="case_control_sampling_trials_works_with_separate_files_FALSE">
      <skipped message="Reason: On CRAN ('test-sampling.R:101:3')"/>
    </testcase>
    <testcase time="3.218" classname="sampling" name="case_control_sampling_trials_works_with_separate_files_TRUE_is_reproducible"/>
    <testcase time="2.431" classname="sampling" name="case_control_sampling_trials_works_with_subsetting"/>
    <testcase time="0.00900000000000034" classname="sampling" name="case_control_sampling_trials_gives_errors_for_arguments"/>
    <testcase time="0.00600000000000023" classname="sampling" name="case_control_sampling_trials_gives_errors_for_arguments"/>
    <testcase time="2.81" classname="sampling" name="case_control_sampling_trials_works_with_multiple_p_control"/>
    <testcase time="0.000999999999990564" classname="sampling" name="case_control_sampling_trials_works_with_multiple_p_control"/>
    <testcase time="0.00100000000000477" classname="sampling" name="case_control_sampling_trials_works_with_multiple_p_control"/>
    <testcase time="4.705" classname="sampling" name="case_control_sampling_trials_works_with_sort_TRUE"/>
  </testsuite>
  <testsuite name="utils" timestamp="2023-05-03T07:46:32Z" hostname="bc972336b2d9" tests="18" skipped="0" failures="0" errors="0" time="0.464">
    <testcase time="0.0100000000000051" classname="utils" name="quiet_print_works_as_expected"/>
    <testcase time="0.00199999999999534" classname="utils" name="quiet_print_works_as_expected"/>
    <testcase time="0.00400000000000489" classname="utils" name="quiet_msg_works_as_expected"/>
    <testcase time="0.00499999999999545" classname="utils" name="quiet_msg_works_as_expected"/>
    <testcase time="0.00499999999999545" classname="utils" name="quiet_line_works_as_expected"/>
    <testcase time="0.00500000000000966" classname="utils" name="quiet_line_works_as_expected"/>
    <testcase time="0.366" classname="utils" name="quiet_msg_time_works_as_expected"/>
    <testcase time="0.00600000000000023" classname="utils" name="quiet_msg_time_works_as_expected"/>
    <testcase time="0.012999999999991" classname="utils" name="extract_baseline_works_works_as_expected"/>
    <testcase time="0.00600000000000023" classname="utils" name="as_formula_works_with_a_formula_as_string"/>
    <testcase time="0.00600000000000023" classname="utils" name="as_formula_works_with_strings"/>
    <testcase time="0.00600000000000023" classname="utils" name="as_formula_works_with_formulas"/>
    <testcase time="0.007000000000005" classname="utils" name="assert_monotonic_works_as_expected"/>
    <testcase time="0.00499999999999545" classname="utils" name="assert_monotonic_works_as_expected"/>
    <testcase time="0.00500000000000966" classname="utils" name="assert_monotonic_works_as_expected"/>
    <testcase time="0.00600000000000023" classname="utils" name="assert_monotonic_works_as_expected"/>
    <testcase time="0.00300000000000011" classname="utils" name="assert_monotonic_works_as_expected"/>
    <testcase time="0.00399999999999068" classname="utils" name="assert_monotonic_works_as_expected"/>
  </testsuite>
</testsuites>
