<?xml version="1.0" encoding="UTF-8"?>
<testsuites>
  <testsuite name="data_extension" timestamp="2024-11-29T14:30:04Z" hostname="c9a0698ad5d2" tests="21" skipped="0" failures="0" errors="0" time="0.615">
    <testcase time="0.016" classname="data_extension" name="check_expand_switch_works_as_expected"/>
    <testcase time="0.0389999999999999" classname="data_extension" name="check_expand_switch_works_as_expected"/>
    <testcase time="0.00800000000000001" classname="data_extension" name="check_expand_switch_works_as_expected"/>
    <testcase time="0.00299999999999989" classname="data_extension" name="check_expand_switch_works_as_expected"/>
    <testcase time="0.034" classname="data_extension" name="expand_works_as_expected"/>
    <testcase time="0.036" classname="data_extension" name="expand_works_as_expected"/>
    <testcase time="0.0800000000000001" classname="data_extension" name="data_extensions_works_as_expected_with_first_and_last_periods"/>
    <testcase time="0.002" classname="data_extension" name="data_extensions_works_as_expected_with_first_and_last_periods"/>
    <testcase time="0.00299999999999989" classname="data_extension" name="data_extensions_works_as_expected_with_first_and_last_periods"/>
    <testcase time="0.00100000000000011" classname="data_extension" name="data_extensions_works_as_expected_with_first_and_last_periods"/>
    <testcase time="0.00299999999999989" classname="data_extension" name="data_extensions_works_as_expected_with_first_and_last_periods"/>
    <testcase time="0.00300000000000011" classname="data_extension" name="data_extensions_works_as_expected_with_first_and_last_periods"/>
    <testcase time="0.00099999999999989" classname="data_extension" name="data_extensions_works_as_expected_with_first_and_last_periods"/>
    <testcase time="0.332" classname="data_extension" name="data_extensions_works_as_expected_with_separate_files_TRUE"/>
    <testcase time="0.00099999999999989" classname="data_extension" name="data_extensions_works_as_expected_with_separate_files_TRUE"/>
    <testcase time="0.002" classname="data_extension" name="data_extensions_works_as_expected_with_separate_files_TRUE"/>
    <testcase time="0.00100000000000011" classname="data_extension" name="data_extensions_works_as_expected_with_separate_files_TRUE"/>
    <testcase time="0.00600000000000001" classname="data_extension" name="data_extensions_works_as_expected_with_separate_files_TRUE"/>
    <testcase time="0.00299999999999989" classname="data_extension" name="data_extensions_works_as_expected_with_separate_files_TRUE"/>
    <testcase time="0.002" classname="data_extension" name="data_extensions_works_as_expected_with_separate_files_TRUE"/>
    <testcase time="0.0390000000000001" classname="data_extension" name="data_extensions_works_as_expected_with_separate_files_TRUE"/>
  </testsuite>
  <testsuite name="data_manipulation" timestamp="2024-11-29T14:30:05Z" hostname="c9a0698ad5d2" tests="12" skipped="0" failures="0" errors="0" time="1.186">
    <testcase time="0.569" classname="data_manipulation" name="data_manipulation_works_as_expected_with_no_censoring"/>
    <testcase time="0.00099999999999989" classname="data_manipulation" name="data_manipulation_works_as_expected_with_no_censoring"/>
    <testcase time="0.00300000000000011" classname="data_manipulation" name="data_manipulation_works_as_expected_with_no_censoring"/>
    <testcase time="0.521" classname="data_manipulation" name="data_manipulation_works_as_expected_with_censoring"/>
    <testcase time="0.00099999999999989" classname="data_manipulation" name="data_manipulation_works_as_expected_with_censoring"/>
    <testcase time="0.00499999999999989" classname="data_manipulation" name="data_manipulation_works_as_expected_with_censoring"/>
    <testcase time="0.0420000000000003" classname="data_manipulation" name="data_manipulation_works_as_expected_with_observations_before_eligibilitiy"/>
    <testcase time="0.00099999999999989" classname="data_manipulation" name="data_manipulation_works_as_expected_with_observations_before_eligibilitiy"/>
    <testcase time="0.004" classname="data_manipulation" name="data_manipulation_works_as_expected_with_observations_before_eligibilitiy"/>
    <testcase time="0.0339999999999998" classname="data_manipulation" name="data_manipulation_works_as_expected_with_observations_after_outcome"/>
    <testcase time="0.00100000000000033" classname="data_manipulation" name="data_manipulation_works_as_expected_with_observations_after_outcome"/>
    <testcase time="0.004" classname="data_manipulation" name="data_manipulation_works_as_expected_with_observations_after_outcome"/>
  </testsuite>
  <testsuite name="data_preparation" timestamp="2024-11-29T14:30:06Z" hostname="c9a0698ad5d2" tests="24" skipped="0" failures="0" errors="0" time="12.888">
    <testcase time="3.886" classname="data_preparation" name="data_preparation_works_as_expected"/>
    <testcase time="0.00300000000000011" classname="data_preparation" name="data_preparation_works_as_expected"/>
    <testcase time="0.00199999999999978" classname="data_preparation" name="data_preparation_works_as_expected"/>
    <testcase time="0.00100000000000033" classname="data_preparation" name="data_preparation_works_as_expected"/>
    <testcase time="0.296" classname="data_preparation" name="data_preparation_works_as_expected"/>
    <testcase time="1.804" classname="data_preparation" name="data_preparation_can_be_quiet"/>
    <testcase time="0.00999999999999979" classname="data_preparation" name="data_preparation_gives_an_error_for_existing_trial_files"/>
    <testcase time="0.0080000000000009" classname="data_preparation" name="check_data_dir_gives_a_warning_for_existing_model_files"/>
    <testcase time="0.894" classname="data_preparation" name="data_preparation_has_correct_values_for_treatment_"/>
    <testcase time="0.00300000000000011" classname="data_preparation" name="data_preparation_has_correct_values_for_treatment_"/>
    <testcase time="2.434" classname="data_preparation" name="data_preparation_works_with_PP_estimand_type"/>
    <testcase time="0.00200000000000067" classname="data_preparation" name="data_preparation_works_with_PP_estimand_type"/>
    <testcase time="0.00300000000000011" classname="data_preparation" name="data_preparation_works_with_PP_estimand_type"/>
    <testcase time="0.000999999999999446" classname="data_preparation" name="data_preparation_works_with_PP_estimand_type"/>
    <testcase time="2.472" classname="data_preparation" name="data_preparation_works_with_As_Treated_estimand_type"/>
    <testcase time="0.00300000000000011" classname="data_preparation" name="data_preparation_works_with_As_Treated_estimand_type"/>
    <testcase time="0.00199999999999889" classname="data_preparation" name="data_preparation_works_with_As_Treated_estimand_type"/>
    <testcase time="0.000999999999999446" classname="data_preparation" name="data_preparation_works_with_As_Treated_estimand_type"/>
    <testcase time="1.045" classname="data_preparation" name="data_preparation_works_with_ITT_and_censor_weights"/>
    <testcase time="0.00199999999999889" classname="data_preparation" name="data_preparation_works_with_ITT_and_censor_weights"/>
    <testcase time="0.00300000000000011" classname="data_preparation" name="data_preparation_works_with_ITT_and_censor_weights"/>
    <testcase time="0.000999999999999446" classname="data_preparation" name="data_preparation_works_with_ITT_and_censor_weights"/>
    <testcase time="0.00900000000000034" classname="data_preparation" name="data_preparation_works_with_ITT_and_censor_weights"/>
    <testcase time="0.00300000000000011" classname="data_preparation" name="data_preparation_works_with_ITT_and_censor_weights"/>
  </testsuite>
  <testsuite name="data_utils" timestamp="2024-11-29T14:30:19Z" hostname="c9a0698ad5d2" tests="17" skipped="3" failures="0" errors="0" time="1.038">
    <testcase time="0.0120000000000005" classname="data_utils" name="weight_func_works_as_expected"/>
    <testcase time="0.191000000000001" classname="data_utils" name="weight_func_works_as_expected">
      <skipped message="Reason: On CRAN ('test-data_utils.R:6:3')"/>
    </testcase>
    <testcase time="0.0380000000000003" classname="data_utils" name="weight_func_works_saves_model_objects"/>
    <testcase time="0.483000000000001" classname="data_utils" name="weight_func_works_saves_model_objects"/>
    <testcase time="0.0119999999999969" classname="data_utils" name="weight_func_works_saves_model_objects"/>
    <testcase time="0.00400000000000134" classname="data_utils" name="weight_func_works_saves_model_objects"/>
    <testcase time="0.00100000000000122" classname="data_utils" name="weight_func_works_saves_model_objects"/>
    <testcase time="0.00900000000000034" classname="data_utils" name="weight_func_works_saves_model_objects"/>
    <testcase time="0.00300000000000011" classname="data_utils" name="weight_func_works_saves_model_objects"/>
    <testcase time="0.00199999999999889" classname="data_utils" name="weight_func_works_saves_model_objects"/>
    <testcase time="0.0949999999999989" classname="data_utils" name="weight_func_works_with_user_specified_time_on_regime">
      <skipped message="Reason: On CRAN ('test-data_utils.R:111:3')"/>
    </testcase>
    <testcase time="0.132999999999999" classname="data_utils" name="weight_func_works_with_pool_cense_TRUE">
      <skipped message="Reason: On CRAN ('test-data_utils.R:131:3')"/>
    </testcase>
    <testcase time="0.022000000000002" classname="data_utils" name="select_data_cols_works_as_expected"/>
    <testcase time="0.00799999999999912" classname="data_utils" name="select_data_cols_works_as_expected_with_non_default_names"/>
    <testcase time="0.00199999999999889" classname="data_utils" name="select_data_cols_works_as_expected_with_non_default_names"/>
    <testcase time="0.0150000000000006" classname="data_utils" name="user_can_select_period_in_select_data_cols"/>
    <testcase time="0.00800000000000267" classname="data_utils" name="select_data_cols_allows_derived_variables_in_formula_vars"/>
  </testsuite>
  <testsuite name="generics" timestamp="2024-11-29T14:30:20Z" hostname="c9a0698ad5d2" tests="4" skipped="3" failures="0" errors="0" time="2.766">
    <testcase time="0.695999999999998" classname="generics" name="summary_for_data_preparation_separate_TRUE">
      <skipped message="Reason: On CRAN ('test-generics.R:25:3')"/>
    </testcase>
    <testcase time="0.983000000000001" classname="generics" name="summary_for_data_preparation_separate_FALSE">
      <skipped message="Reason: On CRAN ('test-generics.R:66:3')"/>
    </testcase>
    <testcase time="1.074" classname="generics" name="summary_for_initiators"/>
    <testcase time="0.0130000000000017" classname="generics" name="summary_for_initiators">
      <skipped message="Reason: On CRAN ('test-generics.R:95:3')"/>
    </testcase>
  </testsuite>
  <testsuite name="lr_utils" timestamp="2024-11-29T14:30:23Z" hostname="c9a0698ad5d2" tests="12" skipped="0" failures="0" errors="0" time="0.096">
    <testcase time="0.0359999999999978" classname="lr_utils" name="fit_glm_works"/>
    <testcase time="0.00200000000000244" classname="lr_utils" name="fit_glm_works"/>
    <testcase time="0.014999999999997" classname="lr_utils" name="fit_glm_works_with_parglm_and_defaults"/>
    <testcase time="0.00100000000000122" classname="lr_utils" name="fit_glm_works_with_parglm_and_defaults"/>
    <testcase time="0.00400000000000134" classname="lr_utils" name="fit_glm_works_with_parglm_and_defaults"/>
    <testcase time="0.00399999999999778" classname="lr_utils" name="fit_glm_works_with_parglm_and_defaults"/>
    <testcase time="0.00500000000000256" classname="lr_utils" name="fit_glm_works_with_parglm"/>
    <testcase time="0.00399999999999778" classname="lr_utils" name="fit_glm_works_with_parglm"/>
    <testcase time="0.00300000000000011" classname="lr_utils" name="fit_glm_works_with_parglm"/>
    <testcase time="0.00900000000000034" classname="lr_utils" name="fit_glm_works_with_parglm"/>
    <testcase time="0.00799999999999912" classname="lr_utils" name="p99_weight_works_as_expected"/>
    <testcase time="0.00500000000000256" classname="lr_utils" name="limit_weight_works_as_expected"/>
  </testsuite>
  <testsuite name="modelling" timestamp="2024-11-29T14:30:23Z" hostname="c9a0698ad5d2" tests="26" skipped="10" failures="0" errors="0" time="13.463">
    <testcase time="0.250999999999998" classname="modelling" name="trial_msm_can_be_quiet"/>
    <testcase time="4.217" classname="modelling" name="trial_msm_gives_expected_results_in_example_data"/>
    <testcase time="0.00399999999999778" classname="modelling" name="trial_msm_gives_expected_results_in_example_data"/>
    <testcase time="0.00300000000000011" classname="modelling" name="trial_msm_gives_expected_results_in_example_data"/>
    <testcase time="0.00300000000000011" classname="modelling" name="trial_msm_gives_expected_results_in_example_data"/>
    <testcase time="0.00100000000000122" classname="modelling" name="trial_msm_gives_expected_results_in_example_data"/>
    <testcase time="2.809" classname="modelling" name="trial_msm_works_with_data.tables_and_weights"/>
    <testcase time="5.488" classname="modelling" name="trial_msm_works_with_data.tables_and_weights"/>
    <testcase time="0.00399999999999778" classname="modelling" name="trial_msm_works_with_data.tables_and_weights"/>
    <testcase time="0.00400000000000489" classname="modelling" name="Modelling_works_with_where_case">
      <skipped message="Reason: On CRAN ('test-modelling.R:99:3')"/>
    </testcase>
    <testcase time="0.0119999999999933" classname="modelling" name="trial_msm_works_with_analysis_weights_unweighted">
      <skipped message="Reason: On CRAN ('test-modelling.R:154:3')"/>
    </testcase>
    <testcase time="0.0110000000000028" classname="modelling" name="trial_msm_works_with_analysis_weights_p99">
      <skipped message="Reason: On CRAN ('test-modelling.R:175:3')"/>
    </testcase>
    <testcase time="0.0120000000000005" classname="modelling" name="trial_msm_works_with_analysis_weights_weight_limits">
      <skipped message="Reason: On CRAN ('test-modelling.R:205:3')"/>
    </testcase>
    <testcase time="0.0159999999999982" classname="modelling" name="trial_msm_works_with_missing_sample_weights">
      <skipped message="Reason: On CRAN ('test-modelling.R:229:3')"/>
    </testcase>
    <testcase time="0.0120000000000005" classname="modelling" name="trial_msm_works_with_sample_weights">
      <skipped message="Reason: On CRAN ('test-modelling.R:266:3')"/>
    </testcase>
    <testcase time="0.0120000000000005" classname="modelling" name="trial_msm_makes_model_formula_as_expected_with_weight_and_censor">
      <skipped message="Reason: On CRAN ('test-modelling.R:290:3')"/>
    </testcase>
    <testcase time="0.0129999999999981" classname="modelling" name="trial_msm_makes_model_formula_as_expected_with_estimand_As_Treated">
      <skipped message="Reason: On CRAN ('test-modelling.R:314:3')"/>
    </testcase>
    <testcase time="0.0120000000000005" classname="modelling" name="trial_msm_makes_model_formula_as_expected_with_estimand_type_ITT_and_unweighted">
      <skipped message="Reason: On CRAN ('test-modelling.R:357:3')"/>
    </testcase>
    <testcase time="0.238" classname="modelling" name="fit_msm_works"/>
    <testcase time="0.00200000000000244" classname="modelling" name="fit_msm_works"/>
    <testcase time="0.00399999999999778" classname="modelling" name="fit_msm_works"/>
    <testcase time="0.00200000000000244" classname="modelling" name="fit_msm_works"/>
    <testcase time="0.0219999999999985" classname="modelling" name="fit_msm_works">
      <skipped message="Reason: On CRAN ('test-modelling.R:431:3')"/>
    </testcase>
    <testcase time="0.274000000000001" classname="modelling" name="fit_msm_works_with_weight_functions"/>
    <testcase time="0.00399999999999778" classname="modelling" name="fit_msm_works_with_weight_functions"/>
    <testcase time="0.0330000000000013" classname="modelling" name="fit_msm_works_with_weight_functions"/>
  </testsuite>
  <testsuite name="predict" timestamp="2024-11-29T14:30:36Z" hostname="c9a0698ad5d2" tests="14" skipped="4" failures="0" errors="0" time="44.731">
    <testcase time="17.657" classname="predict" name="predict.TE_msm_works_as_expected"/>
    <testcase time="0.0360000000000014" classname="predict" name="predict.TE_msm_works_as_expected">
      <skipped message="Reason: On CRAN ('test-predict.R:26:3')"/>
    </testcase>
    <testcase time="9.175" classname="predict" name="predict.TE_msm_works_with_newdata">
      <skipped message="Reason: On CRAN ('test-predict.R:51:3')"/>
    </testcase>
    <testcase time="0.0140000000000029" classname="predict" name="calculate_cum_inc_works_as_expected"/>
    <testcase time="0.00600000000000023" classname="predict" name="calculate_survival_works_as_expected"/>
    <testcase time="0.0309999999999988" classname="predict" name="predict.TE_msm_works_with_interactions"/>
    <testcase time="0.000999999999997669" classname="predict" name="predict.TE_msm_works_with_interactions"/>
    <testcase time="0.0470000000000041" classname="predict" name="predict.TE_msm_works_with_interactions">
      <skipped message="Reason: On CRAN ('test-predict.R:108:3')"/>
    </testcase>
    <testcase time="0.0589999999999975" classname="predict" name="predict.TE_msm_warns_for_As_Treated"/>
    <testcase time="0.00200000000000244" classname="predict" name="predict.TE_msm_warns_for_As_Treated"/>
    <testcase time="0.0249999999999986" classname="predict" name="predict.TE_msm_warns_for_As_Treated"/>
    <testcase time="17.572" classname="predict" name="predict.TE_msm_gives_the_same_results_as_new_predict"/>
    <testcase time="0.0820000000000078" classname="predict" name="predict.TE_msm_gives_the_same_results_as_new_predict"/>
    <testcase time="0.0240000000000009" classname="predict" name="predict.TE_msm_gives_the_same_results_as_new_predict">
      <skipped message="Reason: On CRAN ('test-predict.R:171:3')"/>
    </testcase>
  </testsuite>
  <testsuite name="robust" timestamp="2024-11-29T14:31:21Z" hostname="c9a0698ad5d2" tests="3" skipped="0" failures="0" errors="0" time="1.623">
    <testcase time="1.61099999999999" classname="robust" name="robust_calculation_works_as_expected"/>
    <testcase time="0.00900000000000034" classname="robust" name="robust_calculation_works_as_expected"/>
    <testcase time="0.00300000000000011" classname="robust" name="robust_calculation_works_as_expected"/>
  </testsuite>
  <testsuite name="sampling" timestamp="2024-11-29T14:31:23Z" hostname="c9a0698ad5d2" tests="37" skipped="7" failures="0" errors="0" time="6.897">
    <testcase time="0.0840000000000032" classname="sampling" name="do_sampling_works_as_expected_when_case_exist">
      <skipped message="Reason: On CRAN ('test-sampling.R:5:3')"/>
    </testcase>
    <testcase time="0.128" classname="sampling" name="do_sampling_works_as_expected_when_no_cases_exist">
      <skipped message="Reason: On CRAN ('test-sampling.R:15:3')"/>
    </testcase>
    <testcase time="0.0630000000000024" classname="sampling" name="sample_from_period_works_as_expected"/>
    <testcase time="0.00300000000000011" classname="sampling" name="sample_from_period_works_as_expected"/>
    <testcase time="0.00499999999999545" classname="sampling" name="sample_from_period_works_as_expected"/>
    <testcase time="0.00199999999999534" classname="sampling" name="sample_from_period_works_as_expected"/>
    <testcase time="0.00600000000000023" classname="sampling" name="sample_from_period_works_as_expected">
      <skipped message="Reason: On CRAN ('test-sampling.R:34:3')"/>
    </testcase>
    <testcase time="0.0760000000000076" classname="sampling" name="sample_from_period_works_as_expected_with_multiple_proportions"/>
    <testcase time="0.00300000000000011" classname="sampling" name="sample_from_period_works_as_expected_with_multiple_proportions"/>
    <testcase time="0.00199999999999534" classname="sampling" name="sample_from_period_works_as_expected_with_multiple_proportions"/>
    <testcase time="0.00199999999999534" classname="sampling" name="sample_from_period_works_as_expected_with_multiple_proportions"/>
    <testcase time="0.00800000000000978" classname="sampling" name="sample_from_period_works_as_expected_with_multiple_proportions">
      <skipped message="Reason: On CRAN ('test-sampling.R:54:3')"/>
    </testcase>
    <testcase time="1.25099999999999" classname="sampling" name="case_control_sampling_trials_works_with_separate_files_TRUE"/>
    <testcase time="0.007000000000005" classname="sampling" name="case_control_sampling_trials_works_with_separate_files_TRUE">
      <skipped message="Reason: On CRAN ('test-sampling.R:86:3')"/>
    </testcase>
    <testcase time="1.273" classname="sampling" name="case_control_sampling_trials_works_with_separate_files_FALSE"/>
    <testcase time="0.007000000000005" classname="sampling" name="case_control_sampling_trials_works_with_separate_files_FALSE">
      <skipped message="Reason: On CRAN ('test-sampling.R:103:3')"/>
    </testcase>
    <testcase time="1.88" classname="sampling" name="case_control_sampling_trials_works_with_separate_files_TRUE_is_reproducible"/>
    <testcase time="0.527000000000001" classname="sampling" name="case_control_sampling_trials_works_with_subsetting"/>
    <testcase time="0.00800000000000978" classname="sampling" name="case_control_sampling_trials_gives_errors_for_arguments"/>
    <testcase time="0.00499999999999545" classname="sampling" name="case_control_sampling_trials_gives_errors_for_arguments"/>
    <testcase time="1.00399999999999" classname="sampling" name="case_control_sampling_trials_works_with_multiple_p_control"/>
    <testcase time="0.00100000000000477" classname="sampling" name="case_control_sampling_trials_works_with_multiple_p_control"/>
    <testcase time="0.00100000000000477" classname="sampling" name="case_control_sampling_trials_works_with_multiple_p_control"/>
    <testcase time="0.00499999999999545" classname="sampling" name="case_control_sampling_trials_works_with_sort_TRUE">
      <skipped message="Reason: On CRAN ('test-sampling.R:180:3')"/>
    </testcase>
    <testcase time="0.0150000000000006" classname="sampling" name="sample_controls_works_with_trial_sequence_objects_containing_te_datastore_datatable_objects"/>
    <testcase time="0.236000000000004" classname="sampling" name="sample_controls_works_with_trial_sequence_objects_containing_te_datastore_datatable_objects"/>
    <testcase time="0.149000000000001" classname="sampling" name="sample_controls_works_with_trial_sequence_objects_containing_te_datastore_datatable_objects"/>
    <testcase time="0.0519999999999925" classname="sampling" name="sample_controls_works_with_trial_sequence_objects_containing_te_datastore_datatable_objects"/>
    <testcase time="0.054000000000002" classname="sampling" name="sample_controls_works_with_trial_sequence_objects_containing_te_datastore_datatable_objects"/>
    <testcase time="0.00300000000000011" classname="sampling" name="sample_controls_works_with_trial_sequence_objects_containing_te_datastore_datatable_objects"/>
    <testcase time="0.00199999999999534" classname="sampling" name="sample_controls_works_with_trial_sequence_objects_containing_te_datastore_datatable_objects"/>
    <testcase time="0.00300000000000011" classname="sampling" name="sample_controls_works_with_trial_sequence_objects_containing_te_datastore_datatable_objects"/>
    <testcase time="0.00300000000000011" classname="sampling" name="sample_controls_works_with_trial_sequence_objects_containing_te_datastore_datatable_objects"/>
    <testcase time="0.0250000000000057" classname="sampling" name="sample_controls_works_with_trial_sequence_objects_containing_te_datastore_datatable_objects"/>
    <testcase time="0.00100000000000477" classname="sampling" name="sample_controls_works_with_trial_sequence_objects_containing_te_datastore_datatable_objects"/>
    <testcase time="0.00199999999999534" classname="sampling" name="sample_controls_works_with_trial_sequence_objects_containing_te_datastore_datatable_objects"/>
    <testcase time="0.00100000000000477" classname="sampling" name="sample_controls_works_with_trial_sequence_objects_containing_te_datastore_datatable_objects"/>
  </testsuite>
  <testsuite name="te_data" timestamp="2024-11-29T14:31:30Z" hostname="c9a0698ad5d2" tests="10" skipped="0" failures="0" errors="0" time="0.071">
    <testcase time="0.0349999999999966" classname="te_data" name="te_outcome_data_constructor_works"/>
    <testcase time="0.00300000000000011" classname="te_data" name="te_outcome_data_constructor_works"/>
    <testcase time="0.00300000000000011" classname="te_data" name="te_outcome_data_constructor_works"/>
    <testcase time="0.00400000000000489" classname="te_data" name="te_outcome_data_constructor_works"/>
    <testcase time="0.000999999999990564" classname="te_data" name="te_outcome_data_constructor_works"/>
    <testcase time="0.00200000000000955" classname="te_data" name="te_outcome_data_constructor_works"/>
    <testcase time="0.00300000000000011" classname="te_data" name="te_outcome_data_constructor_works"/>
    <testcase time="0.00900000000000034" classname="te_data" name="te_outcome_data_constructor_fails_on_bad_input"/>
    <testcase time="0.00499999999999545" classname="te_data" name="te_outcome_data_constructor_fails_on_bad_input"/>
    <testcase time="0.00600000000000023" classname="te_data" name="te_outcome_data_constructor_fails_on_bad_input"/>
  </testsuite>
  <testsuite name="te_datastore" timestamp="2024-11-29T14:31:30Z" hostname="c9a0698ad5d2" tests="7" skipped="0" failures="0" errors="0" time="0.157">
    <testcase time="0.134999999999991" classname="te_datastore" name="read_expanded_data_can_read_te_datastore_datatable_data"/>
    <testcase time="0.00300000000000011" classname="te_datastore" name="read_expanded_data_can_read_te_datastore_datatable_data"/>
    <testcase time="0.00400000000000489" classname="te_datastore" name="read_expanded_data_can_read_te_datastore_datatable_data"/>
    <testcase time="0.00400000000000489" classname="te_datastore" name="read_expanded_data_can_read_te_datastore_datatable_data"/>
    <testcase time="0.00499999999999545" classname="te_datastore" name="read_expanded_data_can_read_te_datastore_datatable_data"/>
    <testcase time="0.00300000000000011" classname="te_datastore" name="read_expanded_data_can_read_te_datastore_datatable_data"/>
    <testcase time="0.00300000000000011" classname="te_datastore" name="read_expanded_data_can_read_te_datastore_datatable_data"/>
  </testsuite>
  <testsuite name="te_datastore_csv" timestamp="2024-11-29T14:31:30Z" hostname="c9a0698ad5d2" tests="48" skipped="0" failures="0" errors="0" time="1.476">
    <testcase time="0.0619999999999976" classname="te_datastore_csv" name="te_datastore_csv_validator_works"/>
    <testcase time="0.00600000000000023" classname="te_datastore_csv" name="te_datastore_csv_validator_works"/>
    <testcase time="0.0670000000000073" classname="te_datastore_csv" name="read_expanded_data_can_read_te_datastore_csv_data"/>
    <testcase time="0.0120000000000005" classname="te_datastore_csv" name="read_expanded_data_can_read_te_datastore_csv_data"/>
    <testcase time="0.00399999999999068" classname="te_datastore_csv" name="read_expanded_data_can_read_te_datastore_csv_data"/>
    <testcase time="0.00600000000000023" classname="te_datastore_csv" name="read_expanded_data_can_read_te_datastore_csv_data"/>
    <testcase time="0.00500000000000966" classname="te_datastore_csv" name="read_expanded_data_can_read_te_datastore_csv_data"/>
    <testcase time="0.0519999999999925" classname="te_datastore_csv" name="read_expanded_data_can_read_te_datastore_csv_data"/>
    <testcase time="0.0120000000000005" classname="te_datastore_csv" name="read_expanded_data_can_read_te_datastore_csv_data"/>
    <testcase time="0.251000000000005" classname="te_datastore_csv" name="sample_controls_works_with_trial_sequence_objects_containing_te_datastore_csv_objects"/>
    <testcase time="0.149000000000001" classname="te_datastore_csv" name="sample_controls_works_with_trial_sequence_objects_containing_te_datastore_csv_objects"/>
    <testcase time="0.054000000000002" classname="te_datastore_csv" name="sample_controls_works_with_trial_sequence_objects_containing_te_datastore_csv_objects"/>
    <testcase time="0.0519999999999925" classname="te_datastore_csv" name="sample_controls_works_with_trial_sequence_objects_containing_te_datastore_csv_objects"/>
    <testcase time="0.00300000000000011" classname="te_datastore_csv" name="sample_controls_works_with_trial_sequence_objects_containing_te_datastore_csv_objects"/>
    <testcase time="0.00400000000000489" classname="te_datastore_csv" name="sample_controls_works_with_trial_sequence_objects_containing_te_datastore_csv_objects"/>
    <testcase time="0.0289999999999964" classname="te_datastore_csv" name="sample_controls_works_with_trial_sequence_objects_containing_te_datastore_csv_objects"/>
    <testcase time="0.00600000000000023" classname="te_datastore_csv" name="sample_controls_works_with_trial_sequence_objects_containing_te_datastore_csv_objects"/>
    <testcase time="0.0349999999999966" classname="te_datastore_csv" name="sample_controls_works_with_trial_sequence_objects_containing_te_datastore_csv_objects"/>
    <testcase time="0.00300000000000011" classname="te_datastore_csv" name="sample_controls_works_with_trial_sequence_objects_containing_te_datastore_csv_objects"/>
    <testcase time="0.00200000000000955" classname="te_datastore_csv" name="sample_controls_works_with_trial_sequence_objects_containing_te_datastore_csv_objects"/>
    <testcase time="0.00300000000000011" classname="te_datastore_csv" name="sample_controls_works_with_trial_sequence_objects_containing_te_datastore_csv_objects"/>
    <testcase time="0.0299999999999869" classname="te_datastore_csv" name="sample_controls_works_with_trial_sequence_objects_containing_te_datastore_csv_objects"/>
    <testcase time="0.00300000000000011" classname="te_datastore_csv" name="sample_controls_works_with_trial_sequence_objects_containing_te_datastore_csv_objects"/>
    <testcase time="0.00100000000000477" classname="te_datastore_csv" name="sample_controls_works_with_trial_sequence_objects_containing_te_datastore_csv_objects"/>
    <testcase time="0.00100000000000477" classname="te_datastore_csv" name="sample_controls_works_with_trial_sequence_objects_containing_te_datastore_csv_objects"/>
    <testcase time="0.000999999999990564" classname="te_datastore_csv" name="sample_controls_works_with_trial_sequence_objects_containing_te_datastore_csv_objects"/>
    <testcase time="0.180000000000007" classname="te_datastore_csv" name="load_expanded_data_works_with_trial_sequence_objects_containing_te_datastore_csv_objects"/>
    <testcase time="0.054000000000002" classname="te_datastore_csv" name="load_expanded_data_works_with_trial_sequence_objects_containing_te_datastore_csv_objects"/>
    <testcase time="0.179000000000002" classname="te_datastore_csv" name="load_expanded_data_works_with_trial_sequence_objects_containing_te_datastore_csv_objects"/>
    <testcase time="0.054000000000002" classname="te_datastore_csv" name="load_expanded_data_works_with_trial_sequence_objects_containing_te_datastore_csv_objects"/>
    <testcase time="0.0529999999999973" classname="te_datastore_csv" name="load_expanded_data_works_with_trial_sequence_objects_containing_te_datastore_csv_objects"/>
    <testcase time="0.00300000000000011" classname="te_datastore_csv" name="load_expanded_data_works_with_trial_sequence_objects_containing_te_datastore_csv_objects"/>
    <testcase time="0.00399999999999068" classname="te_datastore_csv" name="load_expanded_data_works_with_trial_sequence_objects_containing_te_datastore_csv_objects"/>
    <testcase time="0.00300000000000011" classname="te_datastore_csv" name="load_expanded_data_works_with_trial_sequence_objects_containing_te_datastore_csv_objects"/>
    <testcase time="0.00300000000000011" classname="te_datastore_csv" name="load_expanded_data_works_with_trial_sequence_objects_containing_te_datastore_csv_objects"/>
    <testcase time="0.00300000000000011" classname="te_datastore_csv" name="load_expanded_data_works_with_trial_sequence_objects_containing_te_datastore_csv_objects"/>
    <testcase time="0.00300000000000011" classname="te_datastore_csv" name="load_expanded_data_works_with_trial_sequence_objects_containing_te_datastore_csv_objects"/>
    <testcase time="0.00200000000000955" classname="te_datastore_csv" name="load_expanded_data_works_with_trial_sequence_objects_containing_te_datastore_csv_objects"/>
    <testcase time="0.0289999999999964" classname="te_datastore_csv" name="load_expanded_data_works_with_trial_sequence_objects_containing_te_datastore_csv_objects"/>
    <testcase time="0.00300000000000011" classname="te_datastore_csv" name="load_expanded_data_works_with_trial_sequence_objects_containing_te_datastore_csv_objects"/>
    <testcase time="0.00199999999999534" classname="te_datastore_csv" name="load_expanded_data_works_with_trial_sequence_objects_containing_te_datastore_csv_objects"/>
    <testcase time="0.00300000000000011" classname="te_datastore_csv" name="load_expanded_data_works_with_trial_sequence_objects_containing_te_datastore_csv_objects"/>
    <testcase time="0.00900000000000034" classname="te_datastore_csv" name="load_expanded_data_works_with_trial_sequence_objects_containing_te_datastore_csv_objects"/>
    <testcase time="0.0300000000000011" classname="te_datastore_csv" name="load_expanded_data_works_with_trial_sequence_objects_containing_te_datastore_csv_objects"/>
    <testcase time="0.00300000000000011" classname="te_datastore_csv" name="load_expanded_data_works_with_trial_sequence_objects_containing_te_datastore_csv_objects"/>
    <testcase time="0.00100000000000477" classname="te_datastore_csv" name="load_expanded_data_works_with_trial_sequence_objects_containing_te_datastore_csv_objects"/>
    <testcase time="0.000999999999990564" classname="te_datastore_csv" name="load_expanded_data_works_with_trial_sequence_objects_containing_te_datastore_csv_objects"/>
    <testcase time="0.00100000000000477" classname="te_datastore_csv" name="load_expanded_data_works_with_trial_sequence_objects_containing_te_datastore_csv_objects"/>
  </testsuite>
  <testsuite name="te_datastore_duckdb" timestamp="2024-11-29T14:31:31Z" hostname="c9a0698ad5d2" tests="53" skipped="0" failures="0" errors="0" time="0.984">
    <testcase time="0.0679999999999978" classname="te_datastore_duckdb" name="save_to_duckdb_works_as_expected"/>
    <testcase time="0.00100000000000477" classname="te_datastore_duckdb" name="save_to_duckdb_works_as_expected"/>
    <testcase time="0.00300000000000011" classname="te_datastore_duckdb" name="save_to_duckdb_works_as_expected"/>
    <testcase time="0.00300000000000011" classname="te_datastore_duckdb" name="save_to_duckdb_works_as_expected"/>
    <testcase time="0.254999999999995" classname="te_datastore_duckdb" name="read_expanded_data_can_read_te_datastore_duckdb_data"/>
    <testcase time="0.00400000000000489" classname="te_datastore_duckdb" name="read_expanded_data_can_read_te_datastore_duckdb_data"/>
    <testcase time="0.00400000000000489" classname="te_datastore_duckdb" name="read_expanded_data_can_read_te_datastore_duckdb_data"/>
    <testcase time="0.00399999999999068" classname="te_datastore_duckdb" name="read_expanded_data_can_read_te_datastore_duckdb_data"/>
    <testcase time="0.00500000000000966" classname="te_datastore_duckdb" name="read_expanded_data_can_read_te_datastore_duckdb_data"/>
    <testcase time="0.00399999999999068" classname="te_datastore_duckdb" name="read_expanded_data_can_read_te_datastore_duckdb_data"/>
    <testcase time="0.00300000000000011" classname="te_datastore_duckdb" name="read_expanded_data_can_read_te_datastore_duckdb_data"/>
    <testcase time="0.00400000000000489" classname="te_datastore_duckdb" name="read_expanded_data_can_read_te_datastore_duckdb_data"/>
    <testcase time="0.238" classname="te_datastore_duckdb" name="sample_controls_works_with_trial_sequence_objects_containing_te_datastore_duckdb_objects"/>
    <testcase time="0.00499999999999545" classname="te_datastore_duckdb" name="sample_controls_works_with_trial_sequence_objects_containing_te_datastore_duckdb_objects"/>
    <testcase time="0.00600000000000023" classname="te_datastore_duckdb" name="sample_controls_works_with_trial_sequence_objects_containing_te_datastore_duckdb_objects"/>
    <testcase time="0.00200000000000955" classname="te_datastore_duckdb" name="sample_controls_works_with_trial_sequence_objects_containing_te_datastore_duckdb_objects"/>
    <testcase time="0.00300000000000011" classname="te_datastore_duckdb" name="sample_controls_works_with_trial_sequence_objects_containing_te_datastore_duckdb_objects"/>
    <testcase time="0.00199999999999534" classname="te_datastore_duckdb" name="sample_controls_works_with_trial_sequence_objects_containing_te_datastore_duckdb_objects"/>
    <testcase time="0.00399999999999068" classname="te_datastore_duckdb" name="sample_controls_works_with_trial_sequence_objects_containing_te_datastore_duckdb_objects"/>
    <testcase time="0.00300000000000011" classname="te_datastore_duckdb" name="sample_controls_works_with_trial_sequence_objects_containing_te_datastore_duckdb_objects"/>
    <testcase time="0.00200000000000955" classname="te_datastore_duckdb" name="sample_controls_works_with_trial_sequence_objects_containing_te_datastore_duckdb_objects"/>
    <testcase time="0.00799999999999557" classname="te_datastore_duckdb" name="sample_controls_works_with_trial_sequence_objects_containing_te_datastore_duckdb_objects"/>
    <testcase time="0.00300000000000011" classname="te_datastore_duckdb" name="sample_controls_works_with_trial_sequence_objects_containing_te_datastore_duckdb_objects"/>
    <testcase time="0.00199999999999534" classname="te_datastore_duckdb" name="sample_controls_works_with_trial_sequence_objects_containing_te_datastore_duckdb_objects"/>
    <testcase time="0.00300000000000011" classname="te_datastore_duckdb" name="sample_controls_works_with_trial_sequence_objects_containing_te_datastore_duckdb_objects"/>
    <testcase time="0.00200000000000955" classname="te_datastore_duckdb" name="sample_controls_works_with_trial_sequence_objects_containing_te_datastore_duckdb_objects"/>
    <testcase time="0.000999999999990564" classname="te_datastore_duckdb" name="sample_controls_works_with_trial_sequence_objects_containing_te_datastore_duckdb_objects"/>
    <testcase time="0.00100000000000477" classname="te_datastore_duckdb" name="sample_controls_works_with_trial_sequence_objects_containing_te_datastore_duckdb_objects"/>
    <testcase time="0.00100000000000477" classname="te_datastore_duckdb" name="sample_controls_works_with_trial_sequence_objects_containing_te_datastore_duckdb_objects"/>
    <testcase time="0.238" classname="te_datastore_duckdb" name="load_expanded_data_works_with_trial_sequence_objects_containing_te_datastore_duckdb_objects"/>
    <testcase time="0.00699999999999079" classname="te_datastore_duckdb" name="load_expanded_data_works_with_trial_sequence_objects_containing_te_datastore_duckdb_objects"/>
    <testcase time="0.00600000000000023" classname="te_datastore_duckdb" name="load_expanded_data_works_with_trial_sequence_objects_containing_te_datastore_duckdb_objects"/>
    <testcase time="0.00600000000000023" classname="te_datastore_duckdb" name="load_expanded_data_works_with_trial_sequence_objects_containing_te_datastore_duckdb_objects"/>
    <testcase time="0.00300000000000011" classname="te_datastore_duckdb" name="load_expanded_data_works_with_trial_sequence_objects_containing_te_datastore_duckdb_objects"/>
    <testcase time="0.00200000000000955" classname="te_datastore_duckdb" name="load_expanded_data_works_with_trial_sequence_objects_containing_te_datastore_duckdb_objects"/>
    <testcase time="0.00300000000000011" classname="te_datastore_duckdb" name="load_expanded_data_works_with_trial_sequence_objects_containing_te_datastore_duckdb_objects"/>
    <testcase time="0.00300000000000011" classname="te_datastore_duckdb" name="load_expanded_data_works_with_trial_sequence_objects_containing_te_datastore_duckdb_objects"/>
    <testcase time="0.00300000000000011" classname="te_datastore_duckdb" name="load_expanded_data_works_with_trial_sequence_objects_containing_te_datastore_duckdb_objects"/>
    <testcase time="0.00300000000000011" classname="te_datastore_duckdb" name="load_expanded_data_works_with_trial_sequence_objects_containing_te_datastore_duckdb_objects"/>
    <testcase time="0.00300000000000011" classname="te_datastore_duckdb" name="load_expanded_data_works_with_trial_sequence_objects_containing_te_datastore_duckdb_objects"/>
    <testcase time="0.00300000000000011" classname="te_datastore_duckdb" name="load_expanded_data_works_with_trial_sequence_objects_containing_te_datastore_duckdb_objects"/>
    <testcase time="0.00799999999999557" classname="te_datastore_duckdb" name="load_expanded_data_works_with_trial_sequence_objects_containing_te_datastore_duckdb_objects"/>
    <testcase time="0.00300000000000011" classname="te_datastore_duckdb" name="load_expanded_data_works_with_trial_sequence_objects_containing_te_datastore_duckdb_objects"/>
    <testcase time="0.00199999999999534" classname="te_datastore_duckdb" name="load_expanded_data_works_with_trial_sequence_objects_containing_te_datastore_duckdb_objects"/>
    <testcase time="0.00300000000000011" classname="te_datastore_duckdb" name="load_expanded_data_works_with_trial_sequence_objects_containing_te_datastore_duckdb_objects"/>
    <testcase time="0.00200000000000955" classname="te_datastore_duckdb" name="load_expanded_data_works_with_trial_sequence_objects_containing_te_datastore_duckdb_objects"/>
    <testcase time="0.00600000000000023" classname="te_datastore_duckdb" name="load_expanded_data_works_with_trial_sequence_objects_containing_te_datastore_duckdb_objects"/>
    <testcase time="0.000999999999990564" classname="te_datastore_duckdb" name="load_expanded_data_works_with_trial_sequence_objects_containing_te_datastore_duckdb_objects"/>
    <testcase time="0.00100000000000477" classname="te_datastore_duckdb" name="load_expanded_data_works_with_trial_sequence_objects_containing_te_datastore_duckdb_objects"/>
    <testcase time="0.00100000000000477" classname="te_datastore_duckdb" name="load_expanded_data_works_with_trial_sequence_objects_containing_te_datastore_duckdb_objects"/>
    <testcase time="0.0189999999999912" classname="te_datastore_duckdb" name="translate_to_sql_works_as_intended"/>
    <testcase time="0.0120000000000005" classname="te_datastore_duckdb" name="translate_to_sql_catches_the_error_and_provides_a_message"/>
    <testcase time="0.00200000000000955" classname="te_datastore_duckdb" name="translate_to_sql_catches_the_error_and_provides_a_message"/>
  </testsuite>
  <testsuite name="te_model_fitter" timestamp="2024-11-29T14:31:32Z" hostname="c9a0698ad5d2" tests="22" skipped="0" failures="0" errors="0" time="4.856">
    <testcase time="0.00600000000000023" classname="te_model_fitter" name="stats_glm_logit_creates_the_fitter_object"/>
    <testcase time="0.00400000000000489" classname="te_model_fitter" name="stats_glm_logit_creates_the_fitter_object_with_path"/>
    <testcase time="0.00199999999999534" classname="te_model_fitter" name="stats_glm_logit_creates_the_fitter_object_with_path"/>
    <testcase time="0.0139999999999958" classname="te_model_fitter" name="fit_weights_model_works_for_stats_glm_logit"/>
    <testcase time="0.00300000000000011" classname="te_model_fitter" name="fit_weights_model_works_for_stats_glm_logit"/>
    <testcase time="0.00300000000000011" classname="te_model_fitter" name="fit_weights_model_works_for_stats_glm_logit"/>
    <testcase time="0.00300000000000011" classname="te_model_fitter" name="fit_weights_model_works_for_stats_glm_logit"/>
    <testcase time="0.00100000000000477" classname="te_model_fitter" name="fit_weights_model_works_for_stats_glm_logit"/>
    <testcase time="0.00400000000000489" classname="te_model_fitter" name="fit_weights_model_works_for_stats_glm_logit"/>
    <testcase time="0.000999999999990564" classname="te_model_fitter" name="fit_weights_model_works_for_stats_glm_logit"/>
    <testcase time="0.00300000000000011" classname="te_model_fitter" name="fit_weights_model_works_for_stats_glm_logit"/>
    <testcase time="4.756" classname="te_model_fitter" name="fit_outcome_model_works_for_stats_glm_logit"/>
    <testcase time="0.00100000000000477" classname="te_model_fitter" name="fit_outcome_model_works_for_stats_glm_logit"/>
    <testcase time="0.00400000000000489" classname="te_model_fitter" name="fit_outcome_model_works_for_stats_glm_logit"/>
    <testcase time="0.00600000000000023" classname="te_model_fitter" name="fit_outcome_model_works_for_stats_glm_logit"/>
    <testcase time="0.00300000000000011" classname="te_model_fitter" name="fit_outcome_model_works_for_stats_glm_logit"/>
    <testcase time="0.000999999999990564" classname="te_model_fitter" name="fit_outcome_model_works_for_stats_glm_logit"/>
    <testcase time="0.00400000000000489" classname="te_model_fitter" name="fit_outcome_model_works_for_stats_glm_logit"/>
    <testcase time="0.0120000000000005" classname="te_model_fitter" name="fit_outcome_model_works_for_stats_glm_logit_with_save_dir"/>
    <testcase time="0.00100000000000477" classname="te_model_fitter" name="fit_outcome_model_works_for_stats_glm_logit_with_save_dir"/>
    <testcase time="0.00399999999999068" classname="te_model_fitter" name="fit_outcome_model_works_for_stats_glm_logit_with_save_dir"/>
    <testcase time="0.0200000000000102" classname="te_model_fitter" name="fit_outcome_model_works_for_stats_glm_logit_with_save_dir"/>
  </testsuite>
  <testsuite name="te_parsnip" timestamp="2024-11-29T14:31:37Z" hostname="c9a0698ad5d2" tests="18" skipped="0" failures="0" errors="0" time="0.196">
    <testcase time="0.0889999999999986" classname="te_parsnip" name="parsnip_model_works"/>
    <testcase time="0.00300000000000011" classname="te_parsnip" name="parsnip_model_works"/>
    <testcase time="0.00799999999999557" classname="te_parsnip" name="parsnip_model_fails_for_invalid_model_specifications"/>
    <testcase time="0.00499999999999545" classname="te_parsnip" name="parsnip_model_fails_for_invalid_model_specifications"/>
    <testcase time="0.00500000000000966" classname="te_parsnip" name="parsnip_model_fails_for_invalid_model_specifications"/>
    <testcase time="0.0369999999999919" classname="te_parsnip" name="fit_weights_model_works_for_parsnip_models"/>
    <testcase time="0.00300000000000011" classname="te_parsnip" name="fit_weights_model_works_for_parsnip_models"/>
    <testcase time="0.00100000000000477" classname="te_parsnip" name="fit_weights_model_works_for_parsnip_models"/>
    <testcase time="0.00399999999999068" classname="te_parsnip" name="fit_weights_model_works_for_parsnip_models"/>
    <testcase time="0.00100000000000477" classname="te_parsnip" name="fit_weights_model_works_for_parsnip_models"/>
    <testcase time="0.00199999999999534" classname="te_parsnip" name="fit_weights_model_works_for_parsnip_models"/>
    <testcase time="0.0210000000000008" classname="te_parsnip" name="fit_weights_model_works_parsnip_logistic_regression"/>
    <testcase time="0.00300000000000011" classname="te_parsnip" name="fit_weights_model_works_parsnip_logistic_regression"/>
    <testcase time="0.00300000000000011" classname="te_parsnip" name="fit_weights_model_works_parsnip_logistic_regression"/>
    <testcase time="0.00300000000000011" classname="te_parsnip" name="fit_weights_model_works_parsnip_logistic_regression"/>
    <testcase time="0.00100000000000477" classname="te_parsnip" name="fit_weights_model_works_parsnip_logistic_regression"/>
    <testcase time="0.00400000000000489" classname="te_parsnip" name="fit_weights_model_works_parsnip_logistic_regression"/>
    <testcase time="0.00300000000000011" classname="te_parsnip" name="fit_weights_model_works_parsnip_logistic_regression"/>
  </testsuite>
  <testsuite name="te_weights" timestamp="2024-11-29T14:31:37Z" hostname="c9a0698ad5d2" tests="8" skipped="2" failures="0" errors="0" time="0.492">
    <testcase time="0.12299999999999" classname="te_weights" name="show_works_for_te_weights_spec_objects">
      <skipped message="Reason: On CRAN ('test-te_weights.R:20:3')"/>
    </testcase>
    <testcase time="0.187000000000012" classname="te_weights" name="weight_model_data_indices_works"/>
    <testcase time="0.00300000000000011" classname="te_weights" name="weight_model_data_indices_works"/>
    <testcase time="0.00300000000000011" classname="te_weights" name="weight_model_data_indices_works"/>
    <testcase time="0.012999999999991" classname="te_weights" name="weight_model_data_indices_works">
      <skipped message="Reason: On CRAN ('test-te_weights.R:62:3')"/>
    </testcase>
    <testcase time="0.153999999999996" classname="te_weights" name="weight_model_data_indices_catches_bad_input"/>
    <testcase time="0.00500000000000966" classname="te_weights" name="weight_model_data_indices_catches_bad_input"/>
    <testcase time="0.00399999999999068" classname="te_weights" name="weight_model_data_indices_catches_bad_input"/>
  </testsuite>
  <testsuite name="trial_sequence" timestamp="2024-11-29T14:31:38Z" hostname="c9a0698ad5d2" tests="118" skipped="4" failures="0" errors="0" time="6.558">
    <testcase time="0.0100000000000051" classname="trial_sequence" name="trial_sequence_creates_an_object_for_per_protocol"/>
    <testcase time="0.00300000000000011" classname="trial_sequence" name="trial_sequence_creates_an_object_for_per_protocol"/>
    <testcase time="0.00400000000000489" classname="trial_sequence" name="trial_sequence_creates_an_object_for_itt"/>
    <testcase time="0.00300000000000011" classname="trial_sequence" name="trial_sequence_creates_an_object_for_itt"/>
    <testcase time="0.00399999999999068" classname="trial_sequence" name="trial_sequence_creates_an_object_for_as_treated"/>
    <testcase time="0.00300000000000011" classname="trial_sequence" name="trial_sequence_creates_an_object_for_as_treated"/>
    <testcase time="0.007000000000005" classname="trial_sequence" name="trial_sequence_errors_for_unknown_class"/>
    <testcase time="0.007000000000005" classname="trial_sequence" name="trial_sequence_errors_for_unknown_class"/>
    <testcase time="0.00999999999999091" classname="trial_sequence" name="trial_sequence_works_for_a_new_class"/>
    <testcase time="0.00200000000000955" classname="trial_sequence" name="trial_sequence_works_for_a_new_class"/>
    <testcase time="0.0369999999999919" classname="trial_sequence" name="show_works_for_trial_sequence_PP_with_nothing_set">
      <skipped message="Reason: On CRAN ('test-trial_sequence.R:41:3')"/>
    </testcase>
    <testcase time="0.0190000000000055" classname="trial_sequence" name="show_works_for_trial_sequence_ITT_with_nothing_set">
      <skipped message="Reason: On CRAN ('test-trial_sequence.R:45:3')"/>
    </testcase>
    <testcase time="0.0189999999999912" classname="trial_sequence" name="show_works_for_trial_sequence_AT_with_nothing_set">
      <skipped message="Reason: On CRAN ('test-trial_sequence.R:49:3')"/>
    </testcase>
    <testcase time="0.124000000000009" classname="trial_sequence" name="show_works_for_trial_sequence_PP_with_data_and_outcome_model_set">
      <skipped message="Reason: On CRAN ('test-trial_sequence.R:56:3')"/>
    </testcase>
    <testcase time="0.631999999999991" classname="trial_sequence" name="set_data_works_for_trial_sequence_ITT"/>
    <testcase time="0.00100000000000477" classname="trial_sequence" name="set_data_works_for_trial_sequence_ITT"/>
    <testcase time="0.00100000000000477" classname="trial_sequence" name="set_data_works_for_trial_sequence_ITT"/>
    <testcase time="0.515999999999991" classname="trial_sequence" name="set_data_works_for_trial_sequence_PP"/>
    <testcase time="0.00200000000000955" classname="trial_sequence" name="set_data_works_for_trial_sequence_PP"/>
    <testcase time="0.000999999999990564" classname="trial_sequence" name="set_data_works_for_trial_sequence_PP"/>
    <testcase time="0.539000000000001" classname="trial_sequence" name="set_data_works_for_trial_sequence_AT"/>
    <testcase time="0.00100000000000477" classname="trial_sequence" name="set_data_works_for_trial_sequence_AT"/>
    <testcase time="0.00100000000000477" classname="trial_sequence" name="set_data_works_for_trial_sequence_AT"/>
    <testcase time="0.00999999999999091" classname="trial_sequence" name="set_data_errors_if_reserved_colnames_are_used"/>
    <testcase time="0.00800000000000978" classname="trial_sequence" name="set_data_errors_if_column_not_found"/>
    <testcase time="0.00899999999998613" classname="trial_sequence" name="set_data_errors_if_columns_used_twice"/>
    <testcase time="0.0300000000000011" classname="trial_sequence" name="ipw_data_works_as_expected"/>
    <testcase time="0.00400000000000489" classname="trial_sequence" name="ipw_data_works_as_expected"/>
    <testcase time="0.00799999999999557" classname="trial_sequence" name="set_switch_weight_model_fails_for_ITT"/>
    <testcase time="0.106999999999999" classname="trial_sequence" name="set_switch_weight_model_works_for_PP"/>
    <testcase time="0.00100000000000477" classname="trial_sequence" name="set_switch_weight_model_works_for_PP"/>
    <testcase time="0.00300000000000011" classname="trial_sequence" name="set_switch_weight_model_works_for_PP"/>
    <testcase time="0.00300000000000011" classname="trial_sequence" name="set_switch_weight_model_works_for_PP"/>
    <testcase time="0.00199999999999534" classname="trial_sequence" name="set_switch_weight_model_works_for_PP"/>
    <testcase time="0.00200000000000955" classname="trial_sequence" name="set_switch_weight_model_works_for_PP"/>
    <testcase time="0.108999999999995" classname="trial_sequence" name="time_on_sequence_doesn_t_get_included_in_numerator"/>
    <testcase time="0.129999999999995" classname="trial_sequence" name="set_censor_weight_model_works_for_ITT"/>
    <testcase time="0.00100000000000477" classname="trial_sequence" name="set_censor_weight_model_works_for_ITT"/>
    <testcase time="0.00300000000000011" classname="trial_sequence" name="set_censor_weight_model_works_for_ITT"/>
    <testcase time="0.00300000000000011" classname="trial_sequence" name="set_censor_weight_model_works_for_ITT"/>
    <testcase time="0.00300000000000011" classname="trial_sequence" name="set_censor_weight_model_works_for_ITT"/>
    <testcase time="0.00100000000000477" classname="trial_sequence" name="set_censor_weight_model_works_for_ITT"/>
    <testcase time="0.10799999999999" classname="trial_sequence" name="set_censor_weight_model_works_for_PP"/>
    <testcase time="0.00200000000000955" classname="trial_sequence" name="set_censor_weight_model_works_for_PP"/>
    <testcase time="0.00300000000000011" classname="trial_sequence" name="set_censor_weight_model_works_for_PP"/>
    <testcase time="0.00300000000000011" classname="trial_sequence" name="set_censor_weight_model_works_for_PP"/>
    <testcase time="0.00300000000000011" classname="trial_sequence" name="set_censor_weight_model_works_for_PP"/>
    <testcase time="0.000999999999990564" classname="trial_sequence" name="set_censor_weight_model_works_for_PP"/>
    <testcase time="0.13600000000001" classname="trial_sequence" name="time_on_sequence_doesn_t_get_included_in_numerator"/>
    <testcase time="0.128" classname="trial_sequence" name="calculate_weights_works_for_ITT_with_censor_weights"/>
    <testcase time="0.00199999999999534" classname="trial_sequence" name="calculate_weights_works_for_ITT_with_censor_weights"/>
    <testcase time="0.00400000000000489" classname="trial_sequence" name="calculate_weights_works_for_ITT_with_censor_weights"/>
    <testcase time="0.000999999999990564" classname="trial_sequence" name="calculate_weights_works_for_ITT_with_censor_weights"/>
    <testcase time="0.00300000000000011" classname="trial_sequence" name="calculate_weights_works_for_ITT_with_censor_weights"/>
    <testcase time="0.00200000000000955" classname="trial_sequence" name="calculate_weights_works_for_ITT_with_censor_weights"/>
    <testcase time="0.00300000000000011" classname="trial_sequence" name="calculate_weights_works_for_ITT_with_censor_weights"/>
    <testcase time="0.00300000000000011" classname="trial_sequence" name="calculate_weights_works_for_ITT_with_censor_weights"/>
    <testcase time="0.137" classname="trial_sequence" name="calculate_weights_works_for_PP_with_switch_weights"/>
    <testcase time="0.00199999999999534" classname="trial_sequence" name="calculate_weights_works_for_PP_with_switch_weights"/>
    <testcase time="0.00300000000000011" classname="trial_sequence" name="calculate_weights_works_for_PP_with_switch_weights"/>
    <testcase time="0.00300000000000011" classname="trial_sequence" name="calculate_weights_works_for_PP_with_switch_weights"/>
    <testcase time="0.00100000000000477" classname="trial_sequence" name="calculate_weights_works_for_PP_with_switch_weights"/>
    <testcase time="0.00199999999999534" classname="trial_sequence" name="calculate_weights_works_for_PP_with_switch_weights"/>
    <testcase time="0.00300000000000011" classname="trial_sequence" name="calculate_weights_works_for_PP_with_switch_weights"/>
    <testcase time="0.00100000000000477" classname="trial_sequence" name="calculate_weights_works_for_PP_with_switch_weights"/>
    <testcase time="0.00399999999999068" classname="trial_sequence" name="calculate_weights_works_for_PP_with_switch_weights"/>
    <testcase time="0.00100000000000477" classname="trial_sequence" name="calculate_weights_works_for_PP_with_switch_weights"/>
    <testcase time="0.00400000000000489" classname="trial_sequence" name="calculate_weights_works_for_PP_with_switch_weights"/>
    <testcase time="0.000999999999990564" classname="trial_sequence" name="calculate_weights_works_for_PP_with_switch_weights"/>
    <testcase time="0.00300000000000011" classname="trial_sequence" name="calculate_weights_works_for_PP_with_switch_weights"/>
    <testcase time="0.00200000000000955" classname="trial_sequence" name="calculate_weights_works_for_PP_with_switch_weights"/>
    <testcase time="0.342999999999989" classname="trial_sequence" name="calculate_weights_works_for_PP_with_switch_weights"/>
    <testcase time="0.135000000000005" classname="trial_sequence" name="set_outcome_model_works_for_PP_with_defaults"/>
    <testcase time="0.00100000000000477" classname="trial_sequence" name="set_outcome_model_works_for_PP_with_defaults"/>
    <testcase time="0.00199999999999534" classname="trial_sequence" name="set_outcome_model_works_for_PP_with_defaults"/>
    <testcase time="0.00300000000000011" classname="trial_sequence" name="set_outcome_model_works_for_PP_with_defaults"/>
    <testcase time="0.00100000000000477" classname="trial_sequence" name="set_outcome_model_works_for_PP_with_defaults"/>
    <testcase time="0.10499999999999" classname="trial_sequence" name="set_outcome_model_works_for_ITT"/>
    <testcase time="0.00200000000000955" classname="trial_sequence" name="set_outcome_model_works_for_ITT"/>
    <testcase time="0.000999999999990564" classname="trial_sequence" name="set_outcome_model_works_for_ITT"/>
    <testcase time="0.00400000000000489" classname="trial_sequence" name="set_outcome_model_works_for_ITT"/>
    <testcase time="0.00100000000000477" classname="trial_sequence" name="set_outcome_model_works_for_ITT"/>
    <testcase time="0.106999999999999" classname="trial_sequence" name="set_outcome_model_works_for_ATT"/>
    <testcase time="0.00199999999999534" classname="trial_sequence" name="set_outcome_model_works_for_ATT"/>
    <testcase time="0.00100000000000477" classname="trial_sequence" name="set_outcome_model_works_for_ATT"/>
    <testcase time="0.00399999999999068" classname="trial_sequence" name="set_outcome_model_works_for_ATT"/>
    <testcase time="0.00100000000000477" classname="trial_sequence" name="set_outcome_model_works_for_ATT"/>
    <testcase time="0.00900000000000034" classname="trial_sequence" name="set_outcome_model_doesn_t_work_if_data_isn_t_set"/>
    <testcase time="0.138000000000005" classname="trial_sequence" name="set_outcome_model_doesn_t_work_if_with_unknown_variables"/>
    <testcase time="0.109999999999999" classname="trial_sequence" name="set_outcome_model_works_with_strings"/>
    <testcase time="0.00300000000000011" classname="trial_sequence" name="set_outcome_model_works_with_strings"/>
    <testcase time="0.117999999999995" classname="trial_sequence" name="stabilised_weight_terms_are_included_in_outcome_model"/>
    <testcase time="0.00499999999999545" classname="trial_sequence" name="stabilised_weight_terms_are_included_in_outcome_model"/>
    <testcase time="0.00499999999999545" classname="trial_sequence" name="stabilised_weight_terms_are_included_in_outcome_model"/>
    <testcase time="1.919" classname="trial_sequence" name="weights_are_1_when_not_calculated_by_calculate_weights"/>
    <testcase time="0.00400000000000489" classname="trial_sequence" name="weights_are_1_when_not_calculated_by_calculate_weights"/>
    <testcase time="0.00799999999999557" classname="trial_sequence" name="outcome_data_accessor_setter_works"/>
    <testcase time="0.00300000000000011" classname="trial_sequence" name="outcome_data_accessor_setter_works"/>
    <testcase time="0.00300000000000011" classname="trial_sequence" name="outcome_data_accessor_setter_works"/>
    <testcase time="0.00200000000000955" classname="trial_sequence" name="outcome_data_accessor_setter_works"/>
    <testcase time="0.00199999999999534" classname="trial_sequence" name="outcome_data_accessor_setter_works"/>
    <testcase time="0.168000000000006" classname="trial_sequence" name="load_expanded_data_works_with_trial_sequence_objects_containing_te_datastore_datatable_objects"/>
    <testcase time="0.0529999999999973" classname="trial_sequence" name="load_expanded_data_works_with_trial_sequence_objects_containing_te_datastore_datatable_objects"/>
    <testcase time="0.176999999999992" classname="trial_sequence" name="load_expanded_data_works_with_trial_sequence_objects_containing_te_datastore_datatable_objects"/>
    <testcase time="0.054000000000002" classname="trial_sequence" name="load_expanded_data_works_with_trial_sequence_objects_containing_te_datastore_datatable_objects"/>
    <testcase time="0.054000000000002" classname="trial_sequence" name="load_expanded_data_works_with_trial_sequence_objects_containing_te_datastore_datatable_objects"/>
    <testcase time="0.00300000000000011" classname="trial_sequence" name="load_expanded_data_works_with_trial_sequence_objects_containing_te_datastore_datatable_objects"/>
    <testcase time="0.00400000000000489" classname="trial_sequence" name="load_expanded_data_works_with_trial_sequence_objects_containing_te_datastore_datatable_objects"/>
    <testcase time="0.00300000000000011" classname="trial_sequence" name="load_expanded_data_works_with_trial_sequence_objects_containing_te_datastore_datatable_objects"/>
    <testcase time="0.00300000000000011" classname="trial_sequence" name="load_expanded_data_works_with_trial_sequence_objects_containing_te_datastore_datatable_objects"/>
    <testcase time="0.00300000000000011" classname="trial_sequence" name="load_expanded_data_works_with_trial_sequence_objects_containing_te_datastore_datatable_objects"/>
    <testcase time="0.00300000000000011" classname="trial_sequence" name="load_expanded_data_works_with_trial_sequence_objects_containing_te_datastore_datatable_objects"/>
    <testcase time="0.00300000000000011" classname="trial_sequence" name="load_expanded_data_works_with_trial_sequence_objects_containing_te_datastore_datatable_objects"/>
    <testcase time="0.0249999999999915" classname="trial_sequence" name="load_expanded_data_works_with_trial_sequence_objects_containing_te_datastore_datatable_objects"/>
    <testcase time="0.00600000000000023" classname="trial_sequence" name="load_expanded_data_works_with_trial_sequence_objects_containing_te_datastore_datatable_objects"/>
    <testcase time="0.00200000000000955" classname="trial_sequence" name="load_expanded_data_works_with_trial_sequence_objects_containing_te_datastore_datatable_objects"/>
    <testcase time="0.000999999999990564" classname="trial_sequence" name="load_expanded_data_works_with_trial_sequence_objects_containing_te_datastore_datatable_objects"/>
    <testcase time="0.00200000000000955" classname="trial_sequence" name="load_expanded_data_works_with_trial_sequence_objects_containing_te_datastore_datatable_objects"/>
  </testsuite>
  <testsuite name="utils" timestamp="2024-11-29T14:31:45Z" hostname="c9a0698ad5d2" tests="19" skipped="0" failures="0" errors="0" time="0.5">
    <testcase time="0.00900000000000034" classname="utils" name="quiet_print_works_as_expected"/>
    <testcase time="0.00199999999999534" classname="utils" name="quiet_print_works_as_expected"/>
    <testcase time="0.00499999999999545" classname="utils" name="quiet_msg_works_as_expected"/>
    <testcase time="0.00400000000000489" classname="utils" name="quiet_msg_works_as_expected"/>
    <testcase time="0.00499999999999545" classname="utils" name="quiet_line_works_as_expected"/>
    <testcase time="0.00500000000000966" classname="utils" name="quiet_line_works_as_expected"/>
    <testcase time="0.403999999999996" classname="utils" name="quiet_msg_time_works_as_expected"/>
    <testcase time="0.00499999999999545" classname="utils" name="quiet_msg_time_works_as_expected"/>
    <testcase time="0.0120000000000005" classname="utils" name="extract_baseline_works_works_as_expected"/>
    <testcase time="0.00600000000000023" classname="utils" name="as_formula_works_with_a_formula_as_string"/>
    <testcase time="0.00499999999999545" classname="utils" name="as_formula_works_with_strings"/>
    <testcase time="0.00600000000000023" classname="utils" name="as_formula_works_with_formulas"/>
    <testcase time="0.007000000000005" classname="utils" name="assert_monotonic_works_as_expected"/>
    <testcase time="0.00499999999999545" classname="utils" name="assert_monotonic_works_as_expected"/>
    <testcase time="0.00400000000000489" classname="utils" name="assert_monotonic_works_as_expected"/>
    <testcase time="0.00400000000000489" classname="utils" name="assert_monotonic_works_as_expected"/>
    <testcase time="0.00300000000000011" classname="utils" name="assert_monotonic_works_as_expected"/>
    <testcase time="0.00300000000000011" classname="utils" name="assert_monotonic_works_as_expected"/>
    <testcase time="0.00600000000000023" classname="utils" name="rhs_vars_works_as_expected"/>
  </testsuite>
</testsuites>
