<?xml version="1.0" encoding="UTF-8"?>
<testsuites>
  <testsuite name="data_extension" timestamp="2024-01-24T09:36:48Z" hostname="c66ae55c4e43" tests="21" skipped="0" failures="0" errors="0" time="0.64">
    <testcase time="0.0630000000000002" classname="data_extension" name="check_expand_switch_works_as_expected"/>
    <testcase time="0.0289999999999999" classname="data_extension" name="check_expand_switch_works_as_expected"/>
    <testcase time="0.00900000000000012" classname="data_extension" name="check_expand_switch_works_as_expected"/>
    <testcase time="0.002" classname="data_extension" name="check_expand_switch_works_as_expected"/>
    <testcase time="0.0349999999999999" classname="data_extension" name="expand_works_as_expected"/>
    <testcase time="0.0109999999999999" classname="data_extension" name="expand_works_as_expected"/>
    <testcase time="0.0760000000000001" classname="data_extension" name="data_extensions_works_as_expected_with_first_and_last_periods"/>
    <testcase time="0.00900000000000012" classname="data_extension" name="data_extensions_works_as_expected_with_first_and_last_periods"/>
    <testcase time="0.00299999999999989" classname="data_extension" name="data_extensions_works_as_expected_with_first_and_last_periods"/>
    <testcase time="0.00099999999999989" classname="data_extension" name="data_extensions_works_as_expected_with_first_and_last_periods"/>
    <testcase time="0.00300000000000011" classname="data_extension" name="data_extensions_works_as_expected_with_first_and_last_periods"/>
    <testcase time="0.00299999999999989" classname="data_extension" name="data_extensions_works_as_expected_with_first_and_last_periods"/>
    <testcase time="0.00100000000000011" classname="data_extension" name="data_extensions_works_as_expected_with_first_and_last_periods"/>
    <testcase time="0.34" classname="data_extension" name="data_extensions_works_as_expected_with_separate_files_TRUE"/>
    <testcase time="0.00099999999999989" classname="data_extension" name="data_extensions_works_as_expected_with_separate_files_TRUE"/>
    <testcase time="0.002" classname="data_extension" name="data_extensions_works_as_expected_with_separate_files_TRUE"/>
    <testcase time="0.00100000000000011" classname="data_extension" name="data_extensions_works_as_expected_with_separate_files_TRUE"/>
    <testcase time="0.00600000000000001" classname="data_extension" name="data_extensions_works_as_expected_with_separate_files_TRUE"/>
    <testcase time="0.00299999999999989" classname="data_extension" name="data_extensions_works_as_expected_with_separate_files_TRUE"/>
    <testcase time="0.00300000000000011" classname="data_extension" name="data_extensions_works_as_expected_with_separate_files_TRUE"/>
    <testcase time="0.0389999999999999" classname="data_extension" name="data_extensions_works_as_expected_with_separate_files_TRUE"/>
  </testsuite>
  <testsuite name="data_manipulation" timestamp="2024-01-24T09:36:48Z" hostname="c66ae55c4e43" tests="12" skipped="0" failures="0" errors="0" time="1.135">
    <testcase time="0.515" classname="data_manipulation" name="data_manipulation_works_as_expected_with_no_censoring"/>
    <testcase time="0.00199999999999978" classname="data_manipulation" name="data_manipulation_works_as_expected_with_no_censoring"/>
    <testcase time="0.004" classname="data_manipulation" name="data_manipulation_works_as_expected_with_no_censoring"/>
    <testcase time="0.522" classname="data_manipulation" name="data_manipulation_works_as_expected_with_censoring"/>
    <testcase time="0.00099999999999989" classname="data_manipulation" name="data_manipulation_works_as_expected_with_censoring"/>
    <testcase time="0.00300000000000011" classname="data_manipulation" name="data_manipulation_works_as_expected_with_censoring"/>
    <testcase time="0.0379999999999998" classname="data_manipulation" name="data_manipulation_works_as_expected_with_observations_before_eligibilitiy"/>
    <testcase time="0.00099999999999989" classname="data_manipulation" name="data_manipulation_works_as_expected_with_observations_before_eligibilitiy"/>
    <testcase time="0.004" classname="data_manipulation" name="data_manipulation_works_as_expected_with_observations_before_eligibilitiy"/>
    <testcase time="0.0390000000000001" classname="data_manipulation" name="data_manipulation_works_as_expected_with_observations_after_outcome"/>
    <testcase time="0.00099999999999989" classname="data_manipulation" name="data_manipulation_works_as_expected_with_observations_after_outcome"/>
    <testcase time="0.00499999999999989" classname="data_manipulation" name="data_manipulation_works_as_expected_with_observations_after_outcome"/>
  </testsuite>
  <testsuite name="data_preparation" timestamp="2024-01-24T09:36:49Z" hostname="c66ae55c4e43" tests="24" skipped="0" failures="0" errors="0" time="12.648">
    <testcase time="3.587" classname="data_preparation" name="data_preparation_works_as_expected"/>
    <testcase time="0.00199999999999978" classname="data_preparation" name="data_preparation_works_as_expected"/>
    <testcase time="0.00300000000000011" classname="data_preparation" name="data_preparation_works_as_expected"/>
    <testcase time="0.00100000000000033" classname="data_preparation" name="data_preparation_works_as_expected"/>
    <testcase time="0.279" classname="data_preparation" name="data_preparation_works_as_expected"/>
    <testcase time="1.854" classname="data_preparation" name="data_preparation_can_be_quiet"/>
    <testcase time="0.0100000000000016" classname="data_preparation" name="data_preparation_gives_an_error_for_existing_trial_files"/>
    <testcase time="0.00799999999999912" classname="data_preparation" name="check_data_dir_gives_a_warning_for_existing_model_files"/>
    <testcase time="0.888999999999999" classname="data_preparation" name="data_preparation_has_correct_values_for_treatment_"/>
    <testcase time="0.00300000000000011" classname="data_preparation" name="data_preparation_has_correct_values_for_treatment_"/>
    <testcase time="2.388" classname="data_preparation" name="data_preparation_works_with_PP_estimand_type"/>
    <testcase time="0.00300000000000011" classname="data_preparation" name="data_preparation_works_with_PP_estimand_type"/>
    <testcase time="0.00200000000000067" classname="data_preparation" name="data_preparation_works_with_PP_estimand_type"/>
    <testcase time="0.000999999999999446" classname="data_preparation" name="data_preparation_works_with_PP_estimand_type"/>
    <testcase time="2.622" classname="data_preparation" name="data_preparation_works_with_As_Treated_estimand_type"/>
    <testcase time="0.00300000000000011" classname="data_preparation" name="data_preparation_works_with_As_Treated_estimand_type"/>
    <testcase time="0.00200000000000067" classname="data_preparation" name="data_preparation_works_with_As_Treated_estimand_type"/>
    <testcase time="0.000999999999999446" classname="data_preparation" name="data_preparation_works_with_As_Treated_estimand_type"/>
    <testcase time="0.968" classname="data_preparation" name="data_preparation_works_with_ITT_and_censor_weights"/>
    <testcase time="0.00400000000000134" classname="data_preparation" name="data_preparation_works_with_ITT_and_censor_weights"/>
    <testcase time="0.00399999999999956" classname="data_preparation" name="data_preparation_works_with_ITT_and_censor_weights"/>
    <testcase time="0.000999999999999446" classname="data_preparation" name="data_preparation_works_with_ITT_and_censor_weights"/>
    <testcase time="0.00900000000000034" classname="data_preparation" name="data_preparation_works_with_ITT_and_censor_weights"/>
    <testcase time="0.00399999999999956" classname="data_preparation" name="data_preparation_works_with_ITT_and_censor_weights"/>
  </testsuite>
  <testsuite name="data_utils" timestamp="2024-01-24T09:37:02Z" hostname="c66ae55c4e43" tests="17" skipped="3" failures="0" errors="0" time="1.08">
    <testcase time="0.0140000000000011" classname="data_utils" name="weight_func_works_as_expected"/>
    <testcase time="0.209999999999999" classname="data_utils" name="weight_func_works_as_expected">
      <skipped message="Reason: On CRAN ('test-data_utils.R:6:3')"/>
    </testcase>
    <testcase time="0.0299999999999994" classname="data_utils" name="weight_func_works_saves_model_objects"/>
    <testcase time="0.503000000000002" classname="data_utils" name="weight_func_works_saves_model_objects"/>
    <testcase time="0.0129999999999981" classname="data_utils" name="weight_func_works_saves_model_objects"/>
    <testcase time="0.00400000000000134" classname="data_utils" name="weight_func_works_saves_model_objects"/>
    <testcase time="0.00100000000000122" classname="data_utils" name="weight_func_works_saves_model_objects"/>
    <testcase time="0.00899999999999679" classname="data_utils" name="weight_func_works_saves_model_objects"/>
    <testcase time="0.00400000000000134" classname="data_utils" name="weight_func_works_saves_model_objects"/>
    <testcase time="0.00100000000000122" classname="data_utils" name="weight_func_works_saves_model_objects"/>
    <testcase time="0.108000000000001" classname="data_utils" name="weight_func_works_with_user_specified_time_on_regime">
      <skipped message="Reason: On CRAN ('test-data_utils.R:111:3')"/>
    </testcase>
    <testcase time="0.126999999999999" classname="data_utils" name="weight_func_works_with_pool_cense_TRUE">
      <skipped message="Reason: On CRAN ('test-data_utils.R:131:3')"/>
    </testcase>
    <testcase time="0.0229999999999997" classname="data_utils" name="select_data_cols_works_as_expected"/>
    <testcase time="0.00900000000000034" classname="data_utils" name="select_data_cols_works_as_expected_with_non_default_names"/>
    <testcase time="0.000999999999997669" classname="data_utils" name="select_data_cols_works_as_expected_with_non_default_names"/>
    <testcase time="0.0140000000000029" classname="data_utils" name="user_can_select_period_in_select_data_cols"/>
    <testcase time="0.00900000000000034" classname="data_utils" name="select_data_cols_allows_derived_variables_in_formula_vars"/>
  </testsuite>
  <testsuite name="generics" timestamp="2024-01-24T09:37:03Z" hostname="c66ae55c4e43" tests="4" skipped="3" failures="0" errors="0" time="2.845">
    <testcase time="0.727999999999998" classname="generics" name="summary_for_data_preparation_separate_TRUE">
      <skipped message="Reason: On CRAN ('test-generics.R:25:3')"/>
    </testcase>
    <testcase time="1.009" classname="generics" name="summary_for_data_preparation_separate_FALSE">
      <skipped message="Reason: On CRAN ('test-generics.R:66:3')"/>
    </testcase>
    <testcase time="1.096" classname="generics" name="summary_for_initiators"/>
    <testcase time="0.0120000000000005" classname="generics" name="summary_for_initiators">
      <skipped message="Reason: On CRAN ('test-generics.R:95:3')"/>
    </testcase>
  </testsuite>
  <testsuite name="lr_utils" timestamp="2024-01-24T09:37:06Z" hostname="c66ae55c4e43" tests="12" skipped="0" failures="0" errors="0" time="0.089">
    <testcase time="0.036999999999999" classname="lr_utils" name="fit_glm_works"/>
    <testcase time="0.00100000000000122" classname="lr_utils" name="fit_glm_works"/>
    <testcase time="0.014999999999997" classname="lr_utils" name="fit_glm_works_with_parglm_and_defaults"/>
    <testcase time="0.00200000000000244" classname="lr_utils" name="fit_glm_works_with_parglm_and_defaults"/>
    <testcase time="0.00300000000000011" classname="lr_utils" name="fit_glm_works_with_parglm_and_defaults"/>
    <testcase time="0.00399999999999778" classname="lr_utils" name="fit_glm_works_with_parglm_and_defaults"/>
    <testcase time="0.00600000000000023" classname="lr_utils" name="fit_glm_works_with_parglm"/>
    <testcase time="0.00400000000000134" classname="lr_utils" name="fit_glm_works_with_parglm"/>
    <testcase time="0.00199999999999889" classname="lr_utils" name="fit_glm_works_with_parglm"/>
    <testcase time="0.00300000000000011" classname="lr_utils" name="fit_glm_works_with_parglm"/>
    <testcase time="0.00600000000000023" classname="lr_utils" name="p99_weight_works_as_expected"/>
    <testcase time="0.00600000000000023" classname="lr_utils" name="limit_weight_works_as_expected"/>
  </testsuite>
  <testsuite name="modelling" timestamp="2024-01-24T09:37:06Z" hostname="c66ae55c4e43" tests="18" skipped="9" failures="0" errors="0" time="12.887">
    <testcase time="0.260000000000002" classname="modelling" name="trial_msm_can_be_quiet"/>
    <testcase time="3.946" classname="modelling" name="trial_msm_gives_expected_results_in_example_data"/>
    <testcase time="0.00400000000000134" classname="modelling" name="trial_msm_gives_expected_results_in_example_data"/>
    <testcase time="0.00199999999999889" classname="modelling" name="trial_msm_gives_expected_results_in_example_data"/>
    <testcase time="0.00300000000000011" classname="modelling" name="trial_msm_gives_expected_results_in_example_data"/>
    <testcase time="0.00100000000000122" classname="modelling" name="trial_msm_gives_expected_results_in_example_data"/>
    <testcase time="2.834" classname="modelling" name="trial_msm_works_with_data.tables_and_weights"/>
    <testcase time="5.723" classname="modelling" name="trial_msm_works_with_data.tables_and_weights"/>
    <testcase time="0.00399999999999778" classname="modelling" name="trial_msm_works_with_data.tables_and_weights"/>
    <testcase time="0.00500000000000256" classname="modelling" name="Modelling_works_with_where_case">
      <skipped message="Reason: On CRAN ('test-modelling.R:99:3')"/>
    </testcase>
    <testcase time="0.0129999999999981" classname="modelling" name="trial_msm_works_with_analysis_weights_unweighted">
      <skipped message="Reason: On CRAN ('test-modelling.R:154:3')"/>
    </testcase>
    <testcase time="0.0130000000000052" classname="modelling" name="trial_msm_works_with_analysis_weights_p99">
      <skipped message="Reason: On CRAN ('test-modelling.R:175:3')"/>
    </testcase>
    <testcase time="0.0129999999999981" classname="modelling" name="trial_msm_works_with_analysis_weights_weight_limits">
      <skipped message="Reason: On CRAN ('test-modelling.R:205:3')"/>
    </testcase>
    <testcase time="0.0129999999999981" classname="modelling" name="trial_msm_works_with_missing_sample_weights">
      <skipped message="Reason: On CRAN ('test-modelling.R:229:3')"/>
    </testcase>
    <testcase time="0.0129999999999981" classname="modelling" name="trial_msm_works_with_sample_weights">
      <skipped message="Reason: On CRAN ('test-modelling.R:266:3')"/>
    </testcase>
    <testcase time="0.0130000000000052" classname="modelling" name="trial_msm_makes_model_formula_as_expected_with_weight_and_censor">
      <skipped message="Reason: On CRAN ('test-modelling.R:290:3')"/>
    </testcase>
    <testcase time="0.0129999999999981" classname="modelling" name="trial_msm_makes_model_formula_as_expected_with_estimand_As_Treated">
      <skipped message="Reason: On CRAN ('test-modelling.R:314:3')"/>
    </testcase>
    <testcase time="0.0139999999999958" classname="modelling" name="trial_msm_makes_model_formula_as_expected_with_estimand_type_ITT_and_unweighted">
      <skipped message="Reason: On CRAN ('test-modelling.R:357:3')"/>
    </testcase>
  </testsuite>
  <testsuite name="predict" timestamp="2024-01-24T09:37:19Z" hostname="c66ae55c4e43" tests="11" skipped="3" failures="0" errors="0" time="26.041">
    <testcase time="16.555" classname="predict" name="predict.TE_msm_works_as_expected"/>
    <testcase time="0.0349999999999966" classname="predict" name="predict.TE_msm_works_as_expected">
      <skipped message="Reason: On CRAN ('test-predict.R:26:3')"/>
    </testcase>
    <testcase time="9.255" classname="predict" name="predict.TE_msm_works_with_newdata">
      <skipped message="Reason: On CRAN ('test-predict.R:51:3')"/>
    </testcase>
    <testcase time="0.0150000000000006" classname="predict" name="calculate_cum_inc_works_as_expected"/>
    <testcase time="0.00600000000000023" classname="predict" name="calculate_survival_works_as_expected"/>
    <testcase time="0.0319999999999965" classname="predict" name="predict.TE_msm_works_with_interactions"/>
    <testcase time="0.00100000000000477" classname="predict" name="predict.TE_msm_works_with_interactions"/>
    <testcase time="0.0509999999999948" classname="predict" name="predict.TE_msm_works_with_interactions">
      <skipped message="Reason: On CRAN ('test-predict.R:108:3')"/>
    </testcase>
    <testcase time="0.0609999999999999" classname="predict" name="predict.TE_msm_warns_for_As_Treated"/>
    <testcase time="0.00200000000000244" classname="predict" name="predict.TE_msm_warns_for_As_Treated"/>
    <testcase time="0.0279999999999987" classname="predict" name="predict.TE_msm_warns_for_As_Treated"/>
  </testsuite>
  <testsuite name="robust" timestamp="2024-01-24T09:37:45Z" hostname="c66ae55c4e43" tests="3" skipped="0" failures="0" errors="0" time="1.743">
    <testcase time="1.731" classname="robust" name="robust_calculation_works_as_expected"/>
    <testcase time="0.00900000000000034" classname="robust" name="robust_calculation_works_as_expected"/>
    <testcase time="0.00300000000000011" classname="robust" name="robust_calculation_works_as_expected"/>
  </testsuite>
  <testsuite name="sampling" timestamp="2024-01-24T09:37:47Z" hostname="c66ae55c4e43" tests="24" skipped="7" failures="0" errors="0" time="7.107">
    <testcase time="0.0829999999999984" classname="sampling" name="do_sampling_works_as_expected_when_case_exist">
      <skipped message="Reason: On CRAN ('test-sampling.R:5:3')"/>
    </testcase>
    <testcase time="0.112000000000002" classname="sampling" name="do_sampling_works_as_expected_when_no_cases_exist">
      <skipped message="Reason: On CRAN ('test-sampling.R:15:3')"/>
    </testcase>
    <testcase time="0.0679999999999978" classname="sampling" name="sample_from_period_works_as_expected"/>
    <testcase time="0.00300000000000011" classname="sampling" name="sample_from_period_works_as_expected"/>
    <testcase time="0.00500000000000256" classname="sampling" name="sample_from_period_works_as_expected"/>
    <testcase time="0.00200000000000244" classname="sampling" name="sample_from_period_works_as_expected"/>
    <testcase time="0.00600000000000023" classname="sampling" name="sample_from_period_works_as_expected">
      <skipped message="Reason: On CRAN ('test-sampling.R:34:3')"/>
    </testcase>
    <testcase time="0.0789999999999935" classname="sampling" name="sample_from_period_works_as_expected_with_multiple_proportions"/>
    <testcase time="0.00400000000000489" classname="sampling" name="sample_from_period_works_as_expected_with_multiple_proportions"/>
    <testcase time="0.00199999999999534" classname="sampling" name="sample_from_period_works_as_expected_with_multiple_proportions"/>
    <testcase time="0.00200000000000244" classname="sampling" name="sample_from_period_works_as_expected_with_multiple_proportions"/>
    <testcase time="0.0069999999999979" classname="sampling" name="sample_from_period_works_as_expected_with_multiple_proportions">
      <skipped message="Reason: On CRAN ('test-sampling.R:54:3')"/>
    </testcase>
    <testcase time="1.457" classname="sampling" name="case_control_sampling_trials_works_with_separate_files_TRUE"/>
    <testcase time="0.007000000000005" classname="sampling" name="case_control_sampling_trials_works_with_separate_files_TRUE">
      <skipped message="Reason: On CRAN ('test-sampling.R:86:3')"/>
    </testcase>
    <testcase time="1.565" classname="sampling" name="case_control_sampling_trials_works_with_separate_files_FALSE"/>
    <testcase time="0.00800000000000267" classname="sampling" name="case_control_sampling_trials_works_with_separate_files_FALSE">
      <skipped message="Reason: On CRAN ('test-sampling.R:103:3')"/>
    </testcase>
    <testcase time="2.105" classname="sampling" name="case_control_sampling_trials_works_with_separate_files_TRUE_is_reproducible"/>
    <testcase time="0.584999999999994" classname="sampling" name="case_control_sampling_trials_works_with_subsetting"/>
    <testcase time="0.00800000000000978" classname="sampling" name="case_control_sampling_trials_gives_errors_for_arguments"/>
    <testcase time="0.00499999999999545" classname="sampling" name="case_control_sampling_trials_gives_errors_for_arguments"/>
    <testcase time="0.986999999999995" classname="sampling" name="case_control_sampling_trials_works_with_multiple_p_control"/>
    <testcase time="0.00200000000000955" classname="sampling" name="case_control_sampling_trials_works_with_multiple_p_control"/>
    <testcase time="0.000999999999990564" classname="sampling" name="case_control_sampling_trials_works_with_multiple_p_control"/>
    <testcase time="0.00400000000000489" classname="sampling" name="case_control_sampling_trials_works_with_sort_TRUE">
      <skipped message="Reason: On CRAN ('test-sampling.R:180:3')"/>
    </testcase>
  </testsuite>
  <testsuite name="utils" timestamp="2024-01-24T09:37:54Z" hostname="c66ae55c4e43" tests="18" skipped="0" failures="0" errors="0" time="0.421">
    <testcase time="0.0160000000000053" classname="utils" name="quiet_print_works_as_expected"/>
    <testcase time="0.00199999999999534" classname="utils" name="quiet_print_works_as_expected"/>
    <testcase time="0.00499999999999545" classname="utils" name="quiet_msg_works_as_expected"/>
    <testcase time="0.00400000000000489" classname="utils" name="quiet_msg_works_as_expected"/>
    <testcase time="0.00499999999999545" classname="utils" name="quiet_line_works_as_expected"/>
    <testcase time="0.00400000000000489" classname="utils" name="quiet_line_works_as_expected"/>
    <testcase time="0.325999999999993" classname="utils" name="quiet_msg_time_works_as_expected"/>
    <testcase time="0.00500000000000966" classname="utils" name="quiet_msg_time_works_as_expected"/>
    <testcase time="0.0120000000000005" classname="utils" name="extract_baseline_works_works_as_expected"/>
    <testcase time="0.00600000000000023" classname="utils" name="as_formula_works_with_a_formula_as_string"/>
    <testcase time="0.00600000000000023" classname="utils" name="as_formula_works_with_strings"/>
    <testcase time="0.00499999999999545" classname="utils" name="as_formula_works_with_formulas"/>
    <testcase time="0.007000000000005" classname="utils" name="assert_monotonic_works_as_expected"/>
    <testcase time="0.00499999999999545" classname="utils" name="assert_monotonic_works_as_expected"/>
    <testcase time="0.00400000000000489" classname="utils" name="assert_monotonic_works_as_expected"/>
    <testcase time="0.00399999999999068" classname="utils" name="assert_monotonic_works_as_expected"/>
    <testcase time="0.00300000000000011" classname="utils" name="assert_monotonic_works_as_expected"/>
    <testcase time="0.00200000000000955" classname="utils" name="assert_monotonic_works_as_expected"/>
  </testsuite>
</testsuites>
