<?xml version="1.0" encoding="UTF-8"?>
<testsuites>
  <testsuite name="data_extension" timestamp="2023-09-18T12:22:51Z" hostname="29bbc0f71931" tests="21" skipped="0" failures="0" errors="0" time="1.186">
    <testcase time="0.0799999999999996" classname="data_extension" name="check_expand_switch_works_as_expected"/>
    <testcase time="0.04" classname="data_extension" name="check_expand_switch_works_as_expected"/>
    <testcase time="0.016" classname="data_extension" name="check_expand_switch_works_as_expected"/>
    <testcase time="0.00500000000000034" classname="data_extension" name="check_expand_switch_works_as_expected"/>
    <testcase time="0.0679999999999996" classname="data_extension" name="expand_works_as_expected"/>
    <testcase time="0.0170000000000003" classname="data_extension" name="expand_works_as_expected"/>
    <testcase time="0.149" classname="data_extension" name="data_extensions_works_as_expected_with_first_and_last_periods"/>
    <testcase time="0.00599999999999978" classname="data_extension" name="data_extensions_works_as_expected_with_first_and_last_periods"/>
    <testcase time="0.00499999999999989" classname="data_extension" name="data_extensions_works_as_expected_with_first_and_last_periods"/>
    <testcase time="0.00200000000000022" classname="data_extension" name="data_extensions_works_as_expected_with_first_and_last_periods"/>
    <testcase time="0.00599999999999978" classname="data_extension" name="data_extensions_works_as_expected_with_first_and_last_periods"/>
    <testcase time="0.00599999999999978" classname="data_extension" name="data_extensions_works_as_expected_with_first_and_last_periods"/>
    <testcase time="0.00099999999999989" classname="data_extension" name="data_extensions_works_as_expected_with_first_and_last_periods"/>
    <testcase time="0.678" classname="data_extension" name="data_extensions_works_as_expected_with_separate_files_TRUE"/>
    <testcase time="0.00200000000000022" classname="data_extension" name="data_extensions_works_as_expected_with_separate_files_TRUE"/>
    <testcase time="0.00199999999999978" classname="data_extension" name="data_extensions_works_as_expected_with_separate_files_TRUE"/>
    <testcase time="0.00100000000000033" classname="data_extension" name="data_extensions_works_as_expected_with_separate_files_TRUE"/>
    <testcase time="0.012" classname="data_extension" name="data_extensions_works_as_expected_with_separate_files_TRUE"/>
    <testcase time="0.00499999999999989" classname="data_extension" name="data_extensions_works_as_expected_with_separate_files_TRUE"/>
    <testcase time="0.00599999999999978" classname="data_extension" name="data_extensions_works_as_expected_with_separate_files_TRUE"/>
    <testcase time="0.0790000000000002" classname="data_extension" name="data_extensions_works_as_expected_with_separate_files_TRUE"/>
  </testsuite>
  <testsuite name="data_manipulation" timestamp="2023-09-18T12:22:52Z" hostname="29bbc0f71931" tests="6" skipped="0" failures="0" errors="0" time="2.245">
    <testcase time="1.118" classname="data_manipulation" name="data_manipulation_works_as_expected_with_no_censoring"/>
    <testcase time="0.00199999999999978" classname="data_manipulation" name="data_manipulation_works_as_expected_with_no_censoring"/>
    <testcase time="0.00800000000000001" classname="data_manipulation" name="data_manipulation_works_as_expected_with_no_censoring"/>
    <testcase time="1.107" classname="data_manipulation" name="data_manipulation_works_as_expected_with_censoring"/>
    <testcase time="0.00300000000000011" classname="data_manipulation" name="data_manipulation_works_as_expected_with_censoring"/>
    <testcase time="0.00699999999999967" classname="data_manipulation" name="data_manipulation_works_as_expected_with_censoring"/>
  </testsuite>
  <testsuite name="data_preparation" timestamp="2023-09-18T12:22:54Z" hostname="29bbc0f71931" tests="10" skipped="0" failures="0" errors="0" time="13.573">
    <testcase time="7.288" classname="data_preparation" name="data_preparation_works_as_expected"/>
    <testcase time="0.00500000000000078" classname="data_preparation" name="data_preparation_works_as_expected"/>
    <testcase time="0.00600000000000023" classname="data_preparation" name="data_preparation_works_as_expected"/>
    <testcase time="0.000999999999999446" classname="data_preparation" name="data_preparation_works_as_expected"/>
    <testcase time="0.515000000000001" classname="data_preparation" name="data_preparation_works_as_expected"/>
    <testcase time="3.778" classname="data_preparation" name="data_preparation_can_be_quiet"/>
    <testcase time="0.0329999999999977" classname="data_preparation" name="data_preparation_gives_an_error_for_existing_trial_files"/>
    <testcase time="0.0190000000000019" classname="data_preparation" name="check_data_dir_gives_a_warning_for_existing_model_files"/>
    <testcase time="1.921" classname="data_preparation" name="data_preparation_has_correct_values_for_treatment_"/>
    <testcase time="0.00700000000000145" classname="data_preparation" name="data_preparation_has_correct_values_for_treatment_"/>
  </testsuite>
  <testsuite name="data_utils" timestamp="2023-09-18T12:23:08Z" hostname="29bbc0f71931" tests="17" skipped="3" failures="0" errors="0" time="1.792">
    <testcase time="0.0239999999999974" classname="data_utils" name="weight_func_works_as_expected"/>
    <testcase time="0.697000000000003" classname="data_utils" name="weight_func_works_as_expected">
      <skipped message="Reason: On CRAN ('test-data_utils.R:6:3')"/>
    </testcase>
    <testcase time="0.0479999999999983" classname="data_utils" name="weight_func_works_saves_model_objects"/>
    <testcase time="0.614999999999998" classname="data_utils" name="weight_func_works_saves_model_objects"/>
    <testcase time="0.0190000000000019" classname="data_utils" name="weight_func_works_saves_model_objects"/>
    <testcase time="0.00799999999999912" classname="data_utils" name="weight_func_works_saves_model_objects"/>
    <testcase time="0.00100000000000122" classname="data_utils" name="weight_func_works_saves_model_objects"/>
    <testcase time="0.0139999999999993" classname="data_utils" name="weight_func_works_saves_model_objects"/>
    <testcase time="0.00700000000000145" classname="data_utils" name="weight_func_works_saves_model_objects"/>
    <testcase time="0.000999999999997669" classname="data_utils" name="weight_func_works_saves_model_objects"/>
    <testcase time="0.111000000000001" classname="data_utils" name="weight_func_works_with_user_specified_time_on_regime">
      <skipped message="Reason: On CRAN ('test-data_utils.R:103:3')"/>
    </testcase>
    <testcase time="0.176000000000002" classname="data_utils" name="weight_func_works_with_pool_cense_TRUE">
      <skipped message="Reason: On CRAN ('test-data_utils.R:120:3')"/>
    </testcase>
    <testcase time="0.0299999999999976" classname="data_utils" name="select_data_cols_works_as_expected"/>
    <testcase time="0.0139999999999993" classname="data_utils" name="select_data_cols_works_as_expected_with_non_default_names"/>
    <testcase time="0.00100000000000122" classname="data_utils" name="select_data_cols_works_as_expected_with_non_default_names"/>
    <testcase time="0.0130000000000017" classname="data_utils" name="user_can_select_period_in_select_data_cols"/>
    <testcase time="0.0129999999999981" classname="data_utils" name="select_data_cols_allows_derived_variables_in_formula_vars"/>
  </testsuite>
  <testsuite name="generics" timestamp="2023-09-18T12:23:09Z" hostname="29bbc0f71931" tests="4" skipped="3" failures="0" errors="0" time="5.762">
    <testcase time="1.588" classname="generics" name="summary_for_data_preparation_separate_TRUE">
      <skipped message="Reason: On CRAN ('test-generics.R:24:3')"/>
    </testcase>
    <testcase time="2.039" classname="generics" name="summary_for_data_preparation_separate_FALSE">
      <skipped message="Reason: On CRAN ('test-generics.R:64:3')"/>
    </testcase>
    <testcase time="2.119" classname="generics" name="summary_for_initiators"/>
    <testcase time="0.0160000000000018" classname="generics" name="summary_for_initiators">
      <skipped message="Reason: On CRAN ('test-generics.R:92:3')"/>
    </testcase>
  </testsuite>
  <testsuite name="lr_utils" timestamp="2023-09-18T12:23:15Z" hostname="29bbc0f71931" tests="10" skipped="0" failures="0" errors="0" time="0.112">
    <testcase time="0.0429999999999993" classname="lr_utils" name="fit_glm_works"/>
    <testcase time="0.00199999999999889" classname="lr_utils" name="fit_glm_works"/>
    <testcase time="0.0210000000000008" classname="lr_utils" name="fit_glm_works_with_parglm_and_defaults"/>
    <testcase time="0.00199999999999889" classname="lr_utils" name="fit_glm_works_with_parglm_and_defaults"/>
    <testcase time="0.00500000000000256" classname="lr_utils" name="fit_glm_works_with_parglm_and_defaults"/>
    <testcase time="0.0069999999999979" classname="lr_utils" name="fit_glm_works_with_parglm_and_defaults"/>
    <testcase time="0.0139999999999993" classname="lr_utils" name="fit_glm_works_with_parglm"/>
    <testcase time="0.00700000000000145" classname="lr_utils" name="fit_glm_works_with_parglm"/>
    <testcase time="0.00600000000000023" classname="lr_utils" name="fit_glm_works_with_parglm"/>
    <testcase time="0.00499999999999901" classname="lr_utils" name="fit_glm_works_with_parglm"/>
  </testsuite>
  <testsuite name="modelling" timestamp="2023-09-18T12:23:15Z" hostname="29bbc0f71931" tests="19" skipped="10" failures="0" errors="0" time="24.552">
    <testcase time="0.234999999999999" classname="modelling" name="trial_msm_can_be_quiet"/>
    <testcase time="8.402" classname="modelling" name="trial_msm_gives_expected_results_in_example_data"/>
    <testcase time="0.00900000000000034" classname="modelling" name="trial_msm_gives_expected_results_in_example_data"/>
    <testcase time="0.00500000000000256" classname="modelling" name="trial_msm_gives_expected_results_in_example_data"/>
    <testcase time="0.0069999999999979" classname="modelling" name="trial_msm_gives_expected_results_in_example_data"/>
    <testcase time="0.000999999999997669" classname="modelling" name="trial_msm_gives_expected_results_in_example_data"/>
    <testcase time="4.88500000000001" classname="modelling" name="trial_msm_works_with_data.tables_and_weights"/>
    <testcase time="10.801" classname="modelling" name="trial_msm_works_with_data.tables_and_weights"/>
    <testcase time="0.00800000000000267" classname="modelling" name="trial_msm_works_with_data.tables_and_weights"/>
    <testcase time="0.00999999999999801" classname="modelling" name="Modelling_works_with_where_case">
      <skipped message="Reason: On CRAN ('test-modelling.R:99:3')"/>
    </testcase>
    <testcase time="0.0219999999999985" classname="modelling" name="trial_msm_works_with_analysis_weights_unweighted">
      <skipped message="Reason: On CRAN ('test-modelling.R:156:3')"/>
    </testcase>
    <testcase time="0.0220000000000056" classname="modelling" name="trial_msm_works_with_analysis_weights_p99">
      <skipped message="Reason: On CRAN ('test-modelling.R:178:3')"/>
    </testcase>
    <testcase time="0.019999999999996" classname="modelling" name="trial_msm_works_with_analysis_weights_weight_limits">
      <skipped message="Reason: On CRAN ('test-modelling.R:201:3')"/>
    </testcase>
    <testcase time="0.0200000000000031" classname="modelling" name="trial_msm_works_with_missing_sample_weights">
      <skipped message="Reason: On CRAN ('test-modelling.R:226:3')"/>
    </testcase>
    <testcase time="0.0210000000000008" classname="modelling" name="trial_msm_works_with_sample_weights">
      <skipped message="Reason: On CRAN ('test-modelling.R:264:3')"/>
    </testcase>
    <testcase time="0.0189999999999984" classname="modelling" name="trial_msm_makes_model_formula_as_expected_with_weight_and_censor">
      <skipped message="Reason: On CRAN ('test-modelling.R:288:3')"/>
    </testcase>
    <testcase time="0.019999999999996" classname="modelling" name="trial_msm_makes_model_formula_as_expected_with_no_weight_and_no_censor">
      <skipped message="Reason: On CRAN ('test-modelling.R:311:3')"/>
    </testcase>
    <testcase time="0.0230000000000032" classname="modelling" name="trial_msm_makes_model_formula_as_expected_with_weight_and_no_censor">
      <skipped message="Reason: On CRAN ('test-modelling.R:331:3')"/>
    </testcase>
    <testcase time="0.0219999999999985" classname="modelling" name="trial_msm_makes_model_formula_as_expected_with_no_weight_and_censor">
      <skipped message="Reason: On CRAN ('test-modelling.R:373:3')"/>
    </testcase>
  </testsuite>
  <testsuite name="predict" timestamp="2023-09-18T12:23:40Z" hostname="29bbc0f71931" tests="8" skipped="3" failures="0" errors="0" time="52.581">
    <testcase time="35.332" classname="predict" name="predict.TE_msm_works_as_expected"/>
    <testcase time="0.00199999999999534" classname="predict" name="predict.TE_msm_works_as_expected">
      <skipped message="Reason: On CRAN ('test-predict.R:26:3')"/>
    </testcase>
    <testcase time="17.116" classname="predict" name="predict.TE_msm_works_with_newdata">
      <skipped message="Reason: On CRAN ('test-predict.R:52:3')"/>
    </testcase>
    <testcase time="0.027000000000001" classname="predict" name="calculate_cum_inc_works_as_expected"/>
    <testcase time="0.0139999999999958" classname="predict" name="calculate_survival_works_as_expected"/>
    <testcase time="0.061000000000007" classname="predict" name="predict.TE_msm_works_with_interactions"/>
    <testcase time="0.00199999999999534" classname="predict" name="predict.TE_msm_works_with_interactions"/>
    <testcase time="0.027000000000001" classname="predict" name="predict.TE_msm_works_with_interactions">
      <skipped message="Reason: On CRAN ('test-predict.R:112:3')"/>
    </testcase>
  </testsuite>
  <testsuite name="robust" timestamp="2023-09-18T12:24:32Z" hostname="29bbc0f71931" tests="3" skipped="0" failures="0" errors="0" time="2.73">
    <testcase time="2.705" classname="robust" name="robust_calculation_works_as_expected"/>
    <testcase time="0.0180000000000007" classname="robust" name="robust_calculation_works_as_expected"/>
    <testcase time="0.007000000000005" classname="robust" name="robust_calculation_works_as_expected"/>
  </testsuite>
  <testsuite name="sampling" timestamp="2023-09-18T12:24:35Z" hostname="29bbc0f71931" tests="24" skipped="7" failures="0" errors="0" time="14.237">
    <testcase time="0.152999999999992" classname="sampling" name="do_sampling_works_as_expected_when_case_exist">
      <skipped message="Reason: On CRAN ('test-sampling.R:5:3')"/>
    </testcase>
    <testcase time="0.153000000000006" classname="sampling" name="do_sampling_works_as_expected_when_no_cases_exist">
      <skipped message="Reason: On CRAN ('test-sampling.R:15:3')"/>
    </testcase>
    <testcase time="0.147999999999996" classname="sampling" name="sample_from_period_works_as_expected"/>
    <testcase time="0.00600000000000023" classname="sampling" name="sample_from_period_works_as_expected"/>
    <testcase time="0.0100000000000051" classname="sampling" name="sample_from_period_works_as_expected"/>
    <testcase time="0.00300000000000011" classname="sampling" name="sample_from_period_works_as_expected"/>
    <testcase time="0.00499999999999545" classname="sampling" name="sample_from_period_works_as_expected">
      <skipped message="Reason: On CRAN ('test-sampling.R:34:3')"/>
    </testcase>
    <testcase time="0.192000000000007" classname="sampling" name="sample_from_period_works_as_expected_with_multiple_proportions"/>
    <testcase time="0.00600000000000023" classname="sampling" name="sample_from_period_works_as_expected_with_multiple_proportions"/>
    <testcase time="0.00399999999999068" classname="sampling" name="sample_from_period_works_as_expected_with_multiple_proportions"/>
    <testcase time="0.00300000000000011" classname="sampling" name="sample_from_period_works_as_expected_with_multiple_proportions"/>
    <testcase time="0.00400000000000489" classname="sampling" name="sample_from_period_works_as_expected_with_multiple_proportions">
      <skipped message="Reason: On CRAN ('test-sampling.R:54:3')"/>
    </testcase>
    <testcase time="2.971" classname="sampling" name="case_control_sampling_trials_works_with_separate_files_TRUE"/>
    <testcase time="0.00300000000000011" classname="sampling" name="case_control_sampling_trials_works_with_separate_files_TRUE">
      <skipped message="Reason: On CRAN ('test-sampling.R:85:3')"/>
    </testcase>
    <testcase time="2.739" classname="sampling" name="case_control_sampling_trials_works_with_separate_files_FALSE"/>
    <testcase time="0.00400000000000489" classname="sampling" name="case_control_sampling_trials_works_with_separate_files_FALSE">
      <skipped message="Reason: On CRAN ('test-sampling.R:101:3')"/>
    </testcase>
    <testcase time="4.14999999999999" classname="sampling" name="case_control_sampling_trials_works_with_separate_files_TRUE_is_reproducible"/>
    <testcase time="1.373" classname="sampling" name="case_control_sampling_trials_works_with_subsetting"/>
    <testcase time="0.0169999999999959" classname="sampling" name="case_control_sampling_trials_gives_errors_for_arguments"/>
    <testcase time="0.0100000000000051" classname="sampling" name="case_control_sampling_trials_gives_errors_for_arguments"/>
    <testcase time="2.268" classname="sampling" name="case_control_sampling_trials_works_with_multiple_p_control"/>
    <testcase time="0.00300000000000011" classname="sampling" name="case_control_sampling_trials_works_with_multiple_p_control"/>
    <testcase time="0.000999999999990564" classname="sampling" name="case_control_sampling_trials_works_with_multiple_p_control"/>
    <testcase time="0.0110000000000099" classname="sampling" name="case_control_sampling_trials_works_with_sort_TRUE">
      <skipped message="Reason: On CRAN ('test-sampling.R:177:3')"/>
    </testcase>
  </testsuite>
  <testsuite name="utils" timestamp="2023-09-18T12:24:49Z" hostname="29bbc0f71931" tests="18" skipped="0" failures="0" errors="0" time="0.863">
    <testcase time="0.0300000000000011" classname="utils" name="quiet_print_works_as_expected"/>
    <testcase time="0.00399999999999068" classname="utils" name="quiet_print_works_as_expected"/>
    <testcase time="0.0690000000000026" classname="utils" name="quiet_msg_works_as_expected"/>
    <testcase time="0.00799999999999557" classname="utils" name="quiet_msg_works_as_expected"/>
    <testcase time="0.0100000000000051" classname="utils" name="quiet_line_works_as_expected"/>
    <testcase time="0.00799999999999557" classname="utils" name="quiet_line_works_as_expected"/>
    <testcase time="0.608000000000004" classname="utils" name="quiet_msg_time_works_as_expected"/>
    <testcase time="0.00799999999999557" classname="utils" name="quiet_msg_time_works_as_expected"/>
    <testcase time="0.0260000000000105" classname="utils" name="extract_baseline_works_works_as_expected"/>
    <testcase time="0.0139999999999958" classname="utils" name="as_formula_works_with_a_formula_as_string"/>
    <testcase time="0.0130000000000052" classname="utils" name="as_formula_works_with_strings"/>
    <testcase time="0.012999999999991" classname="utils" name="as_formula_works_with_formulas"/>
    <testcase time="0.0180000000000007" classname="utils" name="assert_monotonic_works_as_expected"/>
    <testcase time="0.00900000000000034" classname="utils" name="assert_monotonic_works_as_expected"/>
    <testcase time="0.00799999999999557" classname="utils" name="assert_monotonic_works_as_expected"/>
    <testcase time="0.007000000000005" classname="utils" name="assert_monotonic_works_as_expected"/>
    <testcase time="0.00499999999999545" classname="utils" name="assert_monotonic_works_as_expected"/>
    <testcase time="0.00500000000000966" classname="utils" name="assert_monotonic_works_as_expected"/>
  </testsuite>
</testsuites>
