<?xml version="1.0" encoding="UTF-8"?>
<testsuites>
  <testsuite name="data_extension" timestamp="2024-07-02T08:26:23Z" hostname="c7bd98bfc792" tests="21" skipped="0" failures="0" errors="0" time="0.648">
    <testcase time="0.054" classname="data_extension" name="check_expand_switch_works_as_expected"/>
    <testcase time="0.0289999999999999" classname="data_extension" name="check_expand_switch_works_as_expected"/>
    <testcase time="0.0089999999999999" classname="data_extension" name="check_expand_switch_works_as_expected"/>
    <testcase time="0.002" classname="data_extension" name="check_expand_switch_works_as_expected"/>
    <testcase time="0.036" classname="data_extension" name="expand_works_as_expected"/>
    <testcase time="0.00900000000000012" classname="data_extension" name="expand_works_as_expected"/>
    <testcase time="0.0819999999999999" classname="data_extension" name="data_extensions_works_as_expected_with_first_and_last_periods"/>
    <testcase time="0.002" classname="data_extension" name="data_extensions_works_as_expected_with_first_and_last_periods"/>
    <testcase time="0.00299999999999989" classname="data_extension" name="data_extensions_works_as_expected_with_first_and_last_periods"/>
    <testcase time="0.00100000000000011" classname="data_extension" name="data_extensions_works_as_expected_with_first_and_last_periods"/>
    <testcase time="0.004" classname="data_extension" name="data_extensions_works_as_expected_with_first_and_last_periods"/>
    <testcase time="0.00299999999999989" classname="data_extension" name="data_extensions_works_as_expected_with_first_and_last_periods"/>
    <testcase time="0.00100000000000011" classname="data_extension" name="data_extensions_works_as_expected_with_first_and_last_periods"/>
    <testcase time="0.352" classname="data_extension" name="data_extensions_works_as_expected_with_separate_files_TRUE"/>
    <testcase time="0.002" classname="data_extension" name="data_extensions_works_as_expected_with_separate_files_TRUE"/>
    <testcase time="0.00099999999999989" classname="data_extension" name="data_extensions_works_as_expected_with_separate_files_TRUE"/>
    <testcase time="0.00100000000000011" classname="data_extension" name="data_extensions_works_as_expected_with_separate_files_TRUE"/>
    <testcase time="0.0069999999999999" classname="data_extension" name="data_extensions_works_as_expected_with_separate_files_TRUE"/>
    <testcase time="0.00300000000000011" classname="data_extension" name="data_extensions_works_as_expected_with_separate_files_TRUE"/>
    <testcase time="0.00299999999999989" classname="data_extension" name="data_extensions_works_as_expected_with_separate_files_TRUE"/>
    <testcase time="0.044" classname="data_extension" name="data_extensions_works_as_expected_with_separate_files_TRUE"/>
  </testsuite>
  <testsuite name="data_manipulation" timestamp="2024-07-02T08:26:24Z" hostname="c7bd98bfc792" tests="12" skipped="0" failures="0" errors="0" time="1.186">
    <testcase time="0.561" classname="data_manipulation" name="data_manipulation_works_as_expected_with_no_censoring"/>
    <testcase time="0.00099999999999989" classname="data_manipulation" name="data_manipulation_works_as_expected_with_no_censoring"/>
    <testcase time="0.004" classname="data_manipulation" name="data_manipulation_works_as_expected_with_no_censoring"/>
    <testcase time="0.518" classname="data_manipulation" name="data_manipulation_works_as_expected_with_censoring"/>
    <testcase time="0.00200000000000022" classname="data_manipulation" name="data_manipulation_works_as_expected_with_censoring"/>
    <testcase time="0.00499999999999989" classname="data_manipulation" name="data_manipulation_works_as_expected_with_censoring"/>
    <testcase time="0.04" classname="data_manipulation" name="data_manipulation_works_as_expected_with_observations_before_eligibilitiy"/>
    <testcase time="0.00099999999999989" classname="data_manipulation" name="data_manipulation_works_as_expected_with_observations_before_eligibilitiy"/>
    <testcase time="0.00500000000000034" classname="data_manipulation" name="data_manipulation_works_as_expected_with_observations_before_eligibilitiy"/>
    <testcase time="0.0429999999999997" classname="data_manipulation" name="data_manipulation_works_as_expected_with_observations_after_outcome"/>
    <testcase time="0.00100000000000033" classname="data_manipulation" name="data_manipulation_works_as_expected_with_observations_after_outcome"/>
    <testcase time="0.00499999999999989" classname="data_manipulation" name="data_manipulation_works_as_expected_with_observations_after_outcome"/>
  </testsuite>
  <testsuite name="data_preparation" timestamp="2024-07-02T08:26:25Z" hostname="c7bd98bfc792" tests="24" skipped="0" failures="0" errors="0" time="13.293">
    <testcase time="4.096" classname="data_preparation" name="data_preparation_works_as_expected"/>
    <testcase time="0.00199999999999978" classname="data_preparation" name="data_preparation_works_as_expected"/>
    <testcase time="0.00300000000000011" classname="data_preparation" name="data_preparation_works_as_expected"/>
    <testcase time="0.00100000000000033" classname="data_preparation" name="data_preparation_works_as_expected"/>
    <testcase time="0.292" classname="data_preparation" name="data_preparation_works_as_expected"/>
    <testcase time="1.865" classname="data_preparation" name="data_preparation_can_be_quiet"/>
    <testcase time="0.00999999999999979" classname="data_preparation" name="data_preparation_gives_an_error_for_existing_trial_files"/>
    <testcase time="0.0080000000000009" classname="data_preparation" name="check_data_dir_gives_a_warning_for_existing_model_files"/>
    <testcase time="0.874000000000001" classname="data_preparation" name="data_preparation_has_correct_values_for_treatment_"/>
    <testcase time="0.00300000000000011" classname="data_preparation" name="data_preparation_has_correct_values_for_treatment_"/>
    <testcase time="2.391" classname="data_preparation" name="data_preparation_works_with_PP_estimand_type"/>
    <testcase time="0.00300000000000011" classname="data_preparation" name="data_preparation_works_with_PP_estimand_type"/>
    <testcase time="0.00199999999999889" classname="data_preparation" name="data_preparation_works_with_PP_estimand_type"/>
    <testcase time="0.000999999999999446" classname="data_preparation" name="data_preparation_works_with_PP_estimand_type"/>
    <testcase time="2.695" classname="data_preparation" name="data_preparation_works_with_As_Treated_estimand_type"/>
    <testcase time="0.00400000000000134" classname="data_preparation" name="data_preparation_works_with_As_Treated_estimand_type"/>
    <testcase time="0.00399999999999956" classname="data_preparation" name="data_preparation_works_with_As_Treated_estimand_type"/>
    <testcase time="0.000999999999999446" classname="data_preparation" name="data_preparation_works_with_As_Treated_estimand_type"/>
    <testcase time="1.023" classname="data_preparation" name="data_preparation_works_with_ITT_and_censor_weights"/>
    <testcase time="0.00400000000000134" classname="data_preparation" name="data_preparation_works_with_ITT_and_censor_weights"/>
    <testcase time="0.00300000000000011" classname="data_preparation" name="data_preparation_works_with_ITT_and_censor_weights"/>
    <testcase time="0.000999999999997669" classname="data_preparation" name="data_preparation_works_with_ITT_and_censor_weights"/>
    <testcase time="0.00300000000000011" classname="data_preparation" name="data_preparation_works_with_ITT_and_censor_weights"/>
    <testcase time="0.00400000000000134" classname="data_preparation" name="data_preparation_works_with_ITT_and_censor_weights"/>
  </testsuite>
  <testsuite name="data_utils" timestamp="2024-07-02T08:26:38Z" hostname="c7bd98bfc792" tests="17" skipped="3" failures="0" errors="0" time="1.137">
    <testcase time="0.0120000000000005" classname="data_utils" name="weight_func_works_as_expected"/>
    <testcase time="0.218" classname="data_utils" name="weight_func_works_as_expected">
      <skipped message="Reason: On CRAN ('test-data_utils.R:6:3')"/>
    </testcase>
    <testcase time="0.0389999999999979" classname="data_utils" name="weight_func_works_saves_model_objects"/>
    <testcase time="0.494000000000003" classname="data_utils" name="weight_func_works_saves_model_objects"/>
    <testcase time="0.0129999999999981" classname="data_utils" name="weight_func_works_saves_model_objects"/>
    <testcase time="0.00400000000000134" classname="data_utils" name="weight_func_works_saves_model_objects"/>
    <testcase time="0.000999999999997669" classname="data_utils" name="weight_func_works_saves_model_objects"/>
    <testcase time="0.0100000000000016" classname="data_utils" name="weight_func_works_saves_model_objects"/>
    <testcase time="0.00400000000000134" classname="data_utils" name="weight_func_works_saves_model_objects"/>
    <testcase time="0.000999999999997669" classname="data_utils" name="weight_func_works_saves_model_objects"/>
    <testcase time="0.140000000000001" classname="data_utils" name="weight_func_works_with_user_specified_time_on_regime">
      <skipped message="Reason: On CRAN ('test-data_utils.R:111:3')"/>
    </testcase>
    <testcase time="0.131" classname="data_utils" name="weight_func_works_with_pool_cense_TRUE">
      <skipped message="Reason: On CRAN ('test-data_utils.R:131:3')"/>
    </testcase>
    <testcase time="0.032" classname="data_utils" name="select_data_cols_works_as_expected"/>
    <testcase time="0.00900000000000034" classname="data_utils" name="select_data_cols_works_as_expected_with_non_default_names"/>
    <testcase time="0.00199999999999889" classname="data_utils" name="select_data_cols_works_as_expected_with_non_default_names"/>
    <testcase time="0.0130000000000017" classname="data_utils" name="user_can_select_period_in_select_data_cols"/>
    <testcase time="0.0139999999999993" classname="data_utils" name="select_data_cols_allows_derived_variables_in_formula_vars"/>
  </testsuite>
  <testsuite name="generics" timestamp="2024-07-02T08:26:39Z" hostname="c7bd98bfc792" tests="4" skipped="3" failures="0" errors="0" time="2.711">
    <testcase time="0.684999999999999" classname="generics" name="summary_for_data_preparation_separate_TRUE">
      <skipped message="Reason: On CRAN ('test-generics.R:25:3')"/>
    </testcase>
    <testcase time="0.974" classname="generics" name="summary_for_data_preparation_separate_FALSE">
      <skipped message="Reason: On CRAN ('test-generics.R:66:3')"/>
    </testcase>
    <testcase time="1.039" classname="generics" name="summary_for_initiators"/>
    <testcase time="0.0129999999999981" classname="generics" name="summary_for_initiators">
      <skipped message="Reason: On CRAN ('test-generics.R:95:3')"/>
    </testcase>
  </testsuite>
  <testsuite name="lr_utils" timestamp="2024-07-02T08:26:42Z" hostname="c7bd98bfc792" tests="12" skipped="0" failures="0" errors="0" time="0.126">
    <testcase time="0.0390000000000015" classname="lr_utils" name="fit_glm_works"/>
    <testcase time="0.00199999999999889" classname="lr_utils" name="fit_glm_works"/>
    <testcase time="0.0470000000000006" classname="lr_utils" name="fit_glm_works_with_parglm_and_defaults"/>
    <testcase time="0.00100000000000122" classname="lr_utils" name="fit_glm_works_with_parglm_and_defaults"/>
    <testcase time="0.00399999999999778" classname="lr_utils" name="fit_glm_works_with_parglm_and_defaults"/>
    <testcase time="0.00400000000000134" classname="lr_utils" name="fit_glm_works_with_parglm_and_defaults"/>
    <testcase time="0.00700000000000145" classname="lr_utils" name="fit_glm_works_with_parglm"/>
    <testcase time="0.00399999999999778" classname="lr_utils" name="fit_glm_works_with_parglm"/>
    <testcase time="0.00300000000000011" classname="lr_utils" name="fit_glm_works_with_parglm"/>
    <testcase time="0.00199999999999889" classname="lr_utils" name="fit_glm_works_with_parglm"/>
    <testcase time="0.00700000000000145" classname="lr_utils" name="p99_weight_works_as_expected"/>
    <testcase time="0.00600000000000023" classname="lr_utils" name="limit_weight_works_as_expected"/>
  </testsuite>
  <testsuite name="modelling" timestamp="2024-07-02T08:26:42Z" hostname="c7bd98bfc792" tests="18" skipped="9" failures="0" errors="0" time="13.662">
    <testcase time="0.257000000000001" classname="modelling" name="trial_msm_can_be_quiet"/>
    <testcase time="4.176" classname="modelling" name="trial_msm_gives_expected_results_in_example_data"/>
    <testcase time="0.00400000000000134" classname="modelling" name="trial_msm_gives_expected_results_in_example_data"/>
    <testcase time="0.00300000000000011" classname="modelling" name="trial_msm_gives_expected_results_in_example_data"/>
    <testcase time="0.00300000000000011" classname="modelling" name="trial_msm_gives_expected_results_in_example_data"/>
    <testcase time="0.000999999999997669" classname="modelling" name="trial_msm_gives_expected_results_in_example_data"/>
    <testcase time="2.865" classname="modelling" name="trial_msm_works_with_data.tables_and_weights"/>
    <testcase time="6.246" classname="modelling" name="trial_msm_works_with_data.tables_and_weights"/>
    <testcase time="0.00399999999999778" classname="modelling" name="trial_msm_works_with_data.tables_and_weights"/>
    <testcase time="0.00400000000000489" classname="modelling" name="Modelling_works_with_where_case">
      <skipped message="Reason: On CRAN ('test-modelling.R:99:3')"/>
    </testcase>
    <testcase time="0.0119999999999933" classname="modelling" name="trial_msm_works_with_analysis_weights_unweighted">
      <skipped message="Reason: On CRAN ('test-modelling.R:154:3')"/>
    </testcase>
    <testcase time="0.0120000000000005" classname="modelling" name="trial_msm_works_with_analysis_weights_p99">
      <skipped message="Reason: On CRAN ('test-modelling.R:175:3')"/>
    </testcase>
    <testcase time="0.0130000000000052" classname="modelling" name="trial_msm_works_with_analysis_weights_weight_limits">
      <skipped message="Reason: On CRAN ('test-modelling.R:205:3')"/>
    </testcase>
    <testcase time="0.0120000000000005" classname="modelling" name="trial_msm_works_with_missing_sample_weights">
      <skipped message="Reason: On CRAN ('test-modelling.R:229:3')"/>
    </testcase>
    <testcase time="0.0129999999999981" classname="modelling" name="trial_msm_works_with_sample_weights">
      <skipped message="Reason: On CRAN ('test-modelling.R:266:3')"/>
    </testcase>
    <testcase time="0.0120000000000005" classname="modelling" name="trial_msm_makes_model_formula_as_expected_with_weight_and_censor">
      <skipped message="Reason: On CRAN ('test-modelling.R:290:3')"/>
    </testcase>
    <testcase time="0.0120000000000005" classname="modelling" name="trial_msm_makes_model_formula_as_expected_with_estimand_As_Treated">
      <skipped message="Reason: On CRAN ('test-modelling.R:314:3')"/>
    </testcase>
    <testcase time="0.0129999999999981" classname="modelling" name="trial_msm_makes_model_formula_as_expected_with_estimand_type_ITT_and_unweighted">
      <skipped message="Reason: On CRAN ('test-modelling.R:357:3')"/>
    </testcase>
  </testsuite>
  <testsuite name="predict" timestamp="2024-07-02T08:26:56Z" hostname="c7bd98bfc792" tests="11" skipped="3" failures="0" errors="0" time="28.002">
    <testcase time="18.196" classname="predict" name="predict.TE_msm_works_as_expected"/>
    <testcase time="0.0380000000000038" classname="predict" name="predict.TE_msm_works_as_expected">
      <skipped message="Reason: On CRAN ('test-predict.R:26:3')"/>
    </testcase>
    <testcase time="9.547" classname="predict" name="predict.TE_msm_works_with_newdata">
      <skipped message="Reason: On CRAN ('test-predict.R:51:3')"/>
    </testcase>
    <testcase time="0.017000000000003" classname="predict" name="calculate_cum_inc_works_as_expected"/>
    <testcase time="0.0069999999999979" classname="predict" name="calculate_survival_works_as_expected"/>
    <testcase time="0.0360000000000014" classname="predict" name="predict.TE_msm_works_with_interactions"/>
    <testcase time="0.00200000000000244" classname="predict" name="predict.TE_msm_works_with_interactions"/>
    <testcase time="0.0569999999999951" classname="predict" name="predict.TE_msm_works_with_interactions">
      <skipped message="Reason: On CRAN ('test-predict.R:108:3')"/>
    </testcase>
    <testcase time="0.0650000000000048" classname="predict" name="predict.TE_msm_warns_for_As_Treated"/>
    <testcase time="0.00199999999999534" classname="predict" name="predict.TE_msm_warns_for_As_Treated"/>
    <testcase time="0.0350000000000037" classname="predict" name="predict.TE_msm_warns_for_As_Treated"/>
  </testsuite>
  <testsuite name="robust" timestamp="2024-07-02T08:27:24Z" hostname="c7bd98bfc792" tests="3" skipped="0" failures="0" errors="0" time="1.71">
    <testcase time="1.697" classname="robust" name="robust_calculation_works_as_expected"/>
    <testcase time="0.00900000000000034" classname="robust" name="robust_calculation_works_as_expected"/>
    <testcase time="0.00400000000000489" classname="robust" name="robust_calculation_works_as_expected"/>
  </testsuite>
  <testsuite name="sampling" timestamp="2024-07-02T08:27:25Z" hostname="c7bd98bfc792" tests="34" skipped="7" failures="0" errors="0" time="7.529">
    <testcase time="0.0790000000000006" classname="sampling" name="do_sampling_works_as_expected_when_case_exist">
      <skipped message="Reason: On CRAN ('test-sampling.R:5:3')"/>
    </testcase>
    <testcase time="0.0879999999999939" classname="sampling" name="do_sampling_works_as_expected_when_no_cases_exist">
      <skipped message="Reason: On CRAN ('test-sampling.R:15:3')"/>
    </testcase>
    <testcase time="0.0640000000000072" classname="sampling" name="sample_from_period_works_as_expected"/>
    <testcase time="0.00300000000000011" classname="sampling" name="sample_from_period_works_as_expected"/>
    <testcase time="0.00600000000000023" classname="sampling" name="sample_from_period_works_as_expected"/>
    <testcase time="0.00300000000000011" classname="sampling" name="sample_from_period_works_as_expected"/>
    <testcase time="0.00600000000000023" classname="sampling" name="sample_from_period_works_as_expected">
      <skipped message="Reason: On CRAN ('test-sampling.R:34:3')"/>
    </testcase>
    <testcase time="0.10799999999999" classname="sampling" name="sample_from_period_works_as_expected_with_multiple_proportions"/>
    <testcase time="0.00300000000000011" classname="sampling" name="sample_from_period_works_as_expected_with_multiple_proportions"/>
    <testcase time="0.00300000000000011" classname="sampling" name="sample_from_period_works_as_expected_with_multiple_proportions"/>
    <testcase time="0.00200000000000955" classname="sampling" name="sample_from_period_works_as_expected_with_multiple_proportions"/>
    <testcase time="0.00799999999999557" classname="sampling" name="sample_from_period_works_as_expected_with_multiple_proportions">
      <skipped message="Reason: On CRAN ('test-sampling.R:54:3')"/>
    </testcase>
    <testcase time="1.387" classname="sampling" name="case_control_sampling_trials_works_with_separate_files_TRUE"/>
    <testcase time="0.00799999999999557" classname="sampling" name="case_control_sampling_trials_works_with_separate_files_TRUE">
      <skipped message="Reason: On CRAN ('test-sampling.R:86:3')"/>
    </testcase>
    <testcase time="1.34100000000001" classname="sampling" name="case_control_sampling_trials_works_with_separate_files_FALSE"/>
    <testcase time="0.00799999999999557" classname="sampling" name="case_control_sampling_trials_works_with_separate_files_FALSE">
      <skipped message="Reason: On CRAN ('test-sampling.R:103:3')"/>
    </testcase>
    <testcase time="2.05200000000001" classname="sampling" name="case_control_sampling_trials_works_with_separate_files_TRUE_is_reproducible"/>
    <testcase time="0.645999999999987" classname="sampling" name="case_control_sampling_trials_works_with_subsetting"/>
    <testcase time="0.00900000000000034" classname="sampling" name="case_control_sampling_trials_gives_errors_for_arguments"/>
    <testcase time="0.00500000000000966" classname="sampling" name="case_control_sampling_trials_gives_errors_for_arguments"/>
    <testcase time="1.09399999999999" classname="sampling" name="case_control_sampling_trials_works_with_multiple_p_control"/>
    <testcase time="0.00200000000000955" classname="sampling" name="case_control_sampling_trials_works_with_multiple_p_control"/>
    <testcase time="0.000999999999990564" classname="sampling" name="case_control_sampling_trials_works_with_multiple_p_control"/>
    <testcase time="0.00500000000000966" classname="sampling" name="case_control_sampling_trials_works_with_sort_TRUE">
      <skipped message="Reason: On CRAN ('test-sampling.R:180:3')"/>
    </testcase>
    <testcase time="0.242999999999995" classname="sampling" name="sample_controls_works_with_trial_sequence_objects_containing_te_datastore_csv_objects"/>
    <testcase time="0.197000000000003" classname="sampling" name="sample_controls_works_with_trial_sequence_objects_containing_te_datastore_csv_objects"/>
    <testcase time="0.0579999999999927" classname="sampling" name="sample_controls_works_with_trial_sequence_objects_containing_te_datastore_csv_objects"/>
    <testcase time="0.0570000000000022" classname="sampling" name="sample_controls_works_with_trial_sequence_objects_containing_te_datastore_csv_objects"/>
    <testcase time="0.00400000000000489" classname="sampling" name="sample_controls_works_with_trial_sequence_objects_containing_te_datastore_csv_objects"/>
    <testcase time="0.00300000000000011" classname="sampling" name="sample_controls_works_with_trial_sequence_objects_containing_te_datastore_csv_objects"/>
    <testcase time="0.00399999999999068" classname="sampling" name="sample_controls_works_with_trial_sequence_objects_containing_te_datastore_csv_objects"/>
    <testcase time="0.00300000000000011" classname="sampling" name="sample_controls_works_with_trial_sequence_objects_containing_te_datastore_csv_objects"/>
    <testcase time="0.0280000000000058" classname="sampling" name="sample_controls_works_with_trial_sequence_objects_containing_te_datastore_csv_objects"/>
    <testcase time="0.000999999999990564" classname="sampling" name="sample_controls_works_with_trial_sequence_objects_containing_te_datastore_csv_objects"/>
  </testsuite>
  <testsuite name="te_datastore" timestamp="2024-07-02T08:27:33Z" hostname="c7bd98bfc792" tests="7" skipped="0" failures="0" errors="0" time="0.212">
    <testcase time="0.186999999999998" classname="te_datastore" name="read_expanded_data_can_read_te_datastore_datatable_data"/>
    <testcase time="0.00400000000000489" classname="te_datastore" name="read_expanded_data_can_read_te_datastore_datatable_data"/>
    <testcase time="0.00499999999999545" classname="te_datastore" name="read_expanded_data_can_read_te_datastore_datatable_data"/>
    <testcase time="0.00400000000000489" classname="te_datastore" name="read_expanded_data_can_read_te_datastore_datatable_data"/>
    <testcase time="0.00600000000000023" classname="te_datastore" name="read_expanded_data_can_read_te_datastore_datatable_data"/>
    <testcase time="0.00300000000000011" classname="te_datastore" name="read_expanded_data_can_read_te_datastore_datatable_data"/>
    <testcase time="0.00300000000000011" classname="te_datastore" name="read_expanded_data_can_read_te_datastore_datatable_data"/>
  </testsuite>
  <testsuite name="te_datastore_csv" timestamp="2024-07-02T08:27:33Z" hostname="c7bd98bfc792" tests="7" skipped="0" failures="0" errors="0" time="0.15">
    <testcase time="0.0619999999999976" classname="te_datastore_csv" name="read_expanded_data_can_read_te_datastore_csv_data"/>
    <testcase time="0.0130000000000052" classname="te_datastore_csv" name="read_expanded_data_can_read_te_datastore_csv_data"/>
    <testcase time="0.00499999999999545" classname="te_datastore_csv" name="read_expanded_data_can_read_te_datastore_csv_data"/>
    <testcase time="0.00600000000000023" classname="te_datastore_csv" name="read_expanded_data_can_read_te_datastore_csv_data"/>
    <testcase time="0.00499999999999545" classname="te_datastore_csv" name="read_expanded_data_can_read_te_datastore_csv_data"/>
    <testcase time="0.0450000000000017" classname="te_datastore_csv" name="read_expanded_data_can_read_te_datastore_csv_data"/>
    <testcase time="0.01400000000001" classname="te_datastore_csv" name="read_expanded_data_can_read_te_datastore_csv_data"/>
  </testsuite>
  <testsuite name="te_datastore_duckdb" timestamp="2024-07-02T08:27:33Z" hostname="c7bd98bfc792" tests="22" skipped="0" failures="0" errors="0" time="0.582">
    <testcase time="0.204999999999998" classname="te_datastore_duckdb" name="read_expanded_data_can_read_te_datastore_duckdb_data"/>
    <testcase time="0.00499999999999545" classname="te_datastore_duckdb" name="read_expanded_data_can_read_te_datastore_duckdb_data"/>
    <testcase time="0.00499999999999545" classname="te_datastore_duckdb" name="read_expanded_data_can_read_te_datastore_duckdb_data"/>
    <testcase time="0.00400000000000489" classname="te_datastore_duckdb" name="read_expanded_data_can_read_te_datastore_duckdb_data"/>
    <testcase time="0.00600000000000023" classname="te_datastore_duckdb" name="read_expanded_data_can_read_te_datastore_duckdb_data"/>
    <testcase time="0.00499999999999545" classname="te_datastore_duckdb" name="read_expanded_data_can_read_te_datastore_duckdb_data"/>
    <testcase time="0.00300000000000011" classname="te_datastore_duckdb" name="read_expanded_data_can_read_te_datastore_duckdb_data"/>
    <testcase time="0.00500000000000966" classname="te_datastore_duckdb" name="read_expanded_data_can_read_te_datastore_duckdb_data"/>
    <testcase time="0.275999999999996" classname="te_datastore_duckdb" name="sample_controls_works_with_trial_sequence_objects_containing_te_datastore_duckdb_objects"/>
    <testcase time="0.00600000000000023" classname="te_datastore_duckdb" name="sample_controls_works_with_trial_sequence_objects_containing_te_datastore_duckdb_objects"/>
    <testcase time="0.00600000000000023" classname="te_datastore_duckdb" name="sample_controls_works_with_trial_sequence_objects_containing_te_datastore_duckdb_objects"/>
    <testcase time="0.00199999999999534" classname="te_datastore_duckdb" name="sample_controls_works_with_trial_sequence_objects_containing_te_datastore_duckdb_objects"/>
    <testcase time="0.00199999999999534" classname="te_datastore_duckdb" name="sample_controls_works_with_trial_sequence_objects_containing_te_datastore_duckdb_objects"/>
    <testcase time="0.00300000000000011" classname="te_datastore_duckdb" name="sample_controls_works_with_trial_sequence_objects_containing_te_datastore_duckdb_objects"/>
    <testcase time="0.00400000000000489" classname="te_datastore_duckdb" name="sample_controls_works_with_trial_sequence_objects_containing_te_datastore_duckdb_objects"/>
    <testcase time="0.00300000000000011" classname="te_datastore_duckdb" name="sample_controls_works_with_trial_sequence_objects_containing_te_datastore_duckdb_objects"/>
    <testcase time="0.00300000000000011" classname="te_datastore_duckdb" name="sample_controls_works_with_trial_sequence_objects_containing_te_datastore_duckdb_objects"/>
    <testcase time="0.00799999999999557" classname="te_datastore_duckdb" name="sample_controls_works_with_trial_sequence_objects_containing_te_datastore_duckdb_objects"/>
    <testcase time="0.00100000000000477" classname="te_datastore_duckdb" name="sample_controls_works_with_trial_sequence_objects_containing_te_datastore_duckdb_objects"/>
    <testcase time="0.0159999999999911" classname="te_datastore_duckdb" name="translate_to_sql_works_as_intended"/>
    <testcase time="0.0130000000000052" classname="te_datastore_duckdb" name="translate_to_sql_catches_the_error_and_provides_a_message"/>
    <testcase time="0.00100000000000477" classname="te_datastore_duckdb" name="translate_to_sql_catches_the_error_and_provides_a_message"/>
  </testsuite>
  <testsuite name="te_model_fitter" timestamp="2024-07-02T08:27:34Z" hostname="c7bd98bfc792" tests="22" skipped="0" failures="0" errors="0" time="4.744">
    <testcase time="0.00699999999999079" classname="te_model_fitter" name="stats_glm_logit_creates_the_fitter_object"/>
    <testcase time="0.00500000000000966" classname="te_model_fitter" name="stats_glm_logit_creates_the_fitter_object_with_path"/>
    <testcase time="0.00300000000000011" classname="te_model_fitter" name="stats_glm_logit_creates_the_fitter_object_with_path"/>
    <testcase time="0.0139999999999958" classname="te_model_fitter" name="fit_weights_model_works_for_stats_glm_logit"/>
    <testcase time="0.00300000000000011" classname="te_model_fitter" name="fit_weights_model_works_for_stats_glm_logit"/>
    <testcase time="0.00400000000000489" classname="te_model_fitter" name="fit_weights_model_works_for_stats_glm_logit"/>
    <testcase time="0.00300000000000011" classname="te_model_fitter" name="fit_weights_model_works_for_stats_glm_logit"/>
    <testcase time="0.000999999999990564" classname="te_model_fitter" name="fit_weights_model_works_for_stats_glm_logit"/>
    <testcase time="0.00300000000000011" classname="te_model_fitter" name="fit_weights_model_works_for_stats_glm_logit"/>
    <testcase time="0.00200000000000955" classname="te_model_fitter" name="fit_weights_model_works_for_stats_glm_logit"/>
    <testcase time="0.00199999999999534" classname="te_model_fitter" name="fit_weights_model_works_for_stats_glm_logit"/>
    <testcase time="4.63800000000001" classname="te_model_fitter" name="fit_outcome_model_works_for_stats_glm_logit"/>
    <testcase time="0.000999999999990564" classname="te_model_fitter" name="fit_outcome_model_works_for_stats_glm_logit"/>
    <testcase time="0.00400000000000489" classname="te_model_fitter" name="fit_outcome_model_works_for_stats_glm_logit"/>
    <testcase time="0.007000000000005" classname="te_model_fitter" name="fit_outcome_model_works_for_stats_glm_logit"/>
    <testcase time="0.00300000000000011" classname="te_model_fitter" name="fit_outcome_model_works_for_stats_glm_logit"/>
    <testcase time="0.000999999999990564" classname="te_model_fitter" name="fit_outcome_model_works_for_stats_glm_logit"/>
    <testcase time="0.00300000000000011" classname="te_model_fitter" name="fit_outcome_model_works_for_stats_glm_logit"/>
    <testcase time="0.012999999999991" classname="te_model_fitter" name="fit_outcome_model_works_for_stats_glm_logit_with_save_dir"/>
    <testcase time="0.00200000000000955" classname="te_model_fitter" name="fit_outcome_model_works_for_stats_glm_logit_with_save_dir"/>
    <testcase time="0.00300000000000011" classname="te_model_fitter" name="fit_outcome_model_works_for_stats_glm_logit_with_save_dir"/>
    <testcase time="0.0219999999999914" classname="te_model_fitter" name="fit_outcome_model_works_for_stats_glm_logit_with_save_dir"/>
  </testsuite>
  <testsuite name="trial_sequence" timestamp="2024-07-02T08:27:39Z" hostname="c7bd98bfc792" tests="32" skipped="3" failures="0" errors="0" time="0.707">
    <testcase time="0.00900000000000034" classname="trial_sequence" name="trial_sequence_creates_an_object_for_per_protocol"/>
    <testcase time="0.00200000000000955" classname="trial_sequence" name="trial_sequence_creates_an_object_for_per_protocol"/>
    <testcase time="0.00499999999999545" classname="trial_sequence" name="trial_sequence_creates_an_object_for_itt"/>
    <testcase time="0.00300000000000011" classname="trial_sequence" name="trial_sequence_creates_an_object_for_itt"/>
    <testcase time="0.00400000000000489" classname="trial_sequence" name="trial_sequence_creates_an_object_for_as_treated"/>
    <testcase time="0.00300000000000011" classname="trial_sequence" name="trial_sequence_creates_an_object_for_as_treated"/>
    <testcase time="0.00799999999999557" classname="trial_sequence" name="trial_sequence_errors_for_unknown_class"/>
    <testcase time="0.00799999999999557" classname="trial_sequence" name="trial_sequence_errors_for_unknown_class"/>
    <testcase time="0.0110000000000099" classname="trial_sequence" name="trial_sequence_works_for_a_new_class"/>
    <testcase time="0.00300000000000011" classname="trial_sequence" name="trial_sequence_works_for_a_new_class"/>
    <testcase time="0.012999999999991" classname="trial_sequence" name="show_works_for_trial_sequence_PP_with_nothing_set">
      <skipped message="Reason: On CRAN ('test-trial_sequence.R:41:3')"/>
    </testcase>
    <testcase time="0.0200000000000102" classname="trial_sequence" name="show_works_for_trial_sequence_ITT_with_nothing_set">
      <skipped message="Reason: On CRAN ('test-trial_sequence.R:45:3')"/>
    </testcase>
    <testcase time="0.0219999999999914" classname="trial_sequence" name="show_works_for_trial_sequence_AT_with_nothing_set">
      <skipped message="Reason: On CRAN ('test-trial_sequence.R:49:3')"/>
    </testcase>
    <testcase time="0.114999999999995" classname="trial_sequence" name="set_outcome_model_works_for_PP_with_defaults"/>
    <testcase time="0.00100000000000477" classname="trial_sequence" name="set_outcome_model_works_for_PP_with_defaults"/>
    <testcase time="0.00199999999999534" classname="trial_sequence" name="set_outcome_model_works_for_PP_with_defaults"/>
    <testcase time="0.00400000000000489" classname="trial_sequence" name="set_outcome_model_works_for_PP_with_defaults"/>
    <testcase time="0.00100000000000477" classname="trial_sequence" name="set_outcome_model_works_for_PP_with_defaults"/>
    <testcase time="0.126999999999995" classname="trial_sequence" name="set_outcome_model_works_for_ITT"/>
    <testcase time="0.00199999999999534" classname="trial_sequence" name="set_outcome_model_works_for_ITT"/>
    <testcase time="0.00100000000000477" classname="trial_sequence" name="set_outcome_model_works_for_ITT"/>
    <testcase time="0.00300000000000011" classname="trial_sequence" name="set_outcome_model_works_for_ITT"/>
    <testcase time="0.00100000000000477" classname="trial_sequence" name="set_outcome_model_works_for_ITT"/>
    <testcase time="0.105999999999995" classname="trial_sequence" name="set_outcome_model_works_for_ATT"/>
    <testcase time="0.00100000000000477" classname="trial_sequence" name="set_outcome_model_works_for_ATT"/>
    <testcase time="0.00199999999999534" classname="trial_sequence" name="set_outcome_model_works_for_ATT"/>
    <testcase time="0.00300000000000011" classname="trial_sequence" name="set_outcome_model_works_for_ATT"/>
    <testcase time="0.00100000000000477" classname="trial_sequence" name="set_outcome_model_works_for_ATT"/>
    <testcase time="0.00900000000000034" classname="trial_sequence" name="set_outcome_model_doesn_t_work_if_data_isn_t_set"/>
    <testcase time="0.10799999999999" classname="trial_sequence" name="set_outcome_model_doesn_t_work_if_with_unknown_variables"/>
    <testcase time="0.105000000000004" classname="trial_sequence" name="set_outcome_model_works_with_strings"/>
    <testcase time="0.00400000000000489" classname="trial_sequence" name="set_outcome_model_works_with_strings"/>
  </testsuite>
  <testsuite name="utils" timestamp="2024-07-02T08:27:39Z" hostname="c7bd98bfc792" tests="18" skipped="0" failures="0" errors="0" time="0.541">
    <testcase time="0.0360000000000014" classname="utils" name="quiet_print_works_as_expected"/>
    <testcase time="0.00300000000000011" classname="utils" name="quiet_print_works_as_expected"/>
    <testcase time="0.00499999999999545" classname="utils" name="quiet_msg_works_as_expected"/>
    <testcase time="0.00499999999999545" classname="utils" name="quiet_msg_works_as_expected"/>
    <testcase time="0.00500000000000966" classname="utils" name="quiet_line_works_as_expected"/>
    <testcase time="0.00499999999999545" classname="utils" name="quiet_line_works_as_expected"/>
    <testcase time="0.418999999999997" classname="utils" name="quiet_msg_time_works_as_expected"/>
    <testcase time="0.00500000000000966" classname="utils" name="quiet_msg_time_works_as_expected"/>
    <testcase time="0.012999999999991" classname="utils" name="extract_baseline_works_works_as_expected"/>
    <testcase time="0.00600000000000023" classname="utils" name="as_formula_works_with_a_formula_as_string"/>
    <testcase time="0.00600000000000023" classname="utils" name="as_formula_works_with_strings"/>
    <testcase time="0.00600000000000023" classname="utils" name="as_formula_works_with_formulas"/>
    <testcase time="0.007000000000005" classname="utils" name="assert_monotonic_works_as_expected"/>
    <testcase time="0.00499999999999545" classname="utils" name="assert_monotonic_works_as_expected"/>
    <testcase time="0.00499999999999545" classname="utils" name="assert_monotonic_works_as_expected"/>
    <testcase time="0.00400000000000489" classname="utils" name="assert_monotonic_works_as_expected"/>
    <testcase time="0.00300000000000011" classname="utils" name="assert_monotonic_works_as_expected"/>
    <testcase time="0.00300000000000011" classname="utils" name="assert_monotonic_works_as_expected"/>
  </testsuite>
</testsuites>
